2019-05-11 20:39:40,065 : INFO : collecting all words and their counts
2019-05-11 20:39:40,065 : INFO : PROGRESS: at sentence #0, processed 0 words, keeping 0 word types
2019-05-11 20:39:40,075 : INFO : PROGRESS: at sentence #10000, processed 37876 words, keeping 14508 word types
2019-05-11 20:39:40,085 : INFO : PROGRESS: at sentence #20000, processed 73372 words, keeping 23383 word types
2019-05-11 20:39:40,095 : INFO : PROGRESS: at sentence #30000, processed 110598 words, keeping 31573 word types
2019-05-11 20:39:40,105 : INFO : PROGRESS: at sentence #40000, processed 149779 words, keeping 38426 word types
2019-05-11 20:39:40,116 : INFO : PROGRESS: at sentence #50000, processed 185097 words, keeping 44693 word types
2019-05-11 20:39:40,126 : INFO : PROGRESS: at sentence #60000, processed 222393 words, keeping 50546 word types
2019-05-11 20:39:40,136 : INFO : PROGRESS: at sentence #70000, processed 258440 words, keeping 56481 word types
2019-05-11 20:39:40,146 : INFO : PROGRESS: at sentence #80000, processed 293254 words, keeping 62149 word types
2019-05-11 20:39:40,156 : INFO : PROGRESS: at sentence #90000, processed 330708 words, keeping 67118 word types
2019-05-11 20:39:40,166 : INFO : PROGRESS: at sentence #100000, processed 365011 words, keeping 71860 word types
2019-05-11 20:39:40,176 : INFO : PROGRESS: at sentence #110000, processed 401530 words, keeping 76567 word types
2019-05-11 20:39:40,186 : INFO : PROGRESS: at sentence #120000, processed 436509 words, keeping 81093 word types
2019-05-11 20:39:40,197 : INFO : PROGRESS: at sentence #130000, processed 474683 words, keeping 85807 word types
2019-05-11 20:39:40,210 : INFO : PROGRESS: at sentence #140000, processed 509687 words, keeping 90324 word types
2019-05-11 20:39:40,221 : INFO : PROGRESS: at sentence #150000, processed 551883 words, keeping 94491 word types
2019-05-11 20:39:40,232 : INFO : PROGRESS: at sentence #160000, processed 586082 words, keeping 98164 word types
2019-05-11 20:39:40,242 : INFO : PROGRESS: at sentence #170000, processed 622741 words, keeping 102205 word types
2019-05-11 20:39:40,253 : INFO : PROGRESS: at sentence #180000, processed 659371 words, keeping 106511 word types
2019-05-11 20:39:40,264 : INFO : PROGRESS: at sentence #190000, processed 698694 words, keeping 110690 word types
2019-05-11 20:39:40,276 : INFO : PROGRESS: at sentence #200000, processed 737134 words, keeping 115026 word types
2019-05-11 20:39:40,287 : INFO : PROGRESS: at sentence #210000, processed 777005 words, keeping 119332 word types
2019-05-11 20:39:40,298 : INFO : PROGRESS: at sentence #220000, processed 812658 words, keeping 122977 word types
2019-05-11 20:39:40,309 : INFO : PROGRESS: at sentence #230000, processed 850600 words, keeping 126552 word types
2019-05-11 20:39:40,319 : INFO : PROGRESS: at sentence #240000, processed 881507 words, keeping 129384 word types
2019-05-11 20:39:40,330 : INFO : PROGRESS: at sentence #250000, processed 921312 words, keeping 133382 word types
2019-05-11 20:39:40,341 : INFO : PROGRESS: at sentence #260000, processed 958314 words, keeping 136835 word types
2019-05-11 20:39:40,353 : INFO : PROGRESS: at sentence #270000, processed 999305 words, keeping 140271 word types
2019-05-11 20:39:40,365 : INFO : PROGRESS: at sentence #280000, processed 1038433 words, keeping 143864 word types
2019-05-11 20:39:40,376 : INFO : PROGRESS: at sentence #290000, processed 1074410 words, keeping 146789 word types
2019-05-11 20:39:40,387 : INFO : PROGRESS: at sentence #300000, processed 1111378 words, keeping 150363 word types
2019-05-11 20:39:40,398 : INFO : PROGRESS: at sentence #310000, processed 1147832 words, keeping 153350 word types
2019-05-11 20:39:40,410 : INFO : PROGRESS: at sentence #320000, processed 1188346 words, keeping 156892 word types
2019-05-11 20:39:40,422 : INFO : PROGRESS: at sentence #330000, processed 1225462 words, keeping 160207 word types
2019-05-11 20:39:40,433 : INFO : PROGRESS: at sentence #340000, processed 1261136 words, keeping 163369 word types
2019-05-11 20:39:40,444 : INFO : PROGRESS: at sentence #350000, processed 1298844 words, keeping 166267 word types
2019-05-11 20:39:40,455 : INFO : PROGRESS: at sentence #360000, processed 1335541 words, keeping 169205 word types
2019-05-11 20:39:40,466 : INFO : PROGRESS: at sentence #370000, processed 1372899 words, keeping 172051 word types
2019-05-11 20:39:40,484 : INFO : PROGRESS: at sentence #380000, processed 1410883 words, keeping 174860 word types
2019-05-11 20:39:40,495 : INFO : PROGRESS: at sentence #390000, processed 1448550 words, keeping 177570 word types
2019-05-11 20:39:40,506 : INFO : PROGRESS: at sentence #400000, processed 1484369 words, keeping 180034 word types
2019-05-11 20:39:40,517 : INFO : PROGRESS: at sentence #410000, processed 1520074 words, keeping 182732 word types
2019-05-11 20:39:40,528 : INFO : PROGRESS: at sentence #420000, processed 1556235 words, keeping 185275 word types
2019-05-11 20:39:40,540 : INFO : PROGRESS: at sentence #430000, processed 1597370 words, keeping 188275 word types
2019-05-11 20:39:40,551 : INFO : PROGRESS: at sentence #440000, processed 1635257 words, keeping 190915 word types
2019-05-11 20:39:40,562 : INFO : PROGRESS: at sentence #450000, processed 1674388 words, keeping 193627 word types
2019-05-11 20:39:40,574 : INFO : PROGRESS: at sentence #460000, processed 1711793 words, keeping 196136 word types
2019-05-11 20:39:40,585 : INFO : PROGRESS: at sentence #470000, processed 1751651 words, keeping 198633 word types
2019-05-11 20:39:40,597 : INFO : PROGRESS: at sentence #480000, processed 1791107 words, keeping 201273 word types
2019-05-11 20:39:40,609 : INFO : PROGRESS: at sentence #490000, processed 1830840 words, keeping 203778 word types
2019-05-11 20:39:40,621 : INFO : PROGRESS: at sentence #500000, processed 1869003 words, keeping 206397 word types
2019-05-11 20:39:40,634 : INFO : PROGRESS: at sentence #510000, processed 1905056 words, keeping 208798 word types
2019-05-11 20:39:40,646 : INFO : PROGRESS: at sentence #520000, processed 1946466 words, keeping 211451 word types
2019-05-11 20:39:40,658 : INFO : PROGRESS: at sentence #530000, processed 1984438 words, keeping 214285 word types
2019-05-11 20:39:40,670 : INFO : PROGRESS: at sentence #540000, processed 2020651 words, keeping 216495 word types
2019-05-11 20:39:40,683 : INFO : PROGRESS: at sentence #550000, processed 2060708 words, keeping 219061 word types
2019-05-11 20:39:40,697 : INFO : PROGRESS: at sentence #560000, processed 2104431 words, keeping 221689 word types
2019-05-11 20:39:40,710 : INFO : PROGRESS: at sentence #570000, processed 2146152 words, keeping 224347 word types
2019-05-11 20:39:40,724 : INFO : PROGRESS: at sentence #580000, processed 2187627 words, keeping 226746 word types
2019-05-11 20:39:40,737 : INFO : PROGRESS: at sentence #590000, processed 2228484 words, keeping 229576 word types
2019-05-11 20:39:40,749 : INFO : PROGRESS: at sentence #600000, processed 2267364 words, keeping 232064 word types
2019-05-11 20:39:40,762 : INFO : PROGRESS: at sentence #610000, processed 2314331 words, keeping 234383 word types
2019-05-11 20:39:40,775 : INFO : PROGRESS: at sentence #620000, processed 2354834 words, keeping 236677 word types
2019-05-11 20:39:40,788 : INFO : PROGRESS: at sentence #630000, processed 2398565 words, keeping 239363 word types
2019-05-11 20:39:40,789 : INFO : collected 239394 word types from a corpus of 2399154 raw words and 630194 sentences
2019-05-11 20:39:40,789 : INFO : Loading a fresh vocabulary
2019-05-11 20:39:41,109 : INFO : effective_min_count=4 retains 60676 unique words (25% of original 239394, drops 178718)
2019-05-11 20:39:41,109 : INFO : effective_min_count=4 leaves 2151861 word corpus (89% of original 2399154, drops 247293)
2019-05-11 20:39:41,286 : INFO : deleting the raw counts dictionary of 239394 items
2019-05-11 20:39:41,290 : INFO : sample=6e-05 downsamples 782 most-common words
2019-05-11 20:39:41,291 : INFO : downsampling leaves estimated 1692814 word corpus (78.7% of prior 2151861)
2019-05-11 20:39:41,475 : INFO : estimated required memory for 60676 words and 500 dimensions: 273042000 bytes
2019-05-11 20:39:41,475 : INFO : resetting layer weights
2019-05-11 20:39:42,411 : INFO : training model with 12 workers on 60676 vocabulary and 500 features, using sg=0 hs=0 sample=6e-05 negative=20 window=3
2019-05-11 20:39:43,498 : INFO : EPOCH 1 - PROGRESS: at 13.38% examples, 201633 words/s, in_qsize 24, out_qsize 0
2019-05-11 20:39:44,528 : INFO : EPOCH 1 - PROGRESS: at 31.84% examples, 246302 words/s, in_qsize 24, out_qsize 0
2019-05-11 20:39:45,561 : INFO : EPOCH 1 - PROGRESS: at 49.23% examples, 256722 words/s, in_qsize 23, out_qsize 0
2019-05-11 20:39:46,572 : INFO : EPOCH 1 - PROGRESS: at 64.51% examples, 255077 words/s, in_qsize 22, out_qsize 1
2019-05-11 20:39:47,575 : INFO : EPOCH 1 - PROGRESS: at 80.59% examples, 259215 words/s, in_qsize 24, out_qsize 0
2019-05-11 20:39:48,585 : INFO : EPOCH 1 - PROGRESS: at 95.96% examples, 261249 words/s, in_qsize 12, out_qsize 0
2019-05-11 20:39:48,595 : INFO : worker thread finished; awaiting finish of 11 more threads
2019-05-11 20:39:48,597 : INFO : worker thread finished; awaiting finish of 10 more threads
2019-05-11 20:39:48,608 : INFO : worker thread finished; awaiting finish of 9 more threads
2019-05-11 20:39:48,624 : INFO : worker thread finished; awaiting finish of 8 more threads
2019-05-11 20:39:48,625 : INFO : worker thread finished; awaiting finish of 7 more threads
2019-05-11 20:39:48,657 : INFO : worker thread finished; awaiting finish of 6 more threads
2019-05-11 20:39:48,668 : INFO : worker thread finished; awaiting finish of 5 more threads
2019-05-11 20:39:48,672 : INFO : worker thread finished; awaiting finish of 4 more threads
2019-05-11 20:39:48,680 : INFO : worker thread finished; awaiting finish of 3 more threads
2019-05-11 20:39:48,683 : INFO : worker thread finished; awaiting finish of 2 more threads
2019-05-11 20:39:48,699 : INFO : worker thread finished; awaiting finish of 1 more threads
2019-05-11 20:39:48,713 : INFO : worker thread finished; awaiting finish of 0 more threads
2019-05-11 20:39:48,713 : INFO : EPOCH - 1 : training on 2399154 raw words (1692529 effective words) took 6.3s, 268976 effective words/s
2019-05-11 20:39:49,739 : INFO : EPOCH 2 - PROGRESS: at 12.96% examples, 206828 words/s, in_qsize 23, out_qsize 0
2019-05-11 20:39:50,757 : INFO : EPOCH 2 - PROGRESS: at 30.57% examples, 244991 words/s, in_qsize 23, out_qsize 0
2019-05-11 20:39:51,762 : INFO : EPOCH 2 - PROGRESS: at 47.07% examples, 253697 words/s, in_qsize 23, out_qsize 0
2019-05-11 20:39:52,772 : INFO : EPOCH 2 - PROGRESS: at 63.69% examples, 257987 words/s, in_qsize 23, out_qsize 0
2019-05-11 20:39:53,798 : INFO : EPOCH 2 - PROGRESS: at 81.04% examples, 264526 words/s, in_qsize 24, out_qsize 0
2019-05-11 20:39:54,822 : INFO : EPOCH 2 - PROGRESS: at 96.33% examples, 265262 words/s, in_qsize 11, out_qsize 1
2019-05-11 20:39:54,823 : INFO : worker thread finished; awaiting finish of 11 more threads
2019-05-11 20:39:54,839 : INFO : worker thread finished; awaiting finish of 10 more threads
2019-05-11 20:39:54,844 : INFO : worker thread finished; awaiting finish of 9 more threads
2019-05-11 20:39:54,878 : INFO : worker thread finished; awaiting finish of 8 more threads
2019-05-11 20:39:54,878 : INFO : worker thread finished; awaiting finish of 7 more threads
2019-05-11 20:39:54,881 : INFO : worker thread finished; awaiting finish of 6 more threads
2019-05-11 20:39:54,909 : INFO : worker thread finished; awaiting finish of 5 more threads
2019-05-11 20:39:54,922 : INFO : worker thread finished; awaiting finish of 4 more threads
2019-05-11 20:39:54,958 : INFO : worker thread finished; awaiting finish of 3 more threads
2019-05-11 20:39:54,962 : INFO : worker thread finished; awaiting finish of 2 more threads
2019-05-11 20:39:54,967 : INFO : worker thread finished; awaiting finish of 1 more threads
2019-05-11 20:39:54,971 : INFO : worker thread finished; awaiting finish of 0 more threads
2019-05-11 20:39:54,971 : INFO : EPOCH - 2 : training on 2399154 raw words (1692828 effective words) took 6.2s, 270911 effective words/s
2019-05-11 20:39:56,041 : INFO : EPOCH 3 - PROGRESS: at 13.39% examples, 205924 words/s, in_qsize 23, out_qsize 0
2019-05-11 20:39:57,089 : INFO : EPOCH 3 - PROGRESS: at 32.30% examples, 250193 words/s, in_qsize 24, out_qsize 0
2019-05-11 20:39:58,106 : INFO : EPOCH 3 - PROGRESS: at 47.93% examples, 251704 words/s, in_qsize 23, out_qsize 2
2019-05-11 20:39:59,118 : INFO : EPOCH 3 - PROGRESS: at 65.41% examples, 259809 words/s, in_qsize 24, out_qsize 0
2019-05-11 20:40:00,123 : INFO : EPOCH 3 - PROGRESS: at 81.43% examples, 262757 words/s, in_qsize 22, out_qsize 1
2019-05-11 20:40:01,009 : INFO : worker thread finished; awaiting finish of 11 more threads
2019-05-11 20:40:01,052 : INFO : worker thread finished; awaiting finish of 10 more threads
2019-05-11 20:40:01,077 : INFO : worker thread finished; awaiting finish of 9 more threads
2019-05-11 20:40:01,091 : INFO : worker thread finished; awaiting finish of 8 more threads
2019-05-11 20:40:01,092 : INFO : worker thread finished; awaiting finish of 7 more threads
2019-05-11 20:40:01,132 : INFO : EPOCH 3 - PROGRESS: at 97.80% examples, 268426 words/s, in_qsize 6, out_qsize 1
2019-05-11 20:40:01,132 : INFO : worker thread finished; awaiting finish of 6 more threads
2019-05-11 20:40:01,142 : INFO : worker thread finished; awaiting finish of 5 more threads
2019-05-11 20:40:01,157 : INFO : worker thread finished; awaiting finish of 4 more threads
2019-05-11 20:40:01,158 : INFO : worker thread finished; awaiting finish of 3 more threads
2019-05-11 20:40:01,162 : INFO : worker thread finished; awaiting finish of 2 more threads
2019-05-11 20:40:01,170 : INFO : worker thread finished; awaiting finish of 1 more threads
2019-05-11 20:40:01,187 : INFO : worker thread finished; awaiting finish of 0 more threads
2019-05-11 20:40:01,188 : INFO : EPOCH - 3 : training on 2399154 raw words (1692688 effective words) took 6.2s, 272950 effective words/s
2019-05-11 20:40:02,255 : INFO : EPOCH 4 - PROGRESS: at 13.81% examples, 212255 words/s, in_qsize 24, out_qsize 0
2019-05-11 20:40:03,294 : INFO : EPOCH 4 - PROGRESS: at 32.30% examples, 251081 words/s, in_qsize 24, out_qsize 0
2019-05-11 20:40:04,314 : INFO : EPOCH 4 - PROGRESS: at 47.93% examples, 252095 words/s, in_qsize 19, out_qsize 4
2019-05-11 20:40:05,389 : INFO : EPOCH 4 - PROGRESS: at 66.33% examples, 259486 words/s, in_qsize 24, out_qsize 1
2019-05-11 20:40:06,434 : INFO : EPOCH 4 - PROGRESS: at 84.26% examples, 267268 words/s, in_qsize 23, out_qsize 1
2019-05-11 20:40:07,225 : INFO : worker thread finished; awaiting finish of 11 more threads
2019-05-11 20:40:07,238 : INFO : worker thread finished; awaiting finish of 10 more threads
2019-05-11 20:40:07,256 : INFO : worker thread finished; awaiting finish of 9 more threads
2019-05-11 20:40:07,264 : INFO : worker thread finished; awaiting finish of 8 more threads
2019-05-11 20:40:07,265 : INFO : worker thread finished; awaiting finish of 7 more threads
2019-05-11 20:40:07,281 : INFO : worker thread finished; awaiting finish of 6 more threads
2019-05-11 20:40:07,312 : INFO : worker thread finished; awaiting finish of 5 more threads
2019-05-11 20:40:07,334 : INFO : worker thread finished; awaiting finish of 4 more threads
2019-05-11 20:40:07,340 : INFO : worker thread finished; awaiting finish of 3 more threads
2019-05-11 20:40:07,360 : INFO : worker thread finished; awaiting finish of 2 more threads
2019-05-11 20:40:07,360 : INFO : worker thread finished; awaiting finish of 1 more threads
2019-05-11 20:40:07,373 : INFO : worker thread finished; awaiting finish of 0 more threads
2019-05-11 20:40:07,373 : INFO : EPOCH - 4 : training on 2399154 raw words (1693367 effective words) took 6.2s, 274124 effective words/s
2019-05-11 20:40:08,396 : INFO : EPOCH 5 - PROGRESS: at 13.39% examples, 214200 words/s, in_qsize 23, out_qsize 0
2019-05-11 20:40:09,428 : INFO : EPOCH 5 - PROGRESS: at 32.30% examples, 257169 words/s, in_qsize 23, out_qsize 0
2019-05-11 20:40:10,454 : INFO : EPOCH 5 - PROGRESS: at 48.40% examples, 257846 words/s, in_qsize 24, out_qsize 0
2019-05-11 20:40:11,534 : INFO : EPOCH 5 - PROGRESS: at 67.07% examples, 265249 words/s, in_qsize 23, out_qsize 1
2019-05-11 20:40:12,567 : INFO : EPOCH 5 - PROGRESS: at 84.29% examples, 269803 words/s, in_qsize 23, out_qsize 0
2019-05-11 20:40:13,282 : INFO : worker thread finished; awaiting finish of 11 more threads
2019-05-11 20:40:13,297 : INFO : worker thread finished; awaiting finish of 10 more threads
2019-05-11 20:40:13,302 : INFO : worker thread finished; awaiting finish of 9 more threads
2019-05-11 20:40:13,308 : INFO : worker thread finished; awaiting finish of 8 more threads
2019-05-11 20:40:13,318 : INFO : worker thread finished; awaiting finish of 7 more threads
2019-05-11 20:40:13,324 : INFO : worker thread finished; awaiting finish of 6 more threads
2019-05-11 20:40:13,349 : INFO : worker thread finished; awaiting finish of 5 more threads
2019-05-11 20:40:13,384 : INFO : worker thread finished; awaiting finish of 4 more threads
2019-05-11 20:40:13,423 : INFO : worker thread finished; awaiting finish of 3 more threads
2019-05-11 20:40:13,434 : INFO : worker thread finished; awaiting finish of 2 more threads
2019-05-11 20:40:13,436 : INFO : worker thread finished; awaiting finish of 1 more threads
2019-05-11 20:40:13,444 : INFO : worker thread finished; awaiting finish of 0 more threads
2019-05-11 20:40:13,444 : INFO : EPOCH - 5 : training on 2399154 raw words (1692940 effective words) took 6.1s, 279233 effective words/s
2019-05-11 20:40:14,467 : INFO : EPOCH 6 - PROGRESS: at 14.24% examples, 228011 words/s, in_qsize 23, out_qsize 0
2019-05-11 20:40:15,474 : INFO : EPOCH 6 - PROGRESS: at 32.69% examples, 263585 words/s, in_qsize 23, out_qsize 0
2019-05-11 20:40:16,503 : INFO : EPOCH 6 - PROGRESS: at 47.89% examples, 257396 words/s, in_qsize 23, out_qsize 2
2019-05-11 20:40:17,564 : INFO : EPOCH 6 - PROGRESS: at 67.45% examples, 269627 words/s, in_qsize 24, out_qsize 0
2019-05-11 20:40:18,569 : INFO : EPOCH 6 - PROGRESS: at 84.30% examples, 273492 words/s, in_qsize 22, out_qsize 1
2019-05-11 20:40:19,329 : INFO : worker thread finished; awaiting finish of 11 more threads
2019-05-11 20:40:19,350 : INFO : worker thread finished; awaiting finish of 10 more threads
2019-05-11 20:40:19,366 : INFO : worker thread finished; awaiting finish of 9 more threads
2019-05-11 20:40:19,367 : INFO : worker thread finished; awaiting finish of 8 more threads
2019-05-11 20:40:19,376 : INFO : worker thread finished; awaiting finish of 7 more threads
2019-05-11 20:40:19,407 : INFO : worker thread finished; awaiting finish of 6 more threads
2019-05-11 20:40:19,409 : INFO : worker thread finished; awaiting finish of 5 more threads
2019-05-11 20:40:19,416 : INFO : worker thread finished; awaiting finish of 4 more threads
2019-05-11 20:40:19,443 : INFO : worker thread finished; awaiting finish of 3 more threads
2019-05-11 20:40:19,445 : INFO : worker thread finished; awaiting finish of 2 more threads
2019-05-11 20:40:19,448 : INFO : worker thread finished; awaiting finish of 1 more threads
2019-05-11 20:40:19,452 : INFO : worker thread finished; awaiting finish of 0 more threads
2019-05-11 20:40:19,452 : INFO : EPOCH - 6 : training on 2399154 raw words (1693263 effective words) took 6.0s, 282140 effective words/s
2019-05-11 20:40:20,482 : INFO : EPOCH 7 - PROGRESS: at 13.39% examples, 213379 words/s, in_qsize 23, out_qsize 1
2019-05-11 20:40:21,487 : INFO : EPOCH 7 - PROGRESS: at 31.84% examples, 256504 words/s, in_qsize 24, out_qsize 0
2019-05-11 20:40:22,503 : INFO : EPOCH 7 - PROGRESS: at 49.23% examples, 265201 words/s, in_qsize 22, out_qsize 1
2019-05-11 20:40:23,507 : INFO : EPOCH 7 - PROGRESS: at 65.84% examples, 267100 words/s, in_qsize 22, out_qsize 1
2019-05-11 20:40:24,598 : INFO : EPOCH 7 - PROGRESS: at 83.86% examples, 271108 words/s, in_qsize 23, out_qsize 0
2019-05-11 20:40:25,334 : INFO : worker thread finished; awaiting finish of 11 more threads
2019-05-11 20:40:25,340 : INFO : worker thread finished; awaiting finish of 10 more threads
2019-05-11 20:40:25,348 : INFO : worker thread finished; awaiting finish of 9 more threads
2019-05-11 20:40:25,358 : INFO : worker thread finished; awaiting finish of 8 more threads
2019-05-11 20:40:25,361 : INFO : worker thread finished; awaiting finish of 7 more threads
2019-05-11 20:40:25,379 : INFO : worker thread finished; awaiting finish of 6 more threads
2019-05-11 20:40:25,399 : INFO : worker thread finished; awaiting finish of 5 more threads
2019-05-11 20:40:25,413 : INFO : worker thread finished; awaiting finish of 4 more threads
2019-05-11 20:40:25,431 : INFO : worker thread finished; awaiting finish of 3 more threads
2019-05-11 20:40:25,440 : INFO : worker thread finished; awaiting finish of 2 more threads
2019-05-11 20:40:25,447 : INFO : worker thread finished; awaiting finish of 1 more threads
2019-05-11 20:40:25,448 : INFO : worker thread finished; awaiting finish of 0 more threads
2019-05-11 20:40:25,448 : INFO : EPOCH - 7 : training on 2399154 raw words (1692408 effective words) took 6.0s, 282776 effective words/s
2019-05-11 20:40:26,532 : INFO : EPOCH 8 - PROGRESS: at 14.27% examples, 215414 words/s, in_qsize 24, out_qsize 0
2019-05-11 20:40:27,534 : INFO : EPOCH 8 - PROGRESS: at 32.67% examples, 256888 words/s, in_qsize 23, out_qsize 1
2019-05-11 20:40:28,578 : INFO : EPOCH 8 - PROGRESS: at 51.66% examples, 271798 words/s, in_qsize 23, out_qsize 0
2019-05-11 20:40:29,593 : INFO : EPOCH 8 - PROGRESS: at 68.28% examples, 271636 words/s, in_qsize 24, out_qsize 0
2019-05-11 20:40:30,607 : INFO : EPOCH 8 - PROGRESS: at 86.41% examples, 278596 words/s, in_qsize 23, out_qsize 0
2019-05-11 20:40:31,216 : INFO : worker thread finished; awaiting finish of 11 more threads
2019-05-11 20:40:31,223 : INFO : worker thread finished; awaiting finish of 10 more threads
2019-05-11 20:40:31,237 : INFO : worker thread finished; awaiting finish of 9 more threads
2019-05-11 20:40:31,244 : INFO : worker thread finished; awaiting finish of 8 more threads
2019-05-11 20:40:31,252 : INFO : worker thread finished; awaiting finish of 7 more threads
2019-05-11 20:40:31,256 : INFO : worker thread finished; awaiting finish of 6 more threads
2019-05-11 20:40:31,290 : INFO : worker thread finished; awaiting finish of 5 more threads
2019-05-11 20:40:31,351 : INFO : worker thread finished; awaiting finish of 4 more threads
2019-05-11 20:40:31,352 : INFO : worker thread finished; awaiting finish of 3 more threads
2019-05-11 20:40:31,377 : INFO : worker thread finished; awaiting finish of 2 more threads
2019-05-11 20:40:31,380 : INFO : worker thread finished; awaiting finish of 1 more threads
2019-05-11 20:40:31,395 : INFO : worker thread finished; awaiting finish of 0 more threads
2019-05-11 20:40:31,395 : INFO : EPOCH - 8 : training on 2399154 raw words (1693118 effective words) took 5.9s, 285165 effective words/s
2019-05-11 20:40:32,418 : INFO : EPOCH 9 - PROGRESS: at 15.63% examples, 249070 words/s, in_qsize 23, out_qsize 0
2019-05-11 20:40:33,433 : INFO : EPOCH 9 - PROGRESS: at 33.41% examples, 269970 words/s, in_qsize 24, out_qsize 0
2019-05-11 20:40:34,481 : INFO : EPOCH 9 - PROGRESS: at 51.21% examples, 273506 words/s, in_qsize 23, out_qsize 0
2019-05-11 20:40:35,499 : INFO : EPOCH 9 - PROGRESS: at 69.58% examples, 279465 words/s, in_qsize 22, out_qsize 1
2019-05-11 20:40:36,502 : INFO : EPOCH 9 - PROGRESS: at 86.41% examples, 281380 words/s, in_qsize 23, out_qsize 0
2019-05-11 20:40:37,119 : INFO : worker thread finished; awaiting finish of 11 more threads
2019-05-11 20:40:37,123 : INFO : worker thread finished; awaiting finish of 10 more threads
2019-05-11 20:40:37,154 : INFO : worker thread finished; awaiting finish of 9 more threads
2019-05-11 20:40:37,155 : INFO : worker thread finished; awaiting finish of 8 more threads
2019-05-11 20:40:37,156 : INFO : worker thread finished; awaiting finish of 7 more threads
2019-05-11 20:40:37,157 : INFO : worker thread finished; awaiting finish of 6 more threads
2019-05-11 20:40:37,164 : INFO : worker thread finished; awaiting finish of 5 more threads
2019-05-11 20:40:37,169 : INFO : worker thread finished; awaiting finish of 4 more threads
2019-05-11 20:40:37,186 : INFO : worker thread finished; awaiting finish of 3 more threads
2019-05-11 20:40:37,194 : INFO : worker thread finished; awaiting finish of 2 more threads
2019-05-11 20:40:37,201 : INFO : worker thread finished; awaiting finish of 1 more threads
2019-05-11 20:40:37,245 : INFO : worker thread finished; awaiting finish of 0 more threads
2019-05-11 20:40:37,246 : INFO : EPOCH - 9 : training on 2399154 raw words (1692645 effective words) took 5.8s, 289835 effective words/s
2019-05-11 20:40:38,304 : INFO : EPOCH 10 - PROGRESS: at 14.65% examples, 226858 words/s, in_qsize 23, out_qsize 0
2019-05-11 20:40:39,360 : INFO : EPOCH 10 - PROGRESS: at 33.87% examples, 262911 words/s, in_qsize 23, out_qsize 0
2019-05-11 20:40:40,386 : INFO : EPOCH 10 - PROGRESS: at 52.51% examples, 275097 words/s, in_qsize 22, out_qsize 1
2019-05-11 20:40:41,392 : INFO : EPOCH 10 - PROGRESS: at 69.92% examples, 278225 words/s, in_qsize 24, out_qsize 0
2019-05-11 20:40:42,416 : INFO : EPOCH 10 - PROGRESS: at 87.49% examples, 281858 words/s, in_qsize 23, out_qsize 0
2019-05-11 20:40:42,968 : INFO : worker thread finished; awaiting finish of 11 more threads
2019-05-11 20:40:42,971 : INFO : worker thread finished; awaiting finish of 10 more threads
2019-05-11 20:40:42,980 : INFO : worker thread finished; awaiting finish of 9 more threads
2019-05-11 20:40:43,032 : INFO : worker thread finished; awaiting finish of 8 more threads
2019-05-11 20:40:43,034 : INFO : worker thread finished; awaiting finish of 7 more threads
2019-05-11 20:40:43,035 : INFO : worker thread finished; awaiting finish of 6 more threads
2019-05-11 20:40:43,042 : INFO : worker thread finished; awaiting finish of 5 more threads
2019-05-11 20:40:43,047 : INFO : worker thread finished; awaiting finish of 4 more threads
2019-05-11 20:40:43,079 : INFO : worker thread finished; awaiting finish of 3 more threads
2019-05-11 20:40:43,096 : INFO : worker thread finished; awaiting finish of 2 more threads
2019-05-11 20:40:43,097 : INFO : worker thread finished; awaiting finish of 1 more threads
2019-05-11 20:40:43,099 : INFO : worker thread finished; awaiting finish of 0 more threads
2019-05-11 20:40:43,099 : INFO : EPOCH - 10 : training on 2399154 raw words (1692467 effective words) took 5.8s, 289461 effective words/s
2019-05-11 20:40:43,100 : INFO : training on a 23991540 raw words (16928253 effective words) took 60.7s, 278938 effective words/s
2019-05-11 20:40:43,100 : WARNING : Effective 'alpha' higher than previous training cycles
2019-05-11 20:40:43,100 : INFO : training model with 12 workers on 60676 vocabulary and 500 features, using sg=0 hs=0 sample=6e-05 negative=20 window=3
2019-05-11 20:40:44,187 : INFO : EPOCH 1 - PROGRESS: at 15.11% examples, 227849 words/s, in_qsize 24, out_qsize 0
2019-05-11 20:40:45,268 : INFO : EPOCH 1 - PROGRESS: at 34.76% examples, 263291 words/s, in_qsize 23, out_qsize 0
2019-05-11 20:40:46,274 : INFO : EPOCH 1 - PROGRESS: at 53.83% examples, 278956 words/s, in_qsize 24, out_qsize 1
2019-05-11 20:40:47,287 : INFO : EPOCH 1 - PROGRESS: at 71.56% examples, 282329 words/s, in_qsize 23, out_qsize 0
2019-05-11 20:40:48,312 : INFO : EPOCH 1 - PROGRESS: at 88.23% examples, 282489 words/s, in_qsize 24, out_qsize 0
2019-05-11 20:40:48,768 : INFO : worker thread finished; awaiting finish of 11 more threads
2019-05-11 20:40:48,786 : INFO : worker thread finished; awaiting finish of 10 more threads
2019-05-11 20:40:48,790 : INFO : worker thread finished; awaiting finish of 9 more threads
2019-05-11 20:40:48,800 : INFO : worker thread finished; awaiting finish of 8 more threads
2019-05-11 20:40:48,829 : INFO : worker thread finished; awaiting finish of 7 more threads
2019-05-11 20:40:48,833 : INFO : worker thread finished; awaiting finish of 6 more threads
2019-05-11 20:40:48,852 : INFO : worker thread finished; awaiting finish of 5 more threads
2019-05-11 20:40:48,860 : INFO : worker thread finished; awaiting finish of 4 more threads
2019-05-11 20:40:48,884 : INFO : worker thread finished; awaiting finish of 3 more threads
2019-05-11 20:40:48,904 : INFO : worker thread finished; awaiting finish of 2 more threads
2019-05-11 20:40:48,904 : INFO : worker thread finished; awaiting finish of 1 more threads
2019-05-11 20:40:48,909 : INFO : worker thread finished; awaiting finish of 0 more threads
2019-05-11 20:40:48,909 : INFO : EPOCH - 1 : training on 2399154 raw words (1692523 effective words) took 5.8s, 291859 effective words/s
2019-05-11 20:40:49,951 : INFO : EPOCH 2 - PROGRESS: at 13.83% examples, 217411 words/s, in_qsize 23, out_qsize 1
2019-05-11 20:40:50,967 : INFO : EPOCH 2 - PROGRESS: at 32.67% examples, 260268 words/s, in_qsize 24, out_qsize 0
2019-05-11 20:40:52,040 : INFO : EPOCH 2 - PROGRESS: at 52.06% examples, 273876 words/s, in_qsize 24, out_qsize 0
2019-05-11 20:40:53,045 : INFO : EPOCH 2 - PROGRESS: at 71.12% examples, 284194 words/s, in_qsize 24, out_qsize 0
2019-05-11 20:40:54,103 : INFO : EPOCH 2 - PROGRESS: at 87.12% examples, 279380 words/s, in_qsize 23, out_qsize 0
2019-05-11 20:40:54,623 : INFO : worker thread finished; awaiting finish of 11 more threads
2019-05-11 20:40:54,628 : INFO : worker thread finished; awaiting finish of 10 more threads
2019-05-11 20:40:54,657 : INFO : worker thread finished; awaiting finish of 9 more threads
2019-05-11 20:40:54,671 : INFO : worker thread finished; awaiting finish of 8 more threads
2019-05-11 20:40:54,680 : INFO : worker thread finished; awaiting finish of 7 more threads
2019-05-11 20:40:54,705 : INFO : worker thread finished; awaiting finish of 6 more threads
2019-05-11 20:40:54,710 : INFO : worker thread finished; awaiting finish of 5 more threads
2019-05-11 20:40:54,723 : INFO : worker thread finished; awaiting finish of 4 more threads
2019-05-11 20:40:54,726 : INFO : worker thread finished; awaiting finish of 3 more threads
2019-05-11 20:40:54,743 : INFO : worker thread finished; awaiting finish of 2 more threads
2019-05-11 20:40:54,756 : INFO : worker thread finished; awaiting finish of 1 more threads
2019-05-11 20:40:54,760 : INFO : worker thread finished; awaiting finish of 0 more threads
2019-05-11 20:40:54,760 : INFO : EPOCH - 2 : training on 2399154 raw words (1692306 effective words) took 5.8s, 289763 effective words/s
2019-05-11 20:40:55,803 : INFO : EPOCH 3 - PROGRESS: at 14.24% examples, 223994 words/s, in_qsize 24, out_qsize 0
2019-05-11 20:40:56,824 : INFO : EPOCH 3 - PROGRESS: at 32.67% examples, 259615 words/s, in_qsize 24, out_qsize 0
2019-05-11 20:40:57,829 : INFO : EPOCH 3 - PROGRESS: at 47.96% examples, 256772 words/s, in_qsize 23, out_qsize 4
2019-05-11 20:40:58,870 : INFO : EPOCH 3 - PROGRESS: at 67.15% examples, 268579 words/s, in_qsize 24, out_qsize 0
2019-05-11 20:40:59,872 : INFO : EPOCH 3 - PROGRESS: at 85.13% examples, 276963 words/s, in_qsize 24, out_qsize 0
2019-05-11 20:41:00,519 : INFO : worker thread finished; awaiting finish of 11 more threads
2019-05-11 20:41:00,534 : INFO : worker thread finished; awaiting finish of 10 more threads
2019-05-11 20:41:00,555 : INFO : worker thread finished; awaiting finish of 9 more threads
2019-05-11 20:41:00,558 : INFO : worker thread finished; awaiting finish of 8 more threads
2019-05-11 20:41:00,567 : INFO : worker thread finished; awaiting finish of 7 more threads
2019-05-11 20:41:00,577 : INFO : worker thread finished; awaiting finish of 6 more threads
2019-05-11 20:41:00,579 : INFO : worker thread finished; awaiting finish of 5 more threads
2019-05-11 20:41:00,623 : INFO : worker thread finished; awaiting finish of 4 more threads
2019-05-11 20:41:00,637 : INFO : worker thread finished; awaiting finish of 3 more threads
2019-05-11 20:41:00,641 : INFO : worker thread finished; awaiting finish of 2 more threads
2019-05-11 20:41:00,643 : INFO : worker thread finished; awaiting finish of 1 more threads
2019-05-11 20:41:00,646 : INFO : worker thread finished; awaiting finish of 0 more threads
2019-05-11 20:41:00,647 : INFO : EPOCH - 3 : training on 2399154 raw words (1692453 effective words) took 5.9s, 287983 effective words/s
2019-05-11 20:41:01,689 : INFO : EPOCH 4 - PROGRESS: at 15.11% examples, 237559 words/s, in_qsize 22, out_qsize 1
2019-05-11 20:41:02,737 : INFO : EPOCH 4 - PROGRESS: at 34.76% examples, 273010 words/s, in_qsize 22, out_qsize 1
2019-05-11 20:41:03,763 : INFO : EPOCH 4 - PROGRESS: at 54.68% examples, 288508 words/s, in_qsize 24, out_qsize 0
2019-05-11 20:41:04,805 : INFO : EPOCH 4 - PROGRESS: at 74.01% examples, 294548 words/s, in_qsize 24, out_qsize 0
2019-05-11 20:41:05,807 : INFO : EPOCH 4 - PROGRESS: at 90.52% examples, 293562 words/s, in_qsize 20, out_qsize 3
2019-05-11 20:41:06,120 : INFO : worker thread finished; awaiting finish of 11 more threads
2019-05-11 20:41:06,132 : INFO : worker thread finished; awaiting finish of 10 more threads
2019-05-11 20:41:06,150 : INFO : worker thread finished; awaiting finish of 9 more threads
2019-05-11 20:41:06,163 : INFO : worker thread finished; awaiting finish of 8 more threads
2019-05-11 20:41:06,168 : INFO : worker thread finished; awaiting finish of 7 more threads
2019-05-11 20:41:06,171 : INFO : worker thread finished; awaiting finish of 6 more threads
2019-05-11 20:41:06,195 : INFO : worker thread finished; awaiting finish of 5 more threads
2019-05-11 20:41:06,225 : INFO : worker thread finished; awaiting finish of 4 more threads
2019-05-11 20:41:06,249 : INFO : worker thread finished; awaiting finish of 3 more threads
2019-05-11 20:41:06,277 : INFO : worker thread finished; awaiting finish of 2 more threads
2019-05-11 20:41:06,281 : INFO : worker thread finished; awaiting finish of 1 more threads
2019-05-11 20:41:06,286 : INFO : worker thread finished; awaiting finish of 0 more threads
2019-05-11 20:41:06,286 : INFO : EPOCH - 4 : training on 2399154 raw words (1692345 effective words) took 5.6s, 300595 effective words/s
2019-05-11 20:41:07,320 : INFO : EPOCH 5 - PROGRESS: at 14.69% examples, 232458 words/s, in_qsize 23, out_qsize 0
2019-05-11 20:41:08,349 : INFO : EPOCH 5 - PROGRESS: at 34.29% examples, 273071 words/s, in_qsize 23, out_qsize 0
2019-05-11 20:41:09,372 : INFO : EPOCH 5 - PROGRESS: at 53.36% examples, 284497 words/s, in_qsize 23, out_qsize 0
2019-05-11 20:41:10,409 : INFO : EPOCH 5 - PROGRESS: at 72.00% examples, 288356 words/s, in_qsize 23, out_qsize 0
2019-05-11 20:41:11,438 : INFO : EPOCH 5 - PROGRESS: at 90.16% examples, 292579 words/s, in_qsize 23, out_qsize 0
2019-05-11 20:41:11,781 : INFO : worker thread finished; awaiting finish of 11 more threads
2019-05-11 20:41:11,782 : INFO : worker thread finished; awaiting finish of 10 more threads
2019-05-11 20:41:11,782 : INFO : worker thread finished; awaiting finish of 9 more threads
2019-05-11 20:41:11,785 : INFO : worker thread finished; awaiting finish of 8 more threads
2019-05-11 20:41:11,802 : INFO : worker thread finished; awaiting finish of 7 more threads
2019-05-11 20:41:11,802 : INFO : worker thread finished; awaiting finish of 6 more threads
2019-05-11 20:41:11,852 : INFO : worker thread finished; awaiting finish of 5 more threads
2019-05-11 20:41:11,860 : INFO : worker thread finished; awaiting finish of 4 more threads
2019-05-11 20:41:11,862 : INFO : worker thread finished; awaiting finish of 3 more threads
2019-05-11 20:41:11,877 : INFO : worker thread finished; awaiting finish of 2 more threads
2019-05-11 20:41:11,883 : INFO : worker thread finished; awaiting finish of 1 more threads
2019-05-11 20:41:11,892 : INFO : worker thread finished; awaiting finish of 0 more threads
2019-05-11 20:41:11,893 : INFO : EPOCH - 5 : training on 2399154 raw words (1692590 effective words) took 5.6s, 302336 effective words/s
2019-05-11 20:41:12,905 : INFO : EPOCH 6 - PROGRESS: at 15.11% examples, 244963 words/s, in_qsize 24, out_qsize 0
2019-05-11 20:41:13,917 : INFO : EPOCH 6 - PROGRESS: at 34.33% examples, 278577 words/s, in_qsize 23, out_qsize 0
2019-05-11 20:41:14,946 : INFO : EPOCH 6 - PROGRESS: at 54.30% examples, 292403 words/s, in_qsize 24, out_qsize 0
2019-05-11 20:41:16,032 : INFO : EPOCH 6 - PROGRESS: at 73.63% examples, 294238 words/s, in_qsize 24, out_qsize 0
2019-05-11 20:41:17,070 : INFO : EPOCH 6 - PROGRESS: at 92.80% examples, 300714 words/s, in_qsize 20, out_qsize 0
2019-05-11 20:41:17,243 : INFO : worker thread finished; awaiting finish of 11 more threads
2019-05-11 20:41:17,249 : INFO : worker thread finished; awaiting finish of 10 more threads
2019-05-11 20:41:17,284 : INFO : worker thread finished; awaiting finish of 9 more threads
2019-05-11 20:41:17,286 : INFO : worker thread finished; awaiting finish of 8 more threads
2019-05-11 20:41:17,305 : INFO : worker thread finished; awaiting finish of 7 more threads
2019-05-11 20:41:17,335 : INFO : worker thread finished; awaiting finish of 6 more threads
2019-05-11 20:41:17,335 : INFO : worker thread finished; awaiting finish of 5 more threads
2019-05-11 20:41:17,357 : INFO : worker thread finished; awaiting finish of 4 more threads
2019-05-11 20:41:17,370 : INFO : worker thread finished; awaiting finish of 3 more threads
2019-05-11 20:41:17,384 : INFO : worker thread finished; awaiting finish of 2 more threads
2019-05-11 20:41:17,385 : INFO : worker thread finished; awaiting finish of 1 more threads
2019-05-11 20:41:17,394 : INFO : worker thread finished; awaiting finish of 0 more threads
2019-05-11 20:41:17,394 : INFO : EPOCH - 6 : training on 2399154 raw words (1692380 effective words) took 5.5s, 308193 effective words/s
2019-05-11 20:41:18,408 : INFO : EPOCH 7 - PROGRESS: at 13.83% examples, 223296 words/s, in_qsize 24, out_qsize 0
2019-05-11 20:41:19,434 : INFO : EPOCH 7 - PROGRESS: at 33.41% examples, 269366 words/s, in_qsize 23, out_qsize 1
2019-05-11 20:41:20,448 : INFO : EPOCH 7 - PROGRESS: at 52.91% examples, 285500 words/s, in_qsize 23, out_qsize 0
2019-05-11 20:41:21,500 : INFO : EPOCH 7 - PROGRESS: at 73.22% examples, 294873 words/s, in_qsize 23, out_qsize 1
2019-05-11 20:41:22,511 : INFO : EPOCH 7 - PROGRESS: at 92.04% examples, 301686 words/s, in_qsize 22, out_qsize 0
2019-05-11 20:41:22,750 : INFO : worker thread finished; awaiting finish of 11 more threads
2019-05-11 20:41:22,777 : INFO : worker thread finished; awaiting finish of 10 more threads
2019-05-11 20:41:22,777 : INFO : worker thread finished; awaiting finish of 9 more threads
2019-05-11 20:41:22,812 : INFO : worker thread finished; awaiting finish of 8 more threads
2019-05-11 20:41:22,818 : INFO : worker thread finished; awaiting finish of 7 more threads
2019-05-11 20:41:22,822 : INFO : worker thread finished; awaiting finish of 6 more threads
2019-05-11 20:41:22,866 : INFO : worker thread finished; awaiting finish of 5 more threads
2019-05-11 20:41:22,883 : INFO : worker thread finished; awaiting finish of 4 more threads
2019-05-11 20:41:22,893 : INFO : worker thread finished; awaiting finish of 3 more threads
2019-05-11 20:41:22,902 : INFO : worker thread finished; awaiting finish of 2 more threads
2019-05-11 20:41:22,906 : INFO : worker thread finished; awaiting finish of 1 more threads
2019-05-11 20:41:22,914 : INFO : worker thread finished; awaiting finish of 0 more threads
2019-05-11 20:41:22,914 : INFO : EPOCH - 7 : training on 2399154 raw words (1693064 effective words) took 5.5s, 307226 effective words/s
2019-05-11 20:41:23,925 : INFO : EPOCH 8 - PROGRESS: at 13.38% examples, 216986 words/s, in_qsize 24, out_qsize 0
2019-05-11 20:41:24,953 : INFO : EPOCH 8 - PROGRESS: at 33.06% examples, 266055 words/s, in_qsize 24, out_qsize 0
2019-05-11 20:41:25,967 : INFO : EPOCH 8 - PROGRESS: at 52.91% examples, 285408 words/s, in_qsize 23, out_qsize 1
2019-05-11 20:41:26,999 : INFO : EPOCH 8 - PROGRESS: at 72.34% examples, 292934 words/s, in_qsize 22, out_qsize 1
2019-05-11 20:41:28,031 : INFO : EPOCH 8 - PROGRESS: at 90.13% examples, 294646 words/s, in_qsize 24, out_qsize 0
2019-05-11 20:41:28,340 : INFO : worker thread finished; awaiting finish of 11 more threads
2019-05-11 20:41:28,347 : INFO : worker thread finished; awaiting finish of 10 more threads
2019-05-11 20:41:28,377 : INFO : worker thread finished; awaiting finish of 9 more threads
2019-05-11 20:41:28,384 : INFO : worker thread finished; awaiting finish of 8 more threads
2019-05-11 20:41:28,403 : INFO : worker thread finished; awaiting finish of 7 more threads
2019-05-11 20:41:28,433 : INFO : worker thread finished; awaiting finish of 6 more threads
2019-05-11 20:41:28,448 : INFO : worker thread finished; awaiting finish of 5 more threads
2019-05-11 20:41:28,461 : INFO : worker thread finished; awaiting finish of 4 more threads
2019-05-11 20:41:28,474 : INFO : worker thread finished; awaiting finish of 3 more threads
2019-05-11 20:41:28,490 : INFO : worker thread finished; awaiting finish of 2 more threads
2019-05-11 20:41:28,490 : INFO : worker thread finished; awaiting finish of 1 more threads
2019-05-11 20:41:28,498 : INFO : worker thread finished; awaiting finish of 0 more threads
2019-05-11 20:41:28,498 : INFO : EPOCH - 8 : training on 2399154 raw words (1692600 effective words) took 5.6s, 303585 effective words/s
2019-05-11 20:41:29,511 : INFO : EPOCH 9 - PROGRESS: at 14.22% examples, 230755 words/s, in_qsize 24, out_qsize 0
2019-05-11 20:41:30,535 : INFO : EPOCH 9 - PROGRESS: at 34.33% examples, 276897 words/s, in_qsize 23, out_qsize 0
2019-05-11 20:41:31,640 : INFO : EPOCH 9 - PROGRESS: at 54.73% examples, 286433 words/s, in_qsize 23, out_qsize 1
2019-05-11 20:41:32,733 : INFO : EPOCH 9 - PROGRESS: at 75.27% examples, 294451 words/s, in_qsize 24, out_qsize 0
2019-05-11 20:41:33,750 : INFO : EPOCH 9 - PROGRESS: at 93.60% examples, 299249 words/s, in_qsize 18, out_qsize 0
2019-05-11 20:41:33,843 : INFO : worker thread finished; awaiting finish of 11 more threads
2019-05-11 20:41:33,876 : INFO : worker thread finished; awaiting finish of 10 more threads
2019-05-11 20:41:33,889 : INFO : worker thread finished; awaiting finish of 9 more threads
2019-05-11 20:41:33,891 : INFO : worker thread finished; awaiting finish of 8 more threads
2019-05-11 20:41:33,894 : INFO : worker thread finished; awaiting finish of 7 more threads
2019-05-11 20:41:33,922 : INFO : worker thread finished; awaiting finish of 6 more threads
2019-05-11 20:41:33,941 : INFO : worker thread finished; awaiting finish of 5 more threads
2019-05-11 20:41:33,962 : INFO : worker thread finished; awaiting finish of 4 more threads
2019-05-11 20:41:33,982 : INFO : worker thread finished; awaiting finish of 3 more threads
2019-05-11 20:41:33,993 : INFO : worker thread finished; awaiting finish of 2 more threads
2019-05-11 20:41:33,998 : INFO : worker thread finished; awaiting finish of 1 more threads
2019-05-11 20:41:34,004 : INFO : worker thread finished; awaiting finish of 0 more threads
2019-05-11 20:41:34,004 : INFO : EPOCH - 9 : training on 2399154 raw words (1692954 effective words) took 5.5s, 308050 effective words/s
2019-05-11 20:41:35,028 : INFO : EPOCH 10 - PROGRESS: at 15.12% examples, 241736 words/s, in_qsize 24, out_qsize 1
2019-05-11 20:41:36,049 : INFO : EPOCH 10 - PROGRESS: at 34.44% examples, 275498 words/s, in_qsize 22, out_qsize 1
2019-05-11 20:41:37,059 : INFO : EPOCH 10 - PROGRESS: at 52.57% examples, 282995 words/s, in_qsize 23, out_qsize 0
2019-05-11 20:41:38,090 : INFO : EPOCH 10 - PROGRESS: at 72.86% examples, 294530 words/s, in_qsize 23, out_qsize 0
2019-05-11 20:41:39,112 : INFO : EPOCH 10 - PROGRESS: at 91.68% examples, 300735 words/s, in_qsize 23, out_qsize 0
2019-05-11 20:41:39,356 : INFO : worker thread finished; awaiting finish of 11 more threads
2019-05-11 20:41:39,357 : INFO : worker thread finished; awaiting finish of 10 more threads
2019-05-11 20:41:39,377 : INFO : worker thread finished; awaiting finish of 9 more threads
2019-05-11 20:41:39,388 : INFO : worker thread finished; awaiting finish of 8 more threads
2019-05-11 20:41:39,402 : INFO : worker thread finished; awaiting finish of 7 more threads
2019-05-11 20:41:39,411 : INFO : worker thread finished; awaiting finish of 6 more threads
2019-05-11 20:41:39,435 : INFO : worker thread finished; awaiting finish of 5 more threads
2019-05-11 20:41:39,438 : INFO : worker thread finished; awaiting finish of 4 more threads
2019-05-11 20:41:39,455 : INFO : worker thread finished; awaiting finish of 3 more threads
2019-05-11 20:41:39,473 : INFO : worker thread finished; awaiting finish of 2 more threads
2019-05-11 20:41:39,475 : INFO : worker thread finished; awaiting finish of 1 more threads
2019-05-11 20:41:39,492 : INFO : worker thread finished; awaiting finish of 0 more threads
2019-05-11 20:41:39,492 : INFO : EPOCH - 10 : training on 2399154 raw words (1692258 effective words) took 5.5s, 308892 effective words/s
2019-05-11 20:41:40,514 : INFO : EPOCH 11 - PROGRESS: at 15.63% examples, 248616 words/s, in_qsize 23, out_qsize 0
2019-05-11 20:41:41,522 : INFO : EPOCH 11 - PROGRESS: at 35.64% examples, 288027 words/s, in_qsize 24, out_qsize 0
2019-05-11 20:41:42,561 : INFO : EPOCH 11 - PROGRESS: at 56.02% examples, 299844 words/s, in_qsize 24, out_qsize 0
2019-05-11 20:41:43,621 : INFO : EPOCH 11 - PROGRESS: at 75.27% examples, 301673 words/s, in_qsize 23, out_qsize 0
2019-05-11 20:41:44,632 : INFO : EPOCH 11 - PROGRESS: at 93.57% examples, 305429 words/s, in_qsize 18, out_qsize 0
2019-05-11 20:41:44,734 : INFO : worker thread finished; awaiting finish of 11 more threads
2019-05-11 20:41:44,752 : INFO : worker thread finished; awaiting finish of 10 more threads
2019-05-11 20:41:44,774 : INFO : worker thread finished; awaiting finish of 9 more threads
2019-05-11 20:41:44,776 : INFO : worker thread finished; awaiting finish of 8 more threads
2019-05-11 20:41:44,778 : INFO : worker thread finished; awaiting finish of 7 more threads
2019-05-11 20:41:44,798 : INFO : worker thread finished; awaiting finish of 6 more threads
2019-05-11 20:41:44,839 : INFO : worker thread finished; awaiting finish of 5 more threads
2019-05-11 20:41:44,848 : INFO : worker thread finished; awaiting finish of 4 more threads
2019-05-11 20:41:44,859 : INFO : worker thread finished; awaiting finish of 3 more threads
2019-05-11 20:41:44,860 : INFO : worker thread finished; awaiting finish of 2 more threads
2019-05-11 20:41:44,868 : INFO : worker thread finished; awaiting finish of 1 more threads
2019-05-11 20:41:44,879 : INFO : worker thread finished; awaiting finish of 0 more threads
2019-05-11 20:41:44,879 : INFO : EPOCH - 11 : training on 2399154 raw words (1691970 effective words) took 5.4s, 314535 effective words/s
2019-05-11 20:41:45,906 : INFO : EPOCH 12 - PROGRESS: at 16.52% examples, 261770 words/s, in_qsize 22, out_qsize 1
2019-05-11 20:41:46,929 : INFO : EPOCH 12 - PROGRESS: at 34.76% examples, 278848 words/s, in_qsize 24, out_qsize 0
2019-05-11 20:41:47,944 : INFO : EPOCH 12 - PROGRESS: at 54.68% examples, 293632 words/s, in_qsize 24, out_qsize 0
2019-05-11 20:41:48,978 : INFO : EPOCH 12 - PROGRESS: at 75.27% examples, 304150 words/s, in_qsize 24, out_qsize 1
2019-05-11 20:41:49,987 : INFO : EPOCH 12 - PROGRESS: at 92.08% examples, 302147 words/s, in_qsize 20, out_qsize 2
2019-05-11 20:41:50,244 : INFO : worker thread finished; awaiting finish of 11 more threads
2019-05-11 20:41:50,266 : INFO : worker thread finished; awaiting finish of 10 more threads
2019-05-11 20:41:50,268 : INFO : worker thread finished; awaiting finish of 9 more threads
2019-05-11 20:41:50,269 : INFO : worker thread finished; awaiting finish of 8 more threads
2019-05-11 20:41:50,283 : INFO : worker thread finished; awaiting finish of 7 more threads
2019-05-11 20:41:50,285 : INFO : worker thread finished; awaiting finish of 6 more threads
2019-05-11 20:41:50,291 : INFO : worker thread finished; awaiting finish of 5 more threads
2019-05-11 20:41:50,320 : INFO : worker thread finished; awaiting finish of 4 more threads
2019-05-11 20:41:50,333 : INFO : worker thread finished; awaiting finish of 3 more threads
2019-05-11 20:41:50,360 : INFO : worker thread finished; awaiting finish of 2 more threads
2019-05-11 20:41:50,363 : INFO : worker thread finished; awaiting finish of 1 more threads
2019-05-11 20:41:50,369 : INFO : worker thread finished; awaiting finish of 0 more threads
2019-05-11 20:41:50,369 : INFO : EPOCH - 12 : training on 2399154 raw words (1692704 effective words) took 5.5s, 308877 effective words/s
2019-05-11 20:41:51,403 : INFO : EPOCH 13 - PROGRESS: at 14.68% examples, 232999 words/s, in_qsize 22, out_qsize 2
2019-05-11 20:41:52,429 : INFO : EPOCH 13 - PROGRESS: at 34.30% examples, 273735 words/s, in_qsize 23, out_qsize 1
2019-05-11 20:41:53,432 : INFO : EPOCH 13 - PROGRESS: at 53.83% examples, 289155 words/s, in_qsize 24, out_qsize 1
2019-05-11 20:41:54,442 : INFO : EPOCH 13 - PROGRESS: at 74.01% examples, 300816 words/s, in_qsize 23, out_qsize 0
2019-05-11 20:41:55,443 : INFO : EPOCH 13 - PROGRESS: at 92.00% examples, 304218 words/s, in_qsize 20, out_qsize 2
2019-05-11 20:41:55,678 : INFO : worker thread finished; awaiting finish of 11 more threads
2019-05-11 20:41:55,678 : INFO : worker thread finished; awaiting finish of 10 more threads
2019-05-11 20:41:55,683 : INFO : worker thread finished; awaiting finish of 9 more threads
2019-05-11 20:41:55,698 : INFO : worker thread finished; awaiting finish of 8 more threads
2019-05-11 20:41:55,700 : INFO : worker thread finished; awaiting finish of 7 more threads
2019-05-11 20:41:55,713 : INFO : worker thread finished; awaiting finish of 6 more threads
2019-05-11 20:41:55,736 : INFO : worker thread finished; awaiting finish of 5 more threads
2019-05-11 20:41:55,755 : INFO : worker thread finished; awaiting finish of 4 more threads
2019-05-11 20:41:55,780 : INFO : worker thread finished; awaiting finish of 3 more threads
2019-05-11 20:41:55,800 : INFO : worker thread finished; awaiting finish of 2 more threads
2019-05-11 20:41:55,803 : INFO : worker thread finished; awaiting finish of 1 more threads
2019-05-11 20:41:55,804 : INFO : worker thread finished; awaiting finish of 0 more threads
2019-05-11 20:41:55,804 : INFO : EPOCH - 13 : training on 2399154 raw words (1692635 effective words) took 5.4s, 312025 effective words/s
2019-05-11 20:41:56,831 : INFO : EPOCH 14 - PROGRESS: at 15.63% examples, 247971 words/s, in_qsize 24, out_qsize 0
2019-05-11 20:41:57,834 : INFO : EPOCH 14 - PROGRESS: at 36.07% examples, 291683 words/s, in_qsize 23, out_qsize 0
2019-05-11 20:41:58,840 : INFO : EPOCH 14 - PROGRESS: at 55.54% examples, 301008 words/s, in_qsize 22, out_qsize 1
2019-05-11 20:41:59,875 : INFO : EPOCH 14 - PROGRESS: at 75.64% examples, 308006 words/s, in_qsize 23, out_qsize 0
2019-05-11 20:42:00,914 : INFO : EPOCH 14 - PROGRESS: at 94.81% examples, 311612 words/s, in_qsize 15, out_qsize 0
2019-05-11 20:42:00,989 : INFO : worker thread finished; awaiting finish of 11 more threads
2019-05-11 20:42:00,996 : INFO : worker thread finished; awaiting finish of 10 more threads
2019-05-11 20:42:01,012 : INFO : worker thread finished; awaiting finish of 9 more threads
2019-05-11 20:42:01,038 : INFO : worker thread finished; awaiting finish of 8 more threads
2019-05-11 20:42:01,042 : INFO : worker thread finished; awaiting finish of 7 more threads
2019-05-11 20:42:01,054 : INFO : worker thread finished; awaiting finish of 6 more threads
2019-05-11 20:42:01,083 : INFO : worker thread finished; awaiting finish of 5 more threads
2019-05-11 20:42:01,085 : INFO : worker thread finished; awaiting finish of 4 more threads
2019-05-11 20:42:01,099 : INFO : worker thread finished; awaiting finish of 3 more threads
2019-05-11 20:42:01,104 : INFO : worker thread finished; awaiting finish of 2 more threads
2019-05-11 20:42:01,106 : INFO : worker thread finished; awaiting finish of 1 more threads
2019-05-11 20:42:01,124 : INFO : worker thread finished; awaiting finish of 0 more threads
2019-05-11 20:42:01,124 : INFO : EPOCH - 14 : training on 2399154 raw words (1692881 effective words) took 5.3s, 318766 effective words/s
2019-05-11 20:42:02,138 : INFO : EPOCH 15 - PROGRESS: at 15.62% examples, 251035 words/s, in_qsize 24, out_qsize 0
2019-05-11 20:42:03,144 : INFO : EPOCH 15 - PROGRESS: at 34.26% examples, 279490 words/s, in_qsize 23, out_qsize 0
2019-05-11 20:42:04,148 : INFO : EPOCH 15 - PROGRESS: at 53.36% examples, 290601 words/s, in_qsize 24, out_qsize 0
2019-05-11 20:42:05,193 : INFO : EPOCH 15 - PROGRESS: at 72.86% examples, 295848 words/s, in_qsize 23, out_qsize 0
2019-05-11 20:42:06,201 : INFO : EPOCH 15 - PROGRESS: at 91.35% examples, 301248 words/s, in_qsize 23, out_qsize 0
2019-05-11 20:42:06,464 : INFO : worker thread finished; awaiting finish of 11 more threads
2019-05-11 20:42:06,475 : INFO : worker thread finished; awaiting finish of 10 more threads
2019-05-11 20:42:06,504 : INFO : worker thread finished; awaiting finish of 9 more threads
2019-05-11 20:42:06,506 : INFO : worker thread finished; awaiting finish of 8 more threads
2019-05-11 20:42:06,520 : INFO : worker thread finished; awaiting finish of 7 more threads
2019-05-11 20:42:06,520 : INFO : worker thread finished; awaiting finish of 6 more threads
2019-05-11 20:42:06,564 : INFO : worker thread finished; awaiting finish of 5 more threads
2019-05-11 20:42:06,573 : INFO : worker thread finished; awaiting finish of 4 more threads
2019-05-11 20:42:06,585 : INFO : worker thread finished; awaiting finish of 3 more threads
2019-05-11 20:42:06,591 : INFO : worker thread finished; awaiting finish of 2 more threads
2019-05-11 20:42:06,608 : INFO : worker thread finished; awaiting finish of 1 more threads
2019-05-11 20:42:06,610 : INFO : worker thread finished; awaiting finish of 0 more threads
2019-05-11 20:42:06,610 : INFO : EPOCH - 15 : training on 2399154 raw words (1692876 effective words) took 5.5s, 309152 effective words/s
2019-05-11 20:42:07,641 : INFO : EPOCH 16 - PROGRESS: at 15.17% examples, 240134 words/s, in_qsize 22, out_qsize 1
2019-05-11 20:42:08,652 : INFO : EPOCH 16 - PROGRESS: at 35.67% examples, 286253 words/s, in_qsize 23, out_qsize 0
2019-05-11 20:42:09,727 : INFO : EPOCH 16 - PROGRESS: at 55.10% examples, 290820 words/s, in_qsize 24, out_qsize 0
2019-05-11 20:42:10,728 : INFO : EPOCH 16 - PROGRESS: at 74.89% examples, 300934 words/s, in_qsize 22, out_qsize 1
2019-05-11 20:42:11,776 : INFO : EPOCH 16 - PROGRESS: at 93.63% examples, 304138 words/s, in_qsize 18, out_qsize 0
2019-05-11 20:42:11,847 : INFO : worker thread finished; awaiting finish of 11 more threads
2019-05-11 20:42:11,874 : INFO : worker thread finished; awaiting finish of 10 more threads
2019-05-11 20:42:11,876 : INFO : worker thread finished; awaiting finish of 9 more threads
2019-05-11 20:42:11,886 : INFO : worker thread finished; awaiting finish of 8 more threads
2019-05-11 20:42:11,898 : INFO : worker thread finished; awaiting finish of 7 more threads
2019-05-11 20:42:11,925 : INFO : worker thread finished; awaiting finish of 6 more threads
2019-05-11 20:42:11,952 : INFO : worker thread finished; awaiting finish of 5 more threads
2019-05-11 20:42:11,980 : INFO : worker thread finished; awaiting finish of 4 more threads
2019-05-11 20:42:12,000 : INFO : worker thread finished; awaiting finish of 3 more threads
2019-05-11 20:42:12,000 : INFO : worker thread finished; awaiting finish of 2 more threads
2019-05-11 20:42:12,008 : INFO : worker thread finished; awaiting finish of 1 more threads
2019-05-11 20:42:12,015 : INFO : worker thread finished; awaiting finish of 0 more threads
2019-05-11 20:42:12,015 : INFO : EPOCH - 16 : training on 2399154 raw words (1692577 effective words) took 5.4s, 313696 effective words/s
2019-05-11 20:42:13,022 : INFO : EPOCH 17 - PROGRESS: at 15.52% examples, 252563 words/s, in_qsize 21, out_qsize 2
2019-05-11 20:42:14,027 : INFO : EPOCH 17 - PROGRESS: at 35.65% examples, 290420 words/s, in_qsize 22, out_qsize 2
2019-05-11 20:42:15,036 : INFO : EPOCH 17 - PROGRESS: at 55.65% examples, 302403 words/s, in_qsize 23, out_qsize 1
2019-05-11 20:42:16,041 : INFO : EPOCH 17 - PROGRESS: at 74.45% examples, 305995 words/s, in_qsize 22, out_qsize 1
2019-05-11 20:42:17,047 : INFO : EPOCH 17 - PROGRESS: at 92.80% examples, 309378 words/s, in_qsize 20, out_qsize 0
2019-05-11 20:42:17,189 : INFO : worker thread finished; awaiting finish of 11 more threads
2019-05-11 20:42:17,205 : INFO : worker thread finished; awaiting finish of 10 more threads
2019-05-11 20:42:17,225 : INFO : worker thread finished; awaiting finish of 9 more threads
2019-05-11 20:42:17,241 : INFO : worker thread finished; awaiting finish of 8 more threads
2019-05-11 20:42:17,249 : INFO : worker thread finished; awaiting finish of 7 more threads
2019-05-11 20:42:17,260 : INFO : worker thread finished; awaiting finish of 6 more threads
2019-05-11 20:42:17,272 : INFO : worker thread finished; awaiting finish of 5 more threads
2019-05-11 20:42:17,281 : INFO : worker thread finished; awaiting finish of 4 more threads
2019-05-11 20:42:17,304 : INFO : worker thread finished; awaiting finish of 3 more threads
2019-05-11 20:42:17,315 : INFO : worker thread finished; awaiting finish of 2 more threads
2019-05-11 20:42:17,323 : INFO : worker thread finished; awaiting finish of 1 more threads
2019-05-11 20:42:17,330 : INFO : worker thread finished; awaiting finish of 0 more threads
2019-05-11 20:42:17,330 : INFO : EPOCH - 17 : training on 2399154 raw words (1692737 effective words) took 5.3s, 318947 effective words/s
2019-05-11 20:42:18,352 : INFO : EPOCH 18 - PROGRESS: at 16.92% examples, 269045 words/s, in_qsize 22, out_qsize 1
2019-05-11 20:42:19,363 : INFO : EPOCH 18 - PROGRESS: at 36.03% examples, 291030 words/s, in_qsize 22, out_qsize 1
2019-05-11 20:42:20,369 : INFO : EPOCH 18 - PROGRESS: at 56.84% examples, 307626 words/s, in_qsize 23, out_qsize 0
2019-05-11 20:42:21,369 : INFO : EPOCH 18 - PROGRESS: at 76.78% examples, 315741 words/s, in_qsize 24, out_qsize 0
2019-05-11 20:42:22,377 : INFO : EPOCH 18 - PROGRESS: at 94.39% examples, 314053 words/s, in_qsize 16, out_qsize 0
2019-05-11 20:42:22,480 : INFO : worker thread finished; awaiting finish of 11 more threads
2019-05-11 20:42:22,492 : INFO : worker thread finished; awaiting finish of 10 more threads
2019-05-11 20:42:22,503 : INFO : worker thread finished; awaiting finish of 9 more threads
2019-05-11 20:42:22,511 : INFO : worker thread finished; awaiting finish of 8 more threads
2019-05-11 20:42:22,519 : INFO : worker thread finished; awaiting finish of 7 more threads
2019-05-11 20:42:22,528 : INFO : worker thread finished; awaiting finish of 6 more threads
2019-05-11 20:42:22,540 : INFO : worker thread finished; awaiting finish of 5 more threads
2019-05-11 20:42:22,555 : INFO : worker thread finished; awaiting finish of 4 more threads
2019-05-11 20:42:22,577 : INFO : worker thread finished; awaiting finish of 3 more threads
2019-05-11 20:42:22,589 : INFO : worker thread finished; awaiting finish of 2 more threads
2019-05-11 20:42:22,603 : INFO : worker thread finished; awaiting finish of 1 more threads
2019-05-11 20:42:22,607 : INFO : worker thread finished; awaiting finish of 0 more threads
2019-05-11 20:42:22,607 : INFO : EPOCH - 18 : training on 2399154 raw words (1692931 effective words) took 5.3s, 321315 effective words/s
2019-05-11 20:42:23,618 : INFO : EPOCH 19 - PROGRESS: at 15.56% examples, 252172 words/s, in_qsize 24, out_qsize 0
2019-05-11 20:42:24,650 : INFO : EPOCH 19 - PROGRESS: at 36.95% examples, 296986 words/s, in_qsize 23, out_qsize 1
2019-05-11 20:42:25,666 : INFO : EPOCH 19 - PROGRESS: at 57.26% examples, 308165 words/s, in_qsize 22, out_qsize 1
2019-05-11 20:42:26,682 : INFO : EPOCH 19 - PROGRESS: at 76.40% examples, 311354 words/s, in_qsize 23, out_qsize 0
2019-05-11 20:42:27,686 : INFO : EPOCH 19 - PROGRESS: at 94.81% examples, 313551 words/s, in_qsize 14, out_qsize 1
2019-05-11 20:42:27,730 : INFO : worker thread finished; awaiting finish of 11 more threads
2019-05-11 20:42:27,750 : INFO : worker thread finished; awaiting finish of 10 more threads
2019-05-11 20:42:27,752 : INFO : worker thread finished; awaiting finish of 9 more threads
2019-05-11 20:42:27,755 : INFO : worker thread finished; awaiting finish of 8 more threads
2019-05-11 20:42:27,770 : INFO : worker thread finished; awaiting finish of 7 more threads
2019-05-11 20:42:27,782 : INFO : worker thread finished; awaiting finish of 6 more threads
2019-05-11 20:42:27,787 : INFO : worker thread finished; awaiting finish of 5 more threads
2019-05-11 20:42:27,797 : INFO : worker thread finished; awaiting finish of 4 more threads
2019-05-11 20:42:27,808 : INFO : worker thread finished; awaiting finish of 3 more threads
2019-05-11 20:42:27,847 : INFO : worker thread finished; awaiting finish of 2 more threads
2019-05-11 20:42:27,849 : INFO : worker thread finished; awaiting finish of 1 more threads
2019-05-11 20:42:27,855 : INFO : worker thread finished; awaiting finish of 0 more threads
2019-05-11 20:42:27,855 : INFO : EPOCH - 19 : training on 2399154 raw words (1693175 effective words) took 5.2s, 323234 effective words/s
2019-05-11 20:42:28,871 : INFO : EPOCH 20 - PROGRESS: at 16.01% examples, 257730 words/s, in_qsize 22, out_qsize 2
2019-05-11 20:42:29,880 : INFO : EPOCH 20 - PROGRESS: at 36.02% examples, 292673 words/s, in_qsize 24, out_qsize 0
2019-05-11 20:42:30,946 : INFO : EPOCH 20 - PROGRESS: at 56.87% examples, 302562 words/s, in_qsize 23, out_qsize 1
2019-05-11 20:42:32,003 : INFO : EPOCH 20 - PROGRESS: at 76.81% examples, 307532 words/s, in_qsize 23, out_qsize 1
2019-05-11 20:42:32,994 : INFO : worker thread finished; awaiting finish of 11 more threads
2019-05-11 20:42:32,996 : INFO : worker thread finished; awaiting finish of 10 more threads
2019-05-11 20:42:33,037 : INFO : EPOCH 20 - PROGRESS: at 96.92% examples, 315859 words/s, in_qsize 9, out_qsize 1
2019-05-11 20:42:33,037 : INFO : worker thread finished; awaiting finish of 9 more threads
2019-05-11 20:42:33,038 : INFO : worker thread finished; awaiting finish of 8 more threads
2019-05-11 20:42:33,046 : INFO : worker thread finished; awaiting finish of 7 more threads
2019-05-11 20:42:33,047 : INFO : worker thread finished; awaiting finish of 6 more threads
2019-05-11 20:42:33,073 : INFO : worker thread finished; awaiting finish of 5 more threads
2019-05-11 20:42:33,079 : INFO : worker thread finished; awaiting finish of 4 more threads
2019-05-11 20:42:33,088 : INFO : worker thread finished; awaiting finish of 3 more threads
2019-05-11 20:42:33,120 : INFO : worker thread finished; awaiting finish of 2 more threads
2019-05-11 20:42:33,123 : INFO : worker thread finished; awaiting finish of 1 more threads
2019-05-11 20:42:33,123 : INFO : worker thread finished; awaiting finish of 0 more threads
2019-05-11 20:42:33,123 : INFO : EPOCH - 20 : training on 2399154 raw words (1692793 effective words) took 5.3s, 321878 effective words/s
2019-05-11 20:42:34,135 : INFO : EPOCH 21 - PROGRESS: at 16.48% examples, 265652 words/s, in_qsize 23, out_qsize 0
2019-05-11 20:42:35,140 : INFO : EPOCH 21 - PROGRESS: at 35.61% examples, 290424 words/s, in_qsize 24, out_qsize 2
2019-05-11 20:42:36,155 : INFO : EPOCH 21 - PROGRESS: at 55.54% examples, 301513 words/s, in_qsize 22, out_qsize 1
2019-05-11 20:42:37,158 : INFO : EPOCH 21 - PROGRESS: at 73.68% examples, 301948 words/s, in_qsize 22, out_qsize 2
2019-05-11 20:42:38,178 : INFO : EPOCH 21 - PROGRESS: at 92.80% examples, 308136 words/s, in_qsize 20, out_qsize 0
2019-05-11 20:42:38,392 : INFO : worker thread finished; awaiting finish of 11 more threads
2019-05-11 20:42:38,394 : INFO : worker thread finished; awaiting finish of 10 more threads
2019-05-11 20:42:38,413 : INFO : worker thread finished; awaiting finish of 9 more threads
2019-05-11 20:42:38,419 : INFO : worker thread finished; awaiting finish of 8 more threads
2019-05-11 20:42:38,426 : INFO : worker thread finished; awaiting finish of 7 more threads
2019-05-11 20:42:38,435 : INFO : worker thread finished; awaiting finish of 6 more threads
2019-05-11 20:42:38,446 : INFO : worker thread finished; awaiting finish of 5 more threads
2019-05-11 20:42:38,467 : INFO : worker thread finished; awaiting finish of 4 more threads
2019-05-11 20:42:38,505 : INFO : worker thread finished; awaiting finish of 3 more threads
2019-05-11 20:42:38,508 : INFO : worker thread finished; awaiting finish of 2 more threads
2019-05-11 20:42:38,509 : INFO : worker thread finished; awaiting finish of 1 more threads
2019-05-11 20:42:38,521 : INFO : worker thread finished; awaiting finish of 0 more threads
2019-05-11 20:42:38,522 : INFO : EPOCH - 21 : training on 2399154 raw words (1692975 effective words) took 5.4s, 314209 effective words/s
2019-05-11 20:42:39,540 : INFO : EPOCH 22 - PROGRESS: at 15.56% examples, 250422 words/s, in_qsize 23, out_qsize 0
2019-05-11 20:42:40,572 : INFO : EPOCH 22 - PROGRESS: at 36.13% examples, 288845 words/s, in_qsize 22, out_qsize 1
2019-05-11 20:42:41,621 : INFO : EPOCH 22 - PROGRESS: at 56.87% examples, 301752 words/s, in_qsize 22, out_qsize 1
2019-05-11 20:42:42,638 : INFO : EPOCH 22 - PROGRESS: at 77.17% examples, 311770 words/s, in_qsize 24, out_qsize 0
2019-05-11 20:42:43,632 : INFO : worker thread finished; awaiting finish of 11 more threads
2019-05-11 20:42:43,641 : INFO : EPOCH 22 - PROGRESS: at 96.60% examples, 318292 words/s, in_qsize 10, out_qsize 1
2019-05-11 20:42:43,641 : INFO : worker thread finished; awaiting finish of 10 more threads
2019-05-11 20:42:43,654 : INFO : worker thread finished; awaiting finish of 9 more threads
2019-05-11 20:42:43,656 : INFO : worker thread finished; awaiting finish of 8 more threads
2019-05-11 20:42:43,660 : INFO : worker thread finished; awaiting finish of 7 more threads
2019-05-11 20:42:43,704 : INFO : worker thread finished; awaiting finish of 6 more threads
2019-05-11 20:42:43,726 : INFO : worker thread finished; awaiting finish of 5 more threads
2019-05-11 20:42:43,736 : INFO : worker thread finished; awaiting finish of 4 more threads
2019-05-11 20:42:43,751 : INFO : worker thread finished; awaiting finish of 3 more threads
2019-05-11 20:42:43,756 : INFO : worker thread finished; awaiting finish of 2 more threads
2019-05-11 20:42:43,764 : INFO : worker thread finished; awaiting finish of 1 more threads
2019-05-11 20:42:43,766 : INFO : worker thread finished; awaiting finish of 0 more threads
2019-05-11 20:42:43,766 : INFO : EPOCH - 22 : training on 2399154 raw words (1692800 effective words) took 5.2s, 323436 effective words/s
2019-05-11 20:42:44,789 : INFO : EPOCH 23 - PROGRESS: at 16.96% examples, 269304 words/s, in_qsize 22, out_qsize 1
2019-05-11 20:42:45,807 : INFO : EPOCH 23 - PROGRESS: at 38.46% examples, 306807 words/s, in_qsize 23, out_qsize 0
2019-05-11 20:42:46,820 : INFO : EPOCH 23 - PROGRESS: at 57.27% examples, 308337 words/s, in_qsize 23, out_qsize 2
2019-05-11 20:42:47,821 : INFO : EPOCH 23 - PROGRESS: at 76.42% examples, 312611 words/s, in_qsize 23, out_qsize 0
2019-05-11 20:42:48,829 : INFO : EPOCH 23 - PROGRESS: at 95.96% examples, 318646 words/s, in_qsize 12, out_qsize 0
2019-05-11 20:42:48,831 : INFO : worker thread finished; awaiting finish of 11 more threads
2019-05-11 20:42:48,834 : INFO : worker thread finished; awaiting finish of 10 more threads
2019-05-11 20:42:48,866 : INFO : worker thread finished; awaiting finish of 9 more threads
2019-05-11 20:42:48,871 : INFO : worker thread finished; awaiting finish of 8 more threads
2019-05-11 20:42:48,874 : INFO : worker thread finished; awaiting finish of 7 more threads
2019-05-11 20:42:48,875 : INFO : worker thread finished; awaiting finish of 6 more threads
2019-05-11 20:42:48,890 : INFO : worker thread finished; awaiting finish of 5 more threads
2019-05-11 20:42:48,907 : INFO : worker thread finished; awaiting finish of 4 more threads
2019-05-11 20:42:48,929 : INFO : worker thread finished; awaiting finish of 3 more threads
2019-05-11 20:42:48,944 : INFO : worker thread finished; awaiting finish of 2 more threads
2019-05-11 20:42:48,956 : INFO : worker thread finished; awaiting finish of 1 more threads
2019-05-11 20:42:48,961 : INFO : worker thread finished; awaiting finish of 0 more threads
2019-05-11 20:42:48,961 : INFO : EPOCH - 23 : training on 2399154 raw words (1692884 effective words) took 5.2s, 326359 effective words/s
2019-05-11 20:42:49,975 : INFO : EPOCH 24 - PROGRESS: at 17.41% examples, 279158 words/s, in_qsize 23, out_qsize 0
2019-05-11 20:42:50,991 : INFO : EPOCH 24 - PROGRESS: at 36.56% examples, 295347 words/s, in_qsize 24, out_qsize 1
2019-05-11 20:42:51,999 : INFO : EPOCH 24 - PROGRESS: at 54.68% examples, 296333 words/s, in_qsize 23, out_qsize 0
2019-05-11 20:42:53,010 : INFO : EPOCH 24 - PROGRESS: at 74.89% examples, 306250 words/s, in_qsize 24, out_qsize 0
2019-05-11 20:42:54,016 : INFO : EPOCH 24 - PROGRESS: at 93.22% examples, 309557 words/s, in_qsize 19, out_qsize 0
2019-05-11 20:42:54,248 : INFO : worker thread finished; awaiting finish of 11 more threads
2019-05-11 20:42:54,254 : INFO : worker thread finished; awaiting finish of 10 more threads
2019-05-11 20:42:54,268 : INFO : worker thread finished; awaiting finish of 9 more threads
2019-05-11 20:42:54,272 : INFO : worker thread finished; awaiting finish of 8 more threads
2019-05-11 20:42:54,276 : INFO : worker thread finished; awaiting finish of 7 more threads
2019-05-11 20:42:54,278 : INFO : worker thread finished; awaiting finish of 6 more threads
2019-05-11 20:42:54,281 : INFO : worker thread finished; awaiting finish of 5 more threads
2019-05-11 20:42:54,289 : INFO : worker thread finished; awaiting finish of 4 more threads
2019-05-11 20:42:54,311 : INFO : worker thread finished; awaiting finish of 3 more threads
2019-05-11 20:42:54,321 : INFO : worker thread finished; awaiting finish of 2 more threads
2019-05-11 20:42:54,335 : INFO : worker thread finished; awaiting finish of 1 more threads
2019-05-11 20:42:54,352 : INFO : worker thread finished; awaiting finish of 0 more threads
2019-05-11 20:42:54,352 : INFO : EPOCH - 24 : training on 2399154 raw words (1692905 effective words) took 5.4s, 314664 effective words/s
2019-05-11 20:42:55,372 : INFO : EPOCH 25 - PROGRESS: at 16.52% examples, 263072 words/s, in_qsize 23, out_qsize 2
2019-05-11 20:42:56,381 : INFO : EPOCH 25 - PROGRESS: at 35.19% examples, 284888 words/s, in_qsize 20, out_qsize 4
2019-05-11 20:42:57,390 : INFO : EPOCH 25 - PROGRESS: at 55.10% examples, 298366 words/s, in_qsize 22, out_qsize 1
2019-05-11 20:42:58,401 : INFO : EPOCH 25 - PROGRESS: at 75.27% examples, 307803 words/s, in_qsize 23, out_qsize 0
2019-05-11 20:42:59,426 : INFO : EPOCH 25 - PROGRESS: at 94.81% examples, 313823 words/s, in_qsize 15, out_qsize 0
2019-05-11 20:42:59,474 : INFO : worker thread finished; awaiting finish of 11 more threads
2019-05-11 20:42:59,498 : INFO : worker thread finished; awaiting finish of 10 more threads
2019-05-11 20:42:59,518 : INFO : worker thread finished; awaiting finish of 9 more threads
2019-05-11 20:42:59,528 : INFO : worker thread finished; awaiting finish of 8 more threads
2019-05-11 20:42:59,528 : INFO : worker thread finished; awaiting finish of 7 more threads
2019-05-11 20:42:59,569 : INFO : worker thread finished; awaiting finish of 6 more threads
2019-05-11 20:42:59,578 : INFO : worker thread finished; awaiting finish of 5 more threads
2019-05-11 20:42:59,588 : INFO : worker thread finished; awaiting finish of 4 more threads
2019-05-11 20:42:59,588 : INFO : worker thread finished; awaiting finish of 3 more threads
2019-05-11 20:42:59,601 : INFO : worker thread finished; awaiting finish of 2 more threads
2019-05-11 20:42:59,607 : INFO : worker thread finished; awaiting finish of 1 more threads
2019-05-11 20:42:59,611 : INFO : worker thread finished; awaiting finish of 0 more threads
2019-05-11 20:42:59,611 : INFO : EPOCH - 25 : training on 2399154 raw words (1693209 effective words) took 5.3s, 322467 effective words/s
2019-05-11 20:43:00,640 : INFO : EPOCH 26 - PROGRESS: at 16.07% examples, 254496 words/s, in_qsize 24, out_qsize 0
2019-05-11 20:43:01,647 : INFO : EPOCH 26 - PROGRESS: at 37.96% examples, 304628 words/s, in_qsize 23, out_qsize 1
2019-05-11 20:43:02,718 : INFO : EPOCH 26 - PROGRESS: at 55.10% examples, 291908 words/s, in_qsize 23, out_qsize 2
2019-05-11 20:43:03,726 : INFO : EPOCH 26 - PROGRESS: at 74.45% examples, 299565 words/s, in_qsize 23, out_qsize 0
2019-05-11 20:43:04,736 : INFO : EPOCH 26 - PROGRESS: at 92.79% examples, 303984 words/s, in_qsize 20, out_qsize 0
2019-05-11 20:43:04,933 : INFO : worker thread finished; awaiting finish of 11 more threads
2019-05-11 20:43:04,939 : INFO : worker thread finished; awaiting finish of 10 more threads
2019-05-11 20:43:04,940 : INFO : worker thread finished; awaiting finish of 9 more threads
2019-05-11 20:43:04,954 : INFO : worker thread finished; awaiting finish of 8 more threads
2019-05-11 20:43:04,957 : INFO : worker thread finished; awaiting finish of 7 more threads
2019-05-11 20:43:04,977 : INFO : worker thread finished; awaiting finish of 6 more threads
2019-05-11 20:43:04,999 : INFO : worker thread finished; awaiting finish of 5 more threads
2019-05-11 20:43:05,008 : INFO : worker thread finished; awaiting finish of 4 more threads
2019-05-11 20:43:05,021 : INFO : worker thread finished; awaiting finish of 3 more threads
2019-05-11 20:43:05,023 : INFO : worker thread finished; awaiting finish of 2 more threads
2019-05-11 20:43:05,033 : INFO : worker thread finished; awaiting finish of 1 more threads
2019-05-11 20:43:05,046 : INFO : worker thread finished; awaiting finish of 0 more threads
2019-05-11 20:43:05,046 : INFO : EPOCH - 26 : training on 2399154 raw words (1693057 effective words) took 5.4s, 312088 effective words/s
2019-05-11 20:43:06,078 : INFO : EPOCH 27 - PROGRESS: at 15.63% examples, 246822 words/s, in_qsize 24, out_qsize 0
2019-05-11 20:43:07,087 : INFO : EPOCH 27 - PROGRESS: at 36.45% examples, 293827 words/s, in_qsize 21, out_qsize 2
2019-05-11 20:43:08,116 : INFO : EPOCH 27 - PROGRESS: at 56.46% examples, 302316 words/s, in_qsize 23, out_qsize 0
2019-05-11 20:43:09,132 : INFO : EPOCH 27 - PROGRESS: at 76.01% examples, 308593 words/s, in_qsize 23, out_qsize 1
2019-05-11 20:43:10,138 : INFO : EPOCH 27 - PROGRESS: at 95.60% examples, 315407 words/s, in_qsize 13, out_qsize 0
2019-05-11 20:43:10,157 : INFO : worker thread finished; awaiting finish of 11 more threads
2019-05-11 20:43:10,189 : INFO : worker thread finished; awaiting finish of 10 more threads
2019-05-11 20:43:10,194 : INFO : worker thread finished; awaiting finish of 9 more threads
2019-05-11 20:43:10,197 : INFO : worker thread finished; awaiting finish of 8 more threads
2019-05-11 20:43:10,206 : INFO : worker thread finished; awaiting finish of 7 more threads
2019-05-11 20:43:10,228 : INFO : worker thread finished; awaiting finish of 6 more threads
2019-05-11 20:43:10,248 : INFO : worker thread finished; awaiting finish of 5 more threads
2019-05-11 20:43:10,257 : INFO : worker thread finished; awaiting finish of 4 more threads
2019-05-11 20:43:10,272 : INFO : worker thread finished; awaiting finish of 3 more threads
2019-05-11 20:43:10,280 : INFO : worker thread finished; awaiting finish of 2 more threads
2019-05-11 20:43:10,283 : INFO : worker thread finished; awaiting finish of 1 more threads
2019-05-11 20:43:10,290 : INFO : worker thread finished; awaiting finish of 0 more threads
2019-05-11 20:43:10,290 : INFO : EPOCH - 27 : training on 2399154 raw words (1692692 effective words) took 5.2s, 323339 effective words/s
2019-05-11 20:43:11,300 : INFO : EPOCH 28 - PROGRESS: at 16.07% examples, 258832 words/s, in_qsize 24, out_qsize 0
2019-05-11 20:43:12,323 : INFO : EPOCH 28 - PROGRESS: at 36.10% examples, 291274 words/s, in_qsize 23, out_qsize 2
2019-05-11 20:43:13,345 : INFO : EPOCH 28 - PROGRESS: at 55.49% examples, 299080 words/s, in_qsize 20, out_qsize 3
2019-05-11 20:43:14,351 : INFO : EPOCH 28 - PROGRESS: at 75.22% examples, 307052 words/s, in_qsize 24, out_qsize 1
2019-05-11 20:43:15,370 : INFO : EPOCH 28 - PROGRESS: at 95.22% examples, 314853 words/s, in_qsize 14, out_qsize 0
2019-05-11 20:43:15,426 : INFO : worker thread finished; awaiting finish of 11 more threads
2019-05-11 20:43:15,427 : INFO : worker thread finished; awaiting finish of 10 more threads
2019-05-11 20:43:15,459 : INFO : worker thread finished; awaiting finish of 9 more threads
2019-05-11 20:43:15,465 : INFO : worker thread finished; awaiting finish of 8 more threads
2019-05-11 20:43:15,476 : INFO : worker thread finished; awaiting finish of 7 more threads
2019-05-11 20:43:15,488 : INFO : worker thread finished; awaiting finish of 6 more threads
2019-05-11 20:43:15,509 : INFO : worker thread finished; awaiting finish of 5 more threads
2019-05-11 20:43:15,529 : INFO : worker thread finished; awaiting finish of 4 more threads
2019-05-11 20:43:15,546 : INFO : worker thread finished; awaiting finish of 3 more threads
2019-05-11 20:43:15,553 : INFO : worker thread finished; awaiting finish of 2 more threads
2019-05-11 20:43:15,553 : INFO : worker thread finished; awaiting finish of 1 more threads
2019-05-11 20:43:15,555 : INFO : worker thread finished; awaiting finish of 0 more threads
2019-05-11 20:43:15,555 : INFO : EPOCH - 28 : training on 2399154 raw words (1692622 effective words) took 5.3s, 322085 effective words/s
2019-05-11 20:43:16,563 : INFO : EPOCH 29 - PROGRESS: at 15.17% examples, 245360 words/s, in_qsize 22, out_qsize 2
2019-05-11 20:43:17,603 : INFO : EPOCH 29 - PROGRESS: at 36.13% examples, 291472 words/s, in_qsize 24, out_qsize 2
2019-05-11 20:43:18,586 : INFO : EPOCH 29 - PROGRESS: at 56.41% examples, 306130 words/s, in_qsize 24, out_qsize 0
2019-05-11 20:43:19,602 : INFO : EPOCH 29 - PROGRESS: at 77.17% examples, 316820 words/s, in_qsize 22, out_qsize 1
2019-05-11 20:43:20,596 : INFO : worker thread finished; awaiting finish of 11 more threads
2019-05-11 20:43:20,620 : INFO : EPOCH 29 - PROGRESS: at 96.54% examples, 321580 words/s, in_qsize 10, out_qsize 1
2019-05-11 20:43:20,620 : INFO : worker thread finished; awaiting finish of 10 more threads
2019-05-11 20:43:20,626 : INFO : worker thread finished; awaiting finish of 9 more threads
2019-05-11 20:43:20,630 : INFO : worker thread finished; awaiting finish of 8 more threads
2019-05-11 20:43:20,631 : INFO : worker thread finished; awaiting finish of 7 more threads
2019-05-11 20:43:20,649 : INFO : worker thread finished; awaiting finish of 6 more threads
2019-05-11 20:43:20,690 : INFO : worker thread finished; awaiting finish of 5 more threads
2019-05-11 20:43:20,711 : INFO : worker thread finished; awaiting finish of 4 more threads
2019-05-11 20:43:20,725 : INFO : worker thread finished; awaiting finish of 3 more threads
2019-05-11 20:43:20,727 : INFO : worker thread finished; awaiting finish of 2 more threads
2019-05-11 20:43:20,738 : INFO : worker thread finished; awaiting finish of 1 more threads
2019-05-11 20:43:20,739 : INFO : worker thread finished; awaiting finish of 0 more threads
2019-05-11 20:43:20,739 : INFO : EPOCH - 29 : training on 2399154 raw words (1692711 effective words) took 5.2s, 327017 effective words/s
2019-05-11 20:43:21,779 : INFO : EPOCH 30 - PROGRESS: at 17.36% examples, 272017 words/s, in_qsize 24, out_qsize 0
2019-05-11 20:43:22,787 : INFO : EPOCH 30 - PROGRESS: at 37.96% examples, 302804 words/s, in_qsize 24, out_qsize 0
2019-05-11 20:43:23,801 : INFO : EPOCH 30 - PROGRESS: at 55.97% examples, 300729 words/s, in_qsize 21, out_qsize 2
2019-05-11 20:43:24,802 : INFO : EPOCH 30 - PROGRESS: at 74.89% examples, 305019 words/s, in_qsize 23, out_qsize 1
2019-05-11 20:43:25,821 : INFO : EPOCH 30 - PROGRESS: at 94.04% examples, 310568 words/s, in_qsize 17, out_qsize 0
2019-05-11 20:43:25,922 : INFO : worker thread finished; awaiting finish of 11 more threads
2019-05-11 20:43:25,928 : INFO : worker thread finished; awaiting finish of 10 more threads
2019-05-11 20:43:25,936 : INFO : worker thread finished; awaiting finish of 9 more threads
2019-05-11 20:43:25,938 : INFO : worker thread finished; awaiting finish of 8 more threads
2019-05-11 20:43:25,968 : INFO : worker thread finished; awaiting finish of 7 more threads
2019-05-11 20:43:25,975 : INFO : worker thread finished; awaiting finish of 6 more threads
2019-05-11 20:43:25,986 : INFO : worker thread finished; awaiting finish of 5 more threads
2019-05-11 20:43:26,001 : INFO : worker thread finished; awaiting finish of 4 more threads
2019-05-11 20:43:26,021 : INFO : worker thread finished; awaiting finish of 3 more threads
2019-05-11 20:43:26,030 : INFO : worker thread finished; awaiting finish of 2 more threads
2019-05-11 20:43:26,032 : INFO : worker thread finished; awaiting finish of 1 more threads
2019-05-11 20:43:26,045 : INFO : worker thread finished; awaiting finish of 0 more threads
2019-05-11 20:43:26,045 : INFO : EPOCH - 30 : training on 2399154 raw words (1692746 effective words) took 5.3s, 319623 effective words/s
2019-05-11 20:43:26,045 : INFO : training on a 71974620 raw words (50781353 effective words) took 162.9s, 311646 effective words/s
2019-05-11 20:43:26,045 : INFO : precomputing L2-norms of word weight vectors
2019-05-11 20:43:26,143 : INFO : saving Word2Vec object under search/vocab.model, separately None
2019-05-11 20:43:26,143 : INFO : storing np array 'vectors' to search/vocab.model.wv.vectors.npy
2019-05-11 20:43:26,854 : INFO : not storing attribute vectors_norm
2019-05-11 20:43:26,855 : INFO : storing np array 'syn1neg' to search/vocab.model.trainables.syn1neg.npy
2019-05-11 20:43:27,578 : INFO : not storing attribute cum_table
2019-05-11 20:43:27,726 : INFO : saved search/vocab.model
2019-05-11 20:43:27,757 : INFO : loading Word2Vec object from search/vocab.model
2019-05-11 20:43:27,854 : INFO : loading wv recursively from search/vocab.model.wv.* with mmap=None
2019-05-11 20:43:27,855 : INFO : loading vectors from search/vocab.model.wv.vectors.npy with mmap=None
2019-05-11 20:43:27,912 : INFO : setting ignored attribute vectors_norm to None
2019-05-11 20:43:27,912 : INFO : loading vocabulary recursively from search/vocab.model.vocabulary.* with mmap=None
2019-05-11 20:43:27,912 : INFO : loading trainables recursively from search/vocab.model.trainables.* with mmap=None
2019-05-11 20:43:27,912 : INFO : loading syn1neg from search/vocab.model.trainables.syn1neg.npy with mmap=None
2019-05-11 20:43:27,970 : INFO : setting ignored attribute cum_table to None
2019-05-11 20:43:27,970 : INFO : loaded search/vocab.model
2019-05-11 20:43:28,095 : INFO : precomputing L2-norms of word weight vectors
2019-05-11 20:45:06,728 : INFO : loading Word2Vec object from search/vocab.model
2019-05-11 20:45:06,813 : INFO : loading wv recursively from search/vocab.model.wv.* with mmap=None
2019-05-11 20:45:06,814 : INFO : loading vectors from search/vocab.model.wv.vectors.npy with mmap=None
2019-05-11 20:45:06,869 : INFO : setting ignored attribute vectors_norm to None
2019-05-11 20:45:06,869 : INFO : loading vocabulary recursively from search/vocab.model.vocabulary.* with mmap=None
2019-05-11 20:45:06,869 : INFO : loading trainables recursively from search/vocab.model.trainables.* with mmap=None
2019-05-11 20:45:06,870 : INFO : loading syn1neg from search/vocab.model.trainables.syn1neg.npy with mmap=None
2019-05-11 20:45:06,926 : INFO : setting ignored attribute cum_table to None
2019-05-11 20:45:06,926 : INFO : loaded search/vocab.model
2019-05-11 20:45:07,069 : INFO : loading Word2Vec object from search/vocab.model
2019-05-11 20:45:07,188 : INFO : loading wv recursively from search/vocab.model.wv.* with mmap=None
2019-05-11 20:45:07,188 : INFO : loading vectors from search/vocab.model.wv.vectors.npy with mmap=None
2019-05-11 20:45:07,243 : INFO : setting ignored attribute vectors_norm to None
2019-05-11 20:45:07,243 : INFO : loading vocabulary recursively from search/vocab.model.vocabulary.* with mmap=None
2019-05-11 20:45:07,243 : INFO : loading trainables recursively from search/vocab.model.trainables.* with mmap=None
2019-05-11 20:45:07,243 : INFO : loading syn1neg from search/vocab.model.trainables.syn1neg.npy with mmap=None
2019-05-11 20:45:07,299 : INFO : setting ignored attribute cum_table to None
2019-05-11 20:45:07,299 : INFO : loaded search/vocab.model
2019-05-11 20:45:07,416 : INFO : precomputing L2-norms of word weight vectors
2019-05-11 20:46:30,955 : INFO : E:\Studia\Projekty\Systemy SI\Systemy-SI\searchengine\search\main.py changed, reloading.
