2019-06-03 16:34:53,947 : INFO : collecting all words and their counts
2019-06-03 16:34:53,947 : INFO : PROGRESS: at sentence #0, processed 0 words, keeping 0 word types
2019-06-03 16:34:53,957 : INFO : PROGRESS: at sentence #10000, processed 37876 words, keeping 14508 word types
2019-06-03 16:34:53,967 : INFO : PROGRESS: at sentence #20000, processed 73372 words, keeping 23383 word types
2019-06-03 16:34:53,976 : INFO : PROGRESS: at sentence #30000, processed 110598 words, keeping 31573 word types
2019-06-03 16:34:53,988 : INFO : PROGRESS: at sentence #40000, processed 149779 words, keeping 38426 word types
2019-06-03 16:34:53,999 : INFO : PROGRESS: at sentence #50000, processed 185097 words, keeping 44693 word types
2019-06-03 16:34:54,010 : INFO : PROGRESS: at sentence #60000, processed 222393 words, keeping 50546 word types
2019-06-03 16:34:54,019 : INFO : PROGRESS: at sentence #70000, processed 258440 words, keeping 56481 word types
2019-06-03 16:34:54,029 : INFO : PROGRESS: at sentence #80000, processed 293254 words, keeping 62149 word types
2019-06-03 16:34:54,039 : INFO : PROGRESS: at sentence #90000, processed 330708 words, keeping 67118 word types
2019-06-03 16:34:54,049 : INFO : PROGRESS: at sentence #100000, processed 365011 words, keeping 71860 word types
2019-06-03 16:34:54,059 : INFO : PROGRESS: at sentence #110000, processed 401530 words, keeping 76567 word types
2019-06-03 16:34:54,069 : INFO : PROGRESS: at sentence #120000, processed 436509 words, keeping 81093 word types
2019-06-03 16:34:54,080 : INFO : PROGRESS: at sentence #130000, processed 474683 words, keeping 85807 word types
2019-06-03 16:34:54,093 : INFO : PROGRESS: at sentence #140000, processed 509687 words, keeping 90324 word types
2019-06-03 16:34:54,104 : INFO : PROGRESS: at sentence #150000, processed 551883 words, keeping 94491 word types
2019-06-03 16:34:54,114 : INFO : PROGRESS: at sentence #160000, processed 586082 words, keeping 98164 word types
2019-06-03 16:34:54,126 : INFO : PROGRESS: at sentence #170000, processed 622741 words, keeping 102205 word types
2019-06-03 16:34:54,137 : INFO : PROGRESS: at sentence #180000, processed 659371 words, keeping 106511 word types
2019-06-03 16:34:54,148 : INFO : PROGRESS: at sentence #190000, processed 698694 words, keeping 110690 word types
2019-06-03 16:34:54,159 : INFO : PROGRESS: at sentence #200000, processed 737134 words, keeping 115026 word types
2019-06-03 16:34:54,171 : INFO : PROGRESS: at sentence #210000, processed 777005 words, keeping 119332 word types
2019-06-03 16:34:54,182 : INFO : PROGRESS: at sentence #220000, processed 812658 words, keeping 122977 word types
2019-06-03 16:34:54,194 : INFO : PROGRESS: at sentence #230000, processed 850600 words, keeping 126552 word types
2019-06-03 16:34:54,203 : INFO : PROGRESS: at sentence #240000, processed 881507 words, keeping 129384 word types
2019-06-03 16:34:54,214 : INFO : PROGRESS: at sentence #250000, processed 921312 words, keeping 133382 word types
2019-06-03 16:34:54,225 : INFO : PROGRESS: at sentence #260000, processed 958314 words, keeping 136835 word types
2019-06-03 16:34:54,237 : INFO : PROGRESS: at sentence #270000, processed 999305 words, keeping 140271 word types
2019-06-03 16:34:54,248 : INFO : PROGRESS: at sentence #280000, processed 1038433 words, keeping 143864 word types
2019-06-03 16:34:54,259 : INFO : PROGRESS: at sentence #290000, processed 1074410 words, keeping 146789 word types
2019-06-03 16:34:54,269 : INFO : PROGRESS: at sentence #300000, processed 1111378 words, keeping 150363 word types
2019-06-03 16:34:54,281 : INFO : PROGRESS: at sentence #310000, processed 1147832 words, keeping 153350 word types
2019-06-03 16:34:54,294 : INFO : PROGRESS: at sentence #320000, processed 1188346 words, keeping 156892 word types
2019-06-03 16:34:54,305 : INFO : PROGRESS: at sentence #330000, processed 1225462 words, keeping 160207 word types
2019-06-03 16:34:54,317 : INFO : PROGRESS: at sentence #340000, processed 1261136 words, keeping 163369 word types
2019-06-03 16:34:54,328 : INFO : PROGRESS: at sentence #350000, processed 1298844 words, keeping 166267 word types
2019-06-03 16:34:54,340 : INFO : PROGRESS: at sentence #360000, processed 1335541 words, keeping 169205 word types
2019-06-03 16:34:54,351 : INFO : PROGRESS: at sentence #370000, processed 1372899 words, keeping 172051 word types
2019-06-03 16:34:54,369 : INFO : PROGRESS: at sentence #380000, processed 1410883 words, keeping 174860 word types
2019-06-03 16:34:54,382 : INFO : PROGRESS: at sentence #390000, processed 1448550 words, keeping 177570 word types
2019-06-03 16:34:54,394 : INFO : PROGRESS: at sentence #400000, processed 1484369 words, keeping 180034 word types
2019-06-03 16:34:54,405 : INFO : PROGRESS: at sentence #410000, processed 1520074 words, keeping 182732 word types
2019-06-03 16:34:54,416 : INFO : PROGRESS: at sentence #420000, processed 1556235 words, keeping 185275 word types
2019-06-03 16:34:54,428 : INFO : PROGRESS: at sentence #430000, processed 1597370 words, keeping 188275 word types
2019-06-03 16:34:54,440 : INFO : PROGRESS: at sentence #440000, processed 1635257 words, keeping 190915 word types
2019-06-03 16:34:54,452 : INFO : PROGRESS: at sentence #450000, processed 1674388 words, keeping 193627 word types
2019-06-03 16:34:54,464 : INFO : PROGRESS: at sentence #460000, processed 1711793 words, keeping 196136 word types
2019-06-03 16:34:54,476 : INFO : PROGRESS: at sentence #470000, processed 1751651 words, keeping 198633 word types
2019-06-03 16:34:54,487 : INFO : PROGRESS: at sentence #480000, processed 1791107 words, keeping 201273 word types
2019-06-03 16:34:54,499 : INFO : PROGRESS: at sentence #490000, processed 1830840 words, keeping 203778 word types
2019-06-03 16:34:54,511 : INFO : PROGRESS: at sentence #500000, processed 1869003 words, keeping 206397 word types
2019-06-03 16:34:54,522 : INFO : PROGRESS: at sentence #510000, processed 1905056 words, keeping 208798 word types
2019-06-03 16:34:54,534 : INFO : PROGRESS: at sentence #520000, processed 1946466 words, keeping 211451 word types
2019-06-03 16:34:54,546 : INFO : PROGRESS: at sentence #530000, processed 1984438 words, keeping 214285 word types
2019-06-03 16:34:54,557 : INFO : PROGRESS: at sentence #540000, processed 2020651 words, keeping 216495 word types
2019-06-03 16:34:54,569 : INFO : PROGRESS: at sentence #550000, processed 2060708 words, keeping 219061 word types
2019-06-03 16:34:54,582 : INFO : PROGRESS: at sentence #560000, processed 2104431 words, keeping 221689 word types
2019-06-03 16:34:54,596 : INFO : PROGRESS: at sentence #570000, processed 2146152 words, keeping 224347 word types
2019-06-03 16:34:54,609 : INFO : PROGRESS: at sentence #580000, processed 2187627 words, keeping 226746 word types
2019-06-03 16:34:54,622 : INFO : PROGRESS: at sentence #590000, processed 2228484 words, keeping 229576 word types
2019-06-03 16:34:54,634 : INFO : PROGRESS: at sentence #600000, processed 2267364 words, keeping 232064 word types
2019-06-03 16:34:54,648 : INFO : PROGRESS: at sentence #610000, processed 2314331 words, keeping 234383 word types
2019-06-03 16:34:54,660 : INFO : PROGRESS: at sentence #620000, processed 2354834 words, keeping 236677 word types
2019-06-03 16:34:54,674 : INFO : PROGRESS: at sentence #630000, processed 2398565 words, keeping 239363 word types
2019-06-03 16:34:54,674 : INFO : collected 239394 word types from a corpus of 2399154 raw words and 630194 sentences
2019-06-03 16:34:54,674 : INFO : Loading a fresh vocabulary
2019-06-03 16:34:55,065 : INFO : effective_min_count=3 retains 77226 unique words (32% of original 239394, drops 162168)
2019-06-03 16:34:55,065 : INFO : effective_min_count=3 leaves 2201511 word corpus (91% of original 2399154, drops 197643)
2019-06-03 16:34:55,287 : INFO : deleting the raw counts dictionary of 239394 items
2019-06-03 16:34:55,291 : INFO : sample=6e-05 downsamples 751 most-common words
2019-06-03 16:34:55,291 : INFO : downsampling leaves estimated 1747594 word corpus (79.4% of prior 2201511)
2019-06-03 16:34:55,511 : INFO : estimated required memory for 77226 words and 300 dimensions: 223955400 bytes
2019-06-03 16:34:55,511 : INFO : resetting layer weights
2019-06-03 16:34:56,447 : INFO : training model with 12 workers on 77226 vocabulary and 300 features, using sg=0 hs=0 sample=6e-05 negative=20 window=3
2019-06-03 16:34:57,484 : INFO : EPOCH 1 - PROGRESS: at 22.59% examples, 366421 words/s, in_qsize 22, out_qsize 1
2019-06-03 16:34:58,488 : INFO : EPOCH 1 - PROGRESS: at 50.00% examples, 417993 words/s, in_qsize 23, out_qsize 0
2019-06-03 16:34:59,500 : INFO : EPOCH 1 - PROGRESS: at 77.25% examples, 434638 words/s, in_qsize 24, out_qsize 0
2019-06-03 16:35:00,257 : INFO : worker thread finished; awaiting finish of 11 more threads
2019-06-03 16:35:00,268 : INFO : worker thread finished; awaiting finish of 10 more threads
2019-06-03 16:35:00,275 : INFO : worker thread finished; awaiting finish of 9 more threads
2019-06-03 16:35:00,290 : INFO : worker thread finished; awaiting finish of 8 more threads
2019-06-03 16:35:00,297 : INFO : worker thread finished; awaiting finish of 7 more threads
2019-06-03 16:35:00,299 : INFO : worker thread finished; awaiting finish of 6 more threads
2019-06-03 16:35:00,310 : INFO : worker thread finished; awaiting finish of 5 more threads
2019-06-03 16:35:00,314 : INFO : worker thread finished; awaiting finish of 4 more threads
2019-06-03 16:35:00,335 : INFO : worker thread finished; awaiting finish of 3 more threads
2019-06-03 16:35:00,339 : INFO : worker thread finished; awaiting finish of 2 more threads
2019-06-03 16:35:00,344 : INFO : worker thread finished; awaiting finish of 1 more threads
2019-06-03 16:35:00,349 : INFO : worker thread finished; awaiting finish of 0 more threads
2019-06-03 16:35:00,349 : INFO : EPOCH - 1 : training on 2399154 raw words (1747324 effective words) took 3.9s, 449204 effective words/s
2019-06-03 16:35:01,388 : INFO : EPOCH 2 - PROGRESS: at 23.07% examples, 371723 words/s, in_qsize 23, out_qsize 0
2019-06-03 16:35:02,399 : INFO : EPOCH 2 - PROGRESS: at 48.27% examples, 401413 words/s, in_qsize 24, out_qsize 1
2019-06-03 16:35:03,464 : INFO : EPOCH 2 - PROGRESS: at 74.89% examples, 411389 words/s, in_qsize 24, out_qsize 0
2019-06-03 16:35:04,277 : INFO : worker thread finished; awaiting finish of 11 more threads
2019-06-03 16:35:04,299 : INFO : worker thread finished; awaiting finish of 10 more threads
2019-06-03 16:35:04,308 : INFO : worker thread finished; awaiting finish of 9 more threads
2019-06-03 16:35:04,310 : INFO : worker thread finished; awaiting finish of 8 more threads
2019-06-03 16:35:04,313 : INFO : worker thread finished; awaiting finish of 7 more threads
2019-06-03 16:35:04,314 : INFO : worker thread finished; awaiting finish of 6 more threads
2019-06-03 16:35:04,320 : INFO : worker thread finished; awaiting finish of 5 more threads
2019-06-03 16:35:04,363 : INFO : worker thread finished; awaiting finish of 4 more threads
2019-06-03 16:35:04,383 : INFO : worker thread finished; awaiting finish of 3 more threads
2019-06-03 16:35:04,389 : INFO : worker thread finished; awaiting finish of 2 more threads
2019-06-03 16:35:04,396 : INFO : worker thread finished; awaiting finish of 1 more threads
2019-06-03 16:35:04,398 : INFO : worker thread finished; awaiting finish of 0 more threads
2019-06-03 16:35:04,398 : INFO : EPOCH - 2 : training on 2399154 raw words (1747821 effective words) took 4.0s, 432614 effective words/s
2019-06-03 16:35:05,443 : INFO : EPOCH 3 - PROGRESS: at 23.26% examples, 378087 words/s, in_qsize 23, out_qsize 0
2019-06-03 16:35:06,451 : INFO : EPOCH 3 - PROGRESS: at 49.18% examples, 407909 words/s, in_qsize 24, out_qsize 1
2019-06-03 16:35:07,453 : INFO : EPOCH 3 - PROGRESS: at 74.89% examples, 419514 words/s, in_qsize 24, out_qsize 2
2019-06-03 16:35:08,245 : INFO : worker thread finished; awaiting finish of 11 more threads
2019-06-03 16:35:08,258 : INFO : worker thread finished; awaiting finish of 10 more threads
2019-06-03 16:35:08,260 : INFO : worker thread finished; awaiting finish of 9 more threads
2019-06-03 16:35:08,280 : INFO : worker thread finished; awaiting finish of 8 more threads
2019-06-03 16:35:08,282 : INFO : worker thread finished; awaiting finish of 7 more threads
2019-06-03 16:35:08,283 : INFO : worker thread finished; awaiting finish of 6 more threads
2019-06-03 16:35:08,299 : INFO : worker thread finished; awaiting finish of 5 more threads
2019-06-03 16:35:08,312 : INFO : worker thread finished; awaiting finish of 4 more threads
2019-06-03 16:35:08,318 : INFO : worker thread finished; awaiting finish of 3 more threads
2019-06-03 16:35:08,329 : INFO : worker thread finished; awaiting finish of 2 more threads
2019-06-03 16:35:08,331 : INFO : worker thread finished; awaiting finish of 1 more threads
2019-06-03 16:35:08,335 : INFO : worker thread finished; awaiting finish of 0 more threads
2019-06-03 16:35:08,335 : INFO : EPOCH - 3 : training on 2399154 raw words (1747819 effective words) took 3.9s, 445018 effective words/s
2019-06-03 16:35:09,349 : INFO : EPOCH 4 - PROGRESS: at 22.89% examples, 382435 words/s, in_qsize 24, out_qsize 2
2019-06-03 16:35:10,351 : INFO : EPOCH 4 - PROGRESS: at 50.39% examples, 426582 words/s, in_qsize 22, out_qsize 2
2019-06-03 16:35:11,371 : INFO : EPOCH 4 - PROGRESS: at 76.04% examples, 429432 words/s, in_qsize 22, out_qsize 1
2019-06-03 16:35:12,143 : INFO : worker thread finished; awaiting finish of 11 more threads
2019-06-03 16:35:12,177 : INFO : worker thread finished; awaiting finish of 10 more threads
2019-06-03 16:35:12,194 : INFO : worker thread finished; awaiting finish of 9 more threads
2019-06-03 16:35:12,197 : INFO : worker thread finished; awaiting finish of 8 more threads
2019-06-03 16:35:12,201 : INFO : worker thread finished; awaiting finish of 7 more threads
2019-06-03 16:35:12,222 : INFO : worker thread finished; awaiting finish of 6 more threads
2019-06-03 16:35:12,239 : INFO : worker thread finished; awaiting finish of 5 more threads
2019-06-03 16:35:12,253 : INFO : worker thread finished; awaiting finish of 4 more threads
2019-06-03 16:35:12,262 : INFO : worker thread finished; awaiting finish of 3 more threads
2019-06-03 16:35:12,269 : INFO : worker thread finished; awaiting finish of 2 more threads
2019-06-03 16:35:12,272 : INFO : worker thread finished; awaiting finish of 1 more threads
2019-06-03 16:35:12,279 : INFO : worker thread finished; awaiting finish of 0 more threads
2019-06-03 16:35:12,279 : INFO : EPOCH - 4 : training on 2399154 raw words (1747701 effective words) took 3.9s, 444332 effective words/s
2019-06-03 16:35:13,303 : INFO : EPOCH 5 - PROGRESS: at 23.33% examples, 385453 words/s, in_qsize 22, out_qsize 4
2019-06-03 16:35:14,310 : INFO : EPOCH 5 - PROGRESS: at 50.85% examples, 426204 words/s, in_qsize 22, out_qsize 1
2019-06-03 16:35:15,311 : INFO : EPOCH 5 - PROGRESS: at 77.25% examples, 437218 words/s, in_qsize 23, out_qsize 3
2019-06-03 16:35:16,034 : INFO : worker thread finished; awaiting finish of 11 more threads
2019-06-03 16:35:16,048 : INFO : worker thread finished; awaiting finish of 10 more threads
2019-06-03 16:35:16,049 : INFO : worker thread finished; awaiting finish of 9 more threads
2019-06-03 16:35:16,060 : INFO : worker thread finished; awaiting finish of 8 more threads
2019-06-03 16:35:16,065 : INFO : worker thread finished; awaiting finish of 7 more threads
2019-06-03 16:35:16,067 : INFO : worker thread finished; awaiting finish of 6 more threads
2019-06-03 16:35:16,086 : INFO : worker thread finished; awaiting finish of 5 more threads
2019-06-03 16:35:16,095 : INFO : worker thread finished; awaiting finish of 4 more threads
2019-06-03 16:35:16,102 : INFO : worker thread finished; awaiting finish of 3 more threads
2019-06-03 16:35:16,107 : INFO : worker thread finished; awaiting finish of 2 more threads
2019-06-03 16:35:16,111 : INFO : worker thread finished; awaiting finish of 1 more threads
2019-06-03 16:35:16,126 : INFO : worker thread finished; awaiting finish of 0 more threads
2019-06-03 16:35:16,126 : INFO : EPOCH - 5 : training on 2399154 raw words (1747681 effective words) took 3.8s, 455263 effective words/s
2019-06-03 16:35:17,143 : INFO : EPOCH 6 - PROGRESS: at 22.96% examples, 380997 words/s, in_qsize 21, out_qsize 2
2019-06-03 16:35:18,148 : INFO : EPOCH 6 - PROGRESS: at 51.66% examples, 435582 words/s, in_qsize 23, out_qsize 0
2019-06-03 16:35:19,148 : INFO : EPOCH 6 - PROGRESS: at 76.82% examples, 436268 words/s, in_qsize 24, out_qsize 0
2019-06-03 16:35:19,878 : INFO : worker thread finished; awaiting finish of 11 more threads
2019-06-03 16:35:19,899 : INFO : worker thread finished; awaiting finish of 10 more threads
2019-06-03 16:35:19,900 : INFO : worker thread finished; awaiting finish of 9 more threads
2019-06-03 16:35:19,904 : INFO : worker thread finished; awaiting finish of 8 more threads
2019-06-03 16:35:19,909 : INFO : worker thread finished; awaiting finish of 7 more threads
2019-06-03 16:35:19,910 : INFO : worker thread finished; awaiting finish of 6 more threads
2019-06-03 16:35:19,930 : INFO : worker thread finished; awaiting finish of 5 more threads
2019-06-03 16:35:19,930 : INFO : worker thread finished; awaiting finish of 4 more threads
2019-06-03 16:35:19,941 : INFO : worker thread finished; awaiting finish of 3 more threads
2019-06-03 16:35:19,951 : INFO : worker thread finished; awaiting finish of 2 more threads
2019-06-03 16:35:19,951 : INFO : worker thread finished; awaiting finish of 1 more threads
2019-06-03 16:35:19,956 : INFO : worker thread finished; awaiting finish of 0 more threads
2019-06-03 16:35:19,956 : INFO : EPOCH - 6 : training on 2399154 raw words (1747792 effective words) took 3.8s, 457398 effective words/s
2019-06-03 16:35:20,987 : INFO : EPOCH 7 - PROGRESS: at 23.06% examples, 374825 words/s, in_qsize 23, out_qsize 0
2019-06-03 16:35:21,987 : INFO : EPOCH 7 - PROGRESS: at 50.80% examples, 426471 words/s, in_qsize 24, out_qsize 0
2019-06-03 16:35:23,041 : INFO : EPOCH 7 - PROGRESS: at 76.78% examples, 427354 words/s, in_qsize 23, out_qsize 2
2019-06-03 16:35:23,777 : INFO : worker thread finished; awaiting finish of 11 more threads
2019-06-03 16:35:23,780 : INFO : worker thread finished; awaiting finish of 10 more threads
2019-06-03 16:35:23,780 : INFO : worker thread finished; awaiting finish of 9 more threads
2019-06-03 16:35:23,783 : INFO : worker thread finished; awaiting finish of 8 more threads
2019-06-03 16:35:23,797 : INFO : worker thread finished; awaiting finish of 7 more threads
2019-06-03 16:35:23,798 : INFO : worker thread finished; awaiting finish of 6 more threads
2019-06-03 16:35:23,800 : INFO : worker thread finished; awaiting finish of 5 more threads
2019-06-03 16:35:23,807 : INFO : worker thread finished; awaiting finish of 4 more threads
2019-06-03 16:35:23,839 : INFO : worker thread finished; awaiting finish of 3 more threads
2019-06-03 16:35:23,846 : INFO : worker thread finished; awaiting finish of 2 more threads
2019-06-03 16:35:23,847 : INFO : worker thread finished; awaiting finish of 1 more threads
2019-06-03 16:35:23,861 : INFO : worker thread finished; awaiting finish of 0 more threads
2019-06-03 16:35:23,861 : INFO : EPOCH - 7 : training on 2399154 raw words (1747303 effective words) took 3.9s, 448521 effective words/s
2019-06-03 16:35:24,874 : INFO : EPOCH 8 - PROGRESS: at 25.13% examples, 418169 words/s, in_qsize 23, out_qsize 0
2019-06-03 16:35:25,878 : INFO : EPOCH 8 - PROGRESS: at 51.66% examples, 436483 words/s, in_qsize 22, out_qsize 1
2019-06-03 16:35:26,885 : INFO : EPOCH 8 - PROGRESS: at 78.90% examples, 447838 words/s, in_qsize 23, out_qsize 0
2019-06-03 16:35:27,600 : INFO : worker thread finished; awaiting finish of 11 more threads
2019-06-03 16:35:27,602 : INFO : worker thread finished; awaiting finish of 10 more threads
2019-06-03 16:35:27,606 : INFO : worker thread finished; awaiting finish of 9 more threads
2019-06-03 16:35:27,614 : INFO : worker thread finished; awaiting finish of 8 more threads
2019-06-03 16:35:27,615 : INFO : worker thread finished; awaiting finish of 7 more threads
2019-06-03 16:35:27,621 : INFO : worker thread finished; awaiting finish of 6 more threads
2019-06-03 16:35:27,636 : INFO : worker thread finished; awaiting finish of 5 more threads
2019-06-03 16:35:27,645 : INFO : worker thread finished; awaiting finish of 4 more threads
2019-06-03 16:35:27,665 : INFO : worker thread finished; awaiting finish of 3 more threads
2019-06-03 16:35:27,670 : INFO : worker thread finished; awaiting finish of 2 more threads
2019-06-03 16:35:27,671 : INFO : worker thread finished; awaiting finish of 1 more threads
2019-06-03 16:35:27,682 : INFO : worker thread finished; awaiting finish of 0 more threads
2019-06-03 16:35:27,683 : INFO : EPOCH - 8 : training on 2399154 raw words (1747313 effective words) took 3.8s, 458073 effective words/s
2019-06-03 16:35:28,701 : INFO : EPOCH 9 - PROGRESS: at 23.07% examples, 379145 words/s, in_qsize 23, out_qsize 0
2019-06-03 16:35:29,746 : INFO : EPOCH 9 - PROGRESS: at 49.61% examples, 409221 words/s, in_qsize 22, out_qsize 1
2019-06-03 16:35:30,753 : INFO : EPOCH 9 - PROGRESS: at 76.78% examples, 429352 words/s, in_qsize 24, out_qsize 0
2019-06-03 16:35:31,522 : INFO : worker thread finished; awaiting finish of 11 more threads
2019-06-03 16:35:31,533 : INFO : worker thread finished; awaiting finish of 10 more threads
2019-06-03 16:35:31,546 : INFO : worker thread finished; awaiting finish of 9 more threads
2019-06-03 16:35:31,552 : INFO : worker thread finished; awaiting finish of 8 more threads
2019-06-03 16:35:31,558 : INFO : worker thread finished; awaiting finish of 7 more threads
2019-06-03 16:35:31,560 : INFO : worker thread finished; awaiting finish of 6 more threads
2019-06-03 16:35:31,576 : INFO : worker thread finished; awaiting finish of 5 more threads
2019-06-03 16:35:31,592 : INFO : worker thread finished; awaiting finish of 4 more threads
2019-06-03 16:35:31,608 : INFO : worker thread finished; awaiting finish of 3 more threads
2019-06-03 16:35:31,613 : INFO : worker thread finished; awaiting finish of 2 more threads
2019-06-03 16:35:31,616 : INFO : worker thread finished; awaiting finish of 1 more threads
2019-06-03 16:35:31,623 : INFO : worker thread finished; awaiting finish of 0 more threads
2019-06-03 16:35:31,623 : INFO : EPOCH - 9 : training on 2399154 raw words (1747326 effective words) took 3.9s, 444551 effective words/s
2019-06-03 16:35:32,639 : INFO : EPOCH 10 - PROGRESS: at 23.72% examples, 395960 words/s, in_qsize 23, out_qsize 1
2019-06-03 16:35:33,657 : INFO : EPOCH 10 - PROGRESS: at 50.00% examples, 418857 words/s, in_qsize 22, out_qsize 3
2019-06-03 16:35:34,666 : INFO : EPOCH 10 - PROGRESS: at 77.17% examples, 435896 words/s, in_qsize 23, out_qsize 2
2019-06-03 16:35:35,311 : INFO : worker thread finished; awaiting finish of 11 more threads
2019-06-03 16:35:35,326 : INFO : worker thread finished; awaiting finish of 10 more threads
2019-06-03 16:35:35,351 : INFO : worker thread finished; awaiting finish of 9 more threads
2019-06-03 16:35:35,360 : INFO : worker thread finished; awaiting finish of 8 more threads
2019-06-03 16:35:35,365 : INFO : worker thread finished; awaiting finish of 7 more threads
2019-06-03 16:35:35,373 : INFO : worker thread finished; awaiting finish of 6 more threads
2019-06-03 16:35:35,377 : INFO : worker thread finished; awaiting finish of 5 more threads
2019-06-03 16:35:35,389 : INFO : worker thread finished; awaiting finish of 4 more threads
2019-06-03 16:35:35,412 : INFO : worker thread finished; awaiting finish of 3 more threads
2019-06-03 16:35:35,415 : INFO : worker thread finished; awaiting finish of 2 more threads
2019-06-03 16:35:35,418 : INFO : worker thread finished; awaiting finish of 1 more threads
2019-06-03 16:35:35,426 : INFO : worker thread finished; awaiting finish of 0 more threads
2019-06-03 16:35:35,426 : INFO : EPOCH - 10 : training on 2399154 raw words (1748155 effective words) took 3.8s, 460749 effective words/s
2019-06-03 16:35:35,427 : INFO : training on a 23991540 raw words (17476235 effective words) took 39.0s, 448341 effective words/s
2019-06-03 16:35:35,427 : WARNING : Effective 'alpha' higher than previous training cycles
2019-06-03 16:35:35,427 : INFO : training model with 12 workers on 77226 vocabulary and 300 features, using sg=0 hs=0 sample=6e-05 negative=20 window=3
2019-06-03 16:35:36,446 : INFO : EPOCH 1 - PROGRESS: at 23.52% examples, 385640 words/s, in_qsize 24, out_qsize 0
2019-06-03 16:35:37,465 : INFO : EPOCH 1 - PROGRESS: at 51.24% examples, 428556 words/s, in_qsize 23, out_qsize 0
2019-06-03 16:35:38,473 : INFO : EPOCH 1 - PROGRESS: at 78.44% examples, 442206 words/s, in_qsize 22, out_qsize 1
2019-06-03 16:35:39,172 : INFO : worker thread finished; awaiting finish of 11 more threads
2019-06-03 16:35:39,174 : INFO : worker thread finished; awaiting finish of 10 more threads
2019-06-03 16:35:39,175 : INFO : worker thread finished; awaiting finish of 9 more threads
2019-06-03 16:35:39,179 : INFO : worker thread finished; awaiting finish of 8 more threads
2019-06-03 16:35:39,181 : INFO : worker thread finished; awaiting finish of 7 more threads
2019-06-03 16:35:39,185 : INFO : worker thread finished; awaiting finish of 6 more threads
2019-06-03 16:35:39,201 : INFO : worker thread finished; awaiting finish of 5 more threads
2019-06-03 16:35:39,203 : INFO : worker thread finished; awaiting finish of 4 more threads
2019-06-03 16:35:39,235 : INFO : worker thread finished; awaiting finish of 3 more threads
2019-06-03 16:35:39,238 : INFO : worker thread finished; awaiting finish of 2 more threads
2019-06-03 16:35:39,239 : INFO : worker thread finished; awaiting finish of 1 more threads
2019-06-03 16:35:39,251 : INFO : worker thread finished; awaiting finish of 0 more threads
2019-06-03 16:35:39,251 : INFO : EPOCH - 1 : training on 2399154 raw words (1747774 effective words) took 3.8s, 457944 effective words/s
2019-06-03 16:35:40,344 : INFO : EPOCH 2 - PROGRESS: at 22.96% examples, 355109 words/s, in_qsize 23, out_qsize 0
2019-06-03 16:35:41,358 : INFO : EPOCH 2 - PROGRESS: at 46.24% examples, 374182 words/s, in_qsize 23, out_qsize 0
2019-06-03 16:35:42,367 : INFO : EPOCH 2 - PROGRESS: at 69.98% examples, 383585 words/s, in_qsize 23, out_qsize 0
2019-06-03 16:35:43,380 : INFO : EPOCH 2 - PROGRESS: at 92.80% examples, 390094 words/s, in_qsize 20, out_qsize 0
2019-06-03 16:35:43,563 : INFO : worker thread finished; awaiting finish of 11 more threads
2019-06-03 16:35:43,566 : INFO : worker thread finished; awaiting finish of 10 more threads
2019-06-03 16:35:43,567 : INFO : worker thread finished; awaiting finish of 9 more threads
2019-06-03 16:35:43,578 : INFO : worker thread finished; awaiting finish of 8 more threads
2019-06-03 16:35:43,584 : INFO : worker thread finished; awaiting finish of 7 more threads
2019-06-03 16:35:43,591 : INFO : worker thread finished; awaiting finish of 6 more threads
2019-06-03 16:35:43,592 : INFO : worker thread finished; awaiting finish of 5 more threads
2019-06-03 16:35:43,601 : INFO : worker thread finished; awaiting finish of 4 more threads
2019-06-03 16:35:43,617 : INFO : worker thread finished; awaiting finish of 3 more threads
2019-06-03 16:35:43,630 : INFO : worker thread finished; awaiting finish of 2 more threads
2019-06-03 16:35:43,630 : INFO : worker thread finished; awaiting finish of 1 more threads
2019-06-03 16:35:43,650 : INFO : worker thread finished; awaiting finish of 0 more threads
2019-06-03 16:35:43,650 : INFO : EPOCH - 2 : training on 2399154 raw words (1747810 effective words) took 4.4s, 398589 effective words/s
2019-06-03 16:35:44,668 : INFO : EPOCH 3 - PROGRESS: at 22.21% examples, 364884 words/s, in_qsize 23, out_qsize 0
2019-06-03 16:35:45,676 : INFO : EPOCH 3 - PROGRESS: at 44.88% examples, 377516 words/s, in_qsize 24, out_qsize 0
2019-06-03 16:35:46,691 : INFO : EPOCH 3 - PROGRESS: at 68.73% examples, 385002 words/s, in_qsize 24, out_qsize 0
2019-06-03 16:35:47,699 : INFO : EPOCH 3 - PROGRESS: at 89.39% examples, 381099 words/s, in_qsize 24, out_qsize 0
2019-06-03 16:35:47,971 : INFO : worker thread finished; awaiting finish of 11 more threads
2019-06-03 16:35:47,976 : INFO : worker thread finished; awaiting finish of 10 more threads
2019-06-03 16:35:47,977 : INFO : worker thread finished; awaiting finish of 9 more threads
2019-06-03 16:35:47,982 : INFO : worker thread finished; awaiting finish of 8 more threads
2019-06-03 16:35:47,987 : INFO : worker thread finished; awaiting finish of 7 more threads
2019-06-03 16:35:47,994 : INFO : worker thread finished; awaiting finish of 6 more threads
2019-06-03 16:35:47,994 : INFO : worker thread finished; awaiting finish of 5 more threads
2019-06-03 16:35:48,016 : INFO : worker thread finished; awaiting finish of 4 more threads
2019-06-03 16:35:48,017 : INFO : worker thread finished; awaiting finish of 3 more threads
2019-06-03 16:35:48,039 : INFO : worker thread finished; awaiting finish of 2 more threads
2019-06-03 16:35:48,042 : INFO : worker thread finished; awaiting finish of 1 more threads
2019-06-03 16:35:48,064 : INFO : worker thread finished; awaiting finish of 0 more threads
2019-06-03 16:35:48,064 : INFO : EPOCH - 3 : training on 2399154 raw words (1747453 effective words) took 4.4s, 396812 effective words/s
2019-06-03 16:35:49,086 : INFO : EPOCH 4 - PROGRESS: at 20.42% examples, 334591 words/s, in_qsize 24, out_qsize 0
2019-06-03 16:35:50,121 : INFO : EPOCH 4 - PROGRESS: at 45.35% examples, 374887 words/s, in_qsize 22, out_qsize 2
2019-06-03 16:35:51,145 : INFO : EPOCH 4 - PROGRESS: at 72.00% examples, 398881 words/s, in_qsize 23, out_qsize 0
2019-06-03 16:35:52,136 : INFO : worker thread finished; awaiting finish of 11 more threads
2019-06-03 16:35:52,136 : INFO : worker thread finished; awaiting finish of 10 more threads
2019-06-03 16:35:52,143 : INFO : worker thread finished; awaiting finish of 9 more threads
2019-06-03 16:35:52,152 : INFO : EPOCH 4 - PROGRESS: at 97.01% examples, 413488 words/s, in_qsize 8, out_qsize 1
2019-06-03 16:35:52,152 : INFO : worker thread finished; awaiting finish of 8 more threads
2019-06-03 16:35:52,163 : INFO : worker thread finished; awaiting finish of 7 more threads
2019-06-03 16:35:52,171 : INFO : worker thread finished; awaiting finish of 6 more threads
2019-06-03 16:35:52,189 : INFO : worker thread finished; awaiting finish of 5 more threads
2019-06-03 16:35:52,201 : INFO : worker thread finished; awaiting finish of 4 more threads
2019-06-03 16:35:52,209 : INFO : worker thread finished; awaiting finish of 3 more threads
2019-06-03 16:35:52,227 : INFO : worker thread finished; awaiting finish of 2 more threads
2019-06-03 16:35:52,230 : INFO : worker thread finished; awaiting finish of 1 more threads
2019-06-03 16:35:52,230 : INFO : worker thread finished; awaiting finish of 0 more threads
2019-06-03 16:35:52,230 : INFO : EPOCH - 4 : training on 2399154 raw words (1747335 effective words) took 4.2s, 420083 effective words/s
2019-06-03 16:35:53,252 : INFO : EPOCH 5 - PROGRESS: at 21.33% examples, 349575 words/s, in_qsize 23, out_qsize 0
2019-06-03 16:35:54,270 : INFO : EPOCH 5 - PROGRESS: at 49.61% examples, 413824 words/s, in_qsize 24, out_qsize 0
2019-06-03 16:35:55,315 : INFO : EPOCH 5 - PROGRESS: at 73.58% examples, 408274 words/s, in_qsize 23, out_qsize 0
2019-06-03 16:35:56,261 : INFO : worker thread finished; awaiting finish of 11 more threads
2019-06-03 16:35:56,262 : INFO : worker thread finished; awaiting finish of 10 more threads
2019-06-03 16:35:56,263 : INFO : worker thread finished; awaiting finish of 9 more threads
2019-06-03 16:35:56,281 : INFO : worker thread finished; awaiting finish of 8 more threads
2019-06-03 16:35:56,287 : INFO : worker thread finished; awaiting finish of 7 more threads
2019-06-03 16:35:56,290 : INFO : worker thread finished; awaiting finish of 6 more threads
2019-06-03 16:35:56,317 : INFO : EPOCH 5 - PROGRESS: at 98.21% examples, 419411 words/s, in_qsize 5, out_qsize 1
2019-06-03 16:35:56,318 : INFO : worker thread finished; awaiting finish of 5 more threads
2019-06-03 16:35:56,337 : INFO : worker thread finished; awaiting finish of 4 more threads
2019-06-03 16:35:56,353 : INFO : worker thread finished; awaiting finish of 3 more threads
2019-06-03 16:35:56,366 : INFO : worker thread finished; awaiting finish of 2 more threads
2019-06-03 16:35:56,371 : INFO : worker thread finished; awaiting finish of 1 more threads
2019-06-03 16:35:56,373 : INFO : worker thread finished; awaiting finish of 0 more threads
2019-06-03 16:35:56,374 : INFO : EPOCH - 5 : training on 2399154 raw words (1747435 effective words) took 4.1s, 422721 effective words/s
2019-06-03 16:35:57,438 : INFO : EPOCH 6 - PROGRESS: at 21.34% examples, 335903 words/s, in_qsize 21, out_qsize 4
2019-06-03 16:35:58,453 : INFO : EPOCH 6 - PROGRESS: at 49.23% examples, 402866 words/s, in_qsize 20, out_qsize 3
2019-06-03 16:35:59,486 : INFO : EPOCH 6 - PROGRESS: at 77.65% examples, 428166 words/s, in_qsize 23, out_qsize 2
2019-06-03 16:36:00,200 : INFO : worker thread finished; awaiting finish of 11 more threads
2019-06-03 16:36:00,207 : INFO : worker thread finished; awaiting finish of 10 more threads
2019-06-03 16:36:00,213 : INFO : worker thread finished; awaiting finish of 9 more threads
2019-06-03 16:36:00,225 : INFO : worker thread finished; awaiting finish of 8 more threads
2019-06-03 16:36:00,225 : INFO : worker thread finished; awaiting finish of 7 more threads
2019-06-03 16:36:00,231 : INFO : worker thread finished; awaiting finish of 6 more threads
2019-06-03 16:36:00,241 : INFO : worker thread finished; awaiting finish of 5 more threads
2019-06-03 16:36:00,241 : INFO : worker thread finished; awaiting finish of 4 more threads
2019-06-03 16:36:00,264 : INFO : worker thread finished; awaiting finish of 3 more threads
2019-06-03 16:36:00,274 : INFO : worker thread finished; awaiting finish of 2 more threads
2019-06-03 16:36:00,281 : INFO : worker thread finished; awaiting finish of 1 more threads
2019-06-03 16:36:00,282 : INFO : worker thread finished; awaiting finish of 0 more threads
2019-06-03 16:36:00,282 : INFO : EPOCH - 6 : training on 2399154 raw words (1746839 effective words) took 3.9s, 448146 effective words/s
2019-06-03 16:36:01,304 : INFO : EPOCH 7 - PROGRESS: at 24.65% examples, 408237 words/s, in_qsize 22, out_qsize 1
2019-06-03 16:36:02,312 : INFO : EPOCH 7 - PROGRESS: at 53.36% examples, 448378 words/s, in_qsize 22, out_qsize 1
2019-06-03 16:36:03,317 : INFO : EPOCH 7 - PROGRESS: at 81.45% examples, 460675 words/s, in_qsize 23, out_qsize 0
2019-06-03 16:36:03,893 : INFO : worker thread finished; awaiting finish of 11 more threads
2019-06-03 16:36:03,902 : INFO : worker thread finished; awaiting finish of 10 more threads
2019-06-03 16:36:03,918 : INFO : worker thread finished; awaiting finish of 9 more threads
2019-06-03 16:36:03,919 : INFO : worker thread finished; awaiting finish of 8 more threads
2019-06-03 16:36:03,945 : INFO : worker thread finished; awaiting finish of 7 more threads
2019-06-03 16:36:03,951 : INFO : worker thread finished; awaiting finish of 6 more threads
2019-06-03 16:36:03,954 : INFO : worker thread finished; awaiting finish of 5 more threads
2019-06-03 16:36:03,963 : INFO : worker thread finished; awaiting finish of 4 more threads
2019-06-03 16:36:03,970 : INFO : worker thread finished; awaiting finish of 3 more threads
2019-06-03 16:36:03,982 : INFO : worker thread finished; awaiting finish of 2 more threads
2019-06-03 16:36:03,989 : INFO : worker thread finished; awaiting finish of 1 more threads
2019-06-03 16:36:03,990 : INFO : worker thread finished; awaiting finish of 0 more threads
2019-06-03 16:36:03,990 : INFO : EPOCH - 7 : training on 2399154 raw words (1747740 effective words) took 3.7s, 472598 effective words/s
2019-06-03 16:36:05,022 : INFO : EPOCH 8 - PROGRESS: at 25.96% examples, 425837 words/s, in_qsize 24, out_qsize 0
2019-06-03 16:36:06,033 : INFO : EPOCH 8 - PROGRESS: at 52.50% examples, 438025 words/s, in_qsize 23, out_qsize 2
2019-06-03 16:36:07,038 : INFO : EPOCH 8 - PROGRESS: at 81.84% examples, 461129 words/s, in_qsize 24, out_qsize 0
2019-06-03 16:36:07,594 : INFO : worker thread finished; awaiting finish of 11 more threads
2019-06-03 16:36:07,625 : INFO : worker thread finished; awaiting finish of 10 more threads
2019-06-03 16:36:07,633 : INFO : worker thread finished; awaiting finish of 9 more threads
2019-06-03 16:36:07,639 : INFO : worker thread finished; awaiting finish of 8 more threads
2019-06-03 16:36:07,644 : INFO : worker thread finished; awaiting finish of 7 more threads
2019-06-03 16:36:07,652 : INFO : worker thread finished; awaiting finish of 6 more threads
2019-06-03 16:36:07,659 : INFO : worker thread finished; awaiting finish of 5 more threads
2019-06-03 16:36:07,680 : INFO : worker thread finished; awaiting finish of 4 more threads
2019-06-03 16:36:07,682 : INFO : worker thread finished; awaiting finish of 3 more threads
2019-06-03 16:36:07,684 : INFO : worker thread finished; awaiting finish of 2 more threads
2019-06-03 16:36:07,699 : INFO : worker thread finished; awaiting finish of 1 more threads
2019-06-03 16:36:07,700 : INFO : worker thread finished; awaiting finish of 0 more threads
2019-06-03 16:36:07,701 : INFO : EPOCH - 8 : training on 2399154 raw words (1747507 effective words) took 3.7s, 472244 effective words/s
2019-06-03 16:36:08,745 : INFO : EPOCH 9 - PROGRESS: at 25.56% examples, 412314 words/s, in_qsize 23, out_qsize 0
2019-06-03 16:36:09,783 : INFO : EPOCH 9 - PROGRESS: at 53.85% examples, 439779 words/s, in_qsize 22, out_qsize 3
2019-06-03 16:36:10,842 : INFO : EPOCH 9 - PROGRESS: at 82.30% examples, 449174 words/s, in_qsize 22, out_qsize 2
2019-06-03 16:36:11,317 : INFO : worker thread finished; awaiting finish of 11 more threads
2019-06-03 16:36:11,327 : INFO : worker thread finished; awaiting finish of 10 more threads
2019-06-03 16:36:11,342 : INFO : worker thread finished; awaiting finish of 9 more threads
2019-06-03 16:36:11,343 : INFO : worker thread finished; awaiting finish of 8 more threads
2019-06-03 16:36:11,347 : INFO : worker thread finished; awaiting finish of 7 more threads
2019-06-03 16:36:11,348 : INFO : worker thread finished; awaiting finish of 6 more threads
2019-06-03 16:36:11,369 : INFO : worker thread finished; awaiting finish of 5 more threads
2019-06-03 16:36:11,387 : INFO : worker thread finished; awaiting finish of 4 more threads
2019-06-03 16:36:11,403 : INFO : worker thread finished; awaiting finish of 3 more threads
2019-06-03 16:36:11,418 : INFO : worker thread finished; awaiting finish of 2 more threads
2019-06-03 16:36:11,423 : INFO : worker thread finished; awaiting finish of 1 more threads
2019-06-03 16:36:11,424 : INFO : worker thread finished; awaiting finish of 0 more threads
2019-06-03 16:36:11,424 : INFO : EPOCH - 9 : training on 2399154 raw words (1746896 effective words) took 3.7s, 470195 effective words/s
2019-06-03 16:36:12,444 : INFO : EPOCH 10 - PROGRESS: at 25.13% examples, 415868 words/s, in_qsize 24, out_qsize 0
2019-06-03 16:36:13,508 : INFO : EPOCH 10 - PROGRESS: at 50.41% examples, 412120 words/s, in_qsize 23, out_qsize 0
2019-06-03 16:36:14,609 : INFO : EPOCH 10 - PROGRESS: at 77.25% examples, 416148 words/s, in_qsize 24, out_qsize 0
2019-06-03 16:36:15,399 : INFO : worker thread finished; awaiting finish of 11 more threads
2019-06-03 16:36:15,403 : INFO : worker thread finished; awaiting finish of 10 more threads
2019-06-03 16:36:15,409 : INFO : worker thread finished; awaiting finish of 9 more threads
2019-06-03 16:36:15,425 : INFO : worker thread finished; awaiting finish of 8 more threads
2019-06-03 16:36:15,438 : INFO : worker thread finished; awaiting finish of 7 more threads
2019-06-03 16:36:15,444 : INFO : worker thread finished; awaiting finish of 6 more threads
2019-06-03 16:36:15,445 : INFO : worker thread finished; awaiting finish of 5 more threads
2019-06-03 16:36:15,464 : INFO : worker thread finished; awaiting finish of 4 more threads
2019-06-03 16:36:15,484 : INFO : worker thread finished; awaiting finish of 3 more threads
2019-06-03 16:36:15,487 : INFO : worker thread finished; awaiting finish of 2 more threads
2019-06-03 16:36:15,504 : INFO : worker thread finished; awaiting finish of 1 more threads
2019-06-03 16:36:15,528 : INFO : worker thread finished; awaiting finish of 0 more threads
2019-06-03 16:36:15,528 : INFO : EPOCH - 10 : training on 2399154 raw words (1747217 effective words) took 4.1s, 426784 effective words/s
2019-06-03 16:36:16,547 : INFO : EPOCH 11 - PROGRESS: at 19.59% examples, 322415 words/s, in_qsize 23, out_qsize 3
2019-06-03 16:36:17,583 : INFO : EPOCH 11 - PROGRESS: at 44.11% examples, 365034 words/s, in_qsize 23, out_qsize 0
2019-06-03 16:36:18,585 : INFO : EPOCH 11 - PROGRESS: at 71.97% examples, 402575 words/s, in_qsize 23, out_qsize 0
2019-06-03 16:36:19,483 : INFO : worker thread finished; awaiting finish of 11 more threads
2019-06-03 16:36:19,499 : INFO : worker thread finished; awaiting finish of 10 more threads
2019-06-03 16:36:19,510 : INFO : worker thread finished; awaiting finish of 9 more threads
2019-06-03 16:36:19,519 : INFO : worker thread finished; awaiting finish of 8 more threads
2019-06-03 16:36:19,520 : INFO : worker thread finished; awaiting finish of 7 more threads
2019-06-03 16:36:19,522 : INFO : worker thread finished; awaiting finish of 6 more threads
2019-06-03 16:36:19,535 : INFO : worker thread finished; awaiting finish of 5 more threads
2019-06-03 16:36:19,564 : INFO : worker thread finished; awaiting finish of 4 more threads
2019-06-03 16:36:19,564 : INFO : worker thread finished; awaiting finish of 3 more threads
2019-06-03 16:36:19,581 : INFO : worker thread finished; awaiting finish of 2 more threads
2019-06-03 16:36:19,582 : INFO : worker thread finished; awaiting finish of 1 more threads
2019-06-03 16:36:19,586 : INFO : EPOCH 11 - PROGRESS: at 100.00% examples, 431778 words/s, in_qsize 0, out_qsize 1
2019-06-03 16:36:19,586 : INFO : worker thread finished; awaiting finish of 0 more threads
2019-06-03 16:36:19,586 : INFO : EPOCH - 11 : training on 2399154 raw words (1747770 effective words) took 4.0s, 431749 effective words/s
2019-06-03 16:36:20,612 : INFO : EPOCH 12 - PROGRESS: at 25.47% examples, 420069 words/s, in_qsize 24, out_qsize 0
2019-06-03 16:36:21,650 : INFO : EPOCH 12 - PROGRESS: at 53.74% examples, 443977 words/s, in_qsize 20, out_qsize 3
2019-06-03 16:36:22,711 : INFO : EPOCH 12 - PROGRESS: at 83.48% examples, 458942 words/s, in_qsize 24, out_qsize 0
2019-06-03 16:36:23,145 : INFO : worker thread finished; awaiting finish of 11 more threads
2019-06-03 16:36:23,151 : INFO : worker thread finished; awaiting finish of 10 more threads
2019-06-03 16:36:23,165 : INFO : worker thread finished; awaiting finish of 9 more threads
2019-06-03 16:36:23,167 : INFO : worker thread finished; awaiting finish of 8 more threads
2019-06-03 16:36:23,176 : INFO : worker thread finished; awaiting finish of 7 more threads
2019-06-03 16:36:23,179 : INFO : worker thread finished; awaiting finish of 6 more threads
2019-06-03 16:36:23,197 : INFO : worker thread finished; awaiting finish of 5 more threads
2019-06-03 16:36:23,199 : INFO : worker thread finished; awaiting finish of 4 more threads
2019-06-03 16:36:23,218 : INFO : worker thread finished; awaiting finish of 3 more threads
2019-06-03 16:36:23,223 : INFO : worker thread finished; awaiting finish of 2 more threads
2019-06-03 16:36:23,230 : INFO : worker thread finished; awaiting finish of 1 more threads
2019-06-03 16:36:23,234 : INFO : worker thread finished; awaiting finish of 0 more threads
2019-06-03 16:36:23,234 : INFO : EPOCH - 12 : training on 2399154 raw words (1747441 effective words) took 3.6s, 480211 effective words/s
2019-06-03 16:36:24,272 : INFO : EPOCH 13 - PROGRESS: at 25.96% examples, 422463 words/s, in_qsize 21, out_qsize 2
2019-06-03 16:36:25,313 : INFO : EPOCH 13 - PROGRESS: at 52.13% examples, 426822 words/s, in_qsize 24, out_qsize 0
2019-06-03 16:36:26,339 : INFO : EPOCH 13 - PROGRESS: at 78.43% examples, 433972 words/s, in_qsize 24, out_qsize 0
2019-06-03 16:36:26,955 : INFO : worker thread finished; awaiting finish of 11 more threads
2019-06-03 16:36:26,957 : INFO : worker thread finished; awaiting finish of 10 more threads
2019-06-03 16:36:26,964 : INFO : worker thread finished; awaiting finish of 9 more threads
2019-06-03 16:36:26,964 : INFO : worker thread finished; awaiting finish of 8 more threads
2019-06-03 16:36:26,981 : INFO : worker thread finished; awaiting finish of 7 more threads
2019-06-03 16:36:26,982 : INFO : worker thread finished; awaiting finish of 6 more threads
2019-06-03 16:36:26,991 : INFO : worker thread finished; awaiting finish of 5 more threads
2019-06-03 16:36:27,016 : INFO : worker thread finished; awaiting finish of 4 more threads
2019-06-03 16:36:27,022 : INFO : worker thread finished; awaiting finish of 3 more threads
2019-06-03 16:36:27,024 : INFO : worker thread finished; awaiting finish of 2 more threads
2019-06-03 16:36:27,029 : INFO : worker thread finished; awaiting finish of 1 more threads
2019-06-03 16:36:27,031 : INFO : worker thread finished; awaiting finish of 0 more threads
2019-06-03 16:36:27,031 : INFO : EPOCH - 13 : training on 2399154 raw words (1748034 effective words) took 3.8s, 461294 effective words/s
2019-06-03 16:36:28,047 : INFO : EPOCH 14 - PROGRESS: at 25.13% examples, 417177 words/s, in_qsize 23, out_qsize 0
2019-06-03 16:36:29,057 : INFO : EPOCH 14 - PROGRESS: at 50.39% examples, 423864 words/s, in_qsize 23, out_qsize 0
2019-06-03 16:36:30,066 : INFO : EPOCH 14 - PROGRESS: at 75.64% examples, 426996 words/s, in_qsize 22, out_qsize 1
2019-06-03 16:36:30,883 : INFO : worker thread finished; awaiting finish of 11 more threads
2019-06-03 16:36:30,896 : INFO : worker thread finished; awaiting finish of 10 more threads
2019-06-03 16:36:30,908 : INFO : worker thread finished; awaiting finish of 9 more threads
2019-06-03 16:36:30,919 : INFO : worker thread finished; awaiting finish of 8 more threads
2019-06-03 16:36:30,938 : INFO : worker thread finished; awaiting finish of 7 more threads
2019-06-03 16:36:30,956 : INFO : worker thread finished; awaiting finish of 6 more threads
2019-06-03 16:36:30,957 : INFO : worker thread finished; awaiting finish of 5 more threads
2019-06-03 16:36:30,968 : INFO : worker thread finished; awaiting finish of 4 more threads
2019-06-03 16:36:30,975 : INFO : worker thread finished; awaiting finish of 3 more threads
2019-06-03 16:36:30,988 : INFO : worker thread finished; awaiting finish of 2 more threads
2019-06-03 16:36:30,993 : INFO : worker thread finished; awaiting finish of 1 more threads
2019-06-03 16:36:30,995 : INFO : worker thread finished; awaiting finish of 0 more threads
2019-06-03 16:36:30,995 : INFO : EPOCH - 14 : training on 2399154 raw words (1747634 effective words) took 4.0s, 441843 effective words/s
2019-06-03 16:36:32,013 : INFO : EPOCH 15 - PROGRESS: at 19.16% examples, 315668 words/s, in_qsize 21, out_qsize 1
2019-06-03 16:36:33,038 : INFO : EPOCH 15 - PROGRESS: at 44.89% examples, 374441 words/s, in_qsize 23, out_qsize 0
2019-06-03 16:36:34,041 : INFO : EPOCH 15 - PROGRESS: at 69.50% examples, 389670 words/s, in_qsize 24, out_qsize 0
2019-06-03 16:36:35,052 : INFO : EPOCH 15 - PROGRESS: at 96.22% examples, 413050 words/s, in_qsize 11, out_qsize 1
2019-06-03 16:36:35,052 : INFO : worker thread finished; awaiting finish of 11 more threads
2019-06-03 16:36:35,065 : INFO : worker thread finished; awaiting finish of 10 more threads
2019-06-03 16:36:35,069 : INFO : worker thread finished; awaiting finish of 9 more threads
2019-06-03 16:36:35,069 : INFO : worker thread finished; awaiting finish of 8 more threads
2019-06-03 16:36:35,076 : INFO : worker thread finished; awaiting finish of 7 more threads
2019-06-03 16:36:35,077 : INFO : worker thread finished; awaiting finish of 6 more threads
2019-06-03 16:36:35,105 : INFO : worker thread finished; awaiting finish of 5 more threads
2019-06-03 16:36:35,123 : INFO : worker thread finished; awaiting finish of 4 more threads
2019-06-03 16:36:35,130 : INFO : worker thread finished; awaiting finish of 3 more threads
2019-06-03 16:36:35,136 : INFO : worker thread finished; awaiting finish of 2 more threads
2019-06-03 16:36:35,137 : INFO : worker thread finished; awaiting finish of 1 more threads
2019-06-03 16:36:35,139 : INFO : worker thread finished; awaiting finish of 0 more threads
2019-06-03 16:36:35,139 : INFO : EPOCH - 15 : training on 2399154 raw words (1747859 effective words) took 4.1s, 422817 effective words/s
2019-06-03 16:36:36,163 : INFO : EPOCH 16 - PROGRESS: at 22.08% examples, 364006 words/s, in_qsize 24, out_qsize 0
2019-06-03 16:36:37,183 : INFO : EPOCH 16 - PROGRESS: at 49.61% examples, 413117 words/s, in_qsize 21, out_qsize 2
2019-06-03 16:36:38,199 : INFO : EPOCH 16 - PROGRESS: at 76.39% examples, 429277 words/s, in_qsize 22, out_qsize 2
2019-06-03 16:36:38,880 : INFO : worker thread finished; awaiting finish of 11 more threads
2019-06-03 16:36:38,891 : INFO : worker thread finished; awaiting finish of 10 more threads
2019-06-03 16:36:38,903 : INFO : worker thread finished; awaiting finish of 9 more threads
2019-06-03 16:36:38,904 : INFO : worker thread finished; awaiting finish of 8 more threads
2019-06-03 16:36:38,915 : INFO : worker thread finished; awaiting finish of 7 more threads
2019-06-03 16:36:38,921 : INFO : worker thread finished; awaiting finish of 6 more threads
2019-06-03 16:36:38,924 : INFO : worker thread finished; awaiting finish of 5 more threads
2019-06-03 16:36:38,954 : INFO : worker thread finished; awaiting finish of 4 more threads
2019-06-03 16:36:38,967 : INFO : worker thread finished; awaiting finish of 3 more threads
2019-06-03 16:36:38,970 : INFO : worker thread finished; awaiting finish of 2 more threads
2019-06-03 16:36:38,973 : INFO : worker thread finished; awaiting finish of 1 more threads
2019-06-03 16:36:38,975 : INFO : worker thread finished; awaiting finish of 0 more threads
2019-06-03 16:36:38,975 : INFO : EPOCH - 16 : training on 2399154 raw words (1747579 effective words) took 3.8s, 456700 effective words/s
2019-06-03 16:36:39,998 : INFO : EPOCH 17 - PROGRESS: at 24.63% examples, 406830 words/s, in_qsize 20, out_qsize 3
2019-06-03 16:36:41,016 : INFO : EPOCH 17 - PROGRESS: at 52.47% examples, 438195 words/s, in_qsize 24, out_qsize 1
2019-06-03 16:36:42,017 : INFO : EPOCH 17 - PROGRESS: at 80.99% examples, 457100 words/s, in_qsize 23, out_qsize 3
2019-06-03 16:36:42,558 : INFO : worker thread finished; awaiting finish of 11 more threads
2019-06-03 16:36:42,566 : INFO : worker thread finished; awaiting finish of 10 more threads
2019-06-03 16:36:42,577 : INFO : worker thread finished; awaiting finish of 9 more threads
2019-06-03 16:36:42,596 : INFO : worker thread finished; awaiting finish of 8 more threads
2019-06-03 16:36:42,599 : INFO : worker thread finished; awaiting finish of 7 more threads
2019-06-03 16:36:42,605 : INFO : worker thread finished; awaiting finish of 6 more threads
2019-06-03 16:36:42,621 : INFO : worker thread finished; awaiting finish of 5 more threads
2019-06-03 16:36:42,624 : INFO : worker thread finished; awaiting finish of 4 more threads
2019-06-03 16:36:42,637 : INFO : worker thread finished; awaiting finish of 3 more threads
2019-06-03 16:36:42,644 : INFO : worker thread finished; awaiting finish of 2 more threads
2019-06-03 16:36:42,646 : INFO : worker thread finished; awaiting finish of 1 more threads
2019-06-03 16:36:42,648 : INFO : worker thread finished; awaiting finish of 0 more threads
2019-06-03 16:36:42,648 : INFO : EPOCH - 17 : training on 2399154 raw words (1747048 effective words) took 3.7s, 476673 effective words/s
2019-06-03 16:36:43,680 : INFO : EPOCH 18 - PROGRESS: at 24.59% examples, 404581 words/s, in_qsize 23, out_qsize 2
2019-06-03 16:36:44,701 : INFO : EPOCH 18 - PROGRESS: at 54.73% examples, 453967 words/s, in_qsize 21, out_qsize 2
2019-06-03 16:36:45,712 : INFO : EPOCH 18 - PROGRESS: at 83.46% examples, 468508 words/s, in_qsize 24, out_qsize 0
2019-06-03 16:36:46,197 : INFO : worker thread finished; awaiting finish of 11 more threads
2019-06-03 16:36:46,203 : INFO : worker thread finished; awaiting finish of 10 more threads
2019-06-03 16:36:46,224 : INFO : worker thread finished; awaiting finish of 9 more threads
2019-06-03 16:36:46,226 : INFO : worker thread finished; awaiting finish of 8 more threads
2019-06-03 16:36:46,233 : INFO : worker thread finished; awaiting finish of 7 more threads
2019-06-03 16:36:46,249 : INFO : worker thread finished; awaiting finish of 6 more threads
2019-06-03 16:36:46,253 : INFO : worker thread finished; awaiting finish of 5 more threads
2019-06-03 16:36:46,261 : INFO : worker thread finished; awaiting finish of 4 more threads
2019-06-03 16:36:46,275 : INFO : worker thread finished; awaiting finish of 3 more threads
2019-06-03 16:36:46,289 : INFO : worker thread finished; awaiting finish of 2 more threads
2019-06-03 16:36:46,289 : INFO : worker thread finished; awaiting finish of 1 more threads
2019-06-03 16:36:46,298 : INFO : worker thread finished; awaiting finish of 0 more threads
2019-06-03 16:36:46,298 : INFO : EPOCH - 18 : training on 2399154 raw words (1747190 effective words) took 3.6s, 479991 effective words/s
2019-06-03 16:36:47,306 : INFO : EPOCH 19 - PROGRESS: at 24.65% examples, 413067 words/s, in_qsize 22, out_qsize 3
2019-06-03 16:36:48,306 : INFO : EPOCH 19 - PROGRESS: at 52.51% examples, 445544 words/s, in_qsize 24, out_qsize 1
2019-06-03 16:36:49,320 : INFO : EPOCH 19 - PROGRESS: at 81.84% examples, 464851 words/s, in_qsize 23, out_qsize 0
2019-06-03 16:36:49,829 : INFO : worker thread finished; awaiting finish of 11 more threads
2019-06-03 16:36:49,830 : INFO : worker thread finished; awaiting finish of 10 more threads
2019-06-03 16:36:49,834 : INFO : worker thread finished; awaiting finish of 9 more threads
2019-06-03 16:36:49,837 : INFO : worker thread finished; awaiting finish of 8 more threads
2019-06-03 16:36:49,844 : INFO : worker thread finished; awaiting finish of 7 more threads
2019-06-03 16:36:49,845 : INFO : worker thread finished; awaiting finish of 6 more threads
2019-06-03 16:36:49,856 : INFO : worker thread finished; awaiting finish of 5 more threads
2019-06-03 16:36:49,878 : INFO : worker thread finished; awaiting finish of 4 more threads
2019-06-03 16:36:49,896 : INFO : worker thread finished; awaiting finish of 3 more threads
2019-06-03 16:36:49,897 : INFO : worker thread finished; awaiting finish of 2 more threads
2019-06-03 16:36:49,899 : INFO : worker thread finished; awaiting finish of 1 more threads
2019-06-03 16:36:49,900 : INFO : worker thread finished; awaiting finish of 0 more threads
2019-06-03 16:36:49,900 : INFO : EPOCH - 19 : training on 2399154 raw words (1747765 effective words) took 3.6s, 486329 effective words/s
2019-06-03 16:36:50,926 : INFO : EPOCH 20 - PROGRESS: at 25.16% examples, 412976 words/s, in_qsize 21, out_qsize 2
2019-06-03 16:36:51,934 : INFO : EPOCH 20 - PROGRESS: at 53.49% examples, 447288 words/s, in_qsize 23, out_qsize 3
2019-06-03 16:36:52,955 : INFO : EPOCH 20 - PROGRESS: at 83.89% examples, 472122 words/s, in_qsize 23, out_qsize 0
2019-06-03 16:36:53,406 : INFO : worker thread finished; awaiting finish of 11 more threads
2019-06-03 16:36:53,407 : INFO : worker thread finished; awaiting finish of 10 more threads
2019-06-03 16:36:53,424 : INFO : worker thread finished; awaiting finish of 9 more threads
2019-06-03 16:36:53,433 : INFO : worker thread finished; awaiting finish of 8 more threads
2019-06-03 16:36:53,434 : INFO : worker thread finished; awaiting finish of 7 more threads
2019-06-03 16:36:53,449 : INFO : worker thread finished; awaiting finish of 6 more threads
2019-06-03 16:36:53,453 : INFO : worker thread finished; awaiting finish of 5 more threads
2019-06-03 16:36:53,465 : INFO : worker thread finished; awaiting finish of 4 more threads
2019-06-03 16:36:53,487 : INFO : worker thread finished; awaiting finish of 3 more threads
2019-06-03 16:36:53,490 : INFO : worker thread finished; awaiting finish of 2 more threads
2019-06-03 16:36:53,498 : INFO : worker thread finished; awaiting finish of 1 more threads
2019-06-03 16:36:53,507 : INFO : worker thread finished; awaiting finish of 0 more threads
2019-06-03 16:36:53,507 : INFO : EPOCH - 20 : training on 2399154 raw words (1747915 effective words) took 3.6s, 485784 effective words/s
2019-06-03 16:36:54,525 : INFO : EPOCH 21 - PROGRESS: at 25.53% examples, 423472 words/s, in_qsize 24, out_qsize 0
2019-06-03 16:36:55,536 : INFO : EPOCH 21 - PROGRESS: at 52.94% examples, 444318 words/s, in_qsize 22, out_qsize 2
2019-06-03 16:36:56,538 : INFO : EPOCH 21 - PROGRESS: at 78.82% examples, 446865 words/s, in_qsize 22, out_qsize 1
2019-06-03 16:36:57,118 : INFO : worker thread finished; awaiting finish of 11 more threads
2019-06-03 16:36:57,123 : INFO : worker thread finished; awaiting finish of 10 more threads
2019-06-03 16:36:57,144 : INFO : worker thread finished; awaiting finish of 9 more threads
2019-06-03 16:36:57,146 : INFO : worker thread finished; awaiting finish of 8 more threads
2019-06-03 16:36:57,159 : INFO : worker thread finished; awaiting finish of 7 more threads
2019-06-03 16:36:57,179 : INFO : worker thread finished; awaiting finish of 6 more threads
2019-06-03 16:36:57,185 : INFO : worker thread finished; awaiting finish of 5 more threads
2019-06-03 16:36:57,191 : INFO : worker thread finished; awaiting finish of 4 more threads
2019-06-03 16:36:57,211 : INFO : worker thread finished; awaiting finish of 3 more threads
2019-06-03 16:36:57,224 : INFO : worker thread finished; awaiting finish of 2 more threads
2019-06-03 16:36:57,230 : INFO : worker thread finished; awaiting finish of 1 more threads
2019-06-03 16:36:57,230 : INFO : worker thread finished; awaiting finish of 0 more threads
2019-06-03 16:36:57,230 : INFO : EPOCH - 21 : training on 2399154 raw words (1747596 effective words) took 3.7s, 470372 effective words/s
2019-06-03 16:36:58,255 : INFO : EPOCH 22 - PROGRESS: at 25.53% examples, 420946 words/s, in_qsize 24, out_qsize 0
2019-06-03 16:36:59,264 : INFO : EPOCH 22 - PROGRESS: at 54.26% examples, 454391 words/s, in_qsize 23, out_qsize 0
2019-06-03 16:37:00,280 : INFO : EPOCH 22 - PROGRESS: at 81.84% examples, 460919 words/s, in_qsize 24, out_qsize 3
2019-06-03 16:37:00,741 : INFO : worker thread finished; awaiting finish of 11 more threads
2019-06-03 16:37:00,742 : INFO : worker thread finished; awaiting finish of 10 more threads
2019-06-03 16:37:00,769 : INFO : worker thread finished; awaiting finish of 9 more threads
2019-06-03 16:37:00,770 : INFO : worker thread finished; awaiting finish of 8 more threads
2019-06-03 16:37:00,780 : INFO : worker thread finished; awaiting finish of 7 more threads
2019-06-03 16:37:00,787 : INFO : worker thread finished; awaiting finish of 6 more threads
2019-06-03 16:37:00,793 : INFO : worker thread finished; awaiting finish of 5 more threads
2019-06-03 16:37:00,814 : INFO : worker thread finished; awaiting finish of 4 more threads
2019-06-03 16:37:00,815 : INFO : worker thread finished; awaiting finish of 3 more threads
2019-06-03 16:37:00,837 : INFO : worker thread finished; awaiting finish of 2 more threads
2019-06-03 16:37:00,839 : INFO : worker thread finished; awaiting finish of 1 more threads
2019-06-03 16:37:00,848 : INFO : worker thread finished; awaiting finish of 0 more threads
2019-06-03 16:37:00,848 : INFO : EPOCH - 22 : training on 2399154 raw words (1748327 effective words) took 3.6s, 484309 effective words/s
2019-06-03 16:37:01,861 : INFO : EPOCH 23 - PROGRESS: at 25.53% examples, 425917 words/s, in_qsize 22, out_qsize 1
2019-06-03 16:37:02,886 : INFO : EPOCH 23 - PROGRESS: at 51.71% examples, 431791 words/s, in_qsize 20, out_qsize 3
2019-06-03 16:37:03,978 : INFO : EPOCH 23 - PROGRESS: at 81.80% examples, 449079 words/s, in_qsize 24, out_qsize 1
2019-06-03 16:37:04,452 : INFO : worker thread finished; awaiting finish of 11 more threads
2019-06-03 16:37:04,471 : INFO : worker thread finished; awaiting finish of 10 more threads
2019-06-03 16:37:04,476 : INFO : worker thread finished; awaiting finish of 9 more threads
2019-06-03 16:37:04,480 : INFO : worker thread finished; awaiting finish of 8 more threads
2019-06-03 16:37:04,482 : INFO : worker thread finished; awaiting finish of 7 more threads
2019-06-03 16:37:04,490 : INFO : worker thread finished; awaiting finish of 6 more threads
2019-06-03 16:37:04,507 : INFO : worker thread finished; awaiting finish of 5 more threads
2019-06-03 16:37:04,512 : INFO : worker thread finished; awaiting finish of 4 more threads
2019-06-03 16:37:04,527 : INFO : worker thread finished; awaiting finish of 3 more threads
2019-06-03 16:37:04,532 : INFO : worker thread finished; awaiting finish of 2 more threads
2019-06-03 16:37:04,537 : INFO : worker thread finished; awaiting finish of 1 more threads
2019-06-03 16:37:04,540 : INFO : worker thread finished; awaiting finish of 0 more threads
2019-06-03 16:37:04,540 : INFO : EPOCH - 23 : training on 2399154 raw words (1747672 effective words) took 3.7s, 474641 effective words/s
2019-06-03 16:37:05,567 : INFO : EPOCH 24 - PROGRESS: at 26.41% examples, 434506 words/s, in_qsize 23, out_qsize 2
2019-06-03 16:37:06,573 : INFO : EPOCH 24 - PROGRESS: at 56.45% examples, 472523 words/s, in_qsize 23, out_qsize 0
2019-06-03 16:37:07,592 : INFO : EPOCH 24 - PROGRESS: at 84.30% examples, 475005 words/s, in_qsize 22, out_qsize 1
2019-06-03 16:37:07,980 : INFO : worker thread finished; awaiting finish of 11 more threads
2019-06-03 16:37:08,001 : INFO : worker thread finished; awaiting finish of 10 more threads
2019-06-03 16:37:08,005 : INFO : worker thread finished; awaiting finish of 9 more threads
2019-06-03 16:37:08,008 : INFO : worker thread finished; awaiting finish of 8 more threads
2019-06-03 16:37:08,015 : INFO : worker thread finished; awaiting finish of 7 more threads
2019-06-03 16:37:08,023 : INFO : worker thread finished; awaiting finish of 6 more threads
2019-06-03 16:37:08,037 : INFO : worker thread finished; awaiting finish of 5 more threads
2019-06-03 16:37:08,062 : INFO : worker thread finished; awaiting finish of 4 more threads
2019-06-03 16:37:08,063 : INFO : worker thread finished; awaiting finish of 3 more threads
2019-06-03 16:37:08,065 : INFO : worker thread finished; awaiting finish of 2 more threads
2019-06-03 16:37:08,070 : INFO : worker thread finished; awaiting finish of 1 more threads
2019-06-03 16:37:08,071 : INFO : worker thread finished; awaiting finish of 0 more threads
2019-06-03 16:37:08,071 : INFO : EPOCH - 24 : training on 2399154 raw words (1747565 effective words) took 3.5s, 496317 effective words/s
2019-06-03 16:37:09,083 : INFO : EPOCH 25 - PROGRESS: at 26.39% examples, 440718 words/s, in_qsize 24, out_qsize 0
2019-06-03 16:37:10,108 : INFO : EPOCH 25 - PROGRESS: at 54.72% examples, 457046 words/s, in_qsize 22, out_qsize 3
2019-06-03 16:37:11,123 : INFO : EPOCH 25 - PROGRESS: at 85.55% examples, 481999 words/s, in_qsize 23, out_qsize 0
2019-06-03 16:37:11,532 : INFO : worker thread finished; awaiting finish of 11 more threads
2019-06-03 16:37:11,544 : INFO : worker thread finished; awaiting finish of 10 more threads
2019-06-03 16:37:11,549 : INFO : worker thread finished; awaiting finish of 9 more threads
2019-06-03 16:37:11,550 : INFO : worker thread finished; awaiting finish of 8 more threads
2019-06-03 16:37:11,553 : INFO : worker thread finished; awaiting finish of 7 more threads
2019-06-03 16:37:11,555 : INFO : worker thread finished; awaiting finish of 6 more threads
2019-06-03 16:37:11,566 : INFO : worker thread finished; awaiting finish of 5 more threads
2019-06-03 16:37:11,586 : INFO : worker thread finished; awaiting finish of 4 more threads
2019-06-03 16:37:11,607 : INFO : worker thread finished; awaiting finish of 3 more threads
2019-06-03 16:37:11,608 : INFO : worker thread finished; awaiting finish of 2 more threads
2019-06-03 16:37:11,613 : INFO : worker thread finished; awaiting finish of 1 more threads
2019-06-03 16:37:11,618 : INFO : worker thread finished; awaiting finish of 0 more threads
2019-06-03 16:37:11,618 : INFO : EPOCH - 25 : training on 2399154 raw words (1747330 effective words) took 3.5s, 493924 effective words/s
2019-06-03 16:37:12,635 : INFO : EPOCH 26 - PROGRESS: at 25.99% examples, 430354 words/s, in_qsize 23, out_qsize 2
2019-06-03 16:37:13,644 : INFO : EPOCH 26 - PROGRESS: at 55.58% examples, 466390 words/s, in_qsize 23, out_qsize 2
2019-06-03 16:37:14,669 : INFO : EPOCH 26 - PROGRESS: at 82.60% examples, 465193 words/s, in_qsize 23, out_qsize 0
2019-06-03 16:37:15,144 : INFO : worker thread finished; awaiting finish of 11 more threads
2019-06-03 16:37:15,146 : INFO : worker thread finished; awaiting finish of 10 more threads
2019-06-03 16:37:15,149 : INFO : worker thread finished; awaiting finish of 9 more threads
2019-06-03 16:37:15,149 : INFO : worker thread finished; awaiting finish of 8 more threads
2019-06-03 16:37:15,154 : INFO : worker thread finished; awaiting finish of 7 more threads
2019-06-03 16:37:15,155 : INFO : worker thread finished; awaiting finish of 6 more threads
2019-06-03 16:37:15,170 : INFO : worker thread finished; awaiting finish of 5 more threads
2019-06-03 16:37:15,188 : INFO : worker thread finished; awaiting finish of 4 more threads
2019-06-03 16:37:15,200 : INFO : worker thread finished; awaiting finish of 3 more threads
2019-06-03 16:37:15,204 : INFO : worker thread finished; awaiting finish of 2 more threads
2019-06-03 16:37:15,210 : INFO : worker thread finished; awaiting finish of 1 more threads
2019-06-03 16:37:15,212 : INFO : worker thread finished; awaiting finish of 0 more threads
2019-06-03 16:37:15,212 : INFO : EPOCH - 26 : training on 2399154 raw words (1747718 effective words) took 3.6s, 487156 effective words/s
2019-06-03 16:37:16,225 : INFO : EPOCH 27 - PROGRESS: at 25.96% examples, 433852 words/s, in_qsize 23, out_qsize 0
2019-06-03 16:37:17,233 : INFO : EPOCH 27 - PROGRESS: at 53.83% examples, 453853 words/s, in_qsize 23, out_qsize 0
2019-06-03 16:37:18,242 : INFO : EPOCH 27 - PROGRESS: at 81.04% examples, 459109 words/s, in_qsize 22, out_qsize 1
2019-06-03 16:37:18,825 : INFO : worker thread finished; awaiting finish of 11 more threads
2019-06-03 16:37:18,834 : INFO : worker thread finished; awaiting finish of 10 more threads
2019-06-03 16:37:18,850 : INFO : worker thread finished; awaiting finish of 9 more threads
2019-06-03 16:37:18,858 : INFO : worker thread finished; awaiting finish of 8 more threads
2019-06-03 16:37:18,866 : INFO : worker thread finished; awaiting finish of 7 more threads
2019-06-03 16:37:18,875 : INFO : worker thread finished; awaiting finish of 6 more threads
2019-06-03 16:37:18,877 : INFO : worker thread finished; awaiting finish of 5 more threads
2019-06-03 16:37:18,895 : INFO : worker thread finished; awaiting finish of 4 more threads
2019-06-03 16:37:18,898 : INFO : worker thread finished; awaiting finish of 3 more threads
2019-06-03 16:37:18,909 : INFO : worker thread finished; awaiting finish of 2 more threads
2019-06-03 16:37:18,910 : INFO : worker thread finished; awaiting finish of 1 more threads
2019-06-03 16:37:18,920 : INFO : worker thread finished; awaiting finish of 0 more threads
2019-06-03 16:37:18,920 : INFO : EPOCH - 27 : training on 2399154 raw words (1747088 effective words) took 3.7s, 472436 effective words/s
2019-06-03 16:37:19,940 : INFO : EPOCH 28 - PROGRESS: at 25.96% examples, 430352 words/s, in_qsize 23, out_qsize 0
2019-06-03 16:37:20,942 : INFO : EPOCH 28 - PROGRESS: at 53.36% examples, 449936 words/s, in_qsize 23, out_qsize 0
2019-06-03 16:37:21,952 : INFO : EPOCH 28 - PROGRESS: at 82.58% examples, 468702 words/s, in_qsize 23, out_qsize 0
2019-06-03 16:37:22,446 : INFO : worker thread finished; awaiting finish of 11 more threads
2019-06-03 16:37:22,448 : INFO : worker thread finished; awaiting finish of 10 more threads
2019-06-03 16:37:22,468 : INFO : worker thread finished; awaiting finish of 9 more threads
2019-06-03 16:37:22,469 : INFO : worker thread finished; awaiting finish of 8 more threads
2019-06-03 16:37:22,476 : INFO : worker thread finished; awaiting finish of 7 more threads
2019-06-03 16:37:22,477 : INFO : worker thread finished; awaiting finish of 6 more threads
2019-06-03 16:37:22,492 : INFO : worker thread finished; awaiting finish of 5 more threads
2019-06-03 16:37:22,517 : INFO : worker thread finished; awaiting finish of 4 more threads
2019-06-03 16:37:22,525 : INFO : worker thread finished; awaiting finish of 3 more threads
2019-06-03 16:37:22,526 : INFO : worker thread finished; awaiting finish of 2 more threads
2019-06-03 16:37:22,530 : INFO : worker thread finished; awaiting finish of 1 more threads
2019-06-03 16:37:22,534 : INFO : worker thread finished; awaiting finish of 0 more threads
2019-06-03 16:37:22,534 : INFO : EPOCH - 28 : training on 2399154 raw words (1747487 effective words) took 3.6s, 484947 effective words/s
2019-06-03 16:37:23,546 : INFO : EPOCH 29 - PROGRESS: at 23.81% examples, 396724 words/s, in_qsize 22, out_qsize 1
2019-06-03 16:37:24,554 : INFO : EPOCH 29 - PROGRESS: at 50.39% examples, 424811 words/s, in_qsize 24, out_qsize 0
2019-06-03 16:37:25,576 : INFO : EPOCH 29 - PROGRESS: at 77.65% examples, 437954 words/s, in_qsize 23, out_qsize 2
2019-06-03 16:37:26,249 : INFO : worker thread finished; awaiting finish of 11 more threads
2019-06-03 16:37:26,262 : INFO : worker thread finished; awaiting finish of 10 more threads
2019-06-03 16:37:26,266 : INFO : worker thread finished; awaiting finish of 9 more threads
2019-06-03 16:37:26,279 : INFO : worker thread finished; awaiting finish of 8 more threads
2019-06-03 16:37:26,279 : INFO : worker thread finished; awaiting finish of 7 more threads
2019-06-03 16:37:26,280 : INFO : worker thread finished; awaiting finish of 6 more threads
2019-06-03 16:37:26,293 : INFO : worker thread finished; awaiting finish of 5 more threads
2019-06-03 16:37:26,302 : INFO : worker thread finished; awaiting finish of 4 more threads
2019-06-03 16:37:26,308 : INFO : worker thread finished; awaiting finish of 3 more threads
2019-06-03 16:37:26,323 : INFO : worker thread finished; awaiting finish of 2 more threads
2019-06-03 16:37:26,328 : INFO : worker thread finished; awaiting finish of 1 more threads
2019-06-03 16:37:26,340 : INFO : worker thread finished; awaiting finish of 0 more threads
2019-06-03 16:37:26,340 : INFO : EPOCH - 29 : training on 2399154 raw words (1747613 effective words) took 3.8s, 460008 effective words/s
2019-06-03 16:37:27,364 : INFO : EPOCH 30 - PROGRESS: at 22.62% examples, 370879 words/s, in_qsize 24, out_qsize 0
2019-06-03 16:37:28,382 : INFO : EPOCH 30 - PROGRESS: at 50.82% examples, 424129 words/s, in_qsize 24, out_qsize 0
2019-06-03 16:37:29,384 : INFO : EPOCH 30 - PROGRESS: at 78.50% examples, 442870 words/s, in_qsize 23, out_qsize 0
2019-06-03 16:37:30,077 : INFO : worker thread finished; awaiting finish of 11 more threads
2019-06-03 16:37:30,098 : INFO : worker thread finished; awaiting finish of 10 more threads
2019-06-03 16:37:30,102 : INFO : worker thread finished; awaiting finish of 9 more threads
2019-06-03 16:37:30,113 : INFO : worker thread finished; awaiting finish of 8 more threads
2019-06-03 16:37:30,114 : INFO : worker thread finished; awaiting finish of 7 more threads
2019-06-03 16:37:30,118 : INFO : worker thread finished; awaiting finish of 6 more threads
2019-06-03 16:37:30,133 : INFO : worker thread finished; awaiting finish of 5 more threads
2019-06-03 16:37:30,142 : INFO : worker thread finished; awaiting finish of 4 more threads
2019-06-03 16:37:30,151 : INFO : worker thread finished; awaiting finish of 3 more threads
2019-06-03 16:37:30,166 : INFO : worker thread finished; awaiting finish of 2 more threads
2019-06-03 16:37:30,168 : INFO : worker thread finished; awaiting finish of 1 more threads
2019-06-03 16:37:30,173 : INFO : worker thread finished; awaiting finish of 0 more threads
2019-06-03 16:37:30,173 : INFO : EPOCH - 30 : training on 2399154 raw words (1747466 effective words) took 3.8s, 457079 effective words/s
2019-06-03 16:37:30,173 : INFO : training on a 71974620 raw words (52426103 effective words) took 114.7s, 456888 effective words/s
2019-06-03 16:37:30,173 : INFO : precomputing L2-norms of word weight vectors
2019-06-03 16:37:30,243 : INFO : saving Word2Vec object under search/vocab.model, separately None
2019-06-03 16:37:30,243 : INFO : storing np array 'vectors' to search/vocab.model.wv.vectors.npy
2019-06-03 16:37:30,766 : INFO : not storing attribute vectors_norm
2019-06-03 16:37:30,767 : INFO : storing np array 'syn1neg' to search/vocab.model.trainables.syn1neg.npy
2019-06-03 16:37:31,253 : INFO : not storing attribute cum_table
2019-06-03 16:37:31,433 : INFO : saved search/vocab.model
2019-06-03 16:37:31,460 : INFO : loading Word2Vec object from search/vocab.model
2019-06-03 16:37:31,581 : INFO : loading wv recursively from search/vocab.model.wv.* with mmap=None
2019-06-03 16:37:31,581 : INFO : loading vectors from search/vocab.model.wv.vectors.npy with mmap=None
2019-06-03 16:37:31,625 : INFO : setting ignored attribute vectors_norm to None
2019-06-03 16:37:31,625 : INFO : loading vocabulary recursively from search/vocab.model.vocabulary.* with mmap=None
2019-06-03 16:37:31,625 : INFO : loading trainables recursively from search/vocab.model.trainables.* with mmap=None
2019-06-03 16:37:31,625 : INFO : loading syn1neg from search/vocab.model.trainables.syn1neg.npy with mmap=None
2019-06-03 16:37:31,668 : INFO : setting ignored attribute cum_table to None
2019-06-03 16:37:31,668 : INFO : loaded search/vocab.model
2019-06-03 16:37:31,820 : INFO : precomputing L2-norms of word weight vectors
2019-06-03 16:39:42,847 : INFO : loading Word2Vec object from search/vocab.model
2019-06-03 16:39:43,123 : INFO : loading wv recursively from search/vocab.model.wv.* with mmap=None
2019-06-03 16:39:43,123 : INFO : loading vectors from search/vocab.model.wv.vectors.npy with mmap=None
2019-06-03 16:39:43,166 : INFO : setting ignored attribute vectors_norm to None
2019-06-03 16:39:43,166 : INFO : loading vocabulary recursively from search/vocab.model.vocabulary.* with mmap=None
2019-06-03 16:39:43,166 : INFO : loading trainables recursively from search/vocab.model.trainables.* with mmap=None
2019-06-03 16:39:43,167 : INFO : loading syn1neg from search/vocab.model.trainables.syn1neg.npy with mmap=None
2019-06-03 16:39:43,211 : INFO : setting ignored attribute cum_table to None
2019-06-03 16:39:43,211 : INFO : loaded search/vocab.model
2019-06-03 16:39:43,393 : INFO : loading Word2Vec object from search/vocab.model
2019-06-03 16:39:43,545 : INFO : loading wv recursively from search/vocab.model.wv.* with mmap=None
2019-06-03 16:39:43,545 : INFO : loading vectors from search/vocab.model.wv.vectors.npy with mmap=None
2019-06-03 16:39:43,589 : INFO : setting ignored attribute vectors_norm to None
2019-06-03 16:39:43,589 : INFO : loading vocabulary recursively from search/vocab.model.vocabulary.* with mmap=None
2019-06-03 16:39:43,589 : INFO : loading trainables recursively from search/vocab.model.trainables.* with mmap=None
2019-06-03 16:39:43,589 : INFO : loading syn1neg from search/vocab.model.trainables.syn1neg.npy with mmap=None
2019-06-03 16:39:43,632 : INFO : setting ignored attribute cum_table to None
2019-06-03 16:39:43,633 : INFO : loaded search/vocab.model
2019-06-03 16:39:43,789 : INFO : precomputing L2-norms of word weight vectors
2019-06-03 16:39:57,262 : INFO : loading Word2Vec object from search/vocab.model
2019-06-03 16:39:57,467 : INFO : loading wv recursively from search/vocab.model.wv.* with mmap=None
2019-06-03 16:39:57,468 : INFO : loading vectors from search/vocab.model.wv.vectors.npy with mmap=None
2019-06-03 16:39:57,512 : INFO : setting ignored attribute vectors_norm to None
2019-06-03 16:39:57,512 : INFO : loading vocabulary recursively from search/vocab.model.vocabulary.* with mmap=None
2019-06-03 16:39:57,513 : INFO : loading trainables recursively from search/vocab.model.trainables.* with mmap=None
2019-06-03 16:39:57,513 : INFO : loading syn1neg from search/vocab.model.trainables.syn1neg.npy with mmap=None
2019-06-03 16:39:57,557 : INFO : setting ignored attribute cum_table to None
2019-06-03 16:39:57,557 : INFO : loaded search/vocab.model
2019-06-03 16:39:57,736 : INFO : loading Word2Vec object from search/vocab.model
2019-06-03 16:39:57,924 : INFO : loading wv recursively from search/vocab.model.wv.* with mmap=None
2019-06-03 16:39:57,924 : INFO : loading vectors from search/vocab.model.wv.vectors.npy with mmap=None
2019-06-03 16:39:57,968 : INFO : setting ignored attribute vectors_norm to None
2019-06-03 16:39:57,968 : INFO : loading vocabulary recursively from search/vocab.model.vocabulary.* with mmap=None
2019-06-03 16:39:57,968 : INFO : loading trainables recursively from search/vocab.model.trainables.* with mmap=None
2019-06-03 16:39:57,968 : INFO : loading syn1neg from search/vocab.model.trainables.syn1neg.npy with mmap=None
2019-06-03 16:39:58,011 : INFO : setting ignored attribute cum_table to None
2019-06-03 16:39:58,011 : INFO : loaded search/vocab.model
2019-06-03 16:39:58,170 : INFO : precomputing L2-norms of word weight vectors
2019-06-03 16:42:09,755 : INFO : loading Word2Vec object from search/vocab.model
2019-06-03 16:42:09,756 : INFO : loading Word2Vec object from search/vocab.model
2019-06-03 16:42:10,146 : INFO : loading wv recursively from search/vocab.model.wv.* with mmap=None
2019-06-03 16:42:10,146 : INFO : loading vectors from search/vocab.model.wv.vectors.npy with mmap=None
2019-06-03 16:42:10,146 : INFO : loading wv recursively from search/vocab.model.wv.* with mmap=None
2019-06-03 16:42:10,146 : INFO : loading vectors from search/vocab.model.wv.vectors.npy with mmap=None
2019-06-03 16:42:10,211 : INFO : setting ignored attribute vectors_norm to None
2019-06-03 16:42:10,211 : INFO : loading vocabulary recursively from search/vocab.model.vocabulary.* with mmap=None
2019-06-03 16:42:10,211 : INFO : setting ignored attribute vectors_norm to None
2019-06-03 16:42:10,211 : INFO : loading trainables recursively from search/vocab.model.trainables.* with mmap=None
2019-06-03 16:42:10,211 : INFO : loading vocabulary recursively from search/vocab.model.vocabulary.* with mmap=None
2019-06-03 16:42:10,211 : INFO : loading syn1neg from search/vocab.model.trainables.syn1neg.npy with mmap=None
2019-06-03 16:42:10,211 : INFO : loading trainables recursively from search/vocab.model.trainables.* with mmap=None
2019-06-03 16:42:10,212 : INFO : loading syn1neg from search/vocab.model.trainables.syn1neg.npy with mmap=None
2019-06-03 16:42:10,276 : INFO : setting ignored attribute cum_table to None
2019-06-03 16:42:10,276 : INFO : loaded search/vocab.model
2019-06-03 16:42:10,277 : INFO : setting ignored attribute cum_table to None
2019-06-03 16:42:10,282 : INFO : loaded search/vocab.model
2019-06-03 16:42:10,631 : INFO : loading Word2Vec object from search/vocab.model
2019-06-03 16:42:10,631 : INFO : loading Word2Vec object from search/vocab.model
2019-06-03 16:42:10,944 : INFO : loading wv recursively from search/vocab.model.wv.* with mmap=None
2019-06-03 16:42:10,944 : INFO : loading wv recursively from search/vocab.model.wv.* with mmap=None
2019-06-03 16:42:10,945 : INFO : loading vectors from search/vocab.model.wv.vectors.npy with mmap=None
2019-06-03 16:42:10,945 : INFO : loading vectors from search/vocab.model.wv.vectors.npy with mmap=None
2019-06-03 16:42:11,009 : INFO : setting ignored attribute vectors_norm to None
2019-06-03 16:42:11,009 : INFO : setting ignored attribute vectors_norm to None
2019-06-03 16:42:11,010 : INFO : loading vocabulary recursively from search/vocab.model.vocabulary.* with mmap=None
2019-06-03 16:42:11,010 : INFO : loading vocabulary recursively from search/vocab.model.vocabulary.* with mmap=None
2019-06-03 16:42:11,010 : INFO : loading trainables recursively from search/vocab.model.trainables.* with mmap=None
2019-06-03 16:42:11,010 : INFO : loading trainables recursively from search/vocab.model.trainables.* with mmap=None
2019-06-03 16:42:11,010 : INFO : loading syn1neg from search/vocab.model.trainables.syn1neg.npy with mmap=None
2019-06-03 16:42:11,010 : INFO : loading syn1neg from search/vocab.model.trainables.syn1neg.npy with mmap=None
2019-06-03 16:42:11,065 : INFO : setting ignored attribute cum_table to None
2019-06-03 16:42:11,065 : INFO : loaded search/vocab.model
2019-06-03 16:42:11,065 : INFO : setting ignored attribute cum_table to None
2019-06-03 16:42:11,070 : INFO : loaded search/vocab.model
2019-06-03 16:42:11,367 : INFO : precomputing L2-norms of word weight vectors
2019-06-03 16:42:11,368 : INFO : precomputing L2-norms of word weight vectors
2019-06-03 16:43:22,317 : INFO : loading Word2Vec object from search/vocab.model
2019-06-03 16:43:22,550 : INFO : loading wv recursively from search/vocab.model.wv.* with mmap=None
2019-06-03 16:43:22,550 : INFO : loading vectors from search/vocab.model.wv.vectors.npy with mmap=None
2019-06-03 16:43:22,594 : INFO : setting ignored attribute vectors_norm to None
2019-06-03 16:43:22,594 : INFO : loading vocabulary recursively from search/vocab.model.vocabulary.* with mmap=None
2019-06-03 16:43:22,594 : INFO : loading trainables recursively from search/vocab.model.trainables.* with mmap=None
2019-06-03 16:43:22,594 : INFO : loading syn1neg from search/vocab.model.trainables.syn1neg.npy with mmap=None
2019-06-03 16:43:22,637 : INFO : setting ignored attribute cum_table to None
2019-06-03 16:43:22,637 : INFO : loaded search/vocab.model
2019-06-03 16:43:22,824 : INFO : loading Word2Vec object from search/vocab.model
2019-06-03 16:43:23,044 : INFO : loading wv recursively from search/vocab.model.wv.* with mmap=None
2019-06-03 16:43:23,044 : INFO : loading vectors from search/vocab.model.wv.vectors.npy with mmap=None
2019-06-03 16:43:23,088 : INFO : setting ignored attribute vectors_norm to None
2019-06-03 16:43:23,088 : INFO : loading vocabulary recursively from search/vocab.model.vocabulary.* with mmap=None
2019-06-03 16:43:23,089 : INFO : loading trainables recursively from search/vocab.model.trainables.* with mmap=None
2019-06-03 16:43:23,089 : INFO : loading syn1neg from search/vocab.model.trainables.syn1neg.npy with mmap=None
2019-06-03 16:43:23,131 : INFO : setting ignored attribute cum_table to None
2019-06-03 16:43:23,131 : INFO : loaded search/vocab.model
2019-06-03 16:43:23,287 : INFO : precomputing L2-norms of word weight vectors
2019-06-03 16:45:05,440 : INFO : E:\Studia\Projekty\Systemy SI\Systemy-SI\searchengine\search\main.py changed, reloading.
