2019-05-11 20:47:04,838 : INFO : collecting all words and their counts
2019-05-11 20:47:04,838 : INFO : PROGRESS: at sentence #0, processed 0 words, keeping 0 word types
2019-05-11 20:47:04,848 : INFO : PROGRESS: at sentence #10000, processed 37876 words, keeping 14508 word types
2019-05-11 20:47:04,858 : INFO : PROGRESS: at sentence #20000, processed 73372 words, keeping 23383 word types
2019-05-11 20:47:04,869 : INFO : PROGRESS: at sentence #30000, processed 110598 words, keeping 31573 word types
2019-05-11 20:47:04,879 : INFO : PROGRESS: at sentence #40000, processed 149779 words, keeping 38426 word types
2019-05-11 20:47:04,891 : INFO : PROGRESS: at sentence #50000, processed 185097 words, keeping 44693 word types
2019-05-11 20:47:04,902 : INFO : PROGRESS: at sentence #60000, processed 222393 words, keeping 50546 word types
2019-05-11 20:47:04,913 : INFO : PROGRESS: at sentence #70000, processed 258440 words, keeping 56481 word types
2019-05-11 20:47:04,924 : INFO : PROGRESS: at sentence #80000, processed 293254 words, keeping 62149 word types
2019-05-11 20:47:04,934 : INFO : PROGRESS: at sentence #90000, processed 330708 words, keeping 67118 word types
2019-05-11 20:47:04,944 : INFO : PROGRESS: at sentence #100000, processed 365011 words, keeping 71860 word types
2019-05-11 20:47:04,955 : INFO : PROGRESS: at sentence #110000, processed 401530 words, keeping 76567 word types
2019-05-11 20:47:04,971 : INFO : PROGRESS: at sentence #120000, processed 436509 words, keeping 81093 word types
2019-05-11 20:47:04,985 : INFO : PROGRESS: at sentence #130000, processed 474683 words, keeping 85807 word types
2019-05-11 20:47:05,000 : INFO : PROGRESS: at sentence #140000, processed 509687 words, keeping 90324 word types
2019-05-11 20:47:05,013 : INFO : PROGRESS: at sentence #150000, processed 551883 words, keeping 94491 word types
2019-05-11 20:47:05,026 : INFO : PROGRESS: at sentence #160000, processed 586082 words, keeping 98164 word types
2019-05-11 20:47:05,038 : INFO : PROGRESS: at sentence #170000, processed 622741 words, keeping 102205 word types
2019-05-11 20:47:05,051 : INFO : PROGRESS: at sentence #180000, processed 659371 words, keeping 106511 word types
2019-05-11 20:47:05,063 : INFO : PROGRESS: at sentence #190000, processed 698694 words, keeping 110690 word types
2019-05-11 20:47:05,075 : INFO : PROGRESS: at sentence #200000, processed 737134 words, keeping 115026 word types
2019-05-11 20:47:05,089 : INFO : PROGRESS: at sentence #210000, processed 777005 words, keeping 119332 word types
2019-05-11 20:47:05,101 : INFO : PROGRESS: at sentence #220000, processed 812658 words, keeping 122977 word types
2019-05-11 20:47:05,114 : INFO : PROGRESS: at sentence #230000, processed 850600 words, keeping 126552 word types
2019-05-11 20:47:05,125 : INFO : PROGRESS: at sentence #240000, processed 881507 words, keeping 129384 word types
2019-05-11 20:47:05,139 : INFO : PROGRESS: at sentence #250000, processed 921312 words, keeping 133382 word types
2019-05-11 20:47:05,152 : INFO : PROGRESS: at sentence #260000, processed 958314 words, keeping 136835 word types
2019-05-11 20:47:05,166 : INFO : PROGRESS: at sentence #270000, processed 999305 words, keeping 140271 word types
2019-05-11 20:47:05,180 : INFO : PROGRESS: at sentence #280000, processed 1038433 words, keeping 143864 word types
2019-05-11 20:47:05,192 : INFO : PROGRESS: at sentence #290000, processed 1074410 words, keeping 146789 word types
2019-05-11 20:47:05,204 : INFO : PROGRESS: at sentence #300000, processed 1111378 words, keeping 150363 word types
2019-05-11 20:47:05,215 : INFO : PROGRESS: at sentence #310000, processed 1147832 words, keeping 153350 word types
2019-05-11 20:47:05,228 : INFO : PROGRESS: at sentence #320000, processed 1188346 words, keeping 156892 word types
2019-05-11 20:47:05,240 : INFO : PROGRESS: at sentence #330000, processed 1225462 words, keeping 160207 word types
2019-05-11 20:47:05,252 : INFO : PROGRESS: at sentence #340000, processed 1261136 words, keeping 163369 word types
2019-05-11 20:47:05,263 : INFO : PROGRESS: at sentence #350000, processed 1298844 words, keeping 166267 word types
2019-05-11 20:47:05,274 : INFO : PROGRESS: at sentence #360000, processed 1335541 words, keeping 169205 word types
2019-05-11 20:47:05,287 : INFO : PROGRESS: at sentence #370000, processed 1372899 words, keeping 172051 word types
2019-05-11 20:47:05,305 : INFO : PROGRESS: at sentence #380000, processed 1410883 words, keeping 174860 word types
2019-05-11 20:47:05,317 : INFO : PROGRESS: at sentence #390000, processed 1448550 words, keeping 177570 word types
2019-05-11 20:47:05,328 : INFO : PROGRESS: at sentence #400000, processed 1484369 words, keeping 180034 word types
2019-05-11 20:47:05,340 : INFO : PROGRESS: at sentence #410000, processed 1520074 words, keeping 182732 word types
2019-05-11 20:47:05,352 : INFO : PROGRESS: at sentence #420000, processed 1556235 words, keeping 185275 word types
2019-05-11 20:47:05,365 : INFO : PROGRESS: at sentence #430000, processed 1597370 words, keeping 188275 word types
2019-05-11 20:47:05,378 : INFO : PROGRESS: at sentence #440000, processed 1635257 words, keeping 190915 word types
2019-05-11 20:47:05,390 : INFO : PROGRESS: at sentence #450000, processed 1674388 words, keeping 193627 word types
2019-05-11 20:47:05,403 : INFO : PROGRESS: at sentence #460000, processed 1711793 words, keeping 196136 word types
2019-05-11 20:47:05,415 : INFO : PROGRESS: at sentence #470000, processed 1751651 words, keeping 198633 word types
2019-05-11 20:47:05,428 : INFO : PROGRESS: at sentence #480000, processed 1791107 words, keeping 201273 word types
2019-05-11 20:47:05,441 : INFO : PROGRESS: at sentence #490000, processed 1830840 words, keeping 203778 word types
2019-05-11 20:47:05,454 : INFO : PROGRESS: at sentence #500000, processed 1869003 words, keeping 206397 word types
2019-05-11 20:47:05,466 : INFO : PROGRESS: at sentence #510000, processed 1905056 words, keeping 208798 word types
2019-05-11 20:47:05,481 : INFO : PROGRESS: at sentence #520000, processed 1946466 words, keeping 211451 word types
2019-05-11 20:47:05,493 : INFO : PROGRESS: at sentence #530000, processed 1984438 words, keeping 214285 word types
2019-05-11 20:47:05,506 : INFO : PROGRESS: at sentence #540000, processed 2020651 words, keeping 216495 word types
2019-05-11 20:47:05,519 : INFO : PROGRESS: at sentence #550000, processed 2060708 words, keeping 219061 word types
2019-05-11 20:47:05,533 : INFO : PROGRESS: at sentence #560000, processed 2104431 words, keeping 221689 word types
2019-05-11 20:47:05,546 : INFO : PROGRESS: at sentence #570000, processed 2146152 words, keeping 224347 word types
2019-05-11 20:47:05,559 : INFO : PROGRESS: at sentence #580000, processed 2187627 words, keeping 226746 word types
2019-05-11 20:47:05,574 : INFO : PROGRESS: at sentence #590000, processed 2228484 words, keeping 229576 word types
2019-05-11 20:47:05,589 : INFO : PROGRESS: at sentence #600000, processed 2267364 words, keeping 232064 word types
2019-05-11 20:47:05,603 : INFO : PROGRESS: at sentence #610000, processed 2314331 words, keeping 234383 word types
2019-05-11 20:47:05,615 : INFO : PROGRESS: at sentence #620000, processed 2354834 words, keeping 236677 word types
2019-05-11 20:47:05,628 : INFO : PROGRESS: at sentence #630000, processed 2398565 words, keeping 239363 word types
2019-05-11 20:47:05,629 : INFO : collected 239394 word types from a corpus of 2399154 raw words and 630194 sentences
2019-05-11 20:47:05,629 : INFO : Loading a fresh vocabulary
2019-05-11 20:47:05,834 : INFO : effective_min_count=10 retains 29113 unique words (12% of original 239394, drops 210281)
2019-05-11 20:47:05,834 : INFO : effective_min_count=10 leaves 1971714 word corpus (82% of original 2399154, drops 427440)
2019-05-11 20:47:05,921 : INFO : deleting the raw counts dictionary of 239394 items
2019-05-11 20:47:05,925 : INFO : sample=6e-05 downsamples 885 most-common words
2019-05-11 20:47:05,925 : INFO : downsampling leaves estimated 1492411 word corpus (75.7% of prior 1971714)
2019-05-11 20:47:06,010 : INFO : estimated required memory for 29113 words and 500 dimensions: 131008500 bytes
2019-05-11 20:47:06,010 : INFO : resetting layer weights
2019-05-11 20:47:06,477 : INFO : training model with 12 workers on 29113 vocabulary and 500 features, using sg=0 hs=0 sample=6e-05 negative=20 window=3
2019-05-11 20:47:07,550 : INFO : EPOCH 1 - PROGRESS: at 18.74% examples, 249570 words/s, in_qsize 24, out_qsize 0
2019-05-11 20:47:08,571 : INFO : EPOCH 1 - PROGRESS: at 40.44% examples, 278279 words/s, in_qsize 23, out_qsize 0
2019-05-11 20:47:09,575 : INFO : EPOCH 1 - PROGRESS: at 59.82% examples, 279676 words/s, in_qsize 24, out_qsize 0
2019-05-11 20:47:10,599 : INFO : EPOCH 1 - PROGRESS: at 80.63% examples, 286245 words/s, in_qsize 23, out_qsize 0
2019-05-11 20:47:11,432 : INFO : worker thread finished; awaiting finish of 11 more threads
2019-05-11 20:47:11,452 : INFO : worker thread finished; awaiting finish of 10 more threads
2019-05-11 20:47:11,452 : INFO : worker thread finished; awaiting finish of 9 more threads
2019-05-11 20:47:11,461 : INFO : worker thread finished; awaiting finish of 8 more threads
2019-05-11 20:47:11,477 : INFO : worker thread finished; awaiting finish of 7 more threads
2019-05-11 20:47:11,501 : INFO : worker thread finished; awaiting finish of 6 more threads
2019-05-11 20:47:11,511 : INFO : worker thread finished; awaiting finish of 5 more threads
2019-05-11 20:47:11,511 : INFO : worker thread finished; awaiting finish of 4 more threads
2019-05-11 20:47:11,526 : INFO : worker thread finished; awaiting finish of 3 more threads
2019-05-11 20:47:11,539 : INFO : worker thread finished; awaiting finish of 2 more threads
2019-05-11 20:47:11,547 : INFO : worker thread finished; awaiting finish of 1 more threads
2019-05-11 20:47:11,558 : INFO : worker thread finished; awaiting finish of 0 more threads
2019-05-11 20:47:11,558 : INFO : EPOCH - 1 : training on 2399154 raw words (1492026 effective words) took 5.1s, 294266 effective words/s
2019-05-11 20:47:12,567 : INFO : EPOCH 2 - PROGRESS: at 18.27% examples, 258891 words/s, in_qsize 24, out_qsize 1
2019-05-11 20:47:13,585 : INFO : EPOCH 2 - PROGRESS: at 39.57% examples, 281093 words/s, in_qsize 22, out_qsize 1
2019-05-11 20:47:14,681 : INFO : EPOCH 2 - PROGRESS: at 60.21% examples, 279155 words/s, in_qsize 24, out_qsize 0
2019-05-11 20:47:15,685 : INFO : EPOCH 2 - PROGRESS: at 81.03% examples, 287125 words/s, in_qsize 24, out_qsize 1
2019-05-11 20:47:16,486 : INFO : worker thread finished; awaiting finish of 11 more threads
2019-05-11 20:47:16,490 : INFO : worker thread finished; awaiting finish of 10 more threads
2019-05-11 20:47:16,509 : INFO : worker thread finished; awaiting finish of 9 more threads
2019-05-11 20:47:16,522 : INFO : worker thread finished; awaiting finish of 8 more threads
2019-05-11 20:47:16,523 : INFO : worker thread finished; awaiting finish of 7 more threads
2019-05-11 20:47:16,524 : INFO : worker thread finished; awaiting finish of 6 more threads
2019-05-11 20:47:16,533 : INFO : worker thread finished; awaiting finish of 5 more threads
2019-05-11 20:47:16,560 : INFO : worker thread finished; awaiting finish of 4 more threads
2019-05-11 20:47:16,564 : INFO : worker thread finished; awaiting finish of 3 more threads
2019-05-11 20:47:16,566 : INFO : worker thread finished; awaiting finish of 2 more threads
2019-05-11 20:47:16,573 : INFO : worker thread finished; awaiting finish of 1 more threads
2019-05-11 20:47:16,594 : INFO : worker thread finished; awaiting finish of 0 more threads
2019-05-11 20:47:16,594 : INFO : EPOCH - 2 : training on 2399154 raw words (1491911 effective words) took 5.0s, 296728 effective words/s
2019-05-11 20:47:17,603 : INFO : EPOCH 3 - PROGRESS: at 17.85% examples, 252713 words/s, in_qsize 24, out_qsize 1
2019-05-11 20:47:18,605 : INFO : EPOCH 3 - PROGRESS: at 38.78% examples, 277420 words/s, in_qsize 24, out_qsize 0
2019-05-11 20:47:19,615 : INFO : EPOCH 3 - PROGRESS: at 58.62% examples, 280274 words/s, in_qsize 22, out_qsize 1
2019-05-11 20:47:20,640 : INFO : EPOCH 3 - PROGRESS: at 79.78% examples, 288373 words/s, in_qsize 23, out_qsize 0
2019-05-11 20:47:21,483 : INFO : worker thread finished; awaiting finish of 11 more threads
2019-05-11 20:47:21,496 : INFO : worker thread finished; awaiting finish of 10 more threads
2019-05-11 20:47:21,498 : INFO : worker thread finished; awaiting finish of 9 more threads
2019-05-11 20:47:21,501 : INFO : worker thread finished; awaiting finish of 8 more threads
2019-05-11 20:47:21,525 : INFO : worker thread finished; awaiting finish of 7 more threads
2019-05-11 20:47:21,544 : INFO : worker thread finished; awaiting finish of 6 more threads
2019-05-11 20:47:21,554 : INFO : worker thread finished; awaiting finish of 5 more threads
2019-05-11 20:47:21,570 : INFO : worker thread finished; awaiting finish of 4 more threads
2019-05-11 20:47:21,586 : INFO : worker thread finished; awaiting finish of 3 more threads
2019-05-11 20:47:21,589 : INFO : worker thread finished; awaiting finish of 2 more threads
2019-05-11 20:47:21,594 : INFO : worker thread finished; awaiting finish of 1 more threads
2019-05-11 20:47:21,606 : INFO : worker thread finished; awaiting finish of 0 more threads
2019-05-11 20:47:21,607 : INFO : EPOCH - 3 : training on 2399154 raw words (1491776 effective words) took 5.0s, 298142 effective words/s
2019-05-11 20:47:22,617 : INFO : EPOCH 4 - PROGRESS: at 18.74% examples, 264766 words/s, in_qsize 23, out_qsize 0
2019-05-11 20:47:23,622 : INFO : EPOCH 4 - PROGRESS: at 39.19% examples, 279741 words/s, in_qsize 22, out_qsize 0
2019-05-11 20:47:24,644 : INFO : EPOCH 4 - PROGRESS: at 59.37% examples, 282954 words/s, in_qsize 23, out_qsize 0
2019-05-11 20:47:25,709 : INFO : EPOCH 4 - PROGRESS: at 79.78% examples, 284349 words/s, in_qsize 23, out_qsize 2
2019-05-11 20:47:26,490 : INFO : worker thread finished; awaiting finish of 11 more threads
2019-05-11 20:47:26,523 : INFO : worker thread finished; awaiting finish of 10 more threads
2019-05-11 20:47:26,524 : INFO : worker thread finished; awaiting finish of 9 more threads
2019-05-11 20:47:26,558 : INFO : worker thread finished; awaiting finish of 8 more threads
2019-05-11 20:47:26,566 : INFO : worker thread finished; awaiting finish of 7 more threads
2019-05-11 20:47:26,583 : INFO : worker thread finished; awaiting finish of 6 more threads
2019-05-11 20:47:26,589 : INFO : worker thread finished; awaiting finish of 5 more threads
2019-05-11 20:47:26,607 : INFO : worker thread finished; awaiting finish of 4 more threads
2019-05-11 20:47:26,609 : INFO : worker thread finished; awaiting finish of 3 more threads
2019-05-11 20:47:26,612 : INFO : worker thread finished; awaiting finish of 2 more threads
2019-05-11 20:47:26,628 : INFO : worker thread finished; awaiting finish of 1 more threads
2019-05-11 20:47:26,630 : INFO : worker thread finished; awaiting finish of 0 more threads
2019-05-11 20:47:26,630 : INFO : EPOCH - 4 : training on 2399154 raw words (1491752 effective words) took 5.0s, 297512 effective words/s
2019-05-11 20:47:27,655 : INFO : EPOCH 5 - PROGRESS: at 19.17% examples, 267420 words/s, in_qsize 23, out_qsize 0
2019-05-11 20:47:28,676 : INFO : EPOCH 5 - PROGRESS: at 40.91% examples, 287720 words/s, in_qsize 23, out_qsize 0
2019-05-11 20:47:29,723 : INFO : EPOCH 5 - PROGRESS: at 61.03% examples, 286349 words/s, in_qsize 23, out_qsize 0
2019-05-11 20:47:30,722 : INFO : EPOCH 5 - PROGRESS: at 81.84% examples, 292722 words/s, in_qsize 23, out_qsize 0
2019-05-11 20:47:31,462 : INFO : worker thread finished; awaiting finish of 11 more threads
2019-05-11 20:47:31,476 : INFO : worker thread finished; awaiting finish of 10 more threads
2019-05-11 20:47:31,478 : INFO : worker thread finished; awaiting finish of 9 more threads
2019-05-11 20:47:31,490 : INFO : worker thread finished; awaiting finish of 8 more threads
2019-05-11 20:47:31,502 : INFO : worker thread finished; awaiting finish of 7 more threads
2019-05-11 20:47:31,520 : INFO : worker thread finished; awaiting finish of 6 more threads
2019-05-11 20:47:31,536 : INFO : worker thread finished; awaiting finish of 5 more threads
2019-05-11 20:47:31,552 : INFO : worker thread finished; awaiting finish of 4 more threads
2019-05-11 20:47:31,568 : INFO : worker thread finished; awaiting finish of 3 more threads
2019-05-11 20:47:31,589 : INFO : worker thread finished; awaiting finish of 2 more threads
2019-05-11 20:47:31,596 : INFO : worker thread finished; awaiting finish of 1 more threads
2019-05-11 20:47:31,603 : INFO : worker thread finished; awaiting finish of 0 more threads
2019-05-11 20:47:31,603 : INFO : EPOCH - 5 : training on 2399154 raw words (1492618 effective words) took 5.0s, 300710 effective words/s
2019-05-11 20:47:32,616 : INFO : EPOCH 6 - PROGRESS: at 16.96% examples, 239160 words/s, in_qsize 23, out_qsize 0
2019-05-11 20:47:33,623 : INFO : EPOCH 6 - PROGRESS: at 38.46% examples, 273029 words/s, in_qsize 24, out_qsize 0
2019-05-11 20:47:34,636 : INFO : EPOCH 6 - PROGRESS: at 60.23% examples, 287387 words/s, in_qsize 23, out_qsize 0
2019-05-11 20:47:35,730 : INFO : EPOCH 6 - PROGRESS: at 79.78% examples, 282632 words/s, in_qsize 24, out_qsize 0
2019-05-11 20:47:36,486 : INFO : worker thread finished; awaiting finish of 11 more threads
2019-05-11 20:47:36,501 : INFO : worker thread finished; awaiting finish of 10 more threads
2019-05-11 20:47:36,505 : INFO : worker thread finished; awaiting finish of 9 more threads
2019-05-11 20:47:36,512 : INFO : worker thread finished; awaiting finish of 8 more threads
2019-05-11 20:47:36,515 : INFO : worker thread finished; awaiting finish of 7 more threads
2019-05-11 20:47:36,557 : INFO : worker thread finished; awaiting finish of 6 more threads
2019-05-11 20:47:36,565 : INFO : worker thread finished; awaiting finish of 5 more threads
2019-05-11 20:47:36,566 : INFO : worker thread finished; awaiting finish of 4 more threads
2019-05-11 20:47:36,582 : INFO : worker thread finished; awaiting finish of 3 more threads
2019-05-11 20:47:36,585 : INFO : worker thread finished; awaiting finish of 2 more threads
2019-05-11 20:47:36,596 : INFO : worker thread finished; awaiting finish of 1 more threads
2019-05-11 20:47:36,597 : INFO : worker thread finished; awaiting finish of 0 more threads
2019-05-11 20:47:36,597 : INFO : EPOCH - 6 : training on 2399154 raw words (1492025 effective words) took 5.0s, 299189 effective words/s
2019-05-11 20:47:37,694 : INFO : EPOCH 7 - PROGRESS: at 19.59% examples, 256784 words/s, in_qsize 24, out_qsize 0
2019-05-11 20:47:38,708 : INFO : EPOCH 7 - PROGRESS: at 41.29% examples, 282496 words/s, in_qsize 23, out_qsize 0
2019-05-11 20:47:39,750 : INFO : EPOCH 7 - PROGRESS: at 62.77% examples, 289209 words/s, in_qsize 24, out_qsize 0
2019-05-11 20:47:40,770 : INFO : EPOCH 7 - PROGRESS: at 83.86% examples, 295022 words/s, in_qsize 24, out_qsize 0
2019-05-11 20:47:41,371 : INFO : worker thread finished; awaiting finish of 11 more threads
2019-05-11 20:47:41,383 : INFO : worker thread finished; awaiting finish of 10 more threads
2019-05-11 20:47:41,385 : INFO : worker thread finished; awaiting finish of 9 more threads
2019-05-11 20:47:41,389 : INFO : worker thread finished; awaiting finish of 8 more threads
2019-05-11 20:47:41,394 : INFO : worker thread finished; awaiting finish of 7 more threads
2019-05-11 20:47:41,400 : INFO : worker thread finished; awaiting finish of 6 more threads
2019-05-11 20:47:41,405 : INFO : worker thread finished; awaiting finish of 5 more threads
2019-05-11 20:47:41,429 : INFO : worker thread finished; awaiting finish of 4 more threads
2019-05-11 20:47:41,443 : INFO : worker thread finished; awaiting finish of 3 more threads
2019-05-11 20:47:41,462 : INFO : worker thread finished; awaiting finish of 2 more threads
2019-05-11 20:47:41,463 : INFO : worker thread finished; awaiting finish of 1 more threads
2019-05-11 20:47:41,464 : INFO : worker thread finished; awaiting finish of 0 more threads
2019-05-11 20:47:41,464 : INFO : EPOCH - 7 : training on 2399154 raw words (1491746 effective words) took 4.8s, 307614 effective words/s
2019-05-11 20:47:42,546 : INFO : EPOCH 8 - PROGRESS: at 19.17% examples, 253352 words/s, in_qsize 24, out_qsize 0
2019-05-11 20:47:43,575 : INFO : EPOCH 8 - PROGRESS: at 41.69% examples, 284905 words/s, in_qsize 23, out_qsize 2
2019-05-11 20:47:44,590 : INFO : EPOCH 8 - PROGRESS: at 65.84% examples, 305140 words/s, in_qsize 23, out_qsize 0
2019-05-11 20:47:45,639 : INFO : EPOCH 8 - PROGRESS: at 87.49% examples, 307948 words/s, in_qsize 24, out_qsize 0
2019-05-11 20:47:46,059 : INFO : worker thread finished; awaiting finish of 11 more threads
2019-05-11 20:47:46,061 : INFO : worker thread finished; awaiting finish of 10 more threads
2019-05-11 20:47:46,069 : INFO : worker thread finished; awaiting finish of 9 more threads
2019-05-11 20:47:46,074 : INFO : worker thread finished; awaiting finish of 8 more threads
2019-05-11 20:47:46,112 : INFO : worker thread finished; awaiting finish of 7 more threads
2019-05-11 20:47:46,118 : INFO : worker thread finished; awaiting finish of 6 more threads
2019-05-11 20:47:46,141 : INFO : worker thread finished; awaiting finish of 5 more threads
2019-05-11 20:47:46,153 : INFO : worker thread finished; awaiting finish of 4 more threads
2019-05-11 20:47:46,153 : INFO : worker thread finished; awaiting finish of 3 more threads
2019-05-11 20:47:46,183 : INFO : worker thread finished; awaiting finish of 2 more threads
2019-05-11 20:47:46,183 : INFO : worker thread finished; awaiting finish of 1 more threads
2019-05-11 20:47:46,185 : INFO : worker thread finished; awaiting finish of 0 more threads
2019-05-11 20:47:46,185 : INFO : EPOCH - 8 : training on 2399154 raw words (1492500 effective words) took 4.7s, 316847 effective words/s
2019-05-11 20:47:47,242 : INFO : EPOCH 9 - PROGRESS: at 19.59% examples, 264494 words/s, in_qsize 24, out_qsize 0
2019-05-11 20:47:48,246 : INFO : EPOCH 9 - PROGRESS: at 40.44% examples, 282499 words/s, in_qsize 24, out_qsize 0
2019-05-11 20:47:49,255 : INFO : EPOCH 9 - PROGRESS: at 62.31% examples, 294319 words/s, in_qsize 22, out_qsize 2
2019-05-11 20:47:50,282 : INFO : EPOCH 9 - PROGRESS: at 84.70% examples, 303214 words/s, in_qsize 23, out_qsize 0
2019-05-11 20:47:50,889 : INFO : worker thread finished; awaiting finish of 11 more threads
2019-05-11 20:47:50,903 : INFO : worker thread finished; awaiting finish of 10 more threads
2019-05-11 20:47:50,915 : INFO : worker thread finished; awaiting finish of 9 more threads
2019-05-11 20:47:50,953 : INFO : worker thread finished; awaiting finish of 8 more threads
2019-05-11 20:47:50,954 : INFO : worker thread finished; awaiting finish of 7 more threads
2019-05-11 20:47:50,967 : INFO : worker thread finished; awaiting finish of 6 more threads
2019-05-11 20:47:50,972 : INFO : worker thread finished; awaiting finish of 5 more threads
2019-05-11 20:47:50,972 : INFO : worker thread finished; awaiting finish of 4 more threads
2019-05-11 20:47:50,986 : INFO : worker thread finished; awaiting finish of 3 more threads
2019-05-11 20:47:51,000 : INFO : worker thread finished; awaiting finish of 2 more threads
2019-05-11 20:47:51,006 : INFO : worker thread finished; awaiting finish of 1 more threads
2019-05-11 20:47:51,007 : INFO : worker thread finished; awaiting finish of 0 more threads
2019-05-11 20:47:51,008 : INFO : EPOCH - 9 : training on 2399154 raw words (1492953 effective words) took 4.8s, 310118 effective words/s
2019-05-11 20:47:52,067 : INFO : EPOCH 10 - PROGRESS: at 19.16% examples, 257666 words/s, in_qsize 24, out_qsize 0
2019-05-11 20:47:53,071 : INFO : EPOCH 10 - PROGRESS: at 40.91% examples, 284740 words/s, in_qsize 23, out_qsize 2
2019-05-11 20:47:54,072 : INFO : EPOCH 10 - PROGRESS: at 63.69% examples, 300630 words/s, in_qsize 24, out_qsize 0
2019-05-11 20:47:55,097 : INFO : EPOCH 10 - PROGRESS: at 86.34% examples, 309370 words/s, in_qsize 22, out_qsize 1
2019-05-11 20:47:55,618 : INFO : worker thread finished; awaiting finish of 11 more threads
2019-05-11 20:47:55,618 : INFO : worker thread finished; awaiting finish of 10 more threads
2019-05-11 20:47:55,627 : INFO : worker thread finished; awaiting finish of 9 more threads
2019-05-11 20:47:55,639 : INFO : worker thread finished; awaiting finish of 8 more threads
2019-05-11 20:47:55,652 : INFO : worker thread finished; awaiting finish of 7 more threads
2019-05-11 20:47:55,653 : INFO : worker thread finished; awaiting finish of 6 more threads
2019-05-11 20:47:55,656 : INFO : worker thread finished; awaiting finish of 5 more threads
2019-05-11 20:47:55,679 : INFO : worker thread finished; awaiting finish of 4 more threads
2019-05-11 20:47:55,680 : INFO : worker thread finished; awaiting finish of 3 more threads
2019-05-11 20:47:55,719 : INFO : worker thread finished; awaiting finish of 2 more threads
2019-05-11 20:47:55,722 : INFO : worker thread finished; awaiting finish of 1 more threads
2019-05-11 20:47:55,731 : INFO : worker thread finished; awaiting finish of 0 more threads
2019-05-11 20:47:55,731 : INFO : EPOCH - 10 : training on 2399154 raw words (1491929 effective words) took 4.7s, 316297 effective words/s
2019-05-11 20:47:55,731 : INFO : training on a 23991540 raw words (14921236 effective words) took 49.3s, 302950 effective words/s
2019-05-11 20:47:55,732 : WARNING : Effective 'alpha' higher than previous training cycles
2019-05-11 20:47:55,732 : INFO : training model with 12 workers on 29113 vocabulary and 500 features, using sg=0 hs=0 sample=6e-05 negative=20 window=3
2019-05-11 20:47:56,743 : INFO : EPOCH 1 - PROGRESS: at 19.59% examples, 276502 words/s, in_qsize 24, out_qsize 0
2019-05-11 20:47:57,769 : INFO : EPOCH 1 - PROGRESS: at 41.29% examples, 291692 words/s, in_qsize 24, out_qsize 0
2019-05-11 20:47:58,776 : INFO : EPOCH 1 - PROGRESS: at 62.36% examples, 296660 words/s, in_qsize 23, out_qsize 0
2019-05-11 20:47:59,794 : INFO : EPOCH 1 - PROGRESS: at 85.55% examples, 308765 words/s, in_qsize 23, out_qsize 0
2019-05-11 20:48:00,363 : INFO : worker thread finished; awaiting finish of 11 more threads
2019-05-11 20:48:00,368 : INFO : worker thread finished; awaiting finish of 10 more threads
2019-05-11 20:48:00,381 : INFO : worker thread finished; awaiting finish of 9 more threads
2019-05-11 20:48:00,395 : INFO : worker thread finished; awaiting finish of 8 more threads
2019-05-11 20:48:00,411 : INFO : worker thread finished; awaiting finish of 7 more threads
2019-05-11 20:48:00,432 : INFO : worker thread finished; awaiting finish of 6 more threads
2019-05-11 20:48:00,436 : INFO : worker thread finished; awaiting finish of 5 more threads
2019-05-11 20:48:00,455 : INFO : worker thread finished; awaiting finish of 4 more threads
2019-05-11 20:48:00,462 : INFO : worker thread finished; awaiting finish of 3 more threads
2019-05-11 20:48:00,474 : INFO : worker thread finished; awaiting finish of 2 more threads
2019-05-11 20:48:00,474 : INFO : worker thread finished; awaiting finish of 1 more threads
2019-05-11 20:48:00,475 : INFO : worker thread finished; awaiting finish of 0 more threads
2019-05-11 20:48:00,475 : INFO : EPOCH - 1 : training on 2399154 raw words (1492913 effective words) took 4.7s, 315210 effective words/s
2019-05-11 20:48:01,502 : INFO : EPOCH 2 - PROGRESS: at 19.99% examples, 278910 words/s, in_qsize 24, out_qsize 0
2019-05-11 20:48:02,508 : INFO : EPOCH 2 - PROGRESS: at 42.08% examples, 298652 words/s, in_qsize 24, out_qsize 0
2019-05-11 20:48:03,515 : INFO : EPOCH 2 - PROGRESS: at 65.04% examples, 309438 words/s, in_qsize 22, out_qsize 1
2019-05-11 20:48:04,553 : INFO : EPOCH 2 - PROGRESS: at 87.49% examples, 315204 words/s, in_qsize 24, out_qsize 1
2019-05-11 20:48:04,963 : INFO : worker thread finished; awaiting finish of 11 more threads
2019-05-11 20:48:04,970 : INFO : worker thread finished; awaiting finish of 10 more threads
2019-05-11 20:48:04,977 : INFO : worker thread finished; awaiting finish of 9 more threads
2019-05-11 20:48:05,013 : INFO : worker thread finished; awaiting finish of 8 more threads
2019-05-11 20:48:05,014 : INFO : worker thread finished; awaiting finish of 7 more threads
2019-05-11 20:48:05,015 : INFO : worker thread finished; awaiting finish of 6 more threads
2019-05-11 20:48:05,039 : INFO : worker thread finished; awaiting finish of 5 more threads
2019-05-11 20:48:05,043 : INFO : worker thread finished; awaiting finish of 4 more threads
2019-05-11 20:48:05,047 : INFO : worker thread finished; awaiting finish of 3 more threads
2019-05-11 20:48:05,061 : INFO : worker thread finished; awaiting finish of 2 more threads
2019-05-11 20:48:05,061 : INFO : worker thread finished; awaiting finish of 1 more threads
2019-05-11 20:48:05,075 : INFO : worker thread finished; awaiting finish of 0 more threads
2019-05-11 20:48:05,075 : INFO : EPOCH - 2 : training on 2399154 raw words (1491944 effective words) took 4.6s, 325046 effective words/s
2019-05-11 20:48:06,087 : INFO : EPOCH 3 - PROGRESS: at 19.99% examples, 283057 words/s, in_qsize 24, out_qsize 0
2019-05-11 20:48:07,088 : INFO : EPOCH 3 - PROGRESS: at 42.47% examples, 304890 words/s, in_qsize 23, out_qsize 0
2019-05-11 20:48:08,121 : INFO : EPOCH 3 - PROGRESS: at 64.03% examples, 304781 words/s, in_qsize 23, out_qsize 0
2019-05-11 20:48:09,122 : INFO : EPOCH 3 - PROGRESS: at 87.49% examples, 317587 words/s, in_qsize 23, out_qsize 0
2019-05-11 20:48:09,560 : INFO : worker thread finished; awaiting finish of 11 more threads
2019-05-11 20:48:09,560 : INFO : worker thread finished; awaiting finish of 10 more threads
2019-05-11 20:48:09,567 : INFO : worker thread finished; awaiting finish of 9 more threads
2019-05-11 20:48:09,568 : INFO : worker thread finished; awaiting finish of 8 more threads
2019-05-11 20:48:09,601 : INFO : worker thread finished; awaiting finish of 7 more threads
2019-05-11 20:48:09,626 : INFO : worker thread finished; awaiting finish of 6 more threads
2019-05-11 20:48:09,627 : INFO : worker thread finished; awaiting finish of 5 more threads
2019-05-11 20:48:09,657 : INFO : worker thread finished; awaiting finish of 4 more threads
2019-05-11 20:48:09,679 : INFO : worker thread finished; awaiting finish of 3 more threads
2019-05-11 20:48:09,682 : INFO : worker thread finished; awaiting finish of 2 more threads
2019-05-11 20:48:09,685 : INFO : worker thread finished; awaiting finish of 1 more threads
2019-05-11 20:48:09,692 : INFO : worker thread finished; awaiting finish of 0 more threads
2019-05-11 20:48:09,692 : INFO : EPOCH - 3 : training on 2399154 raw words (1491781 effective words) took 4.6s, 323840 effective words/s
2019-05-11 20:48:10,762 : INFO : EPOCH 4 - PROGRESS: at 20.02% examples, 267590 words/s, in_qsize 24, out_qsize 0
2019-05-11 20:48:11,778 : INFO : EPOCH 4 - PROGRESS: at 42.49% examples, 294132 words/s, in_qsize 24, out_qsize 0
2019-05-11 20:48:12,810 : INFO : EPOCH 4 - PROGRESS: at 67.12% examples, 312123 words/s, in_qsize 23, out_qsize 0
2019-05-11 20:48:13,824 : INFO : EPOCH 4 - PROGRESS: at 88.63% examples, 315811 words/s, in_qsize 21, out_qsize 3
2019-05-11 20:48:14,121 : INFO : worker thread finished; awaiting finish of 11 more threads
2019-05-11 20:48:14,121 : INFO : worker thread finished; awaiting finish of 10 more threads
2019-05-11 20:48:14,140 : INFO : worker thread finished; awaiting finish of 9 more threads
2019-05-11 20:48:14,152 : INFO : worker thread finished; awaiting finish of 8 more threads
2019-05-11 20:48:14,158 : INFO : worker thread finished; awaiting finish of 7 more threads
2019-05-11 20:48:14,175 : INFO : worker thread finished; awaiting finish of 6 more threads
2019-05-11 20:48:14,193 : INFO : worker thread finished; awaiting finish of 5 more threads
2019-05-11 20:48:14,209 : INFO : worker thread finished; awaiting finish of 4 more threads
2019-05-11 20:48:14,218 : INFO : worker thread finished; awaiting finish of 3 more threads
2019-05-11 20:48:14,228 : INFO : worker thread finished; awaiting finish of 2 more threads
2019-05-11 20:48:14,238 : INFO : worker thread finished; awaiting finish of 1 more threads
2019-05-11 20:48:14,239 : INFO : worker thread finished; awaiting finish of 0 more threads
2019-05-11 20:48:14,239 : INFO : EPOCH - 4 : training on 2399154 raw words (1492521 effective words) took 4.5s, 328887 effective words/s
2019-05-11 20:48:15,290 : INFO : EPOCH 5 - PROGRESS: at 19.59% examples, 266351 words/s, in_qsize 24, out_qsize 0
2019-05-11 20:48:16,294 : INFO : EPOCH 5 - PROGRESS: at 42.08% examples, 295499 words/s, in_qsize 24, out_qsize 0
2019-05-11 20:48:17,302 : INFO : EPOCH 5 - PROGRESS: at 64.99% examples, 307168 words/s, in_qsize 23, out_qsize 1
2019-05-11 20:48:18,309 : INFO : EPOCH 5 - PROGRESS: at 87.11% examples, 314214 words/s, in_qsize 23, out_qsize 0
2019-05-11 20:48:18,779 : INFO : worker thread finished; awaiting finish of 11 more threads
2019-05-11 20:48:18,780 : INFO : worker thread finished; awaiting finish of 10 more threads
2019-05-11 20:48:18,782 : INFO : worker thread finished; awaiting finish of 9 more threads
2019-05-11 20:48:18,802 : INFO : worker thread finished; awaiting finish of 8 more threads
2019-05-11 20:48:18,807 : INFO : worker thread finished; awaiting finish of 7 more threads
2019-05-11 20:48:18,823 : INFO : worker thread finished; awaiting finish of 6 more threads
2019-05-11 20:48:18,852 : INFO : worker thread finished; awaiting finish of 5 more threads
2019-05-11 20:48:18,862 : INFO : worker thread finished; awaiting finish of 4 more threads
2019-05-11 20:48:18,875 : INFO : worker thread finished; awaiting finish of 3 more threads
2019-05-11 20:48:18,885 : INFO : worker thread finished; awaiting finish of 2 more threads
2019-05-11 20:48:18,886 : INFO : worker thread finished; awaiting finish of 1 more threads
2019-05-11 20:48:18,896 : INFO : worker thread finished; awaiting finish of 0 more threads
2019-05-11 20:48:18,896 : INFO : EPOCH - 5 : training on 2399154 raw words (1492273 effective words) took 4.6s, 321136 effective words/s
2019-05-11 20:48:19,906 : INFO : EPOCH 6 - PROGRESS: at 20.01% examples, 283314 words/s, in_qsize 22, out_qsize 1
2019-05-11 20:48:20,943 : INFO : EPOCH 6 - PROGRESS: at 42.47% examples, 299589 words/s, in_qsize 24, out_qsize 0
2019-05-11 20:48:21,948 : INFO : EPOCH 6 - PROGRESS: at 65.41% examples, 310179 words/s, in_qsize 22, out_qsize 1
2019-05-11 20:48:22,957 : INFO : EPOCH 6 - PROGRESS: at 88.22% examples, 319589 words/s, in_qsize 22, out_qsize 1
2019-05-11 20:48:23,341 : INFO : worker thread finished; awaiting finish of 11 more threads
2019-05-11 20:48:23,350 : INFO : worker thread finished; awaiting finish of 10 more threads
2019-05-11 20:48:23,350 : INFO : worker thread finished; awaiting finish of 9 more threads
2019-05-11 20:48:23,367 : INFO : worker thread finished; awaiting finish of 8 more threads
2019-05-11 20:48:23,370 : INFO : worker thread finished; awaiting finish of 7 more threads
2019-05-11 20:48:23,371 : INFO : worker thread finished; awaiting finish of 6 more threads
2019-05-11 20:48:23,378 : INFO : worker thread finished; awaiting finish of 5 more threads
2019-05-11 20:48:23,394 : INFO : worker thread finished; awaiting finish of 4 more threads
2019-05-11 20:48:23,407 : INFO : worker thread finished; awaiting finish of 3 more threads
2019-05-11 20:48:23,437 : INFO : worker thread finished; awaiting finish of 2 more threads
2019-05-11 20:48:23,438 : INFO : worker thread finished; awaiting finish of 1 more threads
2019-05-11 20:48:23,439 : INFO : worker thread finished; awaiting finish of 0 more threads
2019-05-11 20:48:23,439 : INFO : EPOCH - 6 : training on 2399154 raw words (1492552 effective words) took 4.5s, 329195 effective words/s
2019-05-11 20:48:24,489 : INFO : EPOCH 7 - PROGRESS: at 19.59% examples, 266700 words/s, in_qsize 23, out_qsize 0
2019-05-11 20:48:25,500 : INFO : EPOCH 7 - PROGRESS: at 41.69% examples, 291732 words/s, in_qsize 23, out_qsize 2
2019-05-11 20:48:26,504 : INFO : EPOCH 7 - PROGRESS: at 64.99% examples, 307119 words/s, in_qsize 24, out_qsize 0
2019-05-11 20:48:27,525 : INFO : EPOCH 7 - PROGRESS: at 87.44% examples, 314602 words/s, in_qsize 22, out_qsize 2
2019-05-11 20:48:27,911 : INFO : worker thread finished; awaiting finish of 11 more threads
2019-05-11 20:48:27,928 : INFO : worker thread finished; awaiting finish of 10 more threads
2019-05-11 20:48:27,939 : INFO : worker thread finished; awaiting finish of 9 more threads
2019-05-11 20:48:27,972 : INFO : worker thread finished; awaiting finish of 8 more threads
2019-05-11 20:48:27,981 : INFO : worker thread finished; awaiting finish of 7 more threads
2019-05-11 20:48:27,983 : INFO : worker thread finished; awaiting finish of 6 more threads
2019-05-11 20:48:27,990 : INFO : worker thread finished; awaiting finish of 5 more threads
2019-05-11 20:48:27,997 : INFO : worker thread finished; awaiting finish of 4 more threads
2019-05-11 20:48:28,000 : INFO : worker thread finished; awaiting finish of 3 more threads
2019-05-11 20:48:28,009 : INFO : worker thread finished; awaiting finish of 2 more threads
2019-05-11 20:48:28,017 : INFO : worker thread finished; awaiting finish of 1 more threads
2019-05-11 20:48:28,028 : INFO : worker thread finished; awaiting finish of 0 more threads
2019-05-11 20:48:28,028 : INFO : EPOCH - 7 : training on 2399154 raw words (1492798 effective words) took 4.6s, 325875 effective words/s
2019-05-11 20:48:29,050 : INFO : EPOCH 8 - PROGRESS: at 20.90% examples, 292446 words/s, in_qsize 22, out_qsize 1
2019-05-11 20:48:30,062 : INFO : EPOCH 8 - PROGRESS: at 43.63% examples, 311060 words/s, in_qsize 24, out_qsize 0
2019-05-11 20:48:31,062 : INFO : EPOCH 8 - PROGRESS: at 67.12% examples, 320681 words/s, in_qsize 23, out_qsize 0
2019-05-11 20:48:32,063 : INFO : EPOCH 8 - PROGRESS: at 89.36% examples, 326547 words/s, in_qsize 23, out_qsize 0
2019-05-11 20:48:32,325 : INFO : worker thread finished; awaiting finish of 11 more threads
2019-05-11 20:48:32,346 : INFO : worker thread finished; awaiting finish of 10 more threads
2019-05-11 20:48:32,349 : INFO : worker thread finished; awaiting finish of 9 more threads
2019-05-11 20:48:32,374 : INFO : worker thread finished; awaiting finish of 8 more threads
2019-05-11 20:48:32,381 : INFO : worker thread finished; awaiting finish of 7 more threads
2019-05-11 20:48:32,396 : INFO : worker thread finished; awaiting finish of 6 more threads
2019-05-11 20:48:32,411 : INFO : worker thread finished; awaiting finish of 5 more threads
2019-05-11 20:48:32,427 : INFO : worker thread finished; awaiting finish of 4 more threads
2019-05-11 20:48:32,443 : INFO : worker thread finished; awaiting finish of 3 more threads
2019-05-11 20:48:32,456 : INFO : worker thread finished; awaiting finish of 2 more threads
2019-05-11 20:48:32,461 : INFO : worker thread finished; awaiting finish of 1 more threads
2019-05-11 20:48:32,467 : INFO : worker thread finished; awaiting finish of 0 more threads
2019-05-11 20:48:32,467 : INFO : EPOCH - 8 : training on 2399154 raw words (1492683 effective words) took 4.4s, 337050 effective words/s
2019-05-11 20:48:33,520 : INFO : EPOCH 9 - PROGRESS: at 20.41% examples, 277679 words/s, in_qsize 24, out_qsize 0
2019-05-11 20:48:34,540 : INFO : EPOCH 9 - PROGRESS: at 43.63% examples, 305067 words/s, in_qsize 23, out_qsize 0
2019-05-11 20:48:35,562 : INFO : EPOCH 9 - PROGRESS: at 67.04% examples, 314296 words/s, in_qsize 24, out_qsize 0
2019-05-11 20:48:36,570 : INFO : EPOCH 9 - PROGRESS: at 89.76% examples, 322446 words/s, in_qsize 22, out_qsize 1
2019-05-11 20:48:36,884 : INFO : worker thread finished; awaiting finish of 11 more threads
2019-05-11 20:48:36,895 : INFO : worker thread finished; awaiting finish of 10 more threads
2019-05-11 20:48:36,897 : INFO : worker thread finished; awaiting finish of 9 more threads
2019-05-11 20:48:36,904 : INFO : worker thread finished; awaiting finish of 8 more threads
2019-05-11 20:48:36,904 : INFO : worker thread finished; awaiting finish of 7 more threads
2019-05-11 20:48:36,916 : INFO : worker thread finished; awaiting finish of 6 more threads
2019-05-11 20:48:36,917 : INFO : worker thread finished; awaiting finish of 5 more threads
2019-05-11 20:48:36,923 : INFO : worker thread finished; awaiting finish of 4 more threads
2019-05-11 20:48:36,950 : INFO : worker thread finished; awaiting finish of 3 more threads
2019-05-11 20:48:36,957 : INFO : worker thread finished; awaiting finish of 2 more threads
2019-05-11 20:48:36,959 : INFO : worker thread finished; awaiting finish of 1 more threads
2019-05-11 20:48:36,964 : INFO : worker thread finished; awaiting finish of 0 more threads
2019-05-11 20:48:36,965 : INFO : EPOCH - 9 : training on 2399154 raw words (1492393 effective words) took 4.5s, 332467 effective words/s
2019-05-11 20:48:37,997 : INFO : EPOCH 10 - PROGRESS: at 21.30% examples, 294952 words/s, in_qsize 22, out_qsize 1
2019-05-11 20:48:39,065 : INFO : EPOCH 10 - PROGRESS: at 44.89% examples, 309897 words/s, in_qsize 24, out_qsize 0
2019-05-11 20:48:40,080 : INFO : EPOCH 10 - PROGRESS: at 68.28% examples, 318305 words/s, in_qsize 23, out_qsize 0
2019-05-11 20:48:41,092 : INFO : EPOCH 10 - PROGRESS: at 90.92% examples, 325160 words/s, in_qsize 23, out_qsize 0
2019-05-11 20:48:41,345 : INFO : worker thread finished; awaiting finish of 11 more threads
2019-05-11 20:48:41,348 : INFO : worker thread finished; awaiting finish of 10 more threads
2019-05-11 20:48:41,371 : INFO : worker thread finished; awaiting finish of 9 more threads
2019-05-11 20:48:41,371 : INFO : worker thread finished; awaiting finish of 8 more threads
2019-05-11 20:48:41,378 : INFO : worker thread finished; awaiting finish of 7 more threads
2019-05-11 20:48:41,392 : INFO : worker thread finished; awaiting finish of 6 more threads
2019-05-11 20:48:41,397 : INFO : worker thread finished; awaiting finish of 5 more threads
2019-05-11 20:48:41,406 : INFO : worker thread finished; awaiting finish of 4 more threads
2019-05-11 20:48:41,416 : INFO : worker thread finished; awaiting finish of 3 more threads
2019-05-11 20:48:41,432 : INFO : worker thread finished; awaiting finish of 2 more threads
2019-05-11 20:48:41,441 : INFO : worker thread finished; awaiting finish of 1 more threads
2019-05-11 20:48:41,450 : INFO : worker thread finished; awaiting finish of 0 more threads
2019-05-11 20:48:41,450 : INFO : EPOCH - 10 : training on 2399154 raw words (1493224 effective words) took 4.5s, 333506 effective words/s
2019-05-11 20:48:42,477 : INFO : EPOCH 11 - PROGRESS: at 20.41% examples, 285081 words/s, in_qsize 24, out_qsize 0
2019-05-11 20:48:43,483 : INFO : EPOCH 11 - PROGRESS: at 43.24% examples, 308038 words/s, in_qsize 22, out_qsize 1
2019-05-11 20:48:44,498 : INFO : EPOCH 11 - PROGRESS: at 66.33% examples, 314992 words/s, in_qsize 24, out_qsize 1
2019-05-11 20:48:45,530 : INFO : EPOCH 11 - PROGRESS: at 89.35% examples, 322799 words/s, in_qsize 22, out_qsize 1
2019-05-11 20:48:45,840 : INFO : worker thread finished; awaiting finish of 11 more threads
2019-05-11 20:48:45,862 : INFO : worker thread finished; awaiting finish of 10 more threads
2019-05-11 20:48:45,872 : INFO : worker thread finished; awaiting finish of 9 more threads
2019-05-11 20:48:45,879 : INFO : worker thread finished; awaiting finish of 8 more threads
2019-05-11 20:48:45,903 : INFO : worker thread finished; awaiting finish of 7 more threads
2019-05-11 20:48:45,905 : INFO : worker thread finished; awaiting finish of 6 more threads
2019-05-11 20:48:45,920 : INFO : worker thread finished; awaiting finish of 5 more threads
2019-05-11 20:48:45,921 : INFO : worker thread finished; awaiting finish of 4 more threads
2019-05-11 20:48:45,956 : INFO : worker thread finished; awaiting finish of 3 more threads
2019-05-11 20:48:45,972 : INFO : worker thread finished; awaiting finish of 2 more threads
2019-05-11 20:48:45,975 : INFO : worker thread finished; awaiting finish of 1 more threads
2019-05-11 20:48:45,978 : INFO : worker thread finished; awaiting finish of 0 more threads
2019-05-11 20:48:45,978 : INFO : EPOCH - 11 : training on 2399154 raw words (1492222 effective words) took 4.5s, 330240 effective words/s
2019-05-11 20:48:46,993 : INFO : EPOCH 12 - PROGRESS: at 20.41% examples, 288517 words/s, in_qsize 23, out_qsize 0
2019-05-11 20:48:48,006 : INFO : EPOCH 12 - PROGRESS: at 42.88% examples, 305810 words/s, in_qsize 23, out_qsize 0
2019-05-11 20:48:49,011 : INFO : EPOCH 12 - PROGRESS: at 65.41% examples, 312413 words/s, in_qsize 24, out_qsize 0
2019-05-11 20:48:50,037 : INFO : EPOCH 12 - PROGRESS: at 87.84% examples, 318345 words/s, in_qsize 24, out_qsize 0
2019-05-11 20:48:50,387 : INFO : worker thread finished; awaiting finish of 11 more threads
2019-05-11 20:48:50,427 : INFO : worker thread finished; awaiting finish of 10 more threads
2019-05-11 20:48:50,427 : INFO : worker thread finished; awaiting finish of 9 more threads
2019-05-11 20:48:50,428 : INFO : worker thread finished; awaiting finish of 8 more threads
2019-05-11 20:48:50,428 : INFO : worker thread finished; awaiting finish of 7 more threads
2019-05-11 20:48:50,452 : INFO : worker thread finished; awaiting finish of 6 more threads
2019-05-11 20:48:50,463 : INFO : worker thread finished; awaiting finish of 5 more threads
2019-05-11 20:48:50,479 : INFO : worker thread finished; awaiting finish of 4 more threads
2019-05-11 20:48:50,481 : INFO : worker thread finished; awaiting finish of 3 more threads
2019-05-11 20:48:50,507 : INFO : worker thread finished; awaiting finish of 2 more threads
2019-05-11 20:48:50,508 : INFO : worker thread finished; awaiting finish of 1 more threads
2019-05-11 20:48:50,508 : INFO : worker thread finished; awaiting finish of 0 more threads
2019-05-11 20:48:50,508 : INFO : EPOCH - 12 : training on 2399154 raw words (1491822 effective words) took 4.5s, 330129 effective words/s
2019-05-11 20:48:51,553 : INFO : EPOCH 13 - PROGRESS: at 22.21% examples, 302653 words/s, in_qsize 23, out_qsize 0
2019-05-11 20:48:52,557 : INFO : EPOCH 13 - PROGRESS: at 43.24% examples, 305472 words/s, in_qsize 24, out_qsize 0
2019-05-11 20:48:53,574 : INFO : EPOCH 13 - PROGRESS: at 67.86% examples, 321137 words/s, in_qsize 22, out_qsize 1
2019-05-11 20:48:54,602 : INFO : EPOCH 13 - PROGRESS: at 90.92% examples, 327428 words/s, in_qsize 24, out_qsize 0
2019-05-11 20:48:54,836 : INFO : worker thread finished; awaiting finish of 11 more threads
2019-05-11 20:48:54,855 : INFO : worker thread finished; awaiting finish of 10 more threads
2019-05-11 20:48:54,865 : INFO : worker thread finished; awaiting finish of 9 more threads
2019-05-11 20:48:54,867 : INFO : worker thread finished; awaiting finish of 8 more threads
2019-05-11 20:48:54,884 : INFO : worker thread finished; awaiting finish of 7 more threads
2019-05-11 20:48:54,890 : INFO : worker thread finished; awaiting finish of 6 more threads
2019-05-11 20:48:54,891 : INFO : worker thread finished; awaiting finish of 5 more threads
2019-05-11 20:48:54,919 : INFO : worker thread finished; awaiting finish of 4 more threads
2019-05-11 20:48:54,925 : INFO : worker thread finished; awaiting finish of 3 more threads
2019-05-11 20:48:54,936 : INFO : worker thread finished; awaiting finish of 2 more threads
2019-05-11 20:48:54,936 : INFO : worker thread finished; awaiting finish of 1 more threads
2019-05-11 20:48:54,941 : INFO : worker thread finished; awaiting finish of 0 more threads
2019-05-11 20:48:54,941 : INFO : EPOCH - 13 : training on 2399154 raw words (1491706 effective words) took 4.4s, 337226 effective words/s
2019-05-11 20:48:55,973 : INFO : EPOCH 14 - PROGRESS: at 18.68% examples, 259452 words/s, in_qsize 24, out_qsize 0
2019-05-11 20:48:56,974 : INFO : EPOCH 14 - PROGRESS: at 43.24% examples, 308101 words/s, in_qsize 24, out_qsize 0
2019-05-11 20:48:57,987 : INFO : EPOCH 14 - PROGRESS: at 64.99% examples, 308986 words/s, in_qsize 24, out_qsize 0
2019-05-11 20:48:58,998 : INFO : EPOCH 14 - PROGRESS: at 88.58% examples, 321718 words/s, in_qsize 24, out_qsize 0
2019-05-11 20:48:59,363 : INFO : worker thread finished; awaiting finish of 11 more threads
2019-05-11 20:48:59,375 : INFO : worker thread finished; awaiting finish of 10 more threads
2019-05-11 20:48:59,376 : INFO : worker thread finished; awaiting finish of 9 more threads
2019-05-11 20:48:59,377 : INFO : worker thread finished; awaiting finish of 8 more threads
2019-05-11 20:48:59,383 : INFO : worker thread finished; awaiting finish of 7 more threads
2019-05-11 20:48:59,397 : INFO : worker thread finished; awaiting finish of 6 more threads
2019-05-11 20:48:59,421 : INFO : worker thread finished; awaiting finish of 5 more threads
2019-05-11 20:48:59,442 : INFO : worker thread finished; awaiting finish of 4 more threads
2019-05-11 20:48:59,451 : INFO : worker thread finished; awaiting finish of 3 more threads
2019-05-11 20:48:59,452 : INFO : worker thread finished; awaiting finish of 2 more threads
2019-05-11 20:48:59,456 : INFO : worker thread finished; awaiting finish of 1 more threads
2019-05-11 20:48:59,463 : INFO : worker thread finished; awaiting finish of 0 more threads
2019-05-11 20:48:59,463 : INFO : EPOCH - 14 : training on 2399154 raw words (1492968 effective words) took 4.5s, 330777 effective words/s
2019-05-11 20:49:00,505 : INFO : EPOCH 15 - PROGRESS: at 20.01% examples, 274694 words/s, in_qsize 23, out_qsize 1
2019-05-11 20:49:01,507 : INFO : EPOCH 15 - PROGRESS: at 44.07% examples, 312725 words/s, in_qsize 23, out_qsize 0
2019-05-11 20:49:02,548 : INFO : EPOCH 15 - PROGRESS: at 68.70% examples, 323291 words/s, in_qsize 24, out_qsize 0
2019-05-11 20:49:03,552 : INFO : EPOCH 15 - PROGRESS: at 90.92% examples, 328036 words/s, in_qsize 24, out_qsize 1
2019-05-11 20:49:03,772 : INFO : worker thread finished; awaiting finish of 11 more threads
2019-05-11 20:49:03,786 : INFO : worker thread finished; awaiting finish of 10 more threads
2019-05-11 20:49:03,786 : INFO : worker thread finished; awaiting finish of 9 more threads
2019-05-11 20:49:03,810 : INFO : worker thread finished; awaiting finish of 8 more threads
2019-05-11 20:49:03,816 : INFO : worker thread finished; awaiting finish of 7 more threads
2019-05-11 20:49:03,817 : INFO : worker thread finished; awaiting finish of 6 more threads
2019-05-11 20:49:03,834 : INFO : worker thread finished; awaiting finish of 5 more threads
2019-05-11 20:49:03,866 : INFO : worker thread finished; awaiting finish of 4 more threads
2019-05-11 20:49:03,872 : INFO : worker thread finished; awaiting finish of 3 more threads
2019-05-11 20:49:03,886 : INFO : worker thread finished; awaiting finish of 2 more threads
2019-05-11 20:49:03,891 : INFO : worker thread finished; awaiting finish of 1 more threads
2019-05-11 20:49:03,902 : INFO : worker thread finished; awaiting finish of 0 more threads
2019-05-11 20:49:03,902 : INFO : EPOCH - 15 : training on 2399154 raw words (1491742 effective words) took 4.4s, 336810 effective words/s
2019-05-11 20:49:04,960 : INFO : EPOCH 16 - PROGRESS: at 21.33% examples, 288089 words/s, in_qsize 24, out_qsize 0
2019-05-11 20:49:05,973 : INFO : EPOCH 16 - PROGRESS: at 44.53% examples, 311599 words/s, in_qsize 23, out_qsize 0
2019-05-11 20:49:06,996 : INFO : EPOCH 16 - PROGRESS: at 68.33% examples, 320493 words/s, in_qsize 22, out_qsize 1
2019-05-11 20:49:08,015 : INFO : EPOCH 16 - PROGRESS: at 91.71% examples, 329221 words/s, in_qsize 23, out_qsize 0
2019-05-11 20:49:08,213 : INFO : worker thread finished; awaiting finish of 11 more threads
2019-05-11 20:49:08,215 : INFO : worker thread finished; awaiting finish of 10 more threads
2019-05-11 20:49:08,222 : INFO : worker thread finished; awaiting finish of 9 more threads
2019-05-11 20:49:08,223 : INFO : worker thread finished; awaiting finish of 8 more threads
2019-05-11 20:49:08,230 : INFO : worker thread finished; awaiting finish of 7 more threads
2019-05-11 20:49:08,249 : INFO : worker thread finished; awaiting finish of 6 more threads
2019-05-11 20:49:08,262 : INFO : worker thread finished; awaiting finish of 5 more threads
2019-05-11 20:49:08,276 : INFO : worker thread finished; awaiting finish of 4 more threads
2019-05-11 20:49:08,295 : INFO : worker thread finished; awaiting finish of 3 more threads
2019-05-11 20:49:08,300 : INFO : worker thread finished; awaiting finish of 2 more threads
2019-05-11 20:49:08,301 : INFO : worker thread finished; awaiting finish of 1 more threads
2019-05-11 20:49:08,308 : INFO : worker thread finished; awaiting finish of 0 more threads
2019-05-11 20:49:08,308 : INFO : EPOCH - 16 : training on 2399154 raw words (1492288 effective words) took 4.4s, 339402 effective words/s
2019-05-11 20:49:09,341 : INFO : EPOCH 17 - PROGRESS: at 20.41% examples, 283511 words/s, in_qsize 24, out_qsize 0
2019-05-11 20:49:10,365 : INFO : EPOCH 17 - PROGRESS: at 42.86% examples, 301690 words/s, in_qsize 20, out_qsize 5
2019-05-11 20:49:11,374 : INFO : EPOCH 17 - PROGRESS: at 68.73% examples, 325550 words/s, in_qsize 22, out_qsize 1
2019-05-11 20:49:12,379 : INFO : EPOCH 17 - PROGRESS: at 89.77% examples, 325087 words/s, in_qsize 24, out_qsize 1
2019-05-11 20:49:12,621 : INFO : worker thread finished; awaiting finish of 11 more threads
2019-05-11 20:49:12,638 : INFO : worker thread finished; awaiting finish of 10 more threads
2019-05-11 20:49:12,649 : INFO : worker thread finished; awaiting finish of 9 more threads
2019-05-11 20:49:12,649 : INFO : worker thread finished; awaiting finish of 8 more threads
2019-05-11 20:49:12,663 : INFO : worker thread finished; awaiting finish of 7 more threads
2019-05-11 20:49:12,671 : INFO : worker thread finished; awaiting finish of 6 more threads
2019-05-11 20:49:12,698 : INFO : worker thread finished; awaiting finish of 5 more threads
2019-05-11 20:49:12,701 : INFO : worker thread finished; awaiting finish of 4 more threads
2019-05-11 20:49:12,707 : INFO : worker thread finished; awaiting finish of 3 more threads
2019-05-11 20:49:12,726 : INFO : worker thread finished; awaiting finish of 2 more threads
2019-05-11 20:49:12,733 : INFO : worker thread finished; awaiting finish of 1 more threads
2019-05-11 20:49:12,735 : INFO : worker thread finished; awaiting finish of 0 more threads
2019-05-11 20:49:12,735 : INFO : EPOCH - 17 : training on 2399154 raw words (1492891 effective words) took 4.4s, 337960 effective words/s
2019-05-11 20:49:13,780 : INFO : EPOCH 18 - PROGRESS: at 20.84% examples, 285996 words/s, in_qsize 23, out_qsize 0
2019-05-11 20:49:14,802 : INFO : EPOCH 18 - PROGRESS: at 44.60% examples, 312839 words/s, in_qsize 24, out_qsize 3
2019-05-11 20:49:15,798 : INFO : EPOCH 18 - PROGRESS: at 69.14% examples, 327741 words/s, in_qsize 24, out_qsize 0
2019-05-11 20:49:16,800 : INFO : EPOCH 18 - PROGRESS: at 92.00% examples, 334662 words/s, in_qsize 22, out_qsize 0
2019-05-11 20:49:16,995 : INFO : worker thread finished; awaiting finish of 11 more threads
2019-05-11 20:49:17,009 : INFO : worker thread finished; awaiting finish of 10 more threads
2019-05-11 20:49:17,013 : INFO : worker thread finished; awaiting finish of 9 more threads
2019-05-11 20:49:17,013 : INFO : worker thread finished; awaiting finish of 8 more threads
2019-05-11 20:49:17,021 : INFO : worker thread finished; awaiting finish of 7 more threads
2019-05-11 20:49:17,022 : INFO : worker thread finished; awaiting finish of 6 more threads
2019-05-11 20:49:17,052 : INFO : worker thread finished; awaiting finish of 5 more threads
2019-05-11 20:49:17,062 : INFO : worker thread finished; awaiting finish of 4 more threads
2019-05-11 20:49:17,089 : INFO : worker thread finished; awaiting finish of 3 more threads
2019-05-11 20:49:17,096 : INFO : worker thread finished; awaiting finish of 2 more threads
2019-05-11 20:49:17,101 : INFO : worker thread finished; awaiting finish of 1 more threads
2019-05-11 20:49:17,104 : INFO : worker thread finished; awaiting finish of 0 more threads
2019-05-11 20:49:17,104 : INFO : EPOCH - 18 : training on 2399154 raw words (1492417 effective words) took 4.4s, 342394 effective words/s
2019-05-11 20:49:18,127 : INFO : EPOCH 19 - PROGRESS: at 19.17% examples, 267390 words/s, in_qsize 23, out_qsize 2
2019-05-11 20:49:19,129 : INFO : EPOCH 19 - PROGRESS: at 43.63% examples, 312266 words/s, in_qsize 22, out_qsize 1
2019-05-11 20:49:20,152 : INFO : EPOCH 19 - PROGRESS: at 68.73% examples, 327137 words/s, in_qsize 24, out_qsize 0
2019-05-11 20:49:21,166 : INFO : EPOCH 19 - PROGRESS: at 92.48% examples, 336313 words/s, in_qsize 21, out_qsize 0
2019-05-11 20:49:21,335 : INFO : worker thread finished; awaiting finish of 11 more threads
2019-05-11 20:49:21,336 : INFO : worker thread finished; awaiting finish of 10 more threads
2019-05-11 20:49:21,348 : INFO : worker thread finished; awaiting finish of 9 more threads
2019-05-11 20:49:21,350 : INFO : worker thread finished; awaiting finish of 8 more threads
2019-05-11 20:49:21,355 : INFO : worker thread finished; awaiting finish of 7 more threads
2019-05-11 20:49:21,371 : INFO : worker thread finished; awaiting finish of 6 more threads
2019-05-11 20:49:21,394 : INFO : worker thread finished; awaiting finish of 5 more threads
2019-05-11 20:49:21,417 : INFO : worker thread finished; awaiting finish of 4 more threads
2019-05-11 20:49:21,428 : INFO : worker thread finished; awaiting finish of 3 more threads
2019-05-11 20:49:21,446 : INFO : worker thread finished; awaiting finish of 2 more threads
2019-05-11 20:49:21,448 : INFO : worker thread finished; awaiting finish of 1 more threads
2019-05-11 20:49:21,458 : INFO : worker thread finished; awaiting finish of 0 more threads
2019-05-11 20:49:21,458 : INFO : EPOCH - 19 : training on 2399154 raw words (1492383 effective words) took 4.3s, 343481 effective words/s
2019-05-11 20:49:22,500 : INFO : EPOCH 20 - PROGRESS: at 20.45% examples, 279869 words/s, in_qsize 24, out_qsize 0
2019-05-11 20:49:23,522 : INFO : EPOCH 20 - PROGRESS: at 44.12% examples, 309181 words/s, in_qsize 22, out_qsize 2
2019-05-11 20:49:24,548 : INFO : EPOCH 20 - PROGRESS: at 69.16% examples, 324783 words/s, in_qsize 23, out_qsize 0
2019-05-11 20:49:25,550 : INFO : EPOCH 20 - PROGRESS: at 91.28% examples, 329250 words/s, in_qsize 20, out_qsize 3
2019-05-11 20:49:25,757 : INFO : worker thread finished; awaiting finish of 11 more threads
2019-05-11 20:49:25,766 : INFO : worker thread finished; awaiting finish of 10 more threads
2019-05-11 20:49:25,770 : INFO : worker thread finished; awaiting finish of 9 more threads
2019-05-11 20:49:25,776 : INFO : worker thread finished; awaiting finish of 8 more threads
2019-05-11 20:49:25,781 : INFO : worker thread finished; awaiting finish of 7 more threads
2019-05-11 20:49:25,781 : INFO : worker thread finished; awaiting finish of 6 more threads
2019-05-11 20:49:25,812 : INFO : worker thread finished; awaiting finish of 5 more threads
2019-05-11 20:49:25,825 : INFO : worker thread finished; awaiting finish of 4 more threads
2019-05-11 20:49:25,846 : INFO : worker thread finished; awaiting finish of 3 more threads
2019-05-11 20:49:25,850 : INFO : worker thread finished; awaiting finish of 2 more threads
2019-05-11 20:49:25,852 : INFO : worker thread finished; awaiting finish of 1 more threads
2019-05-11 20:49:25,864 : INFO : worker thread finished; awaiting finish of 0 more threads
2019-05-11 20:49:25,864 : INFO : EPOCH - 20 : training on 2399154 raw words (1492335 effective words) took 4.4s, 339366 effective words/s
2019-05-11 20:49:26,902 : INFO : EPOCH 21 - PROGRESS: at 20.42% examples, 281999 words/s, in_qsize 24, out_qsize 0
2019-05-11 20:49:27,909 : INFO : EPOCH 21 - PROGRESS: at 44.47% examples, 315678 words/s, in_qsize 24, out_qsize 0
2019-05-11 20:49:28,924 : INFO : EPOCH 21 - PROGRESS: at 69.98% examples, 332480 words/s, in_qsize 24, out_qsize 1
2019-05-11 20:49:29,974 : INFO : EPOCH 21 - PROGRESS: at 92.79% examples, 334026 words/s, in_qsize 19, out_qsize 1
2019-05-11 20:49:30,117 : INFO : worker thread finished; awaiting finish of 11 more threads
2019-05-11 20:49:30,130 : INFO : worker thread finished; awaiting finish of 10 more threads
2019-05-11 20:49:30,131 : INFO : worker thread finished; awaiting finish of 9 more threads
2019-05-11 20:49:30,139 : INFO : worker thread finished; awaiting finish of 8 more threads
2019-05-11 20:49:30,139 : INFO : worker thread finished; awaiting finish of 7 more threads
2019-05-11 20:49:30,182 : INFO : worker thread finished; awaiting finish of 6 more threads
2019-05-11 20:49:30,192 : INFO : worker thread finished; awaiting finish of 5 more threads
2019-05-11 20:49:30,194 : INFO : worker thread finished; awaiting finish of 4 more threads
2019-05-11 20:49:30,202 : INFO : worker thread finished; awaiting finish of 3 more threads
2019-05-11 20:49:30,206 : INFO : worker thread finished; awaiting finish of 2 more threads
2019-05-11 20:49:30,214 : INFO : worker thread finished; awaiting finish of 1 more threads
2019-05-11 20:49:30,219 : INFO : worker thread finished; awaiting finish of 0 more threads
2019-05-11 20:49:30,219 : INFO : EPOCH - 21 : training on 2399154 raw words (1492540 effective words) took 4.3s, 343436 effective words/s
2019-05-11 20:49:31,310 : INFO : EPOCH 22 - PROGRESS: at 19.63% examples, 256856 words/s, in_qsize 24, out_qsize 1
2019-05-11 20:49:32,318 : INFO : EPOCH 22 - PROGRESS: at 44.89% examples, 310334 words/s, in_qsize 23, out_qsize 0
2019-05-11 20:49:33,327 : INFO : EPOCH 22 - PROGRESS: at 69.98% examples, 327160 words/s, in_qsize 20, out_qsize 0
2019-05-11 20:49:34,362 : INFO : EPOCH 22 - PROGRESS: at 91.35% examples, 325282 words/s, in_qsize 21, out_qsize 3
2019-05-11 20:49:34,577 : INFO : worker thread finished; awaiting finish of 11 more threads
2019-05-11 20:49:34,577 : INFO : worker thread finished; awaiting finish of 10 more threads
2019-05-11 20:49:34,585 : INFO : worker thread finished; awaiting finish of 9 more threads
2019-05-11 20:49:34,597 : INFO : worker thread finished; awaiting finish of 8 more threads
2019-05-11 20:49:34,597 : INFO : worker thread finished; awaiting finish of 7 more threads
2019-05-11 20:49:34,601 : INFO : worker thread finished; awaiting finish of 6 more threads
2019-05-11 20:49:34,605 : INFO : worker thread finished; awaiting finish of 5 more threads
2019-05-11 20:49:34,610 : INFO : worker thread finished; awaiting finish of 4 more threads
2019-05-11 20:49:34,628 : INFO : worker thread finished; awaiting finish of 3 more threads
2019-05-11 20:49:34,644 : INFO : worker thread finished; awaiting finish of 2 more threads
2019-05-11 20:49:34,646 : INFO : worker thread finished; awaiting finish of 1 more threads
2019-05-11 20:49:34,653 : INFO : worker thread finished; awaiting finish of 0 more threads
2019-05-11 20:49:34,654 : INFO : EPOCH - 22 : training on 2399154 raw words (1492269 effective words) took 4.4s, 337314 effective words/s
2019-05-11 20:49:35,674 : INFO : EPOCH 23 - PROGRESS: at 20.41% examples, 286945 words/s, in_qsize 24, out_qsize 0
2019-05-11 20:49:36,675 : INFO : EPOCH 23 - PROGRESS: at 45.35% examples, 325289 words/s, in_qsize 23, out_qsize 0
2019-05-11 20:49:37,686 : INFO : EPOCH 23 - PROGRESS: at 69.14% examples, 331201 words/s, in_qsize 23, out_qsize 1
2019-05-11 20:49:38,689 : INFO : EPOCH 23 - PROGRESS: at 91.71% examples, 335775 words/s, in_qsize 22, out_qsize 1
2019-05-11 20:49:38,878 : INFO : worker thread finished; awaiting finish of 11 more threads
2019-05-11 20:49:38,887 : INFO : worker thread finished; awaiting finish of 10 more threads
2019-05-11 20:49:38,898 : INFO : worker thread finished; awaiting finish of 9 more threads
2019-05-11 20:49:38,902 : INFO : worker thread finished; awaiting finish of 8 more threads
2019-05-11 20:49:38,924 : INFO : worker thread finished; awaiting finish of 7 more threads
2019-05-11 20:49:38,948 : INFO : worker thread finished; awaiting finish of 6 more threads
2019-05-11 20:49:38,963 : INFO : worker thread finished; awaiting finish of 5 more threads
2019-05-11 20:49:38,965 : INFO : worker thread finished; awaiting finish of 4 more threads
2019-05-11 20:49:38,980 : INFO : worker thread finished; awaiting finish of 3 more threads
2019-05-11 20:49:38,980 : INFO : worker thread finished; awaiting finish of 2 more threads
2019-05-11 20:49:38,985 : INFO : worker thread finished; awaiting finish of 1 more threads
2019-05-11 20:49:38,986 : INFO : worker thread finished; awaiting finish of 0 more threads
2019-05-11 20:49:38,986 : INFO : EPOCH - 23 : training on 2399154 raw words (1493103 effective words) took 4.3s, 345387 effective words/s
2019-05-11 20:49:40,018 : INFO : EPOCH 24 - PROGRESS: at 20.90% examples, 288949 words/s, in_qsize 23, out_qsize 0
2019-05-11 20:49:41,035 : INFO : EPOCH 24 - PROGRESS: at 42.84% examples, 302575 words/s, in_qsize 22, out_qsize 2
2019-05-11 20:49:42,059 : INFO : EPOCH 24 - PROGRESS: at 68.73% examples, 324572 words/s, in_qsize 23, out_qsize 0
2019-05-11 20:49:43,071 : INFO : EPOCH 24 - PROGRESS: at 90.16% examples, 325356 words/s, in_qsize 24, out_qsize 0
2019-05-11 20:49:43,328 : INFO : worker thread finished; awaiting finish of 11 more threads
2019-05-11 20:49:43,358 : INFO : worker thread finished; awaiting finish of 10 more threads
2019-05-11 20:49:43,362 : INFO : worker thread finished; awaiting finish of 9 more threads
2019-05-11 20:49:43,366 : INFO : worker thread finished; awaiting finish of 8 more threads
2019-05-11 20:49:43,366 : INFO : worker thread finished; awaiting finish of 7 more threads
2019-05-11 20:49:43,381 : INFO : worker thread finished; awaiting finish of 6 more threads
2019-05-11 20:49:43,391 : INFO : worker thread finished; awaiting finish of 5 more threads
2019-05-11 20:49:43,392 : INFO : worker thread finished; awaiting finish of 4 more threads
2019-05-11 20:49:43,402 : INFO : worker thread finished; awaiting finish of 3 more threads
2019-05-11 20:49:43,419 : INFO : worker thread finished; awaiting finish of 2 more threads
2019-05-11 20:49:43,425 : INFO : worker thread finished; awaiting finish of 1 more threads
2019-05-11 20:49:43,439 : INFO : worker thread finished; awaiting finish of 0 more threads
2019-05-11 20:49:43,439 : INFO : EPOCH - 24 : training on 2399154 raw words (1492403 effective words) took 4.4s, 335759 effective words/s
2019-05-11 20:49:44,475 : INFO : EPOCH 25 - PROGRESS: at 20.41% examples, 282471 words/s, in_qsize 23, out_qsize 0
2019-05-11 20:49:45,481 : INFO : EPOCH 25 - PROGRESS: at 40.82% examples, 288676 words/s, in_qsize 22, out_qsize 1
2019-05-11 20:49:46,501 : INFO : EPOCH 25 - PROGRESS: at 65.84% examples, 311527 words/s, in_qsize 23, out_qsize 0
2019-05-11 20:49:47,504 : INFO : EPOCH 25 - PROGRESS: at 87.49% examples, 316372 words/s, in_qsize 24, out_qsize 1
2019-05-11 20:49:47,886 : INFO : worker thread finished; awaiting finish of 11 more threads
2019-05-11 20:49:47,894 : INFO : worker thread finished; awaiting finish of 10 more threads
2019-05-11 20:49:47,897 : INFO : worker thread finished; awaiting finish of 9 more threads
2019-05-11 20:49:47,906 : INFO : worker thread finished; awaiting finish of 8 more threads
2019-05-11 20:49:47,911 : INFO : worker thread finished; awaiting finish of 7 more threads
2019-05-11 20:49:47,934 : INFO : worker thread finished; awaiting finish of 6 more threads
2019-05-11 20:49:47,938 : INFO : worker thread finished; awaiting finish of 5 more threads
2019-05-11 20:49:47,950 : INFO : worker thread finished; awaiting finish of 4 more threads
2019-05-11 20:49:47,960 : INFO : worker thread finished; awaiting finish of 3 more threads
2019-05-11 20:49:47,971 : INFO : worker thread finished; awaiting finish of 2 more threads
2019-05-11 20:49:47,980 : INFO : worker thread finished; awaiting finish of 1 more threads
2019-05-11 20:49:47,989 : INFO : worker thread finished; awaiting finish of 0 more threads
2019-05-11 20:49:47,989 : INFO : EPOCH - 25 : training on 2399154 raw words (1492362 effective words) took 4.5s, 328718 effective words/s
2019-05-11 20:49:49,019 : INFO : EPOCH 26 - PROGRESS: at 21.75% examples, 302145 words/s, in_qsize 23, out_qsize 0
2019-05-11 20:49:50,021 : INFO : EPOCH 26 - PROGRESS: at 46.24% examples, 329718 words/s, in_qsize 23, out_qsize 0
2019-05-11 20:49:51,049 : INFO : EPOCH 26 - PROGRESS: at 70.32% examples, 334289 words/s, in_qsize 22, out_qsize 1
2019-05-11 20:49:52,054 : INFO : EPOCH 26 - PROGRESS: at 93.60% examples, 340557 words/s, in_qsize 18, out_qsize 0
2019-05-11 20:49:52,180 : INFO : worker thread finished; awaiting finish of 11 more threads
2019-05-11 20:49:52,182 : INFO : worker thread finished; awaiting finish of 10 more threads
2019-05-11 20:49:52,184 : INFO : worker thread finished; awaiting finish of 9 more threads
2019-05-11 20:49:52,201 : INFO : worker thread finished; awaiting finish of 8 more threads
2019-05-11 20:49:52,203 : INFO : worker thread finished; awaiting finish of 7 more threads
2019-05-11 20:49:52,210 : INFO : worker thread finished; awaiting finish of 6 more threads
2019-05-11 20:49:52,214 : INFO : worker thread finished; awaiting finish of 5 more threads
2019-05-11 20:49:52,236 : INFO : worker thread finished; awaiting finish of 4 more threads
2019-05-11 20:49:52,254 : INFO : worker thread finished; awaiting finish of 3 more threads
2019-05-11 20:49:52,269 : INFO : worker thread finished; awaiting finish of 2 more threads
2019-05-11 20:49:52,278 : INFO : worker thread finished; awaiting finish of 1 more threads
2019-05-11 20:49:52,286 : INFO : worker thread finished; awaiting finish of 0 more threads
2019-05-11 20:49:52,286 : INFO : EPOCH - 26 : training on 2399154 raw words (1492087 effective words) took 4.3s, 348029 effective words/s
2019-05-11 20:49:53,316 : INFO : EPOCH 27 - PROGRESS: at 19.99% examples, 278202 words/s, in_qsize 23, out_qsize 0
2019-05-11 20:49:54,347 : INFO : EPOCH 27 - PROGRESS: at 44.44% examples, 313230 words/s, in_qsize 24, out_qsize 1
2019-05-11 20:49:55,382 : INFO : EPOCH 27 - PROGRESS: at 68.73% examples, 322297 words/s, in_qsize 24, out_qsize 0
2019-05-11 20:49:56,409 : INFO : EPOCH 27 - PROGRESS: at 92.80% examples, 332950 words/s, in_qsize 20, out_qsize 0
2019-05-11 20:49:56,556 : INFO : worker thread finished; awaiting finish of 11 more threads
2019-05-11 20:49:56,570 : INFO : worker thread finished; awaiting finish of 10 more threads
2019-05-11 20:49:56,573 : INFO : worker thread finished; awaiting finish of 9 more threads
2019-05-11 20:49:56,584 : INFO : worker thread finished; awaiting finish of 8 more threads
2019-05-11 20:49:56,590 : INFO : worker thread finished; awaiting finish of 7 more threads
2019-05-11 20:49:56,601 : INFO : worker thread finished; awaiting finish of 6 more threads
2019-05-11 20:49:56,615 : INFO : worker thread finished; awaiting finish of 5 more threads
2019-05-11 20:49:56,638 : INFO : worker thread finished; awaiting finish of 4 more threads
2019-05-11 20:49:56,641 : INFO : worker thread finished; awaiting finish of 3 more threads
2019-05-11 20:49:56,651 : INFO : worker thread finished; awaiting finish of 2 more threads
2019-05-11 20:49:56,654 : INFO : worker thread finished; awaiting finish of 1 more threads
2019-05-11 20:49:56,655 : INFO : worker thread finished; awaiting finish of 0 more threads
2019-05-11 20:49:56,655 : INFO : EPOCH - 27 : training on 2399154 raw words (1492901 effective words) took 4.4s, 342407 effective words/s
2019-05-11 20:49:57,675 : INFO : EPOCH 28 - PROGRESS: at 20.84% examples, 292191 words/s, in_qsize 24, out_qsize 0
2019-05-11 20:49:58,681 : INFO : EPOCH 28 - PROGRESS: at 44.89% examples, 321197 words/s, in_qsize 23, out_qsize 0
2019-05-11 20:49:59,735 : INFO : EPOCH 28 - PROGRESS: at 67.95% examples, 319678 words/s, in_qsize 23, out_qsize 0
2019-05-11 20:50:00,750 : INFO : EPOCH 28 - PROGRESS: at 91.35% examples, 329076 words/s, in_qsize 24, out_qsize 0
2019-05-11 20:50:00,966 : INFO : worker thread finished; awaiting finish of 11 more threads
2019-05-11 20:50:00,998 : INFO : worker thread finished; awaiting finish of 10 more threads
2019-05-11 20:50:01,003 : INFO : worker thread finished; awaiting finish of 9 more threads
2019-05-11 20:50:01,009 : INFO : worker thread finished; awaiting finish of 8 more threads
2019-05-11 20:50:01,024 : INFO : worker thread finished; awaiting finish of 7 more threads
2019-05-11 20:50:01,038 : INFO : worker thread finished; awaiting finish of 6 more threads
2019-05-11 20:50:01,052 : INFO : worker thread finished; awaiting finish of 5 more threads
2019-05-11 20:50:01,064 : INFO : worker thread finished; awaiting finish of 4 more threads
2019-05-11 20:50:01,065 : INFO : worker thread finished; awaiting finish of 3 more threads
2019-05-11 20:50:01,068 : INFO : worker thread finished; awaiting finish of 2 more threads
2019-05-11 20:50:01,076 : INFO : worker thread finished; awaiting finish of 1 more threads
2019-05-11 20:50:01,084 : INFO : worker thread finished; awaiting finish of 0 more threads
2019-05-11 20:50:01,084 : INFO : EPOCH - 28 : training on 2399154 raw words (1492262 effective words) took 4.4s, 337565 effective words/s
2019-05-11 20:50:02,123 : INFO : EPOCH 29 - PROGRESS: at 20.41% examples, 281597 words/s, in_qsize 22, out_qsize 1
2019-05-11 20:50:03,135 : INFO : EPOCH 29 - PROGRESS: at 43.24% examples, 305281 words/s, in_qsize 23, out_qsize 0
2019-05-11 20:50:04,152 : INFO : EPOCH 29 - PROGRESS: at 69.14% examples, 327248 words/s, in_qsize 24, out_qsize 0
2019-05-11 20:50:05,151 : INFO : EPOCH 29 - PROGRESS: at 92.00% examples, 334426 words/s, in_qsize 22, out_qsize 0
2019-05-11 20:50:05,335 : INFO : worker thread finished; awaiting finish of 11 more threads
2019-05-11 20:50:05,366 : INFO : worker thread finished; awaiting finish of 10 more threads
2019-05-11 20:50:05,367 : INFO : worker thread finished; awaiting finish of 9 more threads
2019-05-11 20:50:05,370 : INFO : worker thread finished; awaiting finish of 8 more threads
2019-05-11 20:50:05,371 : INFO : worker thread finished; awaiting finish of 7 more threads
2019-05-11 20:50:05,378 : INFO : worker thread finished; awaiting finish of 6 more threads
2019-05-11 20:50:05,418 : INFO : worker thread finished; awaiting finish of 5 more threads
2019-05-11 20:50:05,446 : INFO : worker thread finished; awaiting finish of 4 more threads
2019-05-11 20:50:05,447 : INFO : worker thread finished; awaiting finish of 3 more threads
2019-05-11 20:50:05,449 : INFO : worker thread finished; awaiting finish of 2 more threads
2019-05-11 20:50:05,450 : INFO : worker thread finished; awaiting finish of 1 more threads
2019-05-11 20:50:05,455 : INFO : worker thread finished; awaiting finish of 0 more threads
2019-05-11 20:50:05,455 : INFO : EPOCH - 29 : training on 2399154 raw words (1492218 effective words) took 4.4s, 342198 effective words/s
2019-05-11 20:50:06,467 : INFO : EPOCH 30 - PROGRESS: at 19.99% examples, 282162 words/s, in_qsize 24, out_qsize 0
2019-05-11 20:50:07,489 : INFO : EPOCH 30 - PROGRESS: at 42.84% examples, 304471 words/s, in_qsize 23, out_qsize 0
2019-05-11 20:50:08,521 : INFO : EPOCH 30 - PROGRESS: at 67.53% examples, 318812 words/s, in_qsize 24, out_qsize 0
2019-05-11 20:50:09,541 : INFO : EPOCH 30 - PROGRESS: at 91.68% examples, 331234 words/s, in_qsize 23, out_qsize 0
2019-05-11 20:50:09,783 : INFO : worker thread finished; awaiting finish of 11 more threads
2019-05-11 20:50:09,803 : INFO : worker thread finished; awaiting finish of 10 more threads
2019-05-11 20:50:09,815 : INFO : worker thread finished; awaiting finish of 9 more threads
2019-05-11 20:50:09,818 : INFO : worker thread finished; awaiting finish of 8 more threads
2019-05-11 20:50:09,821 : INFO : worker thread finished; awaiting finish of 7 more threads
2019-05-11 20:50:09,839 : INFO : worker thread finished; awaiting finish of 6 more threads
2019-05-11 20:50:09,840 : INFO : worker thread finished; awaiting finish of 5 more threads
2019-05-11 20:50:09,847 : INFO : worker thread finished; awaiting finish of 4 more threads
2019-05-11 20:50:09,888 : INFO : worker thread finished; awaiting finish of 3 more threads
2019-05-11 20:50:09,900 : INFO : worker thread finished; awaiting finish of 2 more threads
2019-05-11 20:50:09,905 : INFO : worker thread finished; awaiting finish of 1 more threads
2019-05-11 20:50:09,908 : INFO : worker thread finished; awaiting finish of 0 more threads
2019-05-11 20:50:09,908 : INFO : EPOCH - 30 : training on 2399154 raw words (1492402 effective words) took 4.4s, 335680 effective words/s
2019-05-11 20:50:09,908 : INFO : training on a 71974620 raw words (44772403 effective words) took 134.2s, 333682 effective words/s
2019-05-11 20:50:09,908 : INFO : precomputing L2-norms of word weight vectors
2019-05-11 20:50:09,958 : INFO : saving Word2Vec object under search/vocab.model, separately None
2019-05-11 20:50:09,959 : INFO : storing np array 'vectors' to search/vocab.model.wv.vectors.npy
2019-05-11 20:50:10,250 : INFO : not storing attribute vectors_norm
2019-05-11 20:50:10,251 : INFO : storing np array 'syn1neg' to search/vocab.model.trainables.syn1neg.npy
2019-05-11 20:50:10,539 : INFO : not storing attribute cum_table
2019-05-11 20:50:10,606 : INFO : saved search/vocab.model
2019-05-11 20:50:10,623 : INFO : loading Word2Vec object from search/vocab.model
2019-05-11 20:50:10,826 : INFO : loading wv recursively from search/vocab.model.wv.* with mmap=None
2019-05-11 20:50:10,827 : INFO : loading vectors from search/vocab.model.wv.vectors.npy with mmap=None
2019-05-11 20:50:10,855 : INFO : setting ignored attribute vectors_norm to None
2019-05-11 20:50:10,855 : INFO : loading vocabulary recursively from search/vocab.model.vocabulary.* with mmap=None
2019-05-11 20:50:10,855 : INFO : loading trainables recursively from search/vocab.model.trainables.* with mmap=None
2019-05-11 20:50:10,856 : INFO : loading syn1neg from search/vocab.model.trainables.syn1neg.npy with mmap=None
2019-05-11 20:50:10,884 : INFO : setting ignored attribute cum_table to None
2019-05-11 20:50:10,884 : INFO : loaded search/vocab.model
2019-05-11 20:50:10,946 : INFO : precomputing L2-norms of word weight vectors
2019-05-11 20:51:53,012 : INFO : E:\Studia\Projekty\Systemy SI\Systemy-SI\searchengine\search\main.py changed, reloading.
