2019-05-13 15:08:48,355 : INFO : collecting all words and their counts
2019-05-13 15:08:48,356 : INFO : PROGRESS: at sentence #0, processed 0 words, keeping 0 word types
2019-05-13 15:08:48,366 : INFO : PROGRESS: at sentence #10000, processed 37876 words, keeping 14508 word types
2019-05-13 15:08:48,376 : INFO : PROGRESS: at sentence #20000, processed 73372 words, keeping 23383 word types
2019-05-13 15:08:48,386 : INFO : PROGRESS: at sentence #30000, processed 110598 words, keeping 31573 word types
2019-05-13 15:08:48,396 : INFO : PROGRESS: at sentence #40000, processed 149779 words, keeping 38426 word types
2019-05-13 15:08:48,407 : INFO : PROGRESS: at sentence #50000, processed 185097 words, keeping 44693 word types
2019-05-13 15:08:48,417 : INFO : PROGRESS: at sentence #60000, processed 222393 words, keeping 50546 word types
2019-05-13 15:08:48,426 : INFO : PROGRESS: at sentence #70000, processed 258440 words, keeping 56481 word types
2019-05-13 15:08:48,436 : INFO : PROGRESS: at sentence #80000, processed 293254 words, keeping 62149 word types
2019-05-13 15:08:48,446 : INFO : PROGRESS: at sentence #90000, processed 330708 words, keeping 67118 word types
2019-05-13 15:08:48,456 : INFO : PROGRESS: at sentence #100000, processed 365011 words, keeping 71860 word types
2019-05-13 15:08:48,466 : INFO : PROGRESS: at sentence #110000, processed 401530 words, keeping 76567 word types
2019-05-13 15:08:48,476 : INFO : PROGRESS: at sentence #120000, processed 436509 words, keeping 81093 word types
2019-05-13 15:08:48,488 : INFO : PROGRESS: at sentence #130000, processed 474683 words, keeping 85807 word types
2019-05-13 15:08:48,501 : INFO : PROGRESS: at sentence #140000, processed 509687 words, keeping 90324 word types
2019-05-13 15:08:48,512 : INFO : PROGRESS: at sentence #150000, processed 551883 words, keeping 94491 word types
2019-05-13 15:08:48,523 : INFO : PROGRESS: at sentence #160000, processed 586082 words, keeping 98164 word types
2019-05-13 15:08:48,533 : INFO : PROGRESS: at sentence #170000, processed 622741 words, keeping 102205 word types
2019-05-13 15:08:48,545 : INFO : PROGRESS: at sentence #180000, processed 659371 words, keeping 106511 word types
2019-05-13 15:08:48,556 : INFO : PROGRESS: at sentence #190000, processed 698694 words, keeping 110690 word types
2019-05-13 15:08:48,567 : INFO : PROGRESS: at sentence #200000, processed 737134 words, keeping 115026 word types
2019-05-13 15:08:48,578 : INFO : PROGRESS: at sentence #210000, processed 777005 words, keeping 119332 word types
2019-05-13 15:08:48,589 : INFO : PROGRESS: at sentence #220000, processed 812658 words, keeping 122977 word types
2019-05-13 15:08:48,600 : INFO : PROGRESS: at sentence #230000, processed 850600 words, keeping 126552 word types
2019-05-13 15:08:48,610 : INFO : PROGRESS: at sentence #240000, processed 881507 words, keeping 129384 word types
2019-05-13 15:08:48,622 : INFO : PROGRESS: at sentence #250000, processed 921312 words, keeping 133382 word types
2019-05-13 15:08:48,633 : INFO : PROGRESS: at sentence #260000, processed 958314 words, keeping 136835 word types
2019-05-13 15:08:48,644 : INFO : PROGRESS: at sentence #270000, processed 999305 words, keeping 140271 word types
2019-05-13 15:08:48,656 : INFO : PROGRESS: at sentence #280000, processed 1038433 words, keeping 143864 word types
2019-05-13 15:08:48,666 : INFO : PROGRESS: at sentence #290000, processed 1074410 words, keeping 146789 word types
2019-05-13 15:08:48,678 : INFO : PROGRESS: at sentence #300000, processed 1111378 words, keeping 150363 word types
2019-05-13 15:08:48,689 : INFO : PROGRESS: at sentence #310000, processed 1147832 words, keeping 153350 word types
2019-05-13 15:08:48,701 : INFO : PROGRESS: at sentence #320000, processed 1188346 words, keeping 156892 word types
2019-05-13 15:08:48,712 : INFO : PROGRESS: at sentence #330000, processed 1225462 words, keeping 160207 word types
2019-05-13 15:08:48,723 : INFO : PROGRESS: at sentence #340000, processed 1261136 words, keeping 163369 word types
2019-05-13 15:08:48,734 : INFO : PROGRESS: at sentence #350000, processed 1298844 words, keeping 166267 word types
2019-05-13 15:08:48,745 : INFO : PROGRESS: at sentence #360000, processed 1335541 words, keeping 169205 word types
2019-05-13 15:08:48,757 : INFO : PROGRESS: at sentence #370000, processed 1372899 words, keeping 172051 word types
2019-05-13 15:08:48,775 : INFO : PROGRESS: at sentence #380000, processed 1410883 words, keeping 174860 word types
2019-05-13 15:08:48,786 : INFO : PROGRESS: at sentence #390000, processed 1448550 words, keeping 177570 word types
2019-05-13 15:08:48,797 : INFO : PROGRESS: at sentence #400000, processed 1484369 words, keeping 180034 word types
2019-05-13 15:08:48,808 : INFO : PROGRESS: at sentence #410000, processed 1520074 words, keeping 182732 word types
2019-05-13 15:08:48,819 : INFO : PROGRESS: at sentence #420000, processed 1556235 words, keeping 185275 word types
2019-05-13 15:08:48,831 : INFO : PROGRESS: at sentence #430000, processed 1597370 words, keeping 188275 word types
2019-05-13 15:08:48,842 : INFO : PROGRESS: at sentence #440000, processed 1635257 words, keeping 190915 word types
2019-05-13 15:08:48,854 : INFO : PROGRESS: at sentence #450000, processed 1674388 words, keeping 193627 word types
2019-05-13 15:08:48,865 : INFO : PROGRESS: at sentence #460000, processed 1711793 words, keeping 196136 word types
2019-05-13 15:08:48,877 : INFO : PROGRESS: at sentence #470000, processed 1751651 words, keeping 198633 word types
2019-05-13 15:08:48,888 : INFO : PROGRESS: at sentence #480000, processed 1791107 words, keeping 201273 word types
2019-05-13 15:08:48,900 : INFO : PROGRESS: at sentence #490000, processed 1830840 words, keeping 203778 word types
2019-05-13 15:08:48,915 : INFO : PROGRESS: at sentence #500000, processed 1869003 words, keeping 206397 word types
2019-05-13 15:08:48,927 : INFO : PROGRESS: at sentence #510000, processed 1905056 words, keeping 208798 word types
2019-05-13 15:08:48,939 : INFO : PROGRESS: at sentence #520000, processed 1946466 words, keeping 211451 word types
2019-05-13 15:08:48,951 : INFO : PROGRESS: at sentence #530000, processed 1984438 words, keeping 214285 word types
2019-05-13 15:08:48,962 : INFO : PROGRESS: at sentence #540000, processed 2020651 words, keeping 216495 word types
2019-05-13 15:08:48,974 : INFO : PROGRESS: at sentence #550000, processed 2060708 words, keeping 219061 word types
2019-05-13 15:08:48,987 : INFO : PROGRESS: at sentence #560000, processed 2104431 words, keeping 221689 word types
2019-05-13 15:08:48,999 : INFO : PROGRESS: at sentence #570000, processed 2146152 words, keeping 224347 word types
2019-05-13 15:08:49,012 : INFO : PROGRESS: at sentence #580000, processed 2187627 words, keeping 226746 word types
2019-05-13 15:08:49,024 : INFO : PROGRESS: at sentence #590000, processed 2228484 words, keeping 229576 word types
2019-05-13 15:08:49,036 : INFO : PROGRESS: at sentence #600000, processed 2267364 words, keeping 232064 word types
2019-05-13 15:08:49,050 : INFO : PROGRESS: at sentence #610000, processed 2314331 words, keeping 234383 word types
2019-05-13 15:08:49,063 : INFO : PROGRESS: at sentence #620000, processed 2354834 words, keeping 236677 word types
2019-05-13 15:08:49,077 : INFO : PROGRESS: at sentence #630000, processed 2398565 words, keeping 239363 word types
2019-05-13 15:08:49,077 : INFO : collected 239394 word types from a corpus of 2399154 raw words and 630194 sentences
2019-05-13 15:08:49,077 : INFO : Loading a fresh vocabulary
2019-05-13 15:08:49,422 : INFO : effective_min_count=3 retains 77226 unique words (32% of original 239394, drops 162168)
2019-05-13 15:08:49,422 : INFO : effective_min_count=3 leaves 2201511 word corpus (91% of original 2399154, drops 197643)
2019-05-13 15:08:49,646 : INFO : deleting the raw counts dictionary of 239394 items
2019-05-13 15:08:49,650 : INFO : sample=6e-05 downsamples 751 most-common words
2019-05-13 15:08:49,650 : INFO : downsampling leaves estimated 1747594 word corpus (79.4% of prior 2201511)
2019-05-13 15:08:49,876 : INFO : estimated required memory for 77226 words and 300 dimensions: 223955400 bytes
2019-05-13 15:08:49,877 : INFO : resetting layer weights
2019-05-13 15:08:50,903 : INFO : training model with 12 workers on 77226 vocabulary and 300 features, using sg=0 hs=0 sample=6e-05 negative=20 window=3
2019-05-13 15:08:51,924 : INFO : EPOCH 1 - PROGRESS: at 23.06% examples, 378696 words/s, in_qsize 23, out_qsize 0
2019-05-13 15:08:52,993 : INFO : EPOCH 1 - PROGRESS: at 50.83% examples, 414573 words/s, in_qsize 22, out_qsize 2
2019-05-13 15:08:54,003 : INFO : EPOCH 1 - PROGRESS: at 78.50% examples, 434794 words/s, in_qsize 22, out_qsize 1
2019-05-13 15:08:54,685 : INFO : worker thread finished; awaiting finish of 11 more threads
2019-05-13 15:08:54,703 : INFO : worker thread finished; awaiting finish of 10 more threads
2019-05-13 15:08:54,708 : INFO : worker thread finished; awaiting finish of 9 more threads
2019-05-13 15:08:54,711 : INFO : worker thread finished; awaiting finish of 8 more threads
2019-05-13 15:08:54,715 : INFO : worker thread finished; awaiting finish of 7 more threads
2019-05-13 15:08:54,725 : INFO : worker thread finished; awaiting finish of 6 more threads
2019-05-13 15:08:54,728 : INFO : worker thread finished; awaiting finish of 5 more threads
2019-05-13 15:08:54,744 : INFO : worker thread finished; awaiting finish of 4 more threads
2019-05-13 15:08:54,746 : INFO : worker thread finished; awaiting finish of 3 more threads
2019-05-13 15:08:54,760 : INFO : worker thread finished; awaiting finish of 2 more threads
2019-05-13 15:08:54,761 : INFO : worker thread finished; awaiting finish of 1 more threads
2019-05-13 15:08:54,775 : INFO : worker thread finished; awaiting finish of 0 more threads
2019-05-13 15:08:54,775 : INFO : EPOCH - 1 : training on 2399154 raw words (1747928 effective words) took 3.9s, 452594 effective words/s
2019-05-13 15:08:55,813 : INFO : EPOCH 2 - PROGRESS: at 21.65% examples, 350917 words/s, in_qsize 24, out_qsize 1
2019-05-13 15:08:56,880 : INFO : EPOCH 2 - PROGRESS: at 50.00% examples, 404274 words/s, in_qsize 24, out_qsize 0
2019-05-13 15:08:57,888 : INFO : EPOCH 2 - PROGRESS: at 78.04% examples, 430167 words/s, in_qsize 23, out_qsize 0
2019-05-13 15:08:58,655 : INFO : worker thread finished; awaiting finish of 11 more threads
2019-05-13 15:08:58,671 : INFO : worker thread finished; awaiting finish of 10 more threads
2019-05-13 15:08:58,677 : INFO : worker thread finished; awaiting finish of 9 more threads
2019-05-13 15:08:58,678 : INFO : worker thread finished; awaiting finish of 8 more threads
2019-05-13 15:08:58,695 : INFO : worker thread finished; awaiting finish of 7 more threads
2019-05-13 15:08:58,707 : INFO : worker thread finished; awaiting finish of 6 more threads
2019-05-13 15:08:58,714 : INFO : worker thread finished; awaiting finish of 5 more threads
2019-05-13 15:08:58,726 : INFO : worker thread finished; awaiting finish of 4 more threads
2019-05-13 15:08:58,727 : INFO : worker thread finished; awaiting finish of 3 more threads
2019-05-13 15:08:58,746 : INFO : worker thread finished; awaiting finish of 2 more threads
2019-05-13 15:08:58,748 : INFO : worker thread finished; awaiting finish of 1 more threads
2019-05-13 15:08:58,758 : INFO : worker thread finished; awaiting finish of 0 more threads
2019-05-13 15:08:58,758 : INFO : EPOCH - 2 : training on 2399154 raw words (1747424 effective words) took 4.0s, 439523 effective words/s
2019-05-13 15:08:59,806 : INFO : EPOCH 3 - PROGRESS: at 21.98% examples, 361237 words/s, in_qsize 24, out_qsize 6
2019-05-13 15:09:00,791 : INFO : EPOCH 3 - PROGRESS: at 50.39% examples, 422669 words/s, in_qsize 24, out_qsize 0
2019-05-13 15:09:01,798 : INFO : EPOCH 3 - PROGRESS: at 76.78% examples, 433657 words/s, in_qsize 23, out_qsize 0
2019-05-13 15:09:02,579 : INFO : worker thread finished; awaiting finish of 11 more threads
2019-05-13 15:09:02,584 : INFO : worker thread finished; awaiting finish of 10 more threads
2019-05-13 15:09:02,611 : INFO : worker thread finished; awaiting finish of 9 more threads
2019-05-13 15:09:02,613 : INFO : worker thread finished; awaiting finish of 8 more threads
2019-05-13 15:09:02,636 : INFO : worker thread finished; awaiting finish of 7 more threads
2019-05-13 15:09:02,637 : INFO : worker thread finished; awaiting finish of 6 more threads
2019-05-13 15:09:02,639 : INFO : worker thread finished; awaiting finish of 5 more threads
2019-05-13 15:09:02,654 : INFO : worker thread finished; awaiting finish of 4 more threads
2019-05-13 15:09:02,661 : INFO : worker thread finished; awaiting finish of 3 more threads
2019-05-13 15:09:02,677 : INFO : worker thread finished; awaiting finish of 2 more threads
2019-05-13 15:09:02,692 : INFO : worker thread finished; awaiting finish of 1 more threads
2019-05-13 15:09:02,695 : INFO : worker thread finished; awaiting finish of 0 more threads
2019-05-13 15:09:02,695 : INFO : EPOCH - 3 : training on 2399154 raw words (1747395 effective words) took 3.9s, 444890 effective words/s
2019-05-13 15:09:03,737 : INFO : EPOCH 4 - PROGRESS: at 22.96% examples, 370831 words/s, in_qsize 23, out_qsize 0
2019-05-13 15:09:04,753 : INFO : EPOCH 4 - PROGRESS: at 50.83% examples, 420823 words/s, in_qsize 24, out_qsize 1
2019-05-13 15:09:05,778 : INFO : EPOCH 4 - PROGRESS: at 76.41% examples, 425088 words/s, in_qsize 24, out_qsize 1
2019-05-13 15:09:06,509 : INFO : worker thread finished; awaiting finish of 11 more threads
2019-05-13 15:09:06,525 : INFO : worker thread finished; awaiting finish of 10 more threads
2019-05-13 15:09:06,530 : INFO : worker thread finished; awaiting finish of 9 more threads
2019-05-13 15:09:06,534 : INFO : worker thread finished; awaiting finish of 8 more threads
2019-05-13 15:09:06,548 : INFO : worker thread finished; awaiting finish of 7 more threads
2019-05-13 15:09:06,550 : INFO : worker thread finished; awaiting finish of 6 more threads
2019-05-13 15:09:06,550 : INFO : worker thread finished; awaiting finish of 5 more threads
2019-05-13 15:09:06,561 : INFO : worker thread finished; awaiting finish of 4 more threads
2019-05-13 15:09:06,579 : INFO : worker thread finished; awaiting finish of 3 more threads
2019-05-13 15:09:06,590 : INFO : worker thread finished; awaiting finish of 2 more threads
2019-05-13 15:09:06,595 : INFO : worker thread finished; awaiting finish of 1 more threads
2019-05-13 15:09:06,601 : INFO : worker thread finished; awaiting finish of 0 more threads
2019-05-13 15:09:06,601 : INFO : EPOCH - 4 : training on 2399154 raw words (1747755 effective words) took 3.9s, 448374 effective words/s
2019-05-13 15:09:07,613 : INFO : EPOCH 5 - PROGRESS: at 24.19% examples, 405034 words/s, in_qsize 24, out_qsize 0
2019-05-13 15:09:08,622 : INFO : EPOCH 5 - PROGRESS: at 49.61% examples, 417910 words/s, in_qsize 23, out_qsize 0
2019-05-13 15:09:09,658 : INFO : EPOCH 5 - PROGRESS: at 76.51% examples, 428719 words/s, in_qsize 23, out_qsize 2
2019-05-13 15:09:10,386 : INFO : worker thread finished; awaiting finish of 11 more threads
2019-05-13 15:09:10,396 : INFO : worker thread finished; awaiting finish of 10 more threads
2019-05-13 15:09:10,396 : INFO : worker thread finished; awaiting finish of 9 more threads
2019-05-13 15:09:10,400 : INFO : worker thread finished; awaiting finish of 8 more threads
2019-05-13 15:09:10,413 : INFO : worker thread finished; awaiting finish of 7 more threads
2019-05-13 15:09:10,424 : INFO : worker thread finished; awaiting finish of 6 more threads
2019-05-13 15:09:10,427 : INFO : worker thread finished; awaiting finish of 5 more threads
2019-05-13 15:09:10,442 : INFO : worker thread finished; awaiting finish of 4 more threads
2019-05-13 15:09:10,457 : INFO : worker thread finished; awaiting finish of 3 more threads
2019-05-13 15:09:10,461 : INFO : worker thread finished; awaiting finish of 2 more threads
2019-05-13 15:09:10,470 : INFO : worker thread finished; awaiting finish of 1 more threads
2019-05-13 15:09:10,474 : INFO : worker thread finished; awaiting finish of 0 more threads
2019-05-13 15:09:10,474 : INFO : EPOCH - 5 : training on 2399154 raw words (1747491 effective words) took 3.9s, 452325 effective words/s
2019-05-13 15:09:11,489 : INFO : EPOCH 6 - PROGRESS: at 23.07% examples, 380688 words/s, in_qsize 23, out_qsize 1
2019-05-13 15:09:12,502 : INFO : EPOCH 6 - PROGRESS: at 51.69% examples, 434415 words/s, in_qsize 23, out_qsize 0
2019-05-13 15:09:13,533 : INFO : EPOCH 6 - PROGRESS: at 79.78% examples, 447852 words/s, in_qsize 24, out_qsize 0
2019-05-13 15:09:14,182 : INFO : worker thread finished; awaiting finish of 11 more threads
2019-05-13 15:09:14,204 : INFO : worker thread finished; awaiting finish of 10 more threads
2019-05-13 15:09:14,207 : INFO : worker thread finished; awaiting finish of 9 more threads
2019-05-13 15:09:14,208 : INFO : worker thread finished; awaiting finish of 8 more threads
2019-05-13 15:09:14,225 : INFO : worker thread finished; awaiting finish of 7 more threads
2019-05-13 15:09:14,230 : INFO : worker thread finished; awaiting finish of 6 more threads
2019-05-13 15:09:14,235 : INFO : worker thread finished; awaiting finish of 5 more threads
2019-05-13 15:09:14,238 : INFO : worker thread finished; awaiting finish of 4 more threads
2019-05-13 15:09:14,251 : INFO : worker thread finished; awaiting finish of 3 more threads
2019-05-13 15:09:14,265 : INFO : worker thread finished; awaiting finish of 2 more threads
2019-05-13 15:09:14,269 : INFO : worker thread finished; awaiting finish of 1 more threads
2019-05-13 15:09:14,278 : INFO : worker thread finished; awaiting finish of 0 more threads
2019-05-13 15:09:14,278 : INFO : EPOCH - 6 : training on 2399154 raw words (1747961 effective words) took 3.8s, 460585 effective words/s
2019-05-13 15:09:15,289 : INFO : EPOCH 7 - PROGRESS: at 22.51% examples, 376145 words/s, in_qsize 22, out_qsize 2
2019-05-13 15:09:16,307 : INFO : EPOCH 7 - PROGRESS: at 50.89% examples, 427282 words/s, in_qsize 24, out_qsize 0
2019-05-13 15:09:17,342 : INFO : EPOCH 7 - PROGRESS: at 80.23% examples, 449270 words/s, in_qsize 24, out_qsize 0
2019-05-13 15:09:17,960 : INFO : worker thread finished; awaiting finish of 11 more threads
2019-05-13 15:09:17,970 : INFO : worker thread finished; awaiting finish of 10 more threads
2019-05-13 15:09:17,976 : INFO : worker thread finished; awaiting finish of 9 more threads
2019-05-13 15:09:17,982 : INFO : worker thread finished; awaiting finish of 8 more threads
2019-05-13 15:09:18,000 : INFO : worker thread finished; awaiting finish of 7 more threads
2019-05-13 15:09:18,002 : INFO : worker thread finished; awaiting finish of 6 more threads
2019-05-13 15:09:18,005 : INFO : worker thread finished; awaiting finish of 5 more threads
2019-05-13 15:09:18,024 : INFO : worker thread finished; awaiting finish of 4 more threads
2019-05-13 15:09:18,028 : INFO : worker thread finished; awaiting finish of 3 more threads
2019-05-13 15:09:18,046 : INFO : worker thread finished; awaiting finish of 2 more threads
2019-05-13 15:09:18,046 : INFO : worker thread finished; awaiting finish of 1 more threads
2019-05-13 15:09:18,047 : INFO : worker thread finished; awaiting finish of 0 more threads
2019-05-13 15:09:18,047 : INFO : EPOCH - 7 : training on 2399154 raw words (1747510 effective words) took 3.8s, 464967 effective words/s
2019-05-13 15:09:19,073 : INFO : EPOCH 8 - PROGRESS: at 25.53% examples, 419837 words/s, in_qsize 22, out_qsize 1
2019-05-13 15:09:20,108 : INFO : EPOCH 8 - PROGRESS: at 52.98% examples, 437567 words/s, in_qsize 21, out_qsize 2
2019-05-13 15:09:21,116 : INFO : EPOCH 8 - PROGRESS: at 80.65% examples, 450738 words/s, in_qsize 24, out_qsize 0
2019-05-13 15:09:21,706 : INFO : worker thread finished; awaiting finish of 11 more threads
2019-05-13 15:09:21,707 : INFO : worker thread finished; awaiting finish of 10 more threads
2019-05-13 15:09:21,707 : INFO : worker thread finished; awaiting finish of 9 more threads
2019-05-13 15:09:21,730 : INFO : worker thread finished; awaiting finish of 8 more threads
2019-05-13 15:09:21,739 : INFO : worker thread finished; awaiting finish of 7 more threads
2019-05-13 15:09:21,748 : INFO : worker thread finished; awaiting finish of 6 more threads
2019-05-13 15:09:21,766 : INFO : worker thread finished; awaiting finish of 5 more threads
2019-05-13 15:09:21,769 : INFO : worker thread finished; awaiting finish of 4 more threads
2019-05-13 15:09:21,777 : INFO : worker thread finished; awaiting finish of 3 more threads
2019-05-13 15:09:21,784 : INFO : worker thread finished; awaiting finish of 2 more threads
2019-05-13 15:09:21,790 : INFO : worker thread finished; awaiting finish of 1 more threads
2019-05-13 15:09:21,802 : INFO : worker thread finished; awaiting finish of 0 more threads
2019-05-13 15:09:21,802 : INFO : EPOCH - 8 : training on 2399154 raw words (1747965 effective words) took 3.7s, 466546 effective words/s
2019-05-13 15:09:22,837 : INFO : EPOCH 9 - PROGRESS: at 24.65% examples, 405220 words/s, in_qsize 23, out_qsize 0
2019-05-13 15:09:23,838 : INFO : EPOCH 9 - PROGRESS: at 50.41% examples, 423310 words/s, in_qsize 23, out_qsize 0
2019-05-13 15:09:24,855 : INFO : EPOCH 9 - PROGRESS: at 78.04% examples, 440100 words/s, in_qsize 23, out_qsize 0
2019-05-13 15:09:25,556 : INFO : worker thread finished; awaiting finish of 11 more threads
2019-05-13 15:09:25,557 : INFO : worker thread finished; awaiting finish of 10 more threads
2019-05-13 15:09:25,566 : INFO : worker thread finished; awaiting finish of 9 more threads
2019-05-13 15:09:25,570 : INFO : worker thread finished; awaiting finish of 8 more threads
2019-05-13 15:09:25,585 : INFO : worker thread finished; awaiting finish of 7 more threads
2019-05-13 15:09:25,602 : INFO : worker thread finished; awaiting finish of 6 more threads
2019-05-13 15:09:25,609 : INFO : worker thread finished; awaiting finish of 5 more threads
2019-05-13 15:09:25,623 : INFO : worker thread finished; awaiting finish of 4 more threads
2019-05-13 15:09:25,627 : INFO : worker thread finished; awaiting finish of 3 more threads
2019-05-13 15:09:25,640 : INFO : worker thread finished; awaiting finish of 2 more threads
2019-05-13 15:09:25,643 : INFO : worker thread finished; awaiting finish of 1 more threads
2019-05-13 15:09:25,660 : INFO : worker thread finished; awaiting finish of 0 more threads
2019-05-13 15:09:25,660 : INFO : EPOCH - 9 : training on 2399154 raw words (1748211 effective words) took 3.8s, 454933 effective words/s
2019-05-13 15:09:26,681 : INFO : EPOCH 10 - PROGRESS: at 25.96% examples, 430227 words/s, in_qsize 24, out_qsize 0
2019-05-13 15:09:27,719 : INFO : EPOCH 10 - PROGRESS: at 53.82% examples, 445311 words/s, in_qsize 22, out_qsize 1
2019-05-13 15:09:28,738 : INFO : EPOCH 10 - PROGRESS: at 83.04% examples, 463772 words/s, in_qsize 23, out_qsize 0
2019-05-13 15:09:29,262 : INFO : worker thread finished; awaiting finish of 11 more threads
2019-05-13 15:09:29,273 : INFO : worker thread finished; awaiting finish of 10 more threads
2019-05-13 15:09:29,289 : INFO : worker thread finished; awaiting finish of 9 more threads
2019-05-13 15:09:29,300 : INFO : worker thread finished; awaiting finish of 8 more threads
2019-05-13 15:09:29,300 : INFO : worker thread finished; awaiting finish of 7 more threads
2019-05-13 15:09:29,311 : INFO : worker thread finished; awaiting finish of 6 more threads
2019-05-13 15:09:29,322 : INFO : worker thread finished; awaiting finish of 5 more threads
2019-05-13 15:09:29,336 : INFO : worker thread finished; awaiting finish of 4 more threads
2019-05-13 15:09:29,347 : INFO : worker thread finished; awaiting finish of 3 more threads
2019-05-13 15:09:29,349 : INFO : worker thread finished; awaiting finish of 2 more threads
2019-05-13 15:09:29,360 : INFO : worker thread finished; awaiting finish of 1 more threads
2019-05-13 15:09:29,363 : INFO : worker thread finished; awaiting finish of 0 more threads
2019-05-13 15:09:29,363 : INFO : EPOCH - 10 : training on 2399154 raw words (1747316 effective words) took 3.7s, 473064 effective words/s
2019-05-13 15:09:29,363 : INFO : training on a 23991540 raw words (17476956 effective words) took 38.5s, 454418 effective words/s
2019-05-13 15:09:29,363 : WARNING : Effective 'alpha' higher than previous training cycles
2019-05-13 15:09:29,363 : INFO : training model with 12 workers on 77226 vocabulary and 300 features, using sg=0 hs=0 sample=6e-05 negative=20 window=3
2019-05-13 15:09:30,385 : INFO : EPOCH 1 - PROGRESS: at 23.72% examples, 393884 words/s, in_qsize 21, out_qsize 4
2019-05-13 15:09:31,412 : INFO : EPOCH 1 - PROGRESS: at 51.20% examples, 426361 words/s, in_qsize 24, out_qsize 0
2019-05-13 15:09:32,461 : INFO : EPOCH 1 - PROGRESS: at 80.18% examples, 444326 words/s, in_qsize 23, out_qsize 1
2019-05-13 15:09:33,043 : INFO : worker thread finished; awaiting finish of 11 more threads
2019-05-13 15:09:33,045 : INFO : worker thread finished; awaiting finish of 10 more threads
2019-05-13 15:09:33,050 : INFO : worker thread finished; awaiting finish of 9 more threads
2019-05-13 15:09:33,064 : INFO : worker thread finished; awaiting finish of 8 more threads
2019-05-13 15:09:33,074 : INFO : worker thread finished; awaiting finish of 7 more threads
2019-05-13 15:09:33,080 : INFO : worker thread finished; awaiting finish of 6 more threads
2019-05-13 15:09:33,100 : INFO : worker thread finished; awaiting finish of 5 more threads
2019-05-13 15:09:33,109 : INFO : worker thread finished; awaiting finish of 4 more threads
2019-05-13 15:09:33,117 : INFO : worker thread finished; awaiting finish of 3 more threads
2019-05-13 15:09:33,123 : INFO : worker thread finished; awaiting finish of 2 more threads
2019-05-13 15:09:33,132 : INFO : worker thread finished; awaiting finish of 1 more threads
2019-05-13 15:09:33,133 : INFO : worker thread finished; awaiting finish of 0 more threads
2019-05-13 15:09:33,133 : INFO : EPOCH - 1 : training on 2399154 raw words (1748138 effective words) took 3.8s, 464913 effective words/s
2019-05-13 15:09:34,145 : INFO : EPOCH 2 - PROGRESS: at 23.82% examples, 395840 words/s, in_qsize 24, out_qsize 1
2019-05-13 15:09:35,163 : INFO : EPOCH 2 - PROGRESS: at 50.80% examples, 426236 words/s, in_qsize 24, out_qsize 1
2019-05-13 15:09:36,163 : INFO : EPOCH 2 - PROGRESS: at 79.78% examples, 451500 words/s, in_qsize 24, out_qsize 1
2019-05-13 15:09:36,754 : INFO : worker thread finished; awaiting finish of 11 more threads
2019-05-13 15:09:36,755 : INFO : worker thread finished; awaiting finish of 10 more threads
2019-05-13 15:09:36,776 : INFO : worker thread finished; awaiting finish of 9 more threads
2019-05-13 15:09:36,785 : INFO : worker thread finished; awaiting finish of 8 more threads
2019-05-13 15:09:36,799 : INFO : worker thread finished; awaiting finish of 7 more threads
2019-05-13 15:09:36,800 : INFO : worker thread finished; awaiting finish of 6 more threads
2019-05-13 15:09:36,800 : INFO : worker thread finished; awaiting finish of 5 more threads
2019-05-13 15:09:36,816 : INFO : worker thread finished; awaiting finish of 4 more threads
2019-05-13 15:09:36,839 : INFO : worker thread finished; awaiting finish of 3 more threads
2019-05-13 15:09:36,845 : INFO : worker thread finished; awaiting finish of 2 more threads
2019-05-13 15:09:36,846 : INFO : worker thread finished; awaiting finish of 1 more threads
2019-05-13 15:09:36,851 : INFO : worker thread finished; awaiting finish of 0 more threads
2019-05-13 15:09:36,851 : INFO : EPOCH - 2 : training on 2399154 raw words (1747264 effective words) took 3.7s, 470811 effective words/s
2019-05-13 15:09:37,860 : INFO : EPOCH 3 - PROGRESS: at 22.67% examples, 375213 words/s, in_qsize 22, out_qsize 1
2019-05-13 15:09:38,931 : INFO : EPOCH 3 - PROGRESS: at 52.94% examples, 433227 words/s, in_qsize 24, out_qsize 0
2019-05-13 15:09:39,954 : INFO : EPOCH 3 - PROGRESS: at 81.45% examples, 450026 words/s, in_qsize 24, out_qsize 1
2019-05-13 15:09:40,508 : INFO : worker thread finished; awaiting finish of 11 more threads
2019-05-13 15:09:40,515 : INFO : worker thread finished; awaiting finish of 10 more threads
2019-05-13 15:09:40,529 : INFO : worker thread finished; awaiting finish of 9 more threads
2019-05-13 15:09:40,531 : INFO : worker thread finished; awaiting finish of 8 more threads
2019-05-13 15:09:40,540 : INFO : worker thread finished; awaiting finish of 7 more threads
2019-05-13 15:09:40,541 : INFO : worker thread finished; awaiting finish of 6 more threads
2019-05-13 15:09:40,552 : INFO : worker thread finished; awaiting finish of 5 more threads
2019-05-13 15:09:40,559 : INFO : worker thread finished; awaiting finish of 4 more threads
2019-05-13 15:09:40,567 : INFO : worker thread finished; awaiting finish of 3 more threads
2019-05-13 15:09:40,582 : INFO : worker thread finished; awaiting finish of 2 more threads
2019-05-13 15:09:40,590 : INFO : worker thread finished; awaiting finish of 1 more threads
2019-05-13 15:09:40,594 : INFO : worker thread finished; awaiting finish of 0 more threads
2019-05-13 15:09:40,594 : INFO : EPOCH - 3 : training on 2399154 raw words (1747276 effective words) took 3.7s, 467802 effective words/s
2019-05-13 15:09:41,625 : INFO : EPOCH 4 - PROGRESS: at 25.02% examples, 411767 words/s, in_qsize 23, out_qsize 2
2019-05-13 15:09:42,624 : INFO : EPOCH 4 - PROGRESS: at 52.50% examples, 441010 words/s, in_qsize 24, out_qsize 0
2019-05-13 15:09:43,628 : INFO : EPOCH 4 - PROGRESS: at 81.04% examples, 458459 words/s, in_qsize 24, out_qsize 0
2019-05-13 15:09:44,253 : INFO : worker thread finished; awaiting finish of 11 more threads
2019-05-13 15:09:44,255 : INFO : worker thread finished; awaiting finish of 10 more threads
2019-05-13 15:09:44,265 : INFO : worker thread finished; awaiting finish of 9 more threads
2019-05-13 15:09:44,268 : INFO : worker thread finished; awaiting finish of 8 more threads
2019-05-13 15:09:44,281 : INFO : worker thread finished; awaiting finish of 7 more threads
2019-05-13 15:09:44,289 : INFO : worker thread finished; awaiting finish of 6 more threads
2019-05-13 15:09:44,307 : INFO : worker thread finished; awaiting finish of 5 more threads
2019-05-13 15:09:44,309 : INFO : worker thread finished; awaiting finish of 4 more threads
2019-05-13 15:09:44,310 : INFO : worker thread finished; awaiting finish of 3 more threads
2019-05-13 15:09:44,319 : INFO : worker thread finished; awaiting finish of 2 more threads
2019-05-13 15:09:44,331 : INFO : worker thread finished; awaiting finish of 1 more threads
2019-05-13 15:09:44,336 : INFO : worker thread finished; awaiting finish of 0 more threads
2019-05-13 15:09:44,336 : INFO : EPOCH - 4 : training on 2399154 raw words (1747277 effective words) took 3.7s, 468082 effective words/s
2019-05-13 15:09:45,389 : INFO : EPOCH 5 - PROGRESS: at 21.79% examples, 346063 words/s, in_qsize 23, out_qsize 0
2019-05-13 15:09:46,400 : INFO : EPOCH 5 - PROGRESS: at 45.35% examples, 373835 words/s, in_qsize 23, out_qsize 1
2019-05-13 15:09:47,400 : INFO : EPOCH 5 - PROGRESS: at 68.68% examples, 382226 words/s, in_qsize 22, out_qsize 1
2019-05-13 15:09:48,428 : INFO : EPOCH 5 - PROGRESS: at 94.39% examples, 400170 words/s, in_qsize 16, out_qsize 0
2019-05-13 15:09:48,486 : INFO : worker thread finished; awaiting finish of 11 more threads
2019-05-13 15:09:48,499 : INFO : worker thread finished; awaiting finish of 10 more threads
2019-05-13 15:09:48,500 : INFO : worker thread finished; awaiting finish of 9 more threads
2019-05-13 15:09:48,501 : INFO : worker thread finished; awaiting finish of 8 more threads
2019-05-13 15:09:48,506 : INFO : worker thread finished; awaiting finish of 7 more threads
2019-05-13 15:09:48,509 : INFO : worker thread finished; awaiting finish of 6 more threads
2019-05-13 15:09:48,514 : INFO : worker thread finished; awaiting finish of 5 more threads
2019-05-13 15:09:48,524 : INFO : worker thread finished; awaiting finish of 4 more threads
2019-05-13 15:09:48,554 : INFO : worker thread finished; awaiting finish of 3 more threads
2019-05-13 15:09:48,573 : INFO : worker thread finished; awaiting finish of 2 more threads
2019-05-13 15:09:48,579 : INFO : worker thread finished; awaiting finish of 1 more threads
2019-05-13 15:09:48,581 : INFO : worker thread finished; awaiting finish of 0 more threads
2019-05-13 15:09:48,581 : INFO : EPOCH - 5 : training on 2399154 raw words (1747872 effective words) took 4.2s, 412621 effective words/s
2019-05-13 15:09:49,606 : INFO : EPOCH 6 - PROGRESS: at 23.53% examples, 383363 words/s, in_qsize 21, out_qsize 2
2019-05-13 15:09:50,622 : INFO : EPOCH 6 - PROGRESS: at 51.25% examples, 427546 words/s, in_qsize 23, out_qsize 0
2019-05-13 15:09:51,689 : INFO : EPOCH 6 - PROGRESS: at 76.03% examples, 419223 words/s, in_qsize 22, out_qsize 1
2019-05-13 15:09:52,417 : INFO : worker thread finished; awaiting finish of 11 more threads
2019-05-13 15:09:52,439 : INFO : worker thread finished; awaiting finish of 10 more threads
2019-05-13 15:09:52,440 : INFO : worker thread finished; awaiting finish of 9 more threads
2019-05-13 15:09:52,450 : INFO : worker thread finished; awaiting finish of 8 more threads
2019-05-13 15:09:52,466 : INFO : worker thread finished; awaiting finish of 7 more threads
2019-05-13 15:09:52,466 : INFO : worker thread finished; awaiting finish of 6 more threads
2019-05-13 15:09:52,476 : INFO : worker thread finished; awaiting finish of 5 more threads
2019-05-13 15:09:52,502 : INFO : worker thread finished; awaiting finish of 4 more threads
2019-05-13 15:09:52,503 : INFO : worker thread finished; awaiting finish of 3 more threads
2019-05-13 15:09:52,513 : INFO : worker thread finished; awaiting finish of 2 more threads
2019-05-13 15:09:52,516 : INFO : worker thread finished; awaiting finish of 1 more threads
2019-05-13 15:09:52,524 : INFO : worker thread finished; awaiting finish of 0 more threads
2019-05-13 15:09:52,524 : INFO : EPOCH - 6 : training on 2399154 raw words (1747317 effective words) took 3.9s, 444055 effective words/s
2019-05-13 15:09:53,532 : INFO : EPOCH 7 - PROGRESS: at 25.13% examples, 420195 words/s, in_qsize 23, out_qsize 0
2019-05-13 15:09:54,539 : INFO : EPOCH 7 - PROGRESS: at 52.51% examples, 443781 words/s, in_qsize 23, out_qsize 0
2019-05-13 15:09:55,553 : INFO : EPOCH 7 - PROGRESS: at 76.78% examples, 434962 words/s, in_qsize 24, out_qsize 0
2019-05-13 15:09:56,367 : INFO : worker thread finished; awaiting finish of 11 more threads
2019-05-13 15:09:56,371 : INFO : worker thread finished; awaiting finish of 10 more threads
2019-05-13 15:09:56,389 : INFO : worker thread finished; awaiting finish of 9 more threads
2019-05-13 15:09:56,396 : INFO : worker thread finished; awaiting finish of 8 more threads
2019-05-13 15:09:56,404 : INFO : worker thread finished; awaiting finish of 7 more threads
2019-05-13 15:09:56,411 : INFO : worker thread finished; awaiting finish of 6 more threads
2019-05-13 15:09:56,416 : INFO : worker thread finished; awaiting finish of 5 more threads
2019-05-13 15:09:56,433 : INFO : worker thread finished; awaiting finish of 4 more threads
2019-05-13 15:09:56,436 : INFO : worker thread finished; awaiting finish of 3 more threads
2019-05-13 15:09:56,437 : INFO : worker thread finished; awaiting finish of 2 more threads
2019-05-13 15:09:56,444 : INFO : worker thread finished; awaiting finish of 1 more threads
2019-05-13 15:09:56,450 : INFO : worker thread finished; awaiting finish of 0 more threads
2019-05-13 15:09:56,450 : INFO : EPOCH - 7 : training on 2399154 raw words (1747621 effective words) took 3.9s, 446015 effective words/s
2019-05-13 15:09:57,468 : INFO : EPOCH 8 - PROGRESS: at 23.73% examples, 395241 words/s, in_qsize 20, out_qsize 3
2019-05-13 15:09:58,471 : INFO : EPOCH 8 - PROGRESS: at 51.66% examples, 435775 words/s, in_qsize 24, out_qsize 0
2019-05-13 15:09:59,476 : INFO : EPOCH 8 - PROGRESS: at 77.17% examples, 438256 words/s, in_qsize 22, out_qsize 1
2019-05-13 15:10:00,209 : INFO : worker thread finished; awaiting finish of 11 more threads
2019-05-13 15:10:00,210 : INFO : worker thread finished; awaiting finish of 10 more threads
2019-05-13 15:10:00,233 : INFO : worker thread finished; awaiting finish of 9 more threads
2019-05-13 15:10:00,235 : INFO : worker thread finished; awaiting finish of 8 more threads
2019-05-13 15:10:00,238 : INFO : worker thread finished; awaiting finish of 7 more threads
2019-05-13 15:10:00,244 : INFO : worker thread finished; awaiting finish of 6 more threads
2019-05-13 15:10:00,251 : INFO : worker thread finished; awaiting finish of 5 more threads
2019-05-13 15:10:00,261 : INFO : worker thread finished; awaiting finish of 4 more threads
2019-05-13 15:10:00,270 : INFO : worker thread finished; awaiting finish of 3 more threads
2019-05-13 15:10:00,283 : INFO : worker thread finished; awaiting finish of 2 more threads
2019-05-13 15:10:00,288 : INFO : worker thread finished; awaiting finish of 1 more threads
2019-05-13 15:10:00,289 : INFO : worker thread finished; awaiting finish of 0 more threads
2019-05-13 15:10:00,289 : INFO : EPOCH - 8 : training on 2399154 raw words (1748036 effective words) took 3.8s, 456399 effective words/s
2019-05-13 15:10:01,303 : INFO : EPOCH 9 - PROGRESS: at 24.75% examples, 410457 words/s, in_qsize 23, out_qsize 1
2019-05-13 15:10:02,316 : INFO : EPOCH 9 - PROGRESS: at 52.96% examples, 445279 words/s, in_qsize 23, out_qsize 1
2019-05-13 15:10:03,324 : INFO : EPOCH 9 - PROGRESS: at 81.03% examples, 458231 words/s, in_qsize 24, out_qsize 0
2019-05-13 15:10:03,915 : INFO : worker thread finished; awaiting finish of 11 more threads
2019-05-13 15:10:03,926 : INFO : worker thread finished; awaiting finish of 10 more threads
2019-05-13 15:10:03,926 : INFO : worker thread finished; awaiting finish of 9 more threads
2019-05-13 15:10:03,928 : INFO : worker thread finished; awaiting finish of 8 more threads
2019-05-13 15:10:03,938 : INFO : worker thread finished; awaiting finish of 7 more threads
2019-05-13 15:10:03,944 : INFO : worker thread finished; awaiting finish of 6 more threads
2019-05-13 15:10:03,954 : INFO : worker thread finished; awaiting finish of 5 more threads
2019-05-13 15:10:03,964 : INFO : worker thread finished; awaiting finish of 4 more threads
2019-05-13 15:10:03,976 : INFO : worker thread finished; awaiting finish of 3 more threads
2019-05-13 15:10:03,978 : INFO : worker thread finished; awaiting finish of 2 more threads
2019-05-13 15:10:03,983 : INFO : worker thread finished; awaiting finish of 1 more threads
2019-05-13 15:10:03,997 : INFO : worker thread finished; awaiting finish of 0 more threads
2019-05-13 15:10:03,997 : INFO : EPOCH - 9 : training on 2399154 raw words (1747688 effective words) took 3.7s, 472552 effective words/s
2019-05-13 15:10:05,008 : INFO : EPOCH 10 - PROGRESS: at 25.53% examples, 427199 words/s, in_qsize 24, out_qsize 0
2019-05-13 15:10:06,025 : INFO : EPOCH 10 - PROGRESS: at 53.83% examples, 452437 words/s, in_qsize 24, out_qsize 0
2019-05-13 15:10:07,029 : INFO : EPOCH 10 - PROGRESS: at 81.80% examples, 463606 words/s, in_qsize 24, out_qsize 0
2019-05-13 15:10:07,560 : INFO : worker thread finished; awaiting finish of 11 more threads
2019-05-13 15:10:07,567 : INFO : worker thread finished; awaiting finish of 10 more threads
2019-05-13 15:10:07,585 : INFO : worker thread finished; awaiting finish of 9 more threads
2019-05-13 15:10:07,595 : INFO : worker thread finished; awaiting finish of 8 more threads
2019-05-13 15:10:07,614 : INFO : worker thread finished; awaiting finish of 7 more threads
2019-05-13 15:10:07,618 : INFO : worker thread finished; awaiting finish of 6 more threads
2019-05-13 15:10:07,619 : INFO : worker thread finished; awaiting finish of 5 more threads
2019-05-13 15:10:07,634 : INFO : worker thread finished; awaiting finish of 4 more threads
2019-05-13 15:10:07,649 : INFO : worker thread finished; awaiting finish of 3 more threads
2019-05-13 15:10:07,654 : INFO : worker thread finished; awaiting finish of 2 more threads
2019-05-13 15:10:07,662 : INFO : worker thread finished; awaiting finish of 1 more threads
2019-05-13 15:10:07,666 : INFO : worker thread finished; awaiting finish of 0 more threads
2019-05-13 15:10:07,666 : INFO : EPOCH - 10 : training on 2399154 raw words (1747914 effective words) took 3.7s, 477684 effective words/s
2019-05-13 15:10:07,666 : INFO : training on a 23991540 raw words (17476403 effective words) took 38.3s, 456275 effective words/s
2019-05-13 15:10:07,666 : INFO : precomputing L2-norms of word weight vectors
2019-05-13 15:10:07,730 : INFO : saving Word2Vec object under search/vocab.model, separately None
2019-05-13 15:10:07,730 : INFO : storing np array 'vectors' to search/vocab.model.wv.vectors.npy
2019-05-13 15:10:08,253 : INFO : not storing attribute vectors_norm
2019-05-13 15:10:08,253 : INFO : storing np array 'syn1neg' to search/vocab.model.trainables.syn1neg.npy
2019-05-13 15:10:08,732 : INFO : not storing attribute cum_table
2019-05-13 15:10:08,908 : INFO : saved search/vocab.model
2019-05-13 15:10:08,935 : INFO : loading Word2Vec object from search/vocab.model
2019-05-13 15:10:09,053 : INFO : loading wv recursively from search/vocab.model.wv.* with mmap=None
2019-05-13 15:10:09,053 : INFO : loading vectors from search/vocab.model.wv.vectors.npy with mmap=None
2019-05-13 15:10:09,096 : INFO : setting ignored attribute vectors_norm to None
2019-05-13 15:10:09,096 : INFO : loading vocabulary recursively from search/vocab.model.vocabulary.* with mmap=None
2019-05-13 15:10:09,096 : INFO : loading trainables recursively from search/vocab.model.trainables.* with mmap=None
2019-05-13 15:10:09,097 : INFO : loading syn1neg from search/vocab.model.trainables.syn1neg.npy with mmap=None
2019-05-13 15:10:09,139 : INFO : setting ignored attribute cum_table to None
2019-05-13 15:10:09,139 : INFO : loaded search/vocab.model
2019-05-13 15:10:09,289 : INFO : precomputing L2-norms of word weight vectors
2019-05-13 15:10:40,995 : INFO : loading Word2Vec object from search/vocab.model
2019-05-13 15:10:41,102 : INFO : loading wv recursively from search/vocab.model.wv.* with mmap=None
2019-05-13 15:10:41,102 : INFO : loading vectors from search/vocab.model.wv.vectors.npy with mmap=None
2019-05-13 15:10:41,144 : INFO : setting ignored attribute vectors_norm to None
2019-05-13 15:10:41,144 : INFO : loading vocabulary recursively from search/vocab.model.vocabulary.* with mmap=None
2019-05-13 15:10:41,145 : INFO : loading trainables recursively from search/vocab.model.trainables.* with mmap=None
2019-05-13 15:10:41,145 : INFO : loading syn1neg from search/vocab.model.trainables.syn1neg.npy with mmap=None
2019-05-13 15:10:41,187 : INFO : setting ignored attribute cum_table to None
2019-05-13 15:10:41,187 : INFO : loaded search/vocab.model
2019-05-13 15:10:41,365 : INFO : loading Word2Vec object from search/vocab.model
2019-05-13 15:10:41,533 : INFO : loading wv recursively from search/vocab.model.wv.* with mmap=None
2019-05-13 15:10:41,533 : INFO : loading vectors from search/vocab.model.wv.vectors.npy with mmap=None
2019-05-13 15:10:41,576 : INFO : setting ignored attribute vectors_norm to None
2019-05-13 15:10:41,576 : INFO : loading vocabulary recursively from search/vocab.model.vocabulary.* with mmap=None
2019-05-13 15:10:41,576 : INFO : loading trainables recursively from search/vocab.model.trainables.* with mmap=None
2019-05-13 15:10:41,576 : INFO : loading syn1neg from search/vocab.model.trainables.syn1neg.npy with mmap=None
2019-05-13 15:10:41,619 : INFO : setting ignored attribute cum_table to None
2019-05-13 15:10:41,619 : INFO : loaded search/vocab.model
2019-05-13 15:10:41,773 : INFO : precomputing L2-norms of word weight vectors
2019-05-13 15:11:25,368 : INFO : E:\Studia\Projekty\Systemy SI\Systemy-SI\searchengine\search\main.py changed, reloading.
