2019-05-12 19:20:59,156 : INFO : collecting all words and their counts
2019-05-12 19:20:59,156 : INFO : PROGRESS: at sentence #0, processed 0 words, keeping 0 word types
2019-05-12 19:20:59,166 : INFO : PROGRESS: at sentence #10000, processed 37876 words, keeping 14508 word types
2019-05-12 19:20:59,176 : INFO : PROGRESS: at sentence #20000, processed 73372 words, keeping 23383 word types
2019-05-12 19:20:59,186 : INFO : PROGRESS: at sentence #30000, processed 110598 words, keeping 31573 word types
2019-05-12 19:20:59,197 : INFO : PROGRESS: at sentence #40000, processed 149779 words, keeping 38426 word types
2019-05-12 19:20:59,208 : INFO : PROGRESS: at sentence #50000, processed 185097 words, keeping 44693 word types
2019-05-12 19:20:59,218 : INFO : PROGRESS: at sentence #60000, processed 222393 words, keeping 50546 word types
2019-05-12 19:20:59,228 : INFO : PROGRESS: at sentence #70000, processed 258440 words, keeping 56481 word types
2019-05-12 19:20:59,238 : INFO : PROGRESS: at sentence #80000, processed 293254 words, keeping 62149 word types
2019-05-12 19:20:59,248 : INFO : PROGRESS: at sentence #90000, processed 330708 words, keeping 67118 word types
2019-05-12 19:20:59,258 : INFO : PROGRESS: at sentence #100000, processed 365011 words, keeping 71860 word types
2019-05-12 19:20:59,268 : INFO : PROGRESS: at sentence #110000, processed 401530 words, keeping 76567 word types
2019-05-12 19:20:59,278 : INFO : PROGRESS: at sentence #120000, processed 436509 words, keeping 81093 word types
2019-05-12 19:20:59,289 : INFO : PROGRESS: at sentence #130000, processed 474683 words, keeping 85807 word types
2019-05-12 19:20:59,303 : INFO : PROGRESS: at sentence #140000, processed 509687 words, keeping 90324 word types
2019-05-12 19:20:59,314 : INFO : PROGRESS: at sentence #150000, processed 551883 words, keeping 94491 word types
2019-05-12 19:20:59,324 : INFO : PROGRESS: at sentence #160000, processed 586082 words, keeping 98164 word types
2019-05-12 19:20:59,335 : INFO : PROGRESS: at sentence #170000, processed 622741 words, keeping 102205 word types
2019-05-12 19:20:59,346 : INFO : PROGRESS: at sentence #180000, processed 659371 words, keeping 106511 word types
2019-05-12 19:20:59,358 : INFO : PROGRESS: at sentence #190000, processed 698694 words, keeping 110690 word types
2019-05-12 19:20:59,370 : INFO : PROGRESS: at sentence #200000, processed 737134 words, keeping 115026 word types
2019-05-12 19:20:59,382 : INFO : PROGRESS: at sentence #210000, processed 777005 words, keeping 119332 word types
2019-05-12 19:20:59,392 : INFO : PROGRESS: at sentence #220000, processed 812658 words, keeping 122977 word types
2019-05-12 19:20:59,403 : INFO : PROGRESS: at sentence #230000, processed 850600 words, keeping 126552 word types
2019-05-12 19:20:59,413 : INFO : PROGRESS: at sentence #240000, processed 881507 words, keeping 129384 word types
2019-05-12 19:20:59,424 : INFO : PROGRESS: at sentence #250000, processed 921312 words, keeping 133382 word types
2019-05-12 19:20:59,435 : INFO : PROGRESS: at sentence #260000, processed 958314 words, keeping 136835 word types
2019-05-12 19:20:59,447 : INFO : PROGRESS: at sentence #270000, processed 999305 words, keeping 140271 word types
2019-05-12 19:20:59,458 : INFO : PROGRESS: at sentence #280000, processed 1038433 words, keeping 143864 word types
2019-05-12 19:20:59,470 : INFO : PROGRESS: at sentence #290000, processed 1074410 words, keeping 146789 word types
2019-05-12 19:20:59,481 : INFO : PROGRESS: at sentence #300000, processed 1111378 words, keeping 150363 word types
2019-05-12 19:20:59,491 : INFO : PROGRESS: at sentence #310000, processed 1147832 words, keeping 153350 word types
2019-05-12 19:20:59,504 : INFO : PROGRESS: at sentence #320000, processed 1188346 words, keeping 156892 word types
2019-05-12 19:20:59,516 : INFO : PROGRESS: at sentence #330000, processed 1225462 words, keeping 160207 word types
2019-05-12 19:20:59,527 : INFO : PROGRESS: at sentence #340000, processed 1261136 words, keeping 163369 word types
2019-05-12 19:20:59,539 : INFO : PROGRESS: at sentence #350000, processed 1298844 words, keeping 166267 word types
2019-05-12 19:20:59,551 : INFO : PROGRESS: at sentence #360000, processed 1335541 words, keeping 169205 word types
2019-05-12 19:20:59,562 : INFO : PROGRESS: at sentence #370000, processed 1372899 words, keeping 172051 word types
2019-05-12 19:20:59,580 : INFO : PROGRESS: at sentence #380000, processed 1410883 words, keeping 174860 word types
2019-05-12 19:20:59,591 : INFO : PROGRESS: at sentence #390000, processed 1448550 words, keeping 177570 word types
2019-05-12 19:20:59,602 : INFO : PROGRESS: at sentence #400000, processed 1484369 words, keeping 180034 word types
2019-05-12 19:20:59,614 : INFO : PROGRESS: at sentence #410000, processed 1520074 words, keeping 182732 word types
2019-05-12 19:20:59,625 : INFO : PROGRESS: at sentence #420000, processed 1556235 words, keeping 185275 word types
2019-05-12 19:20:59,638 : INFO : PROGRESS: at sentence #430000, processed 1597370 words, keeping 188275 word types
2019-05-12 19:20:59,649 : INFO : PROGRESS: at sentence #440000, processed 1635257 words, keeping 190915 word types
2019-05-12 19:20:59,661 : INFO : PROGRESS: at sentence #450000, processed 1674388 words, keeping 193627 word types
2019-05-12 19:20:59,672 : INFO : PROGRESS: at sentence #460000, processed 1711793 words, keeping 196136 word types
2019-05-12 19:20:59,684 : INFO : PROGRESS: at sentence #470000, processed 1751651 words, keeping 198633 word types
2019-05-12 19:20:59,695 : INFO : PROGRESS: at sentence #480000, processed 1791107 words, keeping 201273 word types
2019-05-12 19:20:59,707 : INFO : PROGRESS: at sentence #490000, processed 1830840 words, keeping 203778 word types
2019-05-12 19:20:59,719 : INFO : PROGRESS: at sentence #500000, processed 1869003 words, keeping 206397 word types
2019-05-12 19:20:59,731 : INFO : PROGRESS: at sentence #510000, processed 1905056 words, keeping 208798 word types
2019-05-12 19:20:59,743 : INFO : PROGRESS: at sentence #520000, processed 1946466 words, keeping 211451 word types
2019-05-12 19:20:59,756 : INFO : PROGRESS: at sentence #530000, processed 1984438 words, keeping 214285 word types
2019-05-12 19:20:59,767 : INFO : PROGRESS: at sentence #540000, processed 2020651 words, keeping 216495 word types
2019-05-12 19:20:59,779 : INFO : PROGRESS: at sentence #550000, processed 2060708 words, keeping 219061 word types
2019-05-12 19:20:59,791 : INFO : PROGRESS: at sentence #560000, processed 2104431 words, keeping 221689 word types
2019-05-12 19:20:59,805 : INFO : PROGRESS: at sentence #570000, processed 2146152 words, keeping 224347 word types
2019-05-12 19:20:59,818 : INFO : PROGRESS: at sentence #580000, processed 2187627 words, keeping 226746 word types
2019-05-12 19:20:59,830 : INFO : PROGRESS: at sentence #590000, processed 2228484 words, keeping 229576 word types
2019-05-12 19:20:59,842 : INFO : PROGRESS: at sentence #600000, processed 2267364 words, keeping 232064 word types
2019-05-12 19:20:59,855 : INFO : PROGRESS: at sentence #610000, processed 2314331 words, keeping 234383 word types
2019-05-12 19:20:59,866 : INFO : PROGRESS: at sentence #620000, processed 2354834 words, keeping 236677 word types
2019-05-12 19:20:59,880 : INFO : PROGRESS: at sentence #630000, processed 2398565 words, keeping 239363 word types
2019-05-12 19:20:59,880 : INFO : collected 239394 word types from a corpus of 2399154 raw words and 630194 sentences
2019-05-12 19:20:59,880 : INFO : Loading a fresh vocabulary
2019-05-12 19:21:00,233 : INFO : effective_min_count=3 retains 77226 unique words (32% of original 239394, drops 162168)
2019-05-12 19:21:00,233 : INFO : effective_min_count=3 leaves 2201511 word corpus (91% of original 2399154, drops 197643)
2019-05-12 19:21:00,453 : INFO : deleting the raw counts dictionary of 239394 items
2019-05-12 19:21:00,457 : INFO : sample=6e-05 downsamples 751 most-common words
2019-05-12 19:21:00,457 : INFO : downsampling leaves estimated 1747594 word corpus (79.4% of prior 2201511)
2019-05-12 19:21:00,675 : INFO : estimated required memory for 77226 words and 1000 dimensions: 656421000 bytes
2019-05-12 19:21:00,675 : INFO : resetting layer weights
2019-05-12 19:21:02,302 : INFO : training model with 12 workers on 77226 vocabulary and 1000 features, using sg=0 hs=0 sample=6e-05 negative=20 window=3
2019-05-12 19:21:03,401 : INFO : EPOCH 1 - PROGRESS: at 6.36% examples, 100084 words/s, in_qsize 23, out_qsize 0
2019-05-12 19:21:04,469 : INFO : EPOCH 1 - PROGRESS: at 17.83% examples, 137555 words/s, in_qsize 23, out_qsize 0
2019-05-12 19:21:05,517 : INFO : EPOCH 1 - PROGRESS: at 28.11% examples, 146950 words/s, in_qsize 24, out_qsize 0
2019-05-12 19:21:06,555 : INFO : EPOCH 1 - PROGRESS: at 38.46% examples, 151954 words/s, in_qsize 24, out_qsize 0
2019-05-12 19:21:07,571 : INFO : EPOCH 1 - PROGRESS: at 48.40% examples, 155705 words/s, in_qsize 24, out_qsize 0
2019-05-12 19:21:08,591 : INFO : EPOCH 1 - PROGRESS: at 57.73% examples, 155748 words/s, in_qsize 24, out_qsize 0
2019-05-12 19:21:09,655 : INFO : EPOCH 1 - PROGRESS: at 68.28% examples, 158023 words/s, in_qsize 24, out_qsize 0
2019-05-12 19:21:10,734 : INFO : EPOCH 1 - PROGRESS: at 78.90% examples, 160353 words/s, in_qsize 23, out_qsize 0
2019-05-12 19:21:11,753 : INFO : EPOCH 1 - PROGRESS: at 87.85% examples, 159951 words/s, in_qsize 23, out_qsize 0
2019-05-12 19:21:12,738 : INFO : worker thread finished; awaiting finish of 11 more threads
2019-05-12 19:21:12,770 : INFO : EPOCH 1 - PROGRESS: at 96.42% examples, 159815 words/s, in_qsize 10, out_qsize 1
2019-05-12 19:21:12,771 : INFO : worker thread finished; awaiting finish of 10 more threads
2019-05-12 19:21:12,799 : INFO : worker thread finished; awaiting finish of 9 more threads
2019-05-12 19:21:12,809 : INFO : worker thread finished; awaiting finish of 8 more threads
2019-05-12 19:21:12,827 : INFO : worker thread finished; awaiting finish of 7 more threads
2019-05-12 19:21:12,831 : INFO : worker thread finished; awaiting finish of 6 more threads
2019-05-12 19:21:12,834 : INFO : worker thread finished; awaiting finish of 5 more threads
2019-05-12 19:21:12,872 : INFO : worker thread finished; awaiting finish of 4 more threads
2019-05-12 19:21:12,874 : INFO : worker thread finished; awaiting finish of 3 more threads
2019-05-12 19:21:12,911 : INFO : worker thread finished; awaiting finish of 2 more threads
2019-05-12 19:21:12,914 : INFO : worker thread finished; awaiting finish of 1 more threads
2019-05-12 19:21:12,945 : INFO : worker thread finished; awaiting finish of 0 more threads
2019-05-12 19:21:12,945 : INFO : EPOCH - 1 : training on 2399154 raw words (1747046 effective words) took 10.6s, 164308 effective words/s
2019-05-12 19:21:14,029 : INFO : EPOCH 2 - PROGRESS: at 6.86% examples, 107977 words/s, in_qsize 24, out_qsize 0
2019-05-12 19:21:15,036 : INFO : EPOCH 2 - PROGRESS: at 17.85% examples, 142415 words/s, in_qsize 24, out_qsize 0
2019-05-12 19:21:16,036 : INFO : EPOCH 2 - PROGRESS: at 26.84% examples, 145822 words/s, in_qsize 22, out_qsize 2
2019-05-12 19:21:17,129 : INFO : EPOCH 2 - PROGRESS: at 37.96% examples, 152660 words/s, in_qsize 23, out_qsize 0
2019-05-12 19:21:18,149 : INFO : EPOCH 2 - PROGRESS: at 47.50% examples, 154852 words/s, in_qsize 24, out_qsize 0
2019-05-12 19:21:19,224 : INFO : EPOCH 2 - PROGRESS: at 57.73% examples, 155966 words/s, in_qsize 23, out_qsize 0
2019-05-12 19:21:20,236 : INFO : EPOCH 2 - PROGRESS: at 67.87% examples, 158338 words/s, in_qsize 24, out_qsize 0
2019-05-12 19:21:21,240 : INFO : EPOCH 2 - PROGRESS: at 77.25% examples, 159483 words/s, in_qsize 23, out_qsize 0
2019-05-12 19:21:22,304 : INFO : EPOCH 2 - PROGRESS: at 86.41% examples, 158365 words/s, in_qsize 23, out_qsize 0
2019-05-12 19:21:23,311 : INFO : EPOCH 2 - PROGRESS: at 95.57% examples, 159809 words/s, in_qsize 13, out_qsize 0
2019-05-12 19:21:23,386 : INFO : worker thread finished; awaiting finish of 11 more threads
2019-05-12 19:21:23,389 : INFO : worker thread finished; awaiting finish of 10 more threads
2019-05-12 19:21:23,433 : INFO : worker thread finished; awaiting finish of 9 more threads
2019-05-12 19:21:23,459 : INFO : worker thread finished; awaiting finish of 8 more threads
2019-05-12 19:21:23,462 : INFO : worker thread finished; awaiting finish of 7 more threads
2019-05-12 19:21:23,480 : INFO : worker thread finished; awaiting finish of 6 more threads
2019-05-12 19:21:23,496 : INFO : worker thread finished; awaiting finish of 5 more threads
2019-05-12 19:21:23,568 : INFO : worker thread finished; awaiting finish of 4 more threads
2019-05-12 19:21:23,571 : INFO : worker thread finished; awaiting finish of 3 more threads
2019-05-12 19:21:23,579 : INFO : worker thread finished; awaiting finish of 2 more threads
2019-05-12 19:21:23,587 : INFO : worker thread finished; awaiting finish of 1 more threads
2019-05-12 19:21:23,602 : INFO : worker thread finished; awaiting finish of 0 more threads
2019-05-12 19:21:23,602 : INFO : EPOCH - 2 : training on 2399154 raw words (1746903 effective words) took 10.6s, 164073 effective words/s
2019-05-12 19:21:24,626 : INFO : EPOCH 3 - PROGRESS: at 6.36% examples, 107358 words/s, in_qsize 24, out_qsize 0
2019-05-12 19:21:25,659 : INFO : EPOCH 3 - PROGRESS: at 16.92% examples, 137852 words/s, in_qsize 24, out_qsize 0
2019-05-12 19:21:26,704 : INFO : EPOCH 3 - PROGRESS: at 27.70% examples, 149930 words/s, in_qsize 23, out_qsize 0
2019-05-12 19:21:27,719 : INFO : EPOCH 3 - PROGRESS: at 37.96% examples, 155150 words/s, in_qsize 24, out_qsize 0
2019-05-12 19:21:28,756 : INFO : EPOCH 3 - PROGRESS: at 47.06% examples, 154959 words/s, in_qsize 23, out_qsize 0
2019-05-12 19:21:29,847 : INFO : EPOCH 3 - PROGRESS: at 58.17% examples, 157994 words/s, in_qsize 24, out_qsize 0
2019-05-12 19:21:30,897 : INFO : EPOCH 3 - PROGRESS: at 68.28% examples, 159230 words/s, in_qsize 24, out_qsize 0
2019-05-12 19:21:31,994 : INFO : EPOCH 3 - PROGRESS: at 78.43% examples, 160235 words/s, in_qsize 23, out_qsize 0
2019-05-12 19:21:33,000 : INFO : EPOCH 3 - PROGRESS: at 87.85% examples, 160841 words/s, in_qsize 24, out_qsize 0
2019-05-12 19:21:33,908 : INFO : worker thread finished; awaiting finish of 11 more threads
2019-05-12 19:21:33,921 : INFO : worker thread finished; awaiting finish of 10 more threads
2019-05-12 19:21:33,968 : INFO : worker thread finished; awaiting finish of 9 more threads
2019-05-12 19:21:34,005 : INFO : EPOCH 3 - PROGRESS: at 97.17% examples, 162300 words/s, in_qsize 8, out_qsize 1
2019-05-12 19:21:34,006 : INFO : worker thread finished; awaiting finish of 8 more threads
2019-05-12 19:21:34,007 : INFO : worker thread finished; awaiting finish of 7 more threads
2019-05-12 19:21:34,057 : INFO : worker thread finished; awaiting finish of 6 more threads
2019-05-12 19:21:34,083 : INFO : worker thread finished; awaiting finish of 5 more threads
2019-05-12 19:21:34,115 : INFO : worker thread finished; awaiting finish of 4 more threads
2019-05-12 19:21:34,131 : INFO : worker thread finished; awaiting finish of 3 more threads
2019-05-12 19:21:34,134 : INFO : worker thread finished; awaiting finish of 2 more threads
2019-05-12 19:21:34,140 : INFO : worker thread finished; awaiting finish of 1 more threads
2019-05-12 19:21:34,143 : INFO : worker thread finished; awaiting finish of 0 more threads
2019-05-12 19:21:34,143 : INFO : EPOCH - 3 : training on 2399154 raw words (1747363 effective words) took 10.5s, 165893 effective words/s
2019-05-12 19:21:35,183 : INFO : EPOCH 4 - PROGRESS: at 7.76% examples, 126506 words/s, in_qsize 23, out_qsize 0
2019-05-12 19:21:36,270 : INFO : EPOCH 4 - PROGRESS: at 18.74% examples, 146955 words/s, in_qsize 24, out_qsize 0
2019-05-12 19:21:37,390 : INFO : EPOCH 4 - PROGRESS: at 29.81% examples, 154488 words/s, in_qsize 23, out_qsize 0
2019-05-12 19:21:38,487 : INFO : EPOCH 4 - PROGRESS: at 40.91% examples, 158720 words/s, in_qsize 23, out_qsize 0
2019-05-12 19:21:39,545 : INFO : EPOCH 4 - PROGRESS: at 50.83% examples, 159878 words/s, in_qsize 24, out_qsize 0
2019-05-12 19:21:40,609 : INFO : EPOCH 4 - PROGRESS: at 61.03% examples, 160559 words/s, in_qsize 24, out_qsize 0
2019-05-12 19:21:41,629 : INFO : EPOCH 4 - PROGRESS: at 71.12% examples, 162143 words/s, in_qsize 23, out_qsize 0
2019-05-12 19:21:42,687 : INFO : EPOCH 4 - PROGRESS: at 81.02% examples, 162509 words/s, in_qsize 24, out_qsize 0
2019-05-12 19:21:43,761 : INFO : EPOCH 4 - PROGRESS: at 90.92% examples, 163276 words/s, in_qsize 24, out_qsize 0
2019-05-12 19:21:44,343 : INFO : worker thread finished; awaiting finish of 11 more threads
2019-05-12 19:21:44,362 : INFO : worker thread finished; awaiting finish of 10 more threads
2019-05-12 19:21:44,383 : INFO : worker thread finished; awaiting finish of 9 more threads
2019-05-12 19:21:44,385 : INFO : worker thread finished; awaiting finish of 8 more threads
2019-05-12 19:21:44,412 : INFO : worker thread finished; awaiting finish of 7 more threads
2019-05-12 19:21:44,414 : INFO : worker thread finished; awaiting finish of 6 more threads
2019-05-12 19:21:44,430 : INFO : worker thread finished; awaiting finish of 5 more threads
2019-05-12 19:21:44,438 : INFO : worker thread finished; awaiting finish of 4 more threads
2019-05-12 19:21:44,447 : INFO : worker thread finished; awaiting finish of 3 more threads
2019-05-12 19:21:44,497 : INFO : worker thread finished; awaiting finish of 2 more threads
2019-05-12 19:21:44,497 : INFO : worker thread finished; awaiting finish of 1 more threads
2019-05-12 19:21:44,537 : INFO : worker thread finished; awaiting finish of 0 more threads
2019-05-12 19:21:44,537 : INFO : EPOCH - 4 : training on 2399154 raw words (1747651 effective words) took 10.4s, 168302 effective words/s
2019-05-12 19:21:45,611 : INFO : EPOCH 5 - PROGRESS: at 7.32% examples, 115834 words/s, in_qsize 24, out_qsize 0
2019-05-12 19:21:46,637 : INFO : EPOCH 5 - PROGRESS: at 18.74% examples, 148842 words/s, in_qsize 24, out_qsize 0
2019-05-12 19:21:47,783 : INFO : EPOCH 5 - PROGRESS: at 29.75% examples, 154528 words/s, in_qsize 21, out_qsize 2
2019-05-12 19:21:48,814 : INFO : EPOCH 5 - PROGRESS: at 40.91% examples, 161177 words/s, in_qsize 23, out_qsize 0
2019-05-12 19:21:49,843 : INFO : EPOCH 5 - PROGRESS: at 51.21% examples, 164186 words/s, in_qsize 24, out_qsize 0
2019-05-12 19:21:50,856 : INFO : EPOCH 5 - PROGRESS: at 61.06% examples, 164267 words/s, in_qsize 24, out_qsize 0
2019-05-12 19:21:51,888 : INFO : EPOCH 5 - PROGRESS: at 71.12% examples, 165089 words/s, in_qsize 24, out_qsize 1
2019-05-12 19:21:52,914 : INFO : EPOCH 5 - PROGRESS: at 81.45% examples, 166590 words/s, in_qsize 24, out_qsize 0
2019-05-12 19:21:53,963 : INFO : EPOCH 5 - PROGRESS: at 91.35% examples, 167379 words/s, in_qsize 24, out_qsize 0
2019-05-12 19:21:54,570 : INFO : worker thread finished; awaiting finish of 11 more threads
2019-05-12 19:21:54,575 : INFO : worker thread finished; awaiting finish of 10 more threads
2019-05-12 19:21:54,609 : INFO : worker thread finished; awaiting finish of 9 more threads
2019-05-12 19:21:54,659 : INFO : worker thread finished; awaiting finish of 8 more threads
2019-05-12 19:21:54,670 : INFO : worker thread finished; awaiting finish of 7 more threads
2019-05-12 19:21:54,680 : INFO : worker thread finished; awaiting finish of 6 more threads
2019-05-12 19:21:54,721 : INFO : worker thread finished; awaiting finish of 5 more threads
2019-05-12 19:21:54,735 : INFO : worker thread finished; awaiting finish of 4 more threads
2019-05-12 19:21:54,738 : INFO : worker thread finished; awaiting finish of 3 more threads
2019-05-12 19:21:54,738 : INFO : worker thread finished; awaiting finish of 2 more threads
2019-05-12 19:21:54,740 : INFO : worker thread finished; awaiting finish of 1 more threads
2019-05-12 19:21:54,757 : INFO : worker thread finished; awaiting finish of 0 more threads
2019-05-12 19:21:54,757 : INFO : EPOCH - 5 : training on 2399154 raw words (1747768 effective words) took 10.2s, 171169 effective words/s
2019-05-12 19:21:55,819 : INFO : EPOCH 6 - PROGRESS: at 6.29% examples, 103500 words/s, in_qsize 23, out_qsize 1
2019-05-12 19:21:56,868 : INFO : EPOCH 6 - PROGRESS: at 18.27% examples, 144595 words/s, in_qsize 24, out_qsize 0
2019-05-12 19:21:57,930 : INFO : EPOCH 6 - PROGRESS: at 28.57% examples, 151119 words/s, in_qsize 23, out_qsize 0
2019-05-12 19:21:59,066 : INFO : EPOCH 6 - PROGRESS: at 38.46% examples, 149915 words/s, in_qsize 24, out_qsize 0
2019-05-12 19:22:00,132 : INFO : EPOCH 6 - PROGRESS: at 48.80% examples, 153940 words/s, in_qsize 24, out_qsize 0
2019-05-12 19:22:01,177 : INFO : EPOCH 6 - PROGRESS: at 59.37% examples, 157096 words/s, in_qsize 23, out_qsize 1
2019-05-12 19:22:02,206 : INFO : EPOCH 6 - PROGRESS: at 69.98% examples, 159919 words/s, in_qsize 24, out_qsize 1
2019-05-12 19:22:03,217 : INFO : EPOCH 6 - PROGRESS: at 80.63% examples, 163283 words/s, in_qsize 23, out_qsize 0
2019-05-12 19:22:04,234 : INFO : EPOCH 6 - PROGRESS: at 90.13% examples, 164183 words/s, in_qsize 23, out_qsize 0
2019-05-12 19:22:04,848 : INFO : worker thread finished; awaiting finish of 11 more threads
2019-05-12 19:22:04,869 : INFO : worker thread finished; awaiting finish of 10 more threads
2019-05-12 19:22:04,917 : INFO : worker thread finished; awaiting finish of 9 more threads
2019-05-12 19:22:04,934 : INFO : worker thread finished; awaiting finish of 8 more threads
2019-05-12 19:22:05,062 : INFO : worker thread finished; awaiting finish of 7 more threads
2019-05-12 19:22:05,091 : INFO : worker thread finished; awaiting finish of 6 more threads
2019-05-12 19:22:05,099 : INFO : worker thread finished; awaiting finish of 5 more threads
2019-05-12 19:22:05,126 : INFO : worker thread finished; awaiting finish of 4 more threads
2019-05-12 19:22:05,132 : INFO : worker thread finished; awaiting finish of 3 more threads
2019-05-12 19:22:05,152 : INFO : worker thread finished; awaiting finish of 2 more threads
2019-05-12 19:22:05,154 : INFO : worker thread finished; awaiting finish of 1 more threads
2019-05-12 19:22:05,160 : INFO : worker thread finished; awaiting finish of 0 more threads
2019-05-12 19:22:05,160 : INFO : EPOCH - 6 : training on 2399154 raw words (1747559 effective words) took 10.4s, 168147 effective words/s
2019-05-12 19:22:06,179 : INFO : EPOCH 7 - PROGRESS: at 6.86% examples, 115071 words/s, in_qsize 23, out_qsize 0
2019-05-12 19:22:07,191 : INFO : EPOCH 7 - PROGRESS: at 18.27% examples, 150354 words/s, in_qsize 24, out_qsize 0
2019-05-12 19:22:08,227 : INFO : EPOCH 7 - PROGRESS: at 29.38% examples, 161194 words/s, in_qsize 23, out_qsize 0
2019-05-12 19:22:09,243 : INFO : EPOCH 7 - PROGRESS: at 38.46% examples, 158314 words/s, in_qsize 23, out_qsize 0
2019-05-12 19:22:10,245 : INFO : EPOCH 7 - PROGRESS: at 48.33% examples, 161412 words/s, in_qsize 24, out_qsize 0
2019-05-12 19:22:11,363 : INFO : EPOCH 7 - PROGRESS: at 59.46% examples, 162668 words/s, in_qsize 23, out_qsize 1
2019-05-12 19:22:12,419 : INFO : EPOCH 7 - PROGRESS: at 69.58% examples, 163146 words/s, in_qsize 24, out_qsize 0
2019-05-12 19:22:13,429 : INFO : EPOCH 7 - PROGRESS: at 79.78% examples, 165312 words/s, in_qsize 24, out_qsize 0
2019-05-12 19:22:14,482 : INFO : EPOCH 7 - PROGRESS: at 89.76% examples, 166142 words/s, in_qsize 24, out_qsize 0
2019-05-12 19:22:15,113 : INFO : worker thread finished; awaiting finish of 11 more threads
2019-05-12 19:22:15,117 : INFO : worker thread finished; awaiting finish of 10 more threads
2019-05-12 19:22:15,132 : INFO : worker thread finished; awaiting finish of 9 more threads
2019-05-12 19:22:15,142 : INFO : worker thread finished; awaiting finish of 8 more threads
2019-05-12 19:22:15,167 : INFO : worker thread finished; awaiting finish of 7 more threads
2019-05-12 19:22:15,177 : INFO : worker thread finished; awaiting finish of 6 more threads
2019-05-12 19:22:15,242 : INFO : worker thread finished; awaiting finish of 5 more threads
2019-05-12 19:22:15,260 : INFO : worker thread finished; awaiting finish of 4 more threads
2019-05-12 19:22:15,301 : INFO : worker thread finished; awaiting finish of 3 more threads
2019-05-12 19:22:15,314 : INFO : worker thread finished; awaiting finish of 2 more threads
2019-05-12 19:22:15,335 : INFO : worker thread finished; awaiting finish of 1 more threads
2019-05-12 19:22:15,341 : INFO : worker thread finished; awaiting finish of 0 more threads
2019-05-12 19:22:15,341 : INFO : EPOCH - 7 : training on 2399154 raw words (1747635 effective words) took 10.2s, 171813 effective words/s
2019-05-12 19:22:16,414 : INFO : EPOCH 8 - PROGRESS: at 7.30% examples, 115540 words/s, in_qsize 23, out_qsize 0
2019-05-12 19:22:17,491 : INFO : EPOCH 8 - PROGRESS: at 18.69% examples, 145171 words/s, in_qsize 24, out_qsize 0
2019-05-12 19:22:18,562 : INFO : EPOCH 8 - PROGRESS: at 29.75% examples, 155571 words/s, in_qsize 23, out_qsize 0
2019-05-12 19:22:19,618 : INFO : EPOCH 8 - PROGRESS: at 40.44% examples, 159428 words/s, in_qsize 24, out_qsize 0
2019-05-12 19:22:20,684 : INFO : EPOCH 8 - PROGRESS: at 50.80% examples, 161659 words/s, in_qsize 23, out_qsize 0
2019-05-12 19:22:21,746 : INFO : EPOCH 8 - PROGRESS: at 61.03% examples, 162070 words/s, in_qsize 24, out_qsize 1
2019-05-12 19:22:22,789 : INFO : EPOCH 8 - PROGRESS: at 71.12% examples, 162903 words/s, in_qsize 24, out_qsize 1
2019-05-12 19:22:23,853 : INFO : EPOCH 8 - PROGRESS: at 82.19% examples, 165661 words/s, in_qsize 24, out_qsize 0
2019-05-12 19:22:24,910 : INFO : EPOCH 8 - PROGRESS: at 91.71% examples, 165614 words/s, in_qsize 23, out_qsize 0
2019-05-12 19:22:25,390 : INFO : worker thread finished; awaiting finish of 11 more threads
2019-05-12 19:22:25,447 : INFO : worker thread finished; awaiting finish of 10 more threads
2019-05-12 19:22:25,470 : INFO : worker thread finished; awaiting finish of 9 more threads
2019-05-12 19:22:25,488 : INFO : worker thread finished; awaiting finish of 8 more threads
2019-05-12 19:22:25,498 : INFO : worker thread finished; awaiting finish of 7 more threads
2019-05-12 19:22:25,517 : INFO : worker thread finished; awaiting finish of 6 more threads
2019-05-12 19:22:25,563 : INFO : worker thread finished; awaiting finish of 5 more threads
2019-05-12 19:22:25,581 : INFO : worker thread finished; awaiting finish of 4 more threads
2019-05-12 19:22:25,621 : INFO : worker thread finished; awaiting finish of 3 more threads
2019-05-12 19:22:25,624 : INFO : worker thread finished; awaiting finish of 2 more threads
2019-05-12 19:22:25,643 : INFO : worker thread finished; awaiting finish of 1 more threads
2019-05-12 19:22:25,652 : INFO : worker thread finished; awaiting finish of 0 more threads
2019-05-12 19:22:25,652 : INFO : EPOCH - 8 : training on 2399154 raw words (1747319 effective words) took 10.3s, 169611 effective words/s
2019-05-12 19:22:26,679 : INFO : EPOCH 9 - PROGRESS: at 7.32% examples, 121332 words/s, in_qsize 23, out_qsize 0
2019-05-12 19:22:27,757 : INFO : EPOCH 9 - PROGRESS: at 18.74% examples, 148331 words/s, in_qsize 24, out_qsize 0
2019-05-12 19:22:28,847 : INFO : EPOCH 9 - PROGRESS: at 30.18% examples, 159249 words/s, in_qsize 24, out_qsize 1
2019-05-12 19:22:29,981 : INFO : EPOCH 9 - PROGRESS: at 41.69% examples, 162587 words/s, in_qsize 24, out_qsize 0
2019-05-12 19:22:30,986 : INFO : EPOCH 9 - PROGRESS: at 52.06% examples, 165914 words/s, in_qsize 23, out_qsize 0
2019-05-12 19:22:32,003 : INFO : EPOCH 9 - PROGRESS: at 63.69% examples, 170247 words/s, in_qsize 23, out_qsize 0
2019-05-12 19:22:33,049 : INFO : EPOCH 9 - PROGRESS: at 74.45% examples, 171895 words/s, in_qsize 24, out_qsize 0
2019-05-12 19:22:34,065 : INFO : EPOCH 9 - PROGRESS: at 84.69% examples, 172793 words/s, in_qsize 22, out_qsize 2
2019-05-12 19:22:35,069 : INFO : EPOCH 9 - PROGRESS: at 94.39% examples, 173643 words/s, in_qsize 15, out_qsize 1
2019-05-12 19:22:35,273 : INFO : worker thread finished; awaiting finish of 11 more threads
2019-05-12 19:22:35,273 : INFO : worker thread finished; awaiting finish of 10 more threads
2019-05-12 19:22:35,306 : INFO : worker thread finished; awaiting finish of 9 more threads
2019-05-12 19:22:35,363 : INFO : worker thread finished; awaiting finish of 8 more threads
2019-05-12 19:22:35,367 : INFO : worker thread finished; awaiting finish of 7 more threads
2019-05-12 19:22:35,368 : INFO : worker thread finished; awaiting finish of 6 more threads
2019-05-12 19:22:35,412 : INFO : worker thread finished; awaiting finish of 5 more threads
2019-05-12 19:22:35,431 : INFO : worker thread finished; awaiting finish of 4 more threads
2019-05-12 19:22:35,456 : INFO : worker thread finished; awaiting finish of 3 more threads
2019-05-12 19:22:35,457 : INFO : worker thread finished; awaiting finish of 2 more threads
2019-05-12 19:22:35,459 : INFO : worker thread finished; awaiting finish of 1 more threads
2019-05-12 19:22:35,483 : INFO : worker thread finished; awaiting finish of 0 more threads
2019-05-12 19:22:35,483 : INFO : EPOCH - 9 : training on 2399154 raw words (1747378 effective words) took 9.8s, 177902 effective words/s
2019-05-12 19:22:36,589 : INFO : EPOCH 10 - PROGRESS: at 7.73% examples, 118946 words/s, in_qsize 22, out_qsize 2
2019-05-12 19:22:37,642 : INFO : EPOCH 10 - PROGRESS: at 19.59% examples, 151449 words/s, in_qsize 24, out_qsize 0
2019-05-12 19:22:38,711 : INFO : EPOCH 10 - PROGRESS: at 31.39% examples, 164406 words/s, in_qsize 23, out_qsize 0
2019-05-12 19:22:39,724 : INFO : EPOCH 10 - PROGRESS: at 42.08% examples, 167800 words/s, in_qsize 24, out_qsize 0
2019-05-12 19:22:40,764 : INFO : EPOCH 10 - PROGRESS: at 52.51% examples, 169016 words/s, in_qsize 24, out_qsize 0
2019-05-12 19:22:41,773 : INFO : EPOCH 10 - PROGRESS: at 63.21% examples, 170841 words/s, in_qsize 23, out_qsize 0
2019-05-12 19:22:42,819 : INFO : EPOCH 10 - PROGRESS: at 74.01% examples, 172374 words/s, in_qsize 24, out_qsize 0
2019-05-12 19:22:43,825 : INFO : EPOCH 10 - PROGRESS: at 84.26% examples, 173397 words/s, in_qsize 24, out_qsize 0
2019-05-12 19:22:44,884 : INFO : EPOCH 10 - PROGRESS: at 95.22% examples, 175472 words/s, in_qsize 14, out_qsize 0
2019-05-12 19:22:45,075 : INFO : worker thread finished; awaiting finish of 11 more threads
2019-05-12 19:22:45,078 : INFO : worker thread finished; awaiting finish of 10 more threads
2019-05-12 19:22:45,132 : INFO : worker thread finished; awaiting finish of 9 more threads
2019-05-12 19:22:45,137 : INFO : worker thread finished; awaiting finish of 8 more threads
2019-05-12 19:22:45,147 : INFO : worker thread finished; awaiting finish of 7 more threads
2019-05-12 19:22:45,175 : INFO : worker thread finished; awaiting finish of 6 more threads
2019-05-12 19:22:45,200 : INFO : worker thread finished; awaiting finish of 5 more threads
2019-05-12 19:22:45,211 : INFO : worker thread finished; awaiting finish of 4 more threads
2019-05-12 19:22:45,239 : INFO : worker thread finished; awaiting finish of 3 more threads
2019-05-12 19:22:45,239 : INFO : worker thread finished; awaiting finish of 2 more threads
2019-05-12 19:22:45,239 : INFO : worker thread finished; awaiting finish of 1 more threads
2019-05-12 19:22:45,259 : INFO : worker thread finished; awaiting finish of 0 more threads
2019-05-12 19:22:45,259 : INFO : EPOCH - 10 : training on 2399154 raw words (1747291 effective words) took 9.8s, 178919 effective words/s
2019-05-12 19:22:45,259 : INFO : training on a 23991540 raw words (17473913 effective words) took 103.0s, 169719 effective words/s
2019-05-12 19:22:45,259 : WARNING : Effective 'alpha' higher than previous training cycles
2019-05-12 19:22:45,260 : INFO : training model with 12 workers on 77226 vocabulary and 1000 features, using sg=0 hs=0 sample=6e-05 negative=20 window=3
2019-05-12 19:22:46,298 : INFO : EPOCH 1 - PROGRESS: at 6.38% examples, 105448 words/s, in_qsize 23, out_qsize 1
2019-05-12 19:22:47,353 : INFO : EPOCH 1 - PROGRESS: at 19.16% examples, 152609 words/s, in_qsize 24, out_qsize 0
2019-05-12 19:22:48,359 : INFO : EPOCH 1 - PROGRESS: at 30.18% examples, 164233 words/s, in_qsize 24, out_qsize 0
2019-05-12 19:22:49,493 : INFO : EPOCH 1 - PROGRESS: at 41.32% examples, 164548 words/s, in_qsize 24, out_qsize 0
2019-05-12 19:22:50,542 : INFO : EPOCH 1 - PROGRESS: at 52.50% examples, 168980 words/s, in_qsize 24, out_qsize 0
2019-05-12 19:22:51,549 : INFO : EPOCH 1 - PROGRESS: at 62.36% examples, 168522 words/s, in_qsize 24, out_qsize 0
2019-05-12 19:22:52,550 : INFO : EPOCH 1 - PROGRESS: at 72.80% examples, 170458 words/s, in_qsize 23, out_qsize 0
2019-05-12 19:22:53,643 : INFO : EPOCH 1 - PROGRESS: at 83.46% examples, 170865 words/s, in_qsize 23, out_qsize 1
2019-05-12 19:22:54,696 : INFO : EPOCH 1 - PROGRESS: at 94.04% examples, 172580 words/s, in_qsize 17, out_qsize 0
2019-05-12 19:22:54,916 : INFO : worker thread finished; awaiting finish of 11 more threads
2019-05-12 19:22:54,958 : INFO : worker thread finished; awaiting finish of 10 more threads
2019-05-12 19:22:54,960 : INFO : worker thread finished; awaiting finish of 9 more threads
2019-05-12 19:22:54,975 : INFO : worker thread finished; awaiting finish of 8 more threads
2019-05-12 19:22:54,978 : INFO : worker thread finished; awaiting finish of 7 more threads
2019-05-12 19:22:55,017 : INFO : worker thread finished; awaiting finish of 6 more threads
2019-05-12 19:22:55,023 : INFO : worker thread finished; awaiting finish of 5 more threads
2019-05-12 19:22:55,051 : INFO : worker thread finished; awaiting finish of 4 more threads
2019-05-12 19:22:55,087 : INFO : worker thread finished; awaiting finish of 3 more threads
2019-05-12 19:22:55,103 : INFO : worker thread finished; awaiting finish of 2 more threads
2019-05-12 19:22:55,114 : INFO : worker thread finished; awaiting finish of 1 more threads
2019-05-12 19:22:55,142 : INFO : worker thread finished; awaiting finish of 0 more threads
2019-05-12 19:22:55,143 : INFO : EPOCH - 1 : training on 2399154 raw words (1748058 effective words) took 9.9s, 177002 effective words/s
2019-05-12 19:22:56,158 : INFO : EPOCH 2 - PROGRESS: at 7.32% examples, 122502 words/s, in_qsize 23, out_qsize 0
2019-05-12 19:22:57,216 : INFO : EPOCH 2 - PROGRESS: at 19.16% examples, 154116 words/s, in_qsize 23, out_qsize 0
2019-05-12 19:22:58,223 : INFO : EPOCH 2 - PROGRESS: at 29.77% examples, 162639 words/s, in_qsize 22, out_qsize 2
2019-05-12 19:22:59,257 : INFO : EPOCH 2 - PROGRESS: at 41.29% examples, 169276 words/s, in_qsize 24, out_qsize 1
2019-05-12 19:23:00,282 : INFO : EPOCH 2 - PROGRESS: at 52.10% examples, 172304 words/s, in_qsize 22, out_qsize 1
2019-05-12 19:23:01,303 : INFO : EPOCH 2 - PROGRESS: at 63.69% examples, 175568 words/s, in_qsize 24, out_qsize 0
2019-05-12 19:23:02,405 : INFO : EPOCH 2 - PROGRESS: at 74.82% examples, 176144 words/s, in_qsize 23, out_qsize 0
2019-05-12 19:23:03,431 : INFO : EPOCH 2 - PROGRESS: at 85.58% examples, 177141 words/s, in_qsize 23, out_qsize 0
2019-05-12 19:23:04,445 : INFO : EPOCH 2 - PROGRESS: at 95.57% examples, 178129 words/s, in_qsize 13, out_qsize 0
2019-05-12 19:23:04,512 : INFO : worker thread finished; awaiting finish of 11 more threads
2019-05-12 19:23:04,520 : INFO : worker thread finished; awaiting finish of 10 more threads
2019-05-12 19:23:04,528 : INFO : worker thread finished; awaiting finish of 9 more threads
2019-05-12 19:23:04,540 : INFO : worker thread finished; awaiting finish of 8 more threads
2019-05-12 19:23:04,566 : INFO : worker thread finished; awaiting finish of 7 more threads
2019-05-12 19:23:04,569 : INFO : worker thread finished; awaiting finish of 6 more threads
2019-05-12 19:23:04,595 : INFO : worker thread finished; awaiting finish of 5 more threads
2019-05-12 19:23:04,612 : INFO : worker thread finished; awaiting finish of 4 more threads
2019-05-12 19:23:04,641 : INFO : worker thread finished; awaiting finish of 3 more threads
2019-05-12 19:23:04,682 : INFO : worker thread finished; awaiting finish of 2 more threads
2019-05-12 19:23:04,684 : INFO : worker thread finished; awaiting finish of 1 more threads
2019-05-12 19:23:04,685 : INFO : worker thread finished; awaiting finish of 0 more threads
2019-05-12 19:23:04,685 : INFO : EPOCH - 2 : training on 2399154 raw words (1747203 effective words) took 9.5s, 183279 effective words/s
2019-05-12 19:23:05,718 : INFO : EPOCH 3 - PROGRESS: at 6.73% examples, 113711 words/s, in_qsize 24, out_qsize 0
2019-05-12 19:23:06,781 : INFO : EPOCH 3 - PROGRESS: at 19.16% examples, 152636 words/s, in_qsize 24, out_qsize 0
2019-05-12 19:23:07,804 : INFO : EPOCH 3 - PROGRESS: at 30.57% examples, 165592 words/s, in_qsize 23, out_qsize 0
2019-05-12 19:23:08,858 : INFO : EPOCH 3 - PROGRESS: at 42.47% examples, 172355 words/s, in_qsize 23, out_qsize 0
2019-05-12 19:23:09,871 : INFO : EPOCH 3 - PROGRESS: at 53.36% examples, 174951 words/s, in_qsize 24, out_qsize 0
2019-05-12 19:23:10,878 : INFO : EPOCH 3 - PROGRESS: at 63.69% examples, 174683 words/s, in_qsize 22, out_qsize 1
2019-05-12 19:23:11,991 : INFO : EPOCH 3 - PROGRESS: at 75.26% examples, 176131 words/s, in_qsize 23, out_qsize 0
2019-05-12 19:23:13,054 : INFO : EPOCH 3 - PROGRESS: at 87.12% examples, 178974 words/s, in_qsize 24, out_qsize 1
2019-05-12 19:23:13,922 : INFO : worker thread finished; awaiting finish of 11 more threads
2019-05-12 19:23:13,956 : INFO : worker thread finished; awaiting finish of 10 more threads
2019-05-12 19:23:13,973 : INFO : worker thread finished; awaiting finish of 9 more threads
2019-05-12 19:23:13,981 : INFO : worker thread finished; awaiting finish of 8 more threads
2019-05-12 19:23:14,008 : INFO : worker thread finished; awaiting finish of 7 more threads
2019-05-12 19:23:14,013 : INFO : worker thread finished; awaiting finish of 6 more threads
2019-05-12 19:23:14,027 : INFO : worker thread finished; awaiting finish of 5 more threads
2019-05-12 19:23:14,063 : INFO : EPOCH 3 - PROGRESS: at 98.59% examples, 183372 words/s, in_qsize 4, out_qsize 1
2019-05-12 19:23:14,063 : INFO : worker thread finished; awaiting finish of 4 more threads
2019-05-12 19:23:14,075 : INFO : worker thread finished; awaiting finish of 3 more threads
2019-05-12 19:23:14,089 : INFO : worker thread finished; awaiting finish of 2 more threads
2019-05-12 19:23:14,112 : INFO : worker thread finished; awaiting finish of 1 more threads
2019-05-12 19:23:14,121 : INFO : worker thread finished; awaiting finish of 0 more threads
2019-05-12 19:23:14,121 : INFO : EPOCH - 3 : training on 2399154 raw words (1747948 effective words) took 9.4s, 185434 effective words/s
2019-05-12 19:23:15,172 : INFO : EPOCH 4 - PROGRESS: at 8.17% examples, 132011 words/s, in_qsize 23, out_qsize 0
2019-05-12 19:23:16,325 : INFO : EPOCH 4 - PROGRESS: at 20.90% examples, 158093 words/s, in_qsize 22, out_qsize 1
2019-05-12 19:23:17,374 : INFO : EPOCH 4 - PROGRESS: at 32.67% examples, 169861 words/s, in_qsize 23, out_qsize 1
2019-05-12 19:23:18,381 : INFO : EPOCH 4 - PROGRESS: at 43.98% examples, 175697 words/s, in_qsize 24, out_qsize 0
2019-05-12 19:23:19,392 : INFO : EPOCH 4 - PROGRESS: at 55.58% examples, 178983 words/s, in_qsize 23, out_qsize 0
2019-05-12 19:23:20,455 : INFO : EPOCH 4 - PROGRESS: at 66.22% examples, 177658 words/s, in_qsize 24, out_qsize 0
2019-05-12 19:23:21,490 : INFO : EPOCH 4 - PROGRESS: at 76.04% examples, 176517 words/s, in_qsize 23, out_qsize 0
2019-05-12 19:23:22,525 : INFO : EPOCH 4 - PROGRESS: at 86.41% examples, 176387 words/s, in_qsize 23, out_qsize 0
2019-05-12 19:23:23,459 : INFO : worker thread finished; awaiting finish of 11 more threads
2019-05-12 19:23:23,510 : INFO : worker thread finished; awaiting finish of 10 more threads
2019-05-12 19:23:23,514 : INFO : worker thread finished; awaiting finish of 9 more threads
2019-05-12 19:23:23,525 : INFO : EPOCH 4 - PROGRESS: at 97.01% examples, 179647 words/s, in_qsize 8, out_qsize 1
2019-05-12 19:23:23,526 : INFO : worker thread finished; awaiting finish of 8 more threads
2019-05-12 19:23:23,534 : INFO : worker thread finished; awaiting finish of 7 more threads
2019-05-12 19:23:23,543 : INFO : worker thread finished; awaiting finish of 6 more threads
2019-05-12 19:23:23,562 : INFO : worker thread finished; awaiting finish of 5 more threads
2019-05-12 19:23:23,569 : INFO : worker thread finished; awaiting finish of 4 more threads
2019-05-12 19:23:23,628 : INFO : worker thread finished; awaiting finish of 3 more threads
2019-05-12 19:23:23,633 : INFO : worker thread finished; awaiting finish of 2 more threads
2019-05-12 19:23:23,652 : INFO : worker thread finished; awaiting finish of 1 more threads
2019-05-12 19:23:23,690 : INFO : worker thread finished; awaiting finish of 0 more threads
2019-05-12 19:23:23,690 : INFO : EPOCH - 4 : training on 2399154 raw words (1747410 effective words) took 9.6s, 182775 effective words/s
2019-05-12 19:23:24,728 : INFO : EPOCH 5 - PROGRESS: at 7.73% examples, 126899 words/s, in_qsize 23, out_qsize 0
2019-05-12 19:23:25,734 : INFO : EPOCH 5 - PROGRESS: at 19.12% examples, 156419 words/s, in_qsize 24, out_qsize 0
2019-05-12 19:23:26,783 : INFO : EPOCH 5 - PROGRESS: at 30.97% examples, 169205 words/s, in_qsize 23, out_qsize 0
2019-05-12 19:23:27,787 : INFO : EPOCH 5 - PROGRESS: at 42.08% examples, 173650 words/s, in_qsize 23, out_qsize 0
2019-05-12 19:23:28,805 : INFO : EPOCH 5 - PROGRESS: at 52.91% examples, 175914 words/s, in_qsize 24, out_qsize 0
2019-05-12 19:23:29,850 : INFO : EPOCH 5 - PROGRESS: at 66.33% examples, 182610 words/s, in_qsize 23, out_qsize 0
2019-05-12 19:23:30,937 : INFO : EPOCH 5 - PROGRESS: at 76.78% examples, 181588 words/s, in_qsize 24, out_qsize 0
2019-05-12 19:23:31,993 : INFO : EPOCH 5 - PROGRESS: at 87.87% examples, 182097 words/s, in_qsize 22, out_qsize 1
2019-05-12 19:23:32,770 : INFO : worker thread finished; awaiting finish of 11 more threads
2019-05-12 19:23:32,806 : INFO : worker thread finished; awaiting finish of 10 more threads
2019-05-12 19:23:32,823 : INFO : worker thread finished; awaiting finish of 9 more threads
2019-05-12 19:23:32,871 : INFO : worker thread finished; awaiting finish of 8 more threads
2019-05-12 19:23:32,878 : INFO : worker thread finished; awaiting finish of 7 more threads
2019-05-12 19:23:32,894 : INFO : worker thread finished; awaiting finish of 6 more threads
2019-05-12 19:23:32,903 : INFO : worker thread finished; awaiting finish of 5 more threads
2019-05-12 19:23:32,927 : INFO : worker thread finished; awaiting finish of 4 more threads
2019-05-12 19:23:32,929 : INFO : worker thread finished; awaiting finish of 3 more threads
2019-05-12 19:23:32,948 : INFO : worker thread finished; awaiting finish of 2 more threads
2019-05-12 19:23:32,949 : INFO : worker thread finished; awaiting finish of 1 more threads
2019-05-12 19:23:32,978 : INFO : worker thread finished; awaiting finish of 0 more threads
2019-05-12 19:23:32,978 : INFO : EPOCH - 5 : training on 2399154 raw words (1747176 effective words) took 9.3s, 188308 effective words/s
2019-05-12 19:23:34,031 : INFO : EPOCH 6 - PROGRESS: at 7.32% examples, 118199 words/s, in_qsize 24, out_qsize 0
2019-05-12 19:23:35,107 : INFO : EPOCH 6 - PROGRESS: at 19.99% examples, 156905 words/s, in_qsize 24, out_qsize 0
2019-05-12 19:23:36,169 : INFO : EPOCH 6 - PROGRESS: at 31.00% examples, 163972 words/s, in_qsize 23, out_qsize 0
2019-05-12 19:23:37,198 : INFO : EPOCH 6 - PROGRESS: at 41.69% examples, 166768 words/s, in_qsize 23, out_qsize 0
2019-05-12 19:23:38,233 : INFO : EPOCH 6 - PROGRESS: at 52.91% examples, 171176 words/s, in_qsize 23, out_qsize 0
2019-05-12 19:23:39,242 : INFO : EPOCH 6 - PROGRESS: at 65.42% examples, 177246 words/s, in_qsize 22, out_qsize 1
2019-05-12 19:23:40,255 : INFO : EPOCH 6 - PROGRESS: at 76.42% examples, 179745 words/s, in_qsize 24, out_qsize 0
2019-05-12 19:23:41,290 : INFO : EPOCH 6 - PROGRESS: at 87.87% examples, 181874 words/s, in_qsize 24, out_qsize 0
2019-05-12 19:23:42,081 : INFO : worker thread finished; awaiting finish of 11 more threads
2019-05-12 19:23:42,098 : INFO : worker thread finished; awaiting finish of 10 more threads
2019-05-12 19:23:42,149 : INFO : worker thread finished; awaiting finish of 9 more threads
2019-05-12 19:23:42,155 : INFO : worker thread finished; awaiting finish of 8 more threads
2019-05-12 19:23:42,162 : INFO : worker thread finished; awaiting finish of 7 more threads
2019-05-12 19:23:42,178 : INFO : worker thread finished; awaiting finish of 6 more threads
2019-05-12 19:23:42,224 : INFO : worker thread finished; awaiting finish of 5 more threads
2019-05-12 19:23:42,242 : INFO : worker thread finished; awaiting finish of 4 more threads
2019-05-12 19:23:42,256 : INFO : worker thread finished; awaiting finish of 3 more threads
2019-05-12 19:23:42,264 : INFO : worker thread finished; awaiting finish of 2 more threads
2019-05-12 19:23:42,282 : INFO : worker thread finished; awaiting finish of 1 more threads
2019-05-12 19:23:42,287 : INFO : worker thread finished; awaiting finish of 0 more threads
2019-05-12 19:23:42,287 : INFO : EPOCH - 6 : training on 2399154 raw words (1747164 effective words) took 9.3s, 187884 effective words/s
2019-05-12 19:23:43,369 : INFO : EPOCH 7 - PROGRESS: at 8.20% examples, 128358 words/s, in_qsize 22, out_qsize 3
2019-05-12 19:23:44,403 : INFO : EPOCH 7 - PROGRESS: at 20.87% examples, 164646 words/s, in_qsize 23, out_qsize 0
2019-05-12 19:23:45,437 : INFO : EPOCH 7 - PROGRESS: at 32.67% examples, 175475 words/s, in_qsize 21, out_qsize 2
2019-05-12 19:23:46,513 : INFO : EPOCH 7 - PROGRESS: at 45.79% examples, 184051 words/s, in_qsize 24, out_qsize 1
2019-05-12 19:23:47,513 : INFO : EPOCH 7 - PROGRESS: at 57.73% examples, 187514 words/s, in_qsize 23, out_qsize 1
2019-05-12 19:23:48,524 : INFO : EPOCH 7 - PROGRESS: at 69.98% examples, 191087 words/s, in_qsize 23, out_qsize 1
2019-05-12 19:23:49,614 : INFO : EPOCH 7 - PROGRESS: at 81.84% examples, 191521 words/s, in_qsize 23, out_qsize 0
2019-05-12 19:23:50,657 : INFO : EPOCH 7 - PROGRESS: at 92.80% examples, 192007 words/s, in_qsize 20, out_qsize 0
2019-05-12 19:23:50,908 : INFO : worker thread finished; awaiting finish of 11 more threads
2019-05-12 19:23:50,964 : INFO : worker thread finished; awaiting finish of 10 more threads
2019-05-12 19:23:51,002 : INFO : worker thread finished; awaiting finish of 9 more threads
2019-05-12 19:23:51,025 : INFO : worker thread finished; awaiting finish of 8 more threads
2019-05-12 19:23:51,042 : INFO : worker thread finished; awaiting finish of 7 more threads
2019-05-12 19:23:51,057 : INFO : worker thread finished; awaiting finish of 6 more threads
2019-05-12 19:23:51,089 : INFO : worker thread finished; awaiting finish of 5 more threads
2019-05-12 19:23:51,117 : INFO : worker thread finished; awaiting finish of 4 more threads
2019-05-12 19:23:51,128 : INFO : worker thread finished; awaiting finish of 3 more threads
2019-05-12 19:23:51,139 : INFO : worker thread finished; awaiting finish of 2 more threads
2019-05-12 19:23:51,146 : INFO : worker thread finished; awaiting finish of 1 more threads
2019-05-12 19:23:51,154 : INFO : worker thread finished; awaiting finish of 0 more threads
2019-05-12 19:23:51,155 : INFO : EPOCH - 7 : training on 2399154 raw words (1747838 effective words) took 8.9s, 197314 effective words/s
2019-05-12 19:23:52,185 : INFO : EPOCH 8 - PROGRESS: at 9.40% examples, 155948 words/s, in_qsize 23, out_qsize 0
2019-05-12 19:23:53,208 : INFO : EPOCH 8 - PROGRESS: at 21.75% examples, 176988 words/s, in_qsize 24, out_qsize 0
2019-05-12 19:23:54,217 : INFO : EPOCH 8 - PROGRESS: at 33.41% examples, 185304 words/s, in_qsize 23, out_qsize 0
2019-05-12 19:23:55,220 : INFO : EPOCH 8 - PROGRESS: at 45.35% examples, 189563 words/s, in_qsize 24, out_qsize 0
2019-05-12 19:23:56,239 : INFO : EPOCH 8 - PROGRESS: at 56.87% examples, 189975 words/s, in_qsize 24, out_qsize 0
2019-05-12 19:23:57,244 : INFO : EPOCH 8 - PROGRESS: at 68.73% examples, 192164 words/s, in_qsize 24, out_qsize 0
2019-05-12 19:23:58,290 : INFO : EPOCH 8 - PROGRESS: at 80.17% examples, 192715 words/s, in_qsize 24, out_qsize 0
2019-05-12 19:23:59,365 : INFO : EPOCH 8 - PROGRESS: at 91.68% examples, 193182 words/s, in_qsize 23, out_qsize 0
2019-05-12 19:23:59,751 : INFO : worker thread finished; awaiting finish of 11 more threads
2019-05-12 19:23:59,777 : INFO : worker thread finished; awaiting finish of 10 more threads
2019-05-12 19:23:59,782 : INFO : worker thread finished; awaiting finish of 9 more threads
2019-05-12 19:23:59,790 : INFO : worker thread finished; awaiting finish of 8 more threads
2019-05-12 19:23:59,798 : INFO : worker thread finished; awaiting finish of 7 more threads
2019-05-12 19:23:59,823 : INFO : worker thread finished; awaiting finish of 6 more threads
2019-05-12 19:23:59,871 : INFO : worker thread finished; awaiting finish of 5 more threads
2019-05-12 19:23:59,882 : INFO : worker thread finished; awaiting finish of 4 more threads
2019-05-12 19:23:59,894 : INFO : worker thread finished; awaiting finish of 3 more threads
2019-05-12 19:23:59,894 : INFO : worker thread finished; awaiting finish of 2 more threads
2019-05-12 19:23:59,900 : INFO : worker thread finished; awaiting finish of 1 more threads
2019-05-12 19:23:59,927 : INFO : worker thread finished; awaiting finish of 0 more threads
2019-05-12 19:23:59,927 : INFO : EPOCH - 8 : training on 2399154 raw words (1748288 effective words) took 8.8s, 199502 effective words/s
2019-05-12 19:24:00,947 : INFO : EPOCH 9 - PROGRESS: at 7.73% examples, 129068 words/s, in_qsize 24, out_qsize 1
2019-05-12 19:24:01,994 : INFO : EPOCH 9 - PROGRESS: at 21.33% examples, 172219 words/s, in_qsize 24, out_qsize 0
2019-05-12 19:24:03,008 : INFO : EPOCH 9 - PROGRESS: at 32.30% examples, 177036 words/s, in_qsize 24, out_qsize 0
2019-05-12 19:24:04,026 : INFO : EPOCH 9 - PROGRESS: at 43.24% examples, 179055 words/s, in_qsize 23, out_qsize 0
2019-05-12 19:24:05,081 : INFO : EPOCH 9 - PROGRESS: at 55.10% examples, 181604 words/s, in_qsize 23, out_qsize 0
2019-05-12 19:24:06,101 : INFO : EPOCH 9 - PROGRESS: at 66.74% examples, 183424 words/s, in_qsize 24, out_qsize 0
2019-05-12 19:24:07,102 : INFO : EPOCH 9 - PROGRESS: at 78.03% examples, 186457 words/s, in_qsize 22, out_qsize 1
2019-05-12 19:24:08,131 : INFO : EPOCH 9 - PROGRESS: at 86.79% examples, 181582 words/s, in_qsize 24, out_qsize 1
2019-05-12 19:24:09,080 : INFO : worker thread finished; awaiting finish of 11 more threads
2019-05-12 19:24:09,083 : INFO : worker thread finished; awaiting finish of 10 more threads
2019-05-12 19:24:09,105 : INFO : worker thread finished; awaiting finish of 9 more threads
2019-05-12 19:24:09,108 : INFO : worker thread finished; awaiting finish of 8 more threads
2019-05-12 19:24:09,110 : INFO : worker thread finished; awaiting finish of 7 more threads
2019-05-12 19:24:09,112 : INFO : worker thread finished; awaiting finish of 6 more threads
2019-05-12 19:24:09,168 : INFO : EPOCH 9 - PROGRESS: at 98.21% examples, 185237 words/s, in_qsize 5, out_qsize 1
2019-05-12 19:24:09,168 : INFO : worker thread finished; awaiting finish of 5 more threads
2019-05-12 19:24:09,189 : INFO : worker thread finished; awaiting finish of 4 more threads
2019-05-12 19:24:09,192 : INFO : worker thread finished; awaiting finish of 3 more threads
2019-05-12 19:24:09,219 : INFO : worker thread finished; awaiting finish of 2 more threads
2019-05-12 19:24:09,244 : INFO : worker thread finished; awaiting finish of 1 more threads
2019-05-12 19:24:09,268 : INFO : worker thread finished; awaiting finish of 0 more threads
2019-05-12 19:24:09,268 : INFO : EPOCH - 9 : training on 2399154 raw words (1747075 effective words) took 9.3s, 187238 effective words/s
2019-05-12 19:24:10,312 : INFO : EPOCH 10 - PROGRESS: at 8.54% examples, 139909 words/s, in_qsize 24, out_qsize 0
2019-05-12 19:24:11,322 : INFO : EPOCH 10 - PROGRESS: at 21.33% examples, 173102 words/s, in_qsize 23, out_qsize 0
2019-05-12 19:24:12,360 : INFO : EPOCH 10 - PROGRESS: at 33.06% examples, 180940 words/s, in_qsize 23, out_qsize 1
2019-05-12 19:24:13,403 : INFO : EPOCH 10 - PROGRESS: at 43.61% examples, 179178 words/s, in_qsize 23, out_qsize 0
2019-05-12 19:24:14,430 : INFO : EPOCH 10 - PROGRESS: at 55.10% examples, 181350 words/s, in_qsize 23, out_qsize 0
2019-05-12 19:24:15,432 : INFO : EPOCH 10 - PROGRESS: at 67.45% examples, 186176 words/s, in_qsize 24, out_qsize 0
2019-05-12 19:24:16,483 : INFO : EPOCH 10 - PROGRESS: at 78.90% examples, 187443 words/s, in_qsize 23, out_qsize 0
2019-05-12 19:24:17,492 : INFO : EPOCH 10 - PROGRESS: at 89.76% examples, 188340 words/s, in_qsize 23, out_qsize 0
2019-05-12 19:24:18,020 : INFO : worker thread finished; awaiting finish of 11 more threads
2019-05-12 19:24:18,028 : INFO : worker thread finished; awaiting finish of 10 more threads
2019-05-12 19:24:18,039 : INFO : worker thread finished; awaiting finish of 9 more threads
2019-05-12 19:24:18,061 : INFO : worker thread finished; awaiting finish of 8 more threads
2019-05-12 19:24:18,073 : INFO : worker thread finished; awaiting finish of 7 more threads
2019-05-12 19:24:18,190 : INFO : worker thread finished; awaiting finish of 6 more threads
2019-05-12 19:24:18,198 : INFO : worker thread finished; awaiting finish of 5 more threads
2019-05-12 19:24:18,211 : INFO : worker thread finished; awaiting finish of 4 more threads
2019-05-12 19:24:18,227 : INFO : worker thread finished; awaiting finish of 3 more threads
2019-05-12 19:24:18,230 : INFO : worker thread finished; awaiting finish of 2 more threads
2019-05-12 19:24:18,238 : INFO : worker thread finished; awaiting finish of 1 more threads
2019-05-12 19:24:18,243 : INFO : worker thread finished; awaiting finish of 0 more threads
2019-05-12 19:24:18,243 : INFO : EPOCH - 10 : training on 2399154 raw words (1747920 effective words) took 9.0s, 194919 effective words/s
2019-05-12 19:24:19,285 : INFO : EPOCH 11 - PROGRESS: at 8.09% examples, 133620 words/s, in_qsize 23, out_qsize 0
2019-05-12 19:24:20,295 : INFO : EPOCH 11 - PROGRESS: at 20.41% examples, 166590 words/s, in_qsize 23, out_qsize 0
2019-05-12 19:24:21,317 : INFO : EPOCH 11 - PROGRESS: at 32.67% examples, 179848 words/s, in_qsize 24, out_qsize 0
2019-05-12 19:24:22,335 : INFO : EPOCH 11 - PROGRESS: at 44.12% examples, 182963 words/s, in_qsize 23, out_qsize 0
2019-05-12 19:24:23,346 : INFO : EPOCH 11 - PROGRESS: at 56.84% examples, 189243 words/s, in_qsize 23, out_qsize 0
2019-05-12 19:24:24,361 : INFO : EPOCH 11 - PROGRESS: at 68.28% examples, 190073 words/s, in_qsize 23, out_qsize 0
2019-05-12 19:24:25,373 : INFO : EPOCH 11 - PROGRESS: at 78.90% examples, 189811 words/s, in_qsize 23, out_qsize 0
2019-05-12 19:24:26,428 : INFO : EPOCH 11 - PROGRESS: at 90.53% examples, 191071 words/s, in_qsize 23, out_qsize 0
2019-05-12 19:24:26,930 : INFO : worker thread finished; awaiting finish of 11 more threads
2019-05-12 19:24:26,986 : INFO : worker thread finished; awaiting finish of 10 more threads
2019-05-12 19:24:26,995 : INFO : worker thread finished; awaiting finish of 9 more threads
2019-05-12 19:24:27,037 : INFO : worker thread finished; awaiting finish of 8 more threads
2019-05-12 19:24:27,057 : INFO : worker thread finished; awaiting finish of 7 more threads
2019-05-12 19:24:27,068 : INFO : worker thread finished; awaiting finish of 6 more threads
2019-05-12 19:24:27,083 : INFO : worker thread finished; awaiting finish of 5 more threads
2019-05-12 19:24:27,105 : INFO : worker thread finished; awaiting finish of 4 more threads
2019-05-12 19:24:27,119 : INFO : worker thread finished; awaiting finish of 3 more threads
2019-05-12 19:24:27,136 : INFO : worker thread finished; awaiting finish of 2 more threads
2019-05-12 19:24:27,137 : INFO : worker thread finished; awaiting finish of 1 more threads
2019-05-12 19:24:27,158 : INFO : worker thread finished; awaiting finish of 0 more threads
2019-05-12 19:24:27,158 : INFO : EPOCH - 11 : training on 2399154 raw words (1748428 effective words) took 8.9s, 196327 effective words/s
2019-05-12 19:24:28,174 : INFO : EPOCH 12 - PROGRESS: at 6.86% examples, 115334 words/s, in_qsize 24, out_qsize 1
2019-05-12 19:24:29,210 : INFO : EPOCH 12 - PROGRESS: at 20.02% examples, 162817 words/s, in_qsize 24, out_qsize 0
2019-05-12 19:24:30,251 : INFO : EPOCH 12 - PROGRESS: at 32.30% examples, 176195 words/s, in_qsize 23, out_qsize 0
2019-05-12 19:24:31,274 : INFO : EPOCH 12 - PROGRESS: at 45.35% examples, 187061 words/s, in_qsize 23, out_qsize 0
2019-05-12 19:24:32,289 : INFO : EPOCH 12 - PROGRESS: at 57.26% examples, 189482 words/s, in_qsize 24, out_qsize 0
2019-05-12 19:24:33,295 : INFO : EPOCH 12 - PROGRESS: at 69.14% examples, 191691 words/s, in_qsize 24, out_qsize 0
2019-05-12 19:24:34,365 : INFO : EPOCH 12 - PROGRESS: at 81.45% examples, 193603 words/s, in_qsize 23, out_qsize 0
2019-05-12 19:24:35,384 : INFO : EPOCH 12 - PROGRESS: at 93.22% examples, 196119 words/s, in_qsize 19, out_qsize 0
2019-05-12 19:24:35,672 : INFO : worker thread finished; awaiting finish of 11 more threads
2019-05-12 19:24:35,677 : INFO : worker thread finished; awaiting finish of 10 more threads
2019-05-12 19:24:35,720 : INFO : worker thread finished; awaiting finish of 9 more threads
2019-05-12 19:24:35,758 : INFO : worker thread finished; awaiting finish of 8 more threads
2019-05-12 19:24:35,760 : INFO : worker thread finished; awaiting finish of 7 more threads
2019-05-12 19:24:35,780 : INFO : worker thread finished; awaiting finish of 6 more threads
2019-05-12 19:24:35,812 : INFO : worker thread finished; awaiting finish of 5 more threads
2019-05-12 19:24:35,842 : INFO : worker thread finished; awaiting finish of 4 more threads
2019-05-12 19:24:35,848 : INFO : worker thread finished; awaiting finish of 3 more threads
2019-05-12 19:24:35,855 : INFO : worker thread finished; awaiting finish of 2 more threads
2019-05-12 19:24:35,872 : INFO : worker thread finished; awaiting finish of 1 more threads
2019-05-12 19:24:35,885 : INFO : worker thread finished; awaiting finish of 0 more threads
2019-05-12 19:24:35,885 : INFO : EPOCH - 12 : training on 2399154 raw words (1746734 effective words) took 8.7s, 200364 effective words/s
2019-05-12 19:24:36,902 : INFO : EPOCH 13 - PROGRESS: at 8.60% examples, 143733 words/s, in_qsize 23, out_qsize 0
2019-05-12 19:24:37,941 : INFO : EPOCH 13 - PROGRESS: at 21.33% examples, 173076 words/s, in_qsize 23, out_qsize 1
2019-05-12 19:24:39,115 : INFO : EPOCH 13 - PROGRESS: at 35.17% examples, 184572 words/s, in_qsize 23, out_qsize 1
2019-05-12 19:24:40,117 : INFO : EPOCH 13 - PROGRESS: at 48.33% examples, 193962 words/s, in_qsize 23, out_qsize 0
2019-05-12 19:24:41,119 : INFO : EPOCH 13 - PROGRESS: at 60.23% examples, 195599 words/s, in_qsize 23, out_qsize 0
2019-05-12 19:24:42,142 : INFO : EPOCH 13 - PROGRESS: at 72.44% examples, 197443 words/s, in_qsize 24, out_qsize 0
2019-05-12 19:24:43,143 : INFO : EPOCH 13 - PROGRESS: at 83.86% examples, 198318 words/s, in_qsize 23, out_qsize 0
2019-05-12 19:24:44,216 : INFO : EPOCH 13 - PROGRESS: at 94.39% examples, 196305 words/s, in_qsize 16, out_qsize 0
2019-05-12 19:24:44,277 : INFO : worker thread finished; awaiting finish of 11 more threads
2019-05-12 19:24:44,284 : INFO : worker thread finished; awaiting finish of 10 more threads
2019-05-12 19:24:44,311 : INFO : worker thread finished; awaiting finish of 9 more threads
2019-05-12 19:24:44,333 : INFO : worker thread finished; awaiting finish of 8 more threads
2019-05-12 19:24:44,340 : INFO : worker thread finished; awaiting finish of 7 more threads
2019-05-12 19:24:44,341 : INFO : worker thread finished; awaiting finish of 6 more threads
2019-05-12 19:24:44,393 : INFO : worker thread finished; awaiting finish of 5 more threads
2019-05-12 19:24:44,396 : INFO : worker thread finished; awaiting finish of 4 more threads
2019-05-12 19:24:44,465 : INFO : worker thread finished; awaiting finish of 3 more threads
2019-05-12 19:24:44,474 : INFO : worker thread finished; awaiting finish of 2 more threads
2019-05-12 19:24:44,477 : INFO : worker thread finished; awaiting finish of 1 more threads
2019-05-12 19:24:44,477 : INFO : worker thread finished; awaiting finish of 0 more threads
2019-05-12 19:24:44,477 : INFO : EPOCH - 13 : training on 2399154 raw words (1747501 effective words) took 8.6s, 203606 effective words/s
2019-05-12 19:24:45,529 : INFO : EPOCH 14 - PROGRESS: at 8.13% examples, 132197 words/s, in_qsize 24, out_qsize 0
2019-05-12 19:24:46,543 : INFO : EPOCH 14 - PROGRESS: at 22.59% examples, 182551 words/s, in_qsize 23, out_qsize 0
2019-05-12 19:24:47,629 : INFO : EPOCH 14 - PROGRESS: at 34.29% examples, 184411 words/s, in_qsize 24, out_qsize 1
2019-05-12 19:24:48,671 : INFO : EPOCH 14 - PROGRESS: at 47.07% examples, 190442 words/s, in_qsize 24, out_qsize 0
2019-05-12 19:24:49,706 : INFO : EPOCH 14 - PROGRESS: at 59.37% examples, 192881 words/s, in_qsize 23, out_qsize 0
2019-05-12 19:24:50,727 : INFO : EPOCH 14 - PROGRESS: at 72.44% examples, 197609 words/s, in_qsize 23, out_qsize 0
2019-05-12 19:24:51,728 : INFO : EPOCH 14 - PROGRESS: at 83.86% examples, 198491 words/s, in_qsize 24, out_qsize 0
2019-05-12 19:24:52,743 : INFO : EPOCH 14 - PROGRESS: at 94.39% examples, 197831 words/s, in_qsize 16, out_qsize 0
2019-05-12 19:24:52,826 : INFO : worker thread finished; awaiting finish of 11 more threads
2019-05-12 19:24:52,875 : INFO : worker thread finished; awaiting finish of 10 more threads
2019-05-12 19:24:52,885 : INFO : worker thread finished; awaiting finish of 9 more threads
2019-05-12 19:24:52,897 : INFO : worker thread finished; awaiting finish of 8 more threads
2019-05-12 19:24:52,908 : INFO : worker thread finished; awaiting finish of 7 more threads
2019-05-12 19:24:52,913 : INFO : worker thread finished; awaiting finish of 6 more threads
2019-05-12 19:24:52,998 : INFO : worker thread finished; awaiting finish of 5 more threads
2019-05-12 19:24:53,002 : INFO : worker thread finished; awaiting finish of 4 more threads
2019-05-12 19:24:53,026 : INFO : worker thread finished; awaiting finish of 3 more threads
2019-05-12 19:24:53,039 : INFO : worker thread finished; awaiting finish of 2 more threads
2019-05-12 19:24:53,046 : INFO : worker thread finished; awaiting finish of 1 more threads
2019-05-12 19:24:53,051 : INFO : worker thread finished; awaiting finish of 0 more threads
2019-05-12 19:24:53,051 : INFO : EPOCH - 14 : training on 2399154 raw words (1747171 effective words) took 8.6s, 204001 effective words/s
2019-05-12 19:24:54,099 : INFO : EPOCH 15 - PROGRESS: at 8.51% examples, 139252 words/s, in_qsize 20, out_qsize 4
2019-05-12 19:24:55,140 : INFO : EPOCH 15 - PROGRESS: at 22.13% examples, 177175 words/s, in_qsize 23, out_qsize 0
2019-05-12 19:24:56,188 : INFO : EPOCH 15 - PROGRESS: at 35.17% examples, 190060 words/s, in_qsize 23, out_qsize 0
2019-05-12 19:24:57,191 : INFO : EPOCH 15 - PROGRESS: at 47.07% examples, 192982 words/s, in_qsize 24, out_qsize 0
2019-05-12 19:24:58,211 : INFO : EPOCH 15 - PROGRESS: at 58.58% examples, 192734 words/s, in_qsize 24, out_qsize 1
2019-05-12 19:24:59,217 : INFO : EPOCH 15 - PROGRESS: at 71.12% examples, 196866 words/s, in_qsize 24, out_qsize 0
2019-05-12 19:25:00,230 : INFO : EPOCH 15 - PROGRESS: at 82.19% examples, 196517 words/s, in_qsize 24, out_qsize 0
2019-05-12 19:25:01,236 : INFO : EPOCH 15 - PROGRESS: at 93.95% examples, 198971 words/s, in_qsize 17, out_qsize 0
2019-05-12 19:25:01,427 : INFO : worker thread finished; awaiting finish of 11 more threads
2019-05-12 19:25:01,496 : INFO : worker thread finished; awaiting finish of 10 more threads
2019-05-12 19:25:01,501 : INFO : worker thread finished; awaiting finish of 9 more threads
2019-05-12 19:25:01,532 : INFO : worker thread finished; awaiting finish of 8 more threads
2019-05-12 19:25:01,568 : INFO : worker thread finished; awaiting finish of 7 more threads
2019-05-12 19:25:01,578 : INFO : worker thread finished; awaiting finish of 6 more threads
2019-05-12 19:25:01,597 : INFO : worker thread finished; awaiting finish of 5 more threads
2019-05-12 19:25:01,601 : INFO : worker thread finished; awaiting finish of 4 more threads
2019-05-12 19:25:01,605 : INFO : worker thread finished; awaiting finish of 3 more threads
2019-05-12 19:25:01,623 : INFO : worker thread finished; awaiting finish of 2 more threads
2019-05-12 19:25:01,633 : INFO : worker thread finished; awaiting finish of 1 more threads
2019-05-12 19:25:01,633 : INFO : worker thread finished; awaiting finish of 0 more threads
2019-05-12 19:25:01,634 : INFO : EPOCH - 15 : training on 2399154 raw words (1747414 effective words) took 8.6s, 203832 effective words/s
2019-05-12 19:25:02,641 : INFO : EPOCH 16 - PROGRESS: at 8.17% examples, 137459 words/s, in_qsize 23, out_qsize 1
2019-05-12 19:25:03,667 : INFO : EPOCH 16 - PROGRESS: at 21.79% examples, 178318 words/s, in_qsize 24, out_qsize 0
2019-05-12 19:25:04,692 : INFO : EPOCH 16 - PROGRESS: at 35.17% examples, 194881 words/s, in_qsize 23, out_qsize 0
2019-05-12 19:25:05,721 : INFO : EPOCH 16 - PROGRESS: at 46.64% examples, 193673 words/s, in_qsize 24, out_qsize 0
2019-05-12 19:25:06,724 : INFO : EPOCH 16 - PROGRESS: at 59.37% examples, 198183 words/s, in_qsize 24, out_qsize 0
2019-05-12 19:25:07,738 : INFO : EPOCH 16 - PROGRESS: at 71.12% examples, 198761 words/s, in_qsize 24, out_qsize 0
2019-05-12 19:25:08,797 : INFO : EPOCH 16 - PROGRESS: at 83.46% examples, 199899 words/s, in_qsize 24, out_qsize 0
2019-05-12 19:25:09,819 : INFO : EPOCH 16 - PROGRESS: at 94.35% examples, 199761 words/s, in_qsize 15, out_qsize 1
2019-05-12 19:25:09,873 : INFO : worker thread finished; awaiting finish of 11 more threads
2019-05-12 19:25:09,877 : INFO : worker thread finished; awaiting finish of 10 more threads
2019-05-12 19:25:09,917 : INFO : worker thread finished; awaiting finish of 9 more threads
2019-05-12 19:25:09,919 : INFO : worker thread finished; awaiting finish of 8 more threads
2019-05-12 19:25:09,933 : INFO : worker thread finished; awaiting finish of 7 more threads
2019-05-12 19:25:09,992 : INFO : worker thread finished; awaiting finish of 6 more threads
2019-05-12 19:25:10,044 : INFO : worker thread finished; awaiting finish of 5 more threads
2019-05-12 19:25:10,059 : INFO : worker thread finished; awaiting finish of 4 more threads
2019-05-12 19:25:10,076 : INFO : worker thread finished; awaiting finish of 3 more threads
2019-05-12 19:25:10,087 : INFO : worker thread finished; awaiting finish of 2 more threads
2019-05-12 19:25:10,099 : INFO : worker thread finished; awaiting finish of 1 more threads
2019-05-12 19:25:10,102 : INFO : worker thread finished; awaiting finish of 0 more threads
2019-05-12 19:25:10,103 : INFO : EPOCH - 16 : training on 2399154 raw words (1747355 effective words) took 8.5s, 206494 effective words/s
2019-05-12 19:25:11,128 : INFO : EPOCH 17 - PROGRESS: at 8.54% examples, 142153 words/s, in_qsize 23, out_qsize 0
2019-05-12 19:25:12,129 : INFO : EPOCH 17 - PROGRESS: at 21.79% examples, 178779 words/s, in_qsize 24, out_qsize 0
2019-05-12 19:25:13,161 : INFO : EPOCH 17 - PROGRESS: at 34.33% examples, 190027 words/s, in_qsize 24, out_qsize 0
2019-05-12 19:25:14,190 : INFO : EPOCH 17 - PROGRESS: at 46.24% examples, 191966 words/s, in_qsize 23, out_qsize 0
2019-05-12 19:25:15,192 : INFO : EPOCH 17 - PROGRESS: at 57.66% examples, 192558 words/s, in_qsize 24, out_qsize 0
2019-05-12 19:25:16,220 : INFO : EPOCH 17 - PROGRESS: at 69.98% examples, 194806 words/s, in_qsize 23, out_qsize 0
2019-05-12 19:25:17,270 : INFO : EPOCH 17 - PROGRESS: at 81.91% examples, 195737 words/s, in_qsize 22, out_qsize 2
2019-05-12 19:25:18,311 : INFO : EPOCH 17 - PROGRESS: at 93.22% examples, 196632 words/s, in_qsize 19, out_qsize 0
2019-05-12 19:25:18,457 : INFO : worker thread finished; awaiting finish of 11 more threads
2019-05-12 19:25:18,502 : INFO : worker thread finished; awaiting finish of 10 more threads
2019-05-12 19:25:18,532 : INFO : worker thread finished; awaiting finish of 9 more threads
2019-05-12 19:25:18,599 : INFO : worker thread finished; awaiting finish of 8 more threads
2019-05-12 19:25:18,610 : INFO : worker thread finished; awaiting finish of 7 more threads
2019-05-12 19:25:18,632 : INFO : worker thread finished; awaiting finish of 6 more threads
2019-05-12 19:25:18,640 : INFO : worker thread finished; awaiting finish of 5 more threads
2019-05-12 19:25:18,685 : INFO : worker thread finished; awaiting finish of 4 more threads
2019-05-12 19:25:18,698 : INFO : worker thread finished; awaiting finish of 3 more threads
2019-05-12 19:25:18,701 : INFO : worker thread finished; awaiting finish of 2 more threads
2019-05-12 19:25:18,714 : INFO : worker thread finished; awaiting finish of 1 more threads
2019-05-12 19:25:18,718 : INFO : worker thread finished; awaiting finish of 0 more threads
2019-05-12 19:25:18,718 : INFO : EPOCH - 17 : training on 2399154 raw words (1747558 effective words) took 8.6s, 203070 effective words/s
2019-05-12 19:25:19,752 : INFO : EPOCH 18 - PROGRESS: at 7.32% examples, 120440 words/s, in_qsize 22, out_qsize 1
2019-05-12 19:25:20,757 : INFO : EPOCH 18 - PROGRESS: at 20.84% examples, 171172 words/s, in_qsize 23, out_qsize 0
2019-05-12 19:25:21,784 : INFO : EPOCH 18 - PROGRESS: at 33.41% examples, 184892 words/s, in_qsize 24, out_qsize 0
2019-05-12 19:25:22,813 : INFO : EPOCH 18 - PROGRESS: at 45.35% examples, 188119 words/s, in_qsize 24, out_qsize 0
2019-05-12 19:25:23,829 : INFO : EPOCH 18 - PROGRESS: at 59.01% examples, 195999 words/s, in_qsize 24, out_qsize 0
2019-05-12 19:25:24,938 : INFO : EPOCH 18 - PROGRESS: at 71.13% examples, 195171 words/s, in_qsize 22, out_qsize 2
2019-05-12 19:25:26,059 : INFO : EPOCH 18 - PROGRESS: at 84.70% examples, 198150 words/s, in_qsize 24, out_qsize 0
2019-05-12 19:25:27,081 : INFO : EPOCH 18 - PROGRESS: at 95.57% examples, 198253 words/s, in_qsize 13, out_qsize 0
2019-05-12 19:25:27,149 : INFO : worker thread finished; awaiting finish of 11 more threads
2019-05-12 19:25:27,185 : INFO : worker thread finished; awaiting finish of 10 more threads
2019-05-12 19:25:27,188 : INFO : worker thread finished; awaiting finish of 9 more threads
2019-05-12 19:25:27,190 : INFO : worker thread finished; awaiting finish of 8 more threads
2019-05-12 19:25:27,211 : INFO : worker thread finished; awaiting finish of 7 more threads
2019-05-12 19:25:27,223 : INFO : worker thread finished; awaiting finish of 6 more threads
2019-05-12 19:25:27,240 : INFO : worker thread finished; awaiting finish of 5 more threads
2019-05-12 19:25:27,261 : INFO : worker thread finished; awaiting finish of 4 more threads
2019-05-12 19:25:27,281 : INFO : worker thread finished; awaiting finish of 3 more threads
2019-05-12 19:25:27,298 : INFO : worker thread finished; awaiting finish of 2 more threads
2019-05-12 19:25:27,308 : INFO : worker thread finished; awaiting finish of 1 more threads
2019-05-12 19:25:27,352 : INFO : worker thread finished; awaiting finish of 0 more threads
2019-05-12 19:25:27,352 : INFO : EPOCH - 18 : training on 2399154 raw words (1747773 effective words) took 8.6s, 202660 effective words/s
2019-05-12 19:25:28,373 : INFO : EPOCH 19 - PROGRESS: at 7.75% examples, 128793 words/s, in_qsize 24, out_qsize 0
2019-05-12 19:25:29,403 : INFO : EPOCH 19 - PROGRESS: at 20.50% examples, 166289 words/s, in_qsize 24, out_qsize 0
2019-05-12 19:25:30,430 : INFO : EPOCH 19 - PROGRESS: at 32.66% examples, 179323 words/s, in_qsize 24, out_qsize 0
2019-05-12 19:25:31,438 : INFO : EPOCH 19 - PROGRESS: at 43.57% examples, 181308 words/s, in_qsize 24, out_qsize 0
2019-05-12 19:25:32,449 : INFO : EPOCH 19 - PROGRESS: at 55.10% examples, 183466 words/s, in_qsize 24, out_qsize 0
2019-05-12 19:25:33,477 : INFO : EPOCH 19 - PROGRESS: at 67.12% examples, 186000 words/s, in_qsize 24, out_qsize 0
2019-05-12 19:25:34,549 : INFO : EPOCH 19 - PROGRESS: at 79.30% examples, 188772 words/s, in_qsize 23, out_qsize 2
2019-05-12 19:25:35,578 : INFO : EPOCH 19 - PROGRESS: at 90.95% examples, 190811 words/s, in_qsize 24, out_qsize 0
2019-05-12 19:25:36,038 : INFO : worker thread finished; awaiting finish of 11 more threads
2019-05-12 19:25:36,058 : INFO : worker thread finished; awaiting finish of 10 more threads
2019-05-12 19:25:36,086 : INFO : worker thread finished; awaiting finish of 9 more threads
2019-05-12 19:25:36,152 : INFO : worker thread finished; awaiting finish of 8 more threads
2019-05-12 19:25:36,170 : INFO : worker thread finished; awaiting finish of 7 more threads
2019-05-12 19:25:36,186 : INFO : worker thread finished; awaiting finish of 6 more threads
2019-05-12 19:25:36,199 : INFO : worker thread finished; awaiting finish of 5 more threads
2019-05-12 19:25:36,211 : INFO : worker thread finished; awaiting finish of 4 more threads
2019-05-12 19:25:36,228 : INFO : worker thread finished; awaiting finish of 3 more threads
2019-05-12 19:25:36,255 : INFO : worker thread finished; awaiting finish of 2 more threads
2019-05-12 19:25:36,260 : INFO : worker thread finished; awaiting finish of 1 more threads
2019-05-12 19:25:36,263 : INFO : worker thread finished; awaiting finish of 0 more threads
2019-05-12 19:25:36,263 : INFO : EPOCH - 19 : training on 2399154 raw words (1747119 effective words) took 8.9s, 196234 effective words/s
2019-05-12 19:25:37,325 : INFO : EPOCH 20 - PROGRESS: at 8.67% examples, 137235 words/s, in_qsize 22, out_qsize 3
2019-05-12 19:25:38,376 : INFO : EPOCH 20 - PROGRESS: at 21.75% examples, 171783 words/s, in_qsize 24, out_qsize 0
2019-05-12 19:25:39,410 : INFO : EPOCH 20 - PROGRESS: at 32.67% examples, 175621 words/s, in_qsize 24, out_qsize 0
2019-05-12 19:25:40,471 : INFO : EPOCH 20 - PROGRESS: at 44.44% examples, 179603 words/s, in_qsize 24, out_qsize 0
2019-05-12 19:25:41,488 : INFO : EPOCH 20 - PROGRESS: at 55.58% examples, 180560 words/s, in_qsize 24, out_qsize 0
2019-05-12 19:25:42,570 : INFO : EPOCH 20 - PROGRESS: at 66.66% examples, 179612 words/s, in_qsize 24, out_qsize 0
2019-05-12 19:25:43,591 : INFO : EPOCH 20 - PROGRESS: at 77.25% examples, 180612 words/s, in_qsize 24, out_qsize 0
2019-05-12 19:25:44,606 : INFO : EPOCH 20 - PROGRESS: at 88.22% examples, 182123 words/s, in_qsize 23, out_qsize 0
2019-05-12 19:25:45,287 : INFO : worker thread finished; awaiting finish of 11 more threads
2019-05-12 19:25:45,301 : INFO : worker thread finished; awaiting finish of 10 more threads
2019-05-12 19:25:45,349 : INFO : worker thread finished; awaiting finish of 9 more threads
2019-05-12 19:25:45,361 : INFO : worker thread finished; awaiting finish of 8 more threads
2019-05-12 19:25:45,403 : INFO : worker thread finished; awaiting finish of 7 more threads
2019-05-12 19:25:45,449 : INFO : worker thread finished; awaiting finish of 6 more threads
2019-05-12 19:25:45,475 : INFO : worker thread finished; awaiting finish of 5 more threads
2019-05-12 19:25:45,478 : INFO : worker thread finished; awaiting finish of 4 more threads
2019-05-12 19:25:45,501 : INFO : worker thread finished; awaiting finish of 3 more threads
2019-05-12 19:25:45,524 : INFO : worker thread finished; awaiting finish of 2 more threads
2019-05-12 19:25:45,526 : INFO : worker thread finished; awaiting finish of 1 more threads
2019-05-12 19:25:45,528 : INFO : worker thread finished; awaiting finish of 0 more threads
2019-05-12 19:25:45,528 : INFO : EPOCH - 20 : training on 2399154 raw words (1747761 effective words) took 9.3s, 188832 effective words/s
2019-05-12 19:25:46,545 : INFO : EPOCH 21 - PROGRESS: at 7.69% examples, 129267 words/s, in_qsize 24, out_qsize 0
2019-05-12 19:25:47,551 : INFO : EPOCH 21 - PROGRESS: at 21.33% examples, 175672 words/s, in_qsize 23, out_qsize 0
2019-05-12 19:25:48,596 : INFO : EPOCH 21 - PROGRESS: at 33.06% examples, 182369 words/s, in_qsize 23, out_qsize 1
2019-05-12 19:25:49,600 : INFO : EPOCH 21 - PROGRESS: at 45.79% examples, 190904 words/s, in_qsize 23, out_qsize 0
2019-05-12 19:25:50,671 : INFO : EPOCH 21 - PROGRESS: at 57.73% examples, 190444 words/s, in_qsize 24, out_qsize 0
2019-05-12 19:25:51,747 : INFO : EPOCH 21 - PROGRESS: at 69.98% examples, 191519 words/s, in_qsize 23, out_qsize 1
2019-05-12 19:25:52,747 : INFO : EPOCH 21 - PROGRESS: at 82.22% examples, 195333 words/s, in_qsize 23, out_qsize 1
2019-05-12 19:25:53,765 : INFO : EPOCH 21 - PROGRESS: at 93.60% examples, 196741 words/s, in_qsize 18, out_qsize 0
2019-05-12 19:25:54,086 : INFO : worker thread finished; awaiting finish of 11 more threads
2019-05-12 19:25:54,099 : INFO : worker thread finished; awaiting finish of 10 more threads
2019-05-12 19:25:54,102 : INFO : worker thread finished; awaiting finish of 9 more threads
2019-05-12 19:25:54,104 : INFO : worker thread finished; awaiting finish of 8 more threads
2019-05-12 19:25:54,121 : INFO : worker thread finished; awaiting finish of 7 more threads
2019-05-12 19:25:54,131 : INFO : worker thread finished; awaiting finish of 6 more threads
2019-05-12 19:25:54,140 : INFO : worker thread finished; awaiting finish of 5 more threads
2019-05-12 19:25:54,185 : INFO : worker thread finished; awaiting finish of 4 more threads
2019-05-12 19:25:54,205 : INFO : worker thread finished; awaiting finish of 3 more threads
2019-05-12 19:25:54,232 : INFO : worker thread finished; awaiting finish of 2 more threads
2019-05-12 19:25:54,240 : INFO : worker thread finished; awaiting finish of 1 more threads
2019-05-12 19:25:54,250 : INFO : worker thread finished; awaiting finish of 0 more threads
2019-05-12 19:25:54,250 : INFO : EPOCH - 21 : training on 2399154 raw words (1747415 effective words) took 8.7s, 200507 effective words/s
2019-05-12 19:25:55,287 : INFO : EPOCH 22 - PROGRESS: at 8.54% examples, 140860 words/s, in_qsize 23, out_qsize 1
2019-05-12 19:25:56,333 : INFO : EPOCH 22 - PROGRESS: at 22.21% examples, 177453 words/s, in_qsize 23, out_qsize 0
2019-05-12 19:25:57,340 : INFO : EPOCH 22 - PROGRESS: at 33.41% examples, 183335 words/s, in_qsize 23, out_qsize 0
2019-05-12 19:25:58,352 : INFO : EPOCH 22 - PROGRESS: at 45.79% examples, 189531 words/s, in_qsize 24, out_qsize 0
2019-05-12 19:25:59,354 : INFO : EPOCH 22 - PROGRESS: at 57.69% examples, 191934 words/s, in_qsize 23, out_qsize 1
2019-05-12 19:26:00,377 : INFO : EPOCH 22 - PROGRESS: at 70.37% examples, 195686 words/s, in_qsize 24, out_qsize 0
2019-05-12 19:26:01,472 : INFO : EPOCH 22 - PROGRESS: at 81.80% examples, 194360 words/s, in_qsize 23, out_qsize 1
2019-05-12 19:26:02,496 : INFO : EPOCH 22 - PROGRESS: at 92.37% examples, 194032 words/s, in_qsize 21, out_qsize 0
2019-05-12 19:26:02,793 : INFO : worker thread finished; awaiting finish of 11 more threads
2019-05-12 19:26:02,820 : INFO : worker thread finished; awaiting finish of 10 more threads
2019-05-12 19:26:02,824 : INFO : worker thread finished; awaiting finish of 9 more threads
2019-05-12 19:26:02,856 : INFO : worker thread finished; awaiting finish of 8 more threads
2019-05-12 19:26:02,882 : INFO : worker thread finished; awaiting finish of 7 more threads
2019-05-12 19:26:02,912 : INFO : worker thread finished; awaiting finish of 6 more threads
2019-05-12 19:26:02,924 : INFO : worker thread finished; awaiting finish of 5 more threads
2019-05-12 19:26:02,927 : INFO : worker thread finished; awaiting finish of 4 more threads
2019-05-12 19:26:02,967 : INFO : worker thread finished; awaiting finish of 3 more threads
2019-05-12 19:26:02,976 : INFO : worker thread finished; awaiting finish of 2 more threads
2019-05-12 19:26:02,991 : INFO : worker thread finished; awaiting finish of 1 more threads
2019-05-12 19:26:03,007 : INFO : worker thread finished; awaiting finish of 0 more threads
2019-05-12 19:26:03,007 : INFO : EPOCH - 22 : training on 2399154 raw words (1747847 effective words) took 8.7s, 199825 effective words/s
2019-05-12 19:26:04,031 : INFO : EPOCH 23 - PROGRESS: at 8.52% examples, 142918 words/s, in_qsize 23, out_qsize 0
2019-05-12 19:26:05,069 : INFO : EPOCH 23 - PROGRESS: at 22.21% examples, 179502 words/s, in_qsize 24, out_qsize 0
2019-05-12 19:26:06,071 : INFO : EPOCH 23 - PROGRESS: at 32.67% examples, 180430 words/s, in_qsize 24, out_qsize 0
2019-05-12 19:26:07,117 : INFO : EPOCH 23 - PROGRESS: at 44.47% examples, 183899 words/s, in_qsize 23, out_qsize 0
2019-05-12 19:26:08,125 : INFO : EPOCH 23 - PROGRESS: at 56.02% examples, 185775 words/s, in_qsize 23, out_qsize 0
2019-05-12 19:26:09,159 : INFO : EPOCH 23 - PROGRESS: at 67.86% examples, 187685 words/s, in_qsize 23, out_qsize 1
2019-05-12 19:26:10,206 : INFO : EPOCH 23 - PROGRESS: at 79.78% examples, 189893 words/s, in_qsize 23, out_qsize 0
2019-05-12 19:26:11,269 : INFO : EPOCH 23 - PROGRESS: at 90.53% examples, 189232 words/s, in_qsize 24, out_qsize 0
2019-05-12 19:26:11,869 : INFO : worker thread finished; awaiting finish of 11 more threads
2019-05-12 19:26:11,890 : INFO : worker thread finished; awaiting finish of 10 more threads
2019-05-12 19:26:11,942 : INFO : worker thread finished; awaiting finish of 9 more threads
2019-05-12 19:26:11,960 : INFO : worker thread finished; awaiting finish of 8 more threads
2019-05-12 19:26:11,962 : INFO : worker thread finished; awaiting finish of 7 more threads
2019-05-12 19:26:11,964 : INFO : worker thread finished; awaiting finish of 6 more threads
2019-05-12 19:26:11,982 : INFO : worker thread finished; awaiting finish of 5 more threads
2019-05-12 19:26:12,008 : INFO : worker thread finished; awaiting finish of 4 more threads
2019-05-12 19:26:12,065 : INFO : worker thread finished; awaiting finish of 3 more threads
2019-05-12 19:26:12,080 : INFO : worker thread finished; awaiting finish of 2 more threads
2019-05-12 19:26:12,096 : INFO : worker thread finished; awaiting finish of 1 more threads
2019-05-12 19:26:12,121 : INFO : worker thread finished; awaiting finish of 0 more threads
2019-05-12 19:26:12,121 : INFO : EPOCH - 23 : training on 2399154 raw words (1747732 effective words) took 9.1s, 191963 effective words/s
2019-05-12 19:26:13,188 : INFO : EPOCH 24 - PROGRESS: at 7.32% examples, 116687 words/s, in_qsize 24, out_qsize 0
2019-05-12 19:26:14,227 : INFO : EPOCH 24 - PROGRESS: at 19.17% examples, 151818 words/s, in_qsize 24, out_qsize 0
2019-05-12 19:26:15,237 : INFO : EPOCH 24 - PROGRESS: at 30.20% examples, 163257 words/s, in_qsize 23, out_qsize 0
2019-05-12 19:26:16,263 : INFO : EPOCH 24 - PROGRESS: at 41.69% examples, 170083 words/s, in_qsize 23, out_qsize 0
2019-05-12 19:26:17,278 : INFO : EPOCH 24 - PROGRESS: at 53.83% examples, 177300 words/s, in_qsize 22, out_qsize 1
2019-05-12 19:26:18,383 : INFO : EPOCH 24 - PROGRESS: at 67.45% examples, 183312 words/s, in_qsize 24, out_qsize 0
2019-05-12 19:26:19,391 : INFO : EPOCH 24 - PROGRESS: at 79.78% examples, 188059 words/s, in_qsize 24, out_qsize 0
2019-05-12 19:26:20,405 : INFO : EPOCH 24 - PROGRESS: at 91.35% examples, 190503 words/s, in_qsize 24, out_qsize 0
2019-05-12 19:26:20,847 : INFO : worker thread finished; awaiting finish of 11 more threads
2019-05-12 19:26:20,867 : INFO : worker thread finished; awaiting finish of 10 more threads
2019-05-12 19:26:20,870 : INFO : worker thread finished; awaiting finish of 9 more threads
2019-05-12 19:26:20,887 : INFO : worker thread finished; awaiting finish of 8 more threads
2019-05-12 19:26:20,912 : INFO : worker thread finished; awaiting finish of 7 more threads
2019-05-12 19:26:20,930 : INFO : worker thread finished; awaiting finish of 6 more threads
2019-05-12 19:26:20,938 : INFO : worker thread finished; awaiting finish of 5 more threads
2019-05-12 19:26:20,970 : INFO : worker thread finished; awaiting finish of 4 more threads
2019-05-12 19:26:20,971 : INFO : worker thread finished; awaiting finish of 3 more threads
2019-05-12 19:26:20,996 : INFO : worker thread finished; awaiting finish of 2 more threads
2019-05-12 19:26:21,006 : INFO : worker thread finished; awaiting finish of 1 more threads
2019-05-12 19:26:21,017 : INFO : worker thread finished; awaiting finish of 0 more threads
2019-05-12 19:26:21,017 : INFO : EPOCH - 24 : training on 2399154 raw words (1747458 effective words) took 8.9s, 196678 effective words/s
2019-05-12 19:26:22,040 : INFO : EPOCH 25 - PROGRESS: at 9.47% examples, 157242 words/s, in_qsize 23, out_qsize 1
2019-05-12 19:26:23,064 : INFO : EPOCH 25 - PROGRESS: at 23.06% examples, 187874 words/s, in_qsize 23, out_qsize 0
2019-05-12 19:26:24,121 : INFO : EPOCH 25 - PROGRESS: at 35.61% examples, 194589 words/s, in_qsize 24, out_qsize 0
2019-05-12 19:26:25,150 : INFO : EPOCH 25 - PROGRESS: at 47.93% examples, 196908 words/s, in_qsize 23, out_qsize 1
2019-05-12 19:26:26,175 : INFO : EPOCH 25 - PROGRESS: at 61.03% examples, 201372 words/s, in_qsize 24, out_qsize 0
2019-05-12 19:26:27,179 : INFO : EPOCH 25 - PROGRESS: at 73.22% examples, 202845 words/s, in_qsize 23, out_qsize 0
2019-05-12 19:26:28,209 : INFO : EPOCH 25 - PROGRESS: at 85.55% examples, 204213 words/s, in_qsize 23, out_qsize 0
2019-05-12 19:26:29,171 : INFO : worker thread finished; awaiting finish of 11 more threads
2019-05-12 19:26:29,197 : INFO : worker thread finished; awaiting finish of 10 more threads
2019-05-12 19:26:29,218 : INFO : EPOCH 25 - PROGRESS: at 96.63% examples, 205129 words/s, in_qsize 8, out_qsize 3
2019-05-12 19:26:29,218 : INFO : worker thread finished; awaiting finish of 9 more threads
2019-05-12 19:26:29,219 : INFO : worker thread finished; awaiting finish of 8 more threads
2019-05-12 19:26:29,228 : INFO : worker thread finished; awaiting finish of 7 more threads
2019-05-12 19:26:29,237 : INFO : worker thread finished; awaiting finish of 6 more threads
2019-05-12 19:26:29,300 : INFO : worker thread finished; awaiting finish of 5 more threads
2019-05-12 19:26:29,321 : INFO : worker thread finished; awaiting finish of 4 more threads
2019-05-12 19:26:29,321 : INFO : worker thread finished; awaiting finish of 3 more threads
2019-05-12 19:26:29,323 : INFO : worker thread finished; awaiting finish of 2 more threads
2019-05-12 19:26:29,336 : INFO : worker thread finished; awaiting finish of 1 more threads
2019-05-12 19:26:29,346 : INFO : worker thread finished; awaiting finish of 0 more threads
2019-05-12 19:26:29,346 : INFO : EPOCH - 25 : training on 2399154 raw words (1747672 effective words) took 8.3s, 210056 effective words/s
2019-05-12 19:26:30,358 : INFO : EPOCH 26 - PROGRESS: at 8.12% examples, 137218 words/s, in_qsize 23, out_qsize 0
2019-05-12 19:26:31,367 : INFO : EPOCH 26 - PROGRESS: at 22.21% examples, 182984 words/s, in_qsize 23, out_qsize 0
2019-05-12 19:26:32,392 : INFO : EPOCH 26 - PROGRESS: at 35.17% examples, 195682 words/s, in_qsize 24, out_qsize 0
2019-05-12 19:26:33,416 : INFO : EPOCH 26 - PROGRESS: at 47.50% examples, 198038 words/s, in_qsize 23, out_qsize 0
2019-05-12 19:26:34,455 : INFO : EPOCH 26 - PROGRESS: at 60.64% examples, 201754 words/s, in_qsize 22, out_qsize 1
2019-05-12 19:26:35,509 : INFO : EPOCH 26 - PROGRESS: at 73.63% examples, 203948 words/s, in_qsize 23, out_qsize 1
2019-05-12 19:26:36,527 : INFO : EPOCH 26 - PROGRESS: at 86.01% examples, 205463 words/s, in_qsize 24, out_qsize 0
2019-05-12 19:26:37,422 : INFO : worker thread finished; awaiting finish of 11 more threads
2019-05-12 19:26:37,427 : INFO : worker thread finished; awaiting finish of 10 more threads
2019-05-12 19:26:37,445 : INFO : worker thread finished; awaiting finish of 9 more threads
2019-05-12 19:26:37,509 : INFO : worker thread finished; awaiting finish of 8 more threads
2019-05-12 19:26:37,543 : INFO : EPOCH 26 - PROGRESS: at 97.48% examples, 207003 words/s, in_qsize 7, out_qsize 1
2019-05-12 19:26:37,543 : INFO : worker thread finished; awaiting finish of 7 more threads
2019-05-12 19:26:37,587 : INFO : worker thread finished; awaiting finish of 6 more threads
2019-05-12 19:26:37,595 : INFO : worker thread finished; awaiting finish of 5 more threads
2019-05-12 19:26:37,608 : INFO : worker thread finished; awaiting finish of 4 more threads
2019-05-12 19:26:37,612 : INFO : worker thread finished; awaiting finish of 3 more threads
2019-05-12 19:26:37,619 : INFO : worker thread finished; awaiting finish of 2 more threads
2019-05-12 19:26:37,625 : INFO : worker thread finished; awaiting finish of 1 more threads
2019-05-12 19:26:37,636 : INFO : worker thread finished; awaiting finish of 0 more threads
2019-05-12 19:26:37,636 : INFO : EPOCH - 26 : training on 2399154 raw words (1747047 effective words) took 8.3s, 211009 effective words/s
2019-05-12 19:26:38,646 : INFO : EPOCH 27 - PROGRESS: at 10.30% examples, 173467 words/s, in_qsize 24, out_qsize 0
2019-05-12 19:26:39,686 : INFO : EPOCH 27 - PROGRESS: at 23.42% examples, 191439 words/s, in_qsize 23, out_qsize 0
2019-05-12 19:26:40,699 : INFO : EPOCH 27 - PROGRESS: at 35.99% examples, 199527 words/s, in_qsize 22, out_qsize 1
2019-05-12 19:26:41,733 : INFO : EPOCH 27 - PROGRESS: at 48.76% examples, 202187 words/s, in_qsize 23, out_qsize 0
2019-05-12 19:26:42,746 : INFO : EPOCH 27 - PROGRESS: at 60.62% examples, 201820 words/s, in_qsize 24, out_qsize 0
2019-05-12 19:26:43,748 : INFO : EPOCH 27 - PROGRESS: at 72.80% examples, 203356 words/s, in_qsize 24, out_qsize 0
2019-05-12 19:26:44,759 : INFO : EPOCH 27 - PROGRESS: at 85.12% examples, 205185 words/s, in_qsize 23, out_qsize 0
2019-05-12 19:26:45,850 : INFO : EPOCH 27 - PROGRESS: at 95.95% examples, 202728 words/s, in_qsize 12, out_qsize 0
2019-05-12 19:26:45,853 : INFO : worker thread finished; awaiting finish of 11 more threads
2019-05-12 19:26:45,864 : INFO : worker thread finished; awaiting finish of 10 more threads
2019-05-12 19:26:45,867 : INFO : worker thread finished; awaiting finish of 9 more threads
2019-05-12 19:26:45,898 : INFO : worker thread finished; awaiting finish of 8 more threads
2019-05-12 19:26:45,906 : INFO : worker thread finished; awaiting finish of 7 more threads
2019-05-12 19:26:45,906 : INFO : worker thread finished; awaiting finish of 6 more threads
2019-05-12 19:26:45,920 : INFO : worker thread finished; awaiting finish of 5 more threads
2019-05-12 19:26:45,961 : INFO : worker thread finished; awaiting finish of 4 more threads
2019-05-12 19:26:45,971 : INFO : worker thread finished; awaiting finish of 3 more threads
2019-05-12 19:26:45,978 : INFO : worker thread finished; awaiting finish of 2 more threads
2019-05-12 19:26:45,986 : INFO : worker thread finished; awaiting finish of 1 more threads
2019-05-12 19:26:46,005 : INFO : worker thread finished; awaiting finish of 0 more threads
2019-05-12 19:26:46,006 : INFO : EPOCH - 27 : training on 2399154 raw words (1747752 effective words) took 8.4s, 209039 effective words/s
2019-05-12 19:26:47,079 : INFO : EPOCH 28 - PROGRESS: at 8.64% examples, 135663 words/s, in_qsize 24, out_qsize 2
2019-05-12 19:26:48,093 : INFO : EPOCH 28 - PROGRESS: at 21.73% examples, 173743 words/s, in_qsize 22, out_qsize 1
2019-05-12 19:26:49,104 : INFO : EPOCH 28 - PROGRESS: at 33.06% examples, 180537 words/s, in_qsize 23, out_qsize 0
2019-05-12 19:26:50,105 : INFO : EPOCH 28 - PROGRESS: at 45.35% examples, 187841 words/s, in_qsize 24, out_qsize 0
2019-05-12 19:26:51,175 : INFO : EPOCH 28 - PROGRESS: at 56.92% examples, 186629 words/s, in_qsize 22, out_qsize 1
2019-05-12 19:26:52,195 : INFO : EPOCH 28 - PROGRESS: at 69.16% examples, 190038 words/s, in_qsize 22, out_qsize 1
2019-05-12 19:26:53,219 : INFO : EPOCH 28 - PROGRESS: at 83.04% examples, 197467 words/s, in_qsize 23, out_qsize 0
2019-05-12 19:26:54,226 : INFO : EPOCH 28 - PROGRESS: at 93.60% examples, 197138 words/s, in_qsize 18, out_qsize 0
2019-05-12 19:26:54,428 : INFO : worker thread finished; awaiting finish of 11 more threads
2019-05-12 19:26:54,450 : INFO : worker thread finished; awaiting finish of 10 more threads
2019-05-12 19:26:54,455 : INFO : worker thread finished; awaiting finish of 9 more threads
2019-05-12 19:26:54,511 : INFO : worker thread finished; awaiting finish of 8 more threads
2019-05-12 19:26:54,518 : INFO : worker thread finished; awaiting finish of 7 more threads
2019-05-12 19:26:54,525 : INFO : worker thread finished; awaiting finish of 6 more threads
2019-05-12 19:26:54,574 : INFO : worker thread finished; awaiting finish of 5 more threads
2019-05-12 19:26:54,575 : INFO : worker thread finished; awaiting finish of 4 more threads
2019-05-12 19:26:54,606 : INFO : worker thread finished; awaiting finish of 3 more threads
2019-05-12 19:26:54,612 : INFO : worker thread finished; awaiting finish of 2 more threads
2019-05-12 19:26:54,616 : INFO : worker thread finished; awaiting finish of 1 more threads
2019-05-12 19:26:54,621 : INFO : worker thread finished; awaiting finish of 0 more threads
2019-05-12 19:26:54,621 : INFO : EPOCH - 28 : training on 2399154 raw words (1747121 effective words) took 8.6s, 202996 effective words/s
2019-05-12 19:26:55,649 : INFO : EPOCH 29 - PROGRESS: at 9.39% examples, 156105 words/s, in_qsize 23, out_qsize 2
2019-05-12 19:26:56,649 : INFO : EPOCH 29 - PROGRESS: at 23.35% examples, 193455 words/s, in_qsize 23, out_qsize 0
2019-05-12 19:26:57,790 : INFO : EPOCH 29 - PROGRESS: at 36.13% examples, 192439 words/s, in_qsize 23, out_qsize 1
2019-05-12 19:26:58,821 : INFO : EPOCH 29 - PROGRESS: at 48.80% examples, 197075 words/s, in_qsize 24, out_qsize 0
2019-05-12 19:26:59,837 : INFO : EPOCH 29 - PROGRESS: at 61.45% examples, 200434 words/s, in_qsize 23, out_qsize 1
2019-05-12 19:27:00,856 : INFO : EPOCH 29 - PROGRESS: at 74.04% examples, 202824 words/s, in_qsize 23, out_qsize 0
2019-05-12 19:27:01,873 : INFO : EPOCH 29 - PROGRESS: at 86.74% examples, 205476 words/s, in_qsize 22, out_qsize 1
2019-05-12 19:27:02,733 : INFO : worker thread finished; awaiting finish of 11 more threads
2019-05-12 19:27:02,761 : INFO : worker thread finished; awaiting finish of 10 more threads
2019-05-12 19:27:02,794 : INFO : worker thread finished; awaiting finish of 9 more threads
2019-05-12 19:27:02,795 : INFO : worker thread finished; awaiting finish of 8 more threads
2019-05-12 19:27:02,808 : INFO : worker thread finished; awaiting finish of 7 more threads
2019-05-12 19:27:02,856 : INFO : worker thread finished; awaiting finish of 6 more threads
2019-05-12 19:27:02,871 : INFO : worker thread finished; awaiting finish of 5 more threads
2019-05-12 19:27:02,899 : INFO : EPOCH 29 - PROGRESS: at 98.59% examples, 207698 words/s, in_qsize 4, out_qsize 1
2019-05-12 19:27:02,899 : INFO : worker thread finished; awaiting finish of 4 more threads
2019-05-12 19:27:02,909 : INFO : worker thread finished; awaiting finish of 3 more threads
2019-05-12 19:27:02,921 : INFO : worker thread finished; awaiting finish of 2 more threads
2019-05-12 19:27:02,926 : INFO : worker thread finished; awaiting finish of 1 more threads
2019-05-12 19:27:02,931 : INFO : worker thread finished; awaiting finish of 0 more threads
2019-05-12 19:27:02,931 : INFO : EPOCH - 29 : training on 2399154 raw words (1747623 effective words) took 8.3s, 210507 effective words/s
2019-05-12 19:27:03,950 : INFO : EPOCH 30 - PROGRESS: at 9.04% examples, 150191 words/s, in_qsize 23, out_qsize 0
2019-05-12 19:27:04,975 : INFO : EPOCH 30 - PROGRESS: at 23.06% examples, 187951 words/s, in_qsize 23, out_qsize 0
2019-05-12 19:27:06,080 : INFO : EPOCH 30 - PROGRESS: at 36.07% examples, 193809 words/s, in_qsize 23, out_qsize 0
2019-05-12 19:27:07,093 : INFO : EPOCH 30 - PROGRESS: at 49.61% examples, 202283 words/s, in_qsize 24, out_qsize 0
2019-05-12 19:27:08,133 : INFO : EPOCH 30 - PROGRESS: at 61.45% examples, 200878 words/s, in_qsize 24, out_qsize 0
2019-05-12 19:27:09,247 : INFO : EPOCH 30 - PROGRESS: at 74.04% examples, 200069 words/s, in_qsize 24, out_qsize 1
2019-05-12 19:27:10,264 : INFO : EPOCH 30 - PROGRESS: at 86.79% examples, 203122 words/s, in_qsize 22, out_qsize 1
2019-05-12 19:27:11,061 : INFO : worker thread finished; awaiting finish of 11 more threads
2019-05-12 19:27:11,062 : INFO : worker thread finished; awaiting finish of 10 more threads
2019-05-12 19:27:11,102 : INFO : worker thread finished; awaiting finish of 9 more threads
2019-05-12 19:27:11,120 : INFO : worker thread finished; awaiting finish of 8 more threads
2019-05-12 19:27:11,128 : INFO : worker thread finished; awaiting finish of 7 more threads
2019-05-12 19:27:11,134 : INFO : worker thread finished; awaiting finish of 6 more threads
2019-05-12 19:27:11,164 : INFO : worker thread finished; awaiting finish of 5 more threads
2019-05-12 19:27:11,165 : INFO : worker thread finished; awaiting finish of 4 more threads
2019-05-12 19:27:11,184 : INFO : worker thread finished; awaiting finish of 3 more threads
2019-05-12 19:27:11,188 : INFO : worker thread finished; awaiting finish of 2 more threads
2019-05-12 19:27:11,236 : INFO : worker thread finished; awaiting finish of 1 more threads
2019-05-12 19:27:11,238 : INFO : worker thread finished; awaiting finish of 0 more threads
2019-05-12 19:27:11,238 : INFO : EPOCH - 30 : training on 2399154 raw words (1747233 effective words) took 8.3s, 210534 effective words/s
2019-05-12 19:27:11,238 : INFO : training on a 71974620 raw words (52425794 effective words) took 266.0s, 197106 effective words/s
2019-05-12 19:27:11,238 : INFO : precomputing L2-norms of word weight vectors
2019-05-12 19:27:11,468 : INFO : saving Word2Vec object under search/vocab.model, separately None
2019-05-12 19:27:11,468 : INFO : storing np array 'vectors' to search/vocab.model.wv.vectors.npy
2019-05-12 19:27:13,379 : INFO : not storing attribute vectors_norm
2019-05-12 19:27:13,380 : INFO : storing np array 'syn1neg' to search/vocab.model.trainables.syn1neg.npy
2019-05-12 19:27:15,380 : INFO : not storing attribute cum_table
2019-05-12 19:27:15,549 : INFO : saved search/vocab.model
2019-05-12 19:27:15,611 : INFO : loading Word2Vec object from search/vocab.model
2019-05-12 19:27:15,719 : INFO : loading wv recursively from search/vocab.model.wv.* with mmap=None
2019-05-12 19:27:15,720 : INFO : loading vectors from search/vocab.model.wv.vectors.npy with mmap=None
2019-05-12 19:27:15,865 : INFO : setting ignored attribute vectors_norm to None
2019-05-12 19:27:15,866 : INFO : loading vocabulary recursively from search/vocab.model.vocabulary.* with mmap=None
2019-05-12 19:27:15,866 : INFO : loading trainables recursively from search/vocab.model.trainables.* with mmap=None
2019-05-12 19:27:15,866 : INFO : loading syn1neg from search/vocab.model.trainables.syn1neg.npy with mmap=None
2019-05-12 19:27:16,007 : INFO : setting ignored attribute cum_table to None
2019-05-12 19:27:16,007 : INFO : loaded search/vocab.model
2019-05-12 19:27:16,155 : INFO : precomputing L2-norms of word weight vectors
